[2024-06-06T12:45:14.012+0000] {taskinstance.py:1157} INFO - Dependencies all met for dep_context=non-requeueable deps ti=<TaskInstance: my_python_dag.elastic_metro_station manual__2024-06-06T12:38:56.114387+00:00 [queued]>
[2024-06-06T12:45:14.016+0000] {taskinstance.py:1157} INFO - Dependencies all met for dep_context=requeueable deps ti=<TaskInstance: my_python_dag.elastic_metro_station manual__2024-06-06T12:38:56.114387+00:00 [queued]>
[2024-06-06T12:45:14.017+0000] {taskinstance.py:1359} INFO - Starting attempt 2 of 2
[2024-06-06T12:45:14.111+0000] {taskinstance.py:1380} INFO - Executing <Task(PythonOperator): elastic_metro_station> on 2024-06-06 12:38:56.114387+00:00
[2024-06-06T12:45:14.113+0000] {standard_task_runner.py:57} INFO - Started process 646 to run task
[2024-06-06T12:45:14.115+0000] {standard_task_runner.py:84} INFO - Running: ['***', 'tasks', 'run', 'my_python_dag', 'elastic_metro_station', 'manual__2024-06-06T12:38:56.114387+00:00', '--job-id', '183', '--raw', '--subdir', 'DAGS_FOLDER/fetch_from_data_sources.py', '--cfg-path', '/tmp/tmpu_fletmm']
[2024-06-06T12:45:14.117+0000] {standard_task_runner.py:85} INFO - Job 183: Subtask elastic_metro_station
[2024-06-06T12:45:14.139+0000] {task_command.py:415} INFO - Running <TaskInstance: my_python_dag.elastic_metro_station manual__2024-06-06T12:38:56.114387+00:00 [running]> on host 9e4bf1cd7746
[2024-06-06T12:45:14.172+0000] {taskinstance.py:1660} INFO - Exporting env vars: AIRFLOW_CTX_DAG_OWNER='***' AIRFLOW_CTX_DAG_ID='my_python_dag' AIRFLOW_CTX_TASK_ID='elastic_metro_station' AIRFLOW_CTX_EXECUTION_DATE='2024-06-06T12:38:56.114387+00:00' AIRFLOW_CTX_TRY_NUMBER='2' AIRFLOW_CTX_DAG_RUN_ID='manual__2024-06-06T12:38:56.114387+00:00'
[2024-06-06T12:45:14.173+0000] {logging_mixin.py:151} INFO - Hello
[2024-06-06T12:46:36.363+0000] {_transport.py:336} INFO - PUT https://7f0ef8badf50482b9b0d93ef141e14ec.us-central1.gcp.cloud.es.io:443/metro_station/_doc/concorde [status:200 duration:1.079s]
[2024-06-06T12:46:36.641+0000] {_transport.py:336} INFO - PUT https://7f0ef8badf50482b9b0d93ef141e14ec.us-central1.gcp.cloud.es.io:443/metro_station/_doc/les-sablons [status:200 duration:0.268s]
[2024-06-06T12:46:36.862+0000] {_transport.py:336} INFO - PUT https://7f0ef8badf50482b9b0d93ef141e14ec.us-central1.gcp.cloud.es.io:443/metro_station/_doc/rambuteau [status:200 duration:0.219s]
[2024-06-06T12:46:37.100+0000] {_transport.py:336} INFO - PUT https://7f0ef8badf50482b9b0d93ef141e14ec.us-central1.gcp.cloud.es.io:443/metro_station/_doc/hotel-de-ville [status:200 duration:0.231s]
[2024-06-06T12:46:37.425+0000] {_transport.py:336} INFO - PUT https://7f0ef8badf50482b9b0d93ef141e14ec.us-central1.gcp.cloud.es.io:443/metro_station/_doc/anvers [status:200 duration:0.319s]
[2024-06-06T12:46:37.783+0000] {_transport.py:336} INFO - PUT https://7f0ef8badf50482b9b0d93ef141e14ec.us-central1.gcp.cloud.es.io:443/metro_station/_doc/chatelet-les-halles [status:200 duration:0.349s]
[2024-06-06T12:46:38.020+0000] {_transport.py:336} INFO - PUT https://7f0ef8badf50482b9b0d93ef141e14ec.us-central1.gcp.cloud.es.io:443/metro_station/_doc/nation [status:200 duration:0.231s]
[2024-06-06T12:46:38.181+0000] {_transport.py:336} INFO - PUT https://7f0ef8badf50482b9b0d93ef141e14ec.us-central1.gcp.cloud.es.io:443/metro_station/_doc/argentine [status:200 duration:0.154s]
[2024-06-06T12:46:38.416+0000] {_transport.py:336} INFO - PUT https://7f0ef8badf50482b9b0d93ef141e14ec.us-central1.gcp.cloud.es.io:443/metro_station/_doc/bibliotheque-francois-mitterrand [status:200 duration:0.230s]
[2024-06-06T12:46:38.633+0000] {_transport.py:336} INFO - PUT https://7f0ef8badf50482b9b0d93ef141e14ec.us-central1.gcp.cloud.es.io:443/metro_station/_doc/gare-du-nord [status:200 duration:0.213s]
[2024-06-06T12:46:38.853+0000] {_transport.py:336} INFO - PUT https://7f0ef8badf50482b9b0d93ef141e14ec.us-central1.gcp.cloud.es.io:443/metro_station/_doc/champs-elysees-clemenceau [status:200 duration:0.217s]
[2024-06-06T12:46:39.081+0000] {_transport.py:336} INFO - PUT https://7f0ef8badf50482b9b0d93ef141e14ec.us-central1.gcp.cloud.es.io:443/metro_station/_doc/bastille [status:200 duration:0.221s]
[2024-06-06T12:46:39.356+0000] {_transport.py:336} INFO - PUT https://7f0ef8badf50482b9b0d93ef141e14ec.us-central1.gcp.cloud.es.io:443/metro_station/_doc/gare-d-austerlitz [status:200 duration:0.269s]
[2024-06-06T12:46:39.551+0000] {_transport.py:336} INFO - PUT https://7f0ef8badf50482b9b0d93ef141e14ec.us-central1.gcp.cloud.es.io:443/metro_station/_doc/saint-mande [status:200 duration:0.193s]
[2024-06-06T12:46:39.773+0000] {_transport.py:336} INFO - PUT https://7f0ef8badf50482b9b0d93ef141e14ec.us-central1.gcp.cloud.es.io:443/metro_station/_doc/la-defense [status:200 duration:0.220s]
[2024-06-06T12:46:39.925+0000] {_transport.py:336} INFO - PUT https://7f0ef8badf50482b9b0d93ef141e14ec.us-central1.gcp.cloud.es.io:443/metro_station/_doc/tuileries [status:200 duration:0.150s]
[2024-06-06T12:46:40.151+0000] {_transport.py:336} INFO - PUT https://7f0ef8badf50482b9b0d93ef141e14ec.us-central1.gcp.cloud.es.io:443/metro_station/_doc/pont-de-neuilly [status:200 duration:0.225s]
[2024-06-06T12:46:40.374+0000] {_transport.py:336} INFO - PUT https://7f0ef8badf50482b9b0d93ef141e14ec.us-central1.gcp.cloud.es.io:443/metro_station/_doc/gare-de-l-est [status:200 duration:0.222s]
[2024-06-06T12:46:40.605+0000] {_transport.py:336} INFO - PUT https://7f0ef8badf50482b9b0d93ef141e14ec.us-central1.gcp.cloud.es.io:443/metro_station/_doc/montparnasse-bienvenue [status:200 duration:0.229s]
[2024-06-06T12:46:40.856+0000] {_transport.py:336} INFO - PUT https://7f0ef8badf50482b9b0d93ef141e14ec.us-central1.gcp.cloud.es.io:443/metro_station/_doc/porte-de-la-villette [status:200 duration:0.240s]
[2024-06-06T12:46:41.099+0000] {_transport.py:336} INFO - PUT https://7f0ef8badf50482b9b0d93ef141e14ec.us-central1.gcp.cloud.es.io:443/metro_station/_doc/porte-maillot [status:200 duration:0.239s]
[2024-06-06T12:46:41.335+0000] {_transport.py:336} INFO - PUT https://7f0ef8badf50482b9b0d93ef141e14ec.us-central1.gcp.cloud.es.io:443/metro_station/_doc/franklin-roosevelt [status:200 duration:0.225s]
[2024-06-06T12:46:41.561+0000] {_transport.py:336} INFO - PUT https://7f0ef8badf50482b9b0d93ef141e14ec.us-central1.gcp.cloud.es.io:443/metro_station/_doc/reuilly-diderot [status:200 duration:0.219s]
[2024-06-06T12:46:41.780+0000] {_transport.py:336} INFO - PUT https://7f0ef8badf50482b9b0d93ef141e14ec.us-central1.gcp.cloud.es.io:443/metro_station/_doc/berault [status:200 duration:0.217s]
[2024-06-06T12:46:41.936+0000] {_transport.py:336} INFO - PUT https://7f0ef8badf50482b9b0d93ef141e14ec.us-central1.gcp.cloud.es.io:443/metro_station/_doc/marne-la-vallee-chessy [status:200 duration:0.153s]
[2024-06-06T12:46:42.165+0000] {_transport.py:336} INFO - PUT https://7f0ef8badf50482b9b0d93ef141e14ec.us-central1.gcp.cloud.es.io:443/metro_station/_doc/opera [status:200 duration:0.222s]
[2024-06-06T12:46:42.398+0000] {_transport.py:336} INFO - PUT https://7f0ef8badf50482b9b0d93ef141e14ec.us-central1.gcp.cloud.es.io:443/metro_station/_doc/gare-de-lyon [status:200 duration:0.227s]
[2024-06-06T12:46:42.630+0000] {_transport.py:336} INFO - PUT https://7f0ef8badf50482b9b0d93ef141e14ec.us-central1.gcp.cloud.es.io:443/metro_station/_doc/porte-de-vincennes [status:200 duration:0.223s]
[2024-06-06T12:46:42.870+0000] {_transport.py:336} INFO - PUT https://7f0ef8badf50482b9b0d93ef141e14ec.us-central1.gcp.cloud.es.io:443/metro_station/_doc/louvre-rivoli [status:200 duration:0.231s]
[2024-06-06T12:46:43.027+0000] {_transport.py:336} INFO - PUT https://7f0ef8badf50482b9b0d93ef141e14ec.us-central1.gcp.cloud.es.io:443/metro_station/_doc/bir-hakeim [status:200 duration:0.152s]
[2024-06-06T12:46:43.258+0000] {_transport.py:336} INFO - PUT https://7f0ef8badf50482b9b0d93ef141e14ec.us-central1.gcp.cloud.es.io:443/metro_station/_doc/charles-de-gaulle-etoile [status:200 duration:0.226s]
[2024-06-06T12:46:43.508+0000] {_transport.py:336} INFO - PUT https://7f0ef8badf50482b9b0d93ef141e14ec.us-central1.gcp.cloud.es.io:443/metro_station/_doc/palais-royal-musee-du-louvre [status:200 duration:0.245s]
[2024-06-06T12:46:43.755+0000] {_transport.py:336} INFO - PUT https://7f0ef8badf50482b9b0d93ef141e14ec.us-central1.gcp.cloud.es.io:443/metro_station/_doc/george-v [status:200 duration:0.238s]
[2024-06-06T12:46:43.999+0000] {_transport.py:336} INFO - PUT https://7f0ef8badf50482b9b0d93ef141e14ec.us-central1.gcp.cloud.es.io:443/metro_station/_doc/republique [status:200 duration:0.241s]
[2024-06-06T12:46:44.222+0000] {_transport.py:336} INFO - PUT https://7f0ef8badf50482b9b0d93ef141e14ec.us-central1.gcp.cloud.es.io:443/metro_station/_doc/chatelet [status:200 duration:0.220s]
[2024-06-06T12:46:44.458+0000] {_transport.py:336} INFO - PUT https://7f0ef8badf50482b9b0d93ef141e14ec.us-central1.gcp.cloud.es.io:443/metro_station/_doc/saint-lazare [status:200 duration:0.228s]
[2024-06-06T12:46:44.694+0000] {_transport.py:336} INFO - PUT https://7f0ef8badf50482b9b0d93ef141e14ec.us-central1.gcp.cloud.es.io:443/metro_station/_doc/chateau-de-vincennes [status:200 duration:0.226s]
[2024-06-06T12:46:44.926+0000] {_transport.py:336} INFO - PUT https://7f0ef8badf50482b9b0d93ef141e14ec.us-central1.gcp.cloud.es.io:443/metro_station/_doc/esplanade-de-la-defense [status:200 duration:0.221s]
[2024-06-06T12:46:45.154+0000] {_transport.py:336} INFO - PUT https://7f0ef8badf50482b9b0d93ef141e14ec.us-central1.gcp.cloud.es.io:443/metro_station/_doc/saint-michel-notre-dame [status:200 duration:0.224s]
[2024-06-06T12:46:45.386+0000] {_transport.py:336} INFO - PUT https://7f0ef8badf50482b9b0d93ef141e14ec.us-central1.gcp.cloud.es.io:443/metro_station/_doc/saint-paul [status:200 duration:0.222s]
[2024-06-06T12:46:45.744+0000] {_transport.py:336} INFO - PUT https://7f0ef8badf50482b9b0d93ef141e14ec.us-central1.gcp.cloud.es.io:443/metro_station/_doc/bercy [status:200 duration:0.348s]
[2024-06-06T12:46:46.063+0000] {_transport.py:336} INFO - PUT https://7f0ef8badf50482b9b0d93ef141e14ec.us-central1.gcp.cloud.es.io:443/metro_station/_doc/colonel-fabien [status:200 duration:0.314s]
[2024-06-06T12:46:46.318+0000] {_transport.py:336} INFO - PUT https://7f0ef8badf50482b9b0d93ef141e14ec.us-central1.gcp.cloud.es.io:443/metro_station/_doc/courcelles [status:200 duration:0.251s]
[2024-06-06T12:46:46.568+0000] {_transport.py:336} INFO - PUT https://7f0ef8badf50482b9b0d93ef141e14ec.us-central1.gcp.cloud.es.io:443/metro_station/_doc/rome [status:200 duration:0.242s]
[2024-06-06T12:46:46.819+0000] {_transport.py:336} INFO - PUT https://7f0ef8badf50482b9b0d93ef141e14ec.us-central1.gcp.cloud.es.io:443/metro_station/_doc/jaures [status:200 duration:0.250s]
[2024-06-06T12:46:47.059+0000] {_transport.py:336} INFO - PUT https://7f0ef8badf50482b9b0d93ef141e14ec.us-central1.gcp.cloud.es.io:443/metro_station/_doc/pigalle [status:200 duration:0.232s]
[2024-06-06T12:46:47.298+0000] {_transport.py:336} INFO - PUT https://7f0ef8badf50482b9b0d93ef141e14ec.us-central1.gcp.cloud.es.io:443/metro_station/_doc/alexandre-dumas [status:200 duration:0.233s]
[2024-06-06T12:46:47.525+0000] {_transport.py:336} INFO - PUT https://7f0ef8badf50482b9b0d93ef141e14ec.us-central1.gcp.cloud.es.io:443/metro_station/_doc/pere-lachaise [status:200 duration:0.221s]
[2024-06-06T12:46:47.768+0000] {_transport.py:336} INFO - PUT https://7f0ef8badf50482b9b0d93ef141e14ec.us-central1.gcp.cloud.es.io:443/metro_station/_doc/place-de-clichy [status:200 duration:0.235s]
[2024-06-06T12:46:48.019+0000] {_transport.py:336} INFO - PUT https://7f0ef8badf50482b9b0d93ef141e14ec.us-central1.gcp.cloud.es.io:443/metro_station/_doc/belleville [status:200 duration:0.245s]
[2024-06-06T12:46:48.182+0000] {_transport.py:336} INFO - PUT https://7f0ef8badf50482b9b0d93ef141e14ec.us-central1.gcp.cloud.es.io:443/metro_station/_doc/philippe-auguste [status:200 duration:0.158s]
[2024-06-06T12:46:48.509+0000] {_transport.py:336} INFO - PUT https://7f0ef8badf50482b9b0d93ef141e14ec.us-central1.gcp.cloud.es.io:443/metro_station/_doc/monceau [status:200 duration:0.317s]
[2024-06-06T12:46:48.836+0000] {_transport.py:336} INFO - PUT https://7f0ef8badf50482b9b0d93ef141e14ec.us-central1.gcp.cloud.es.io:443/metro_station/_doc/blanche [status:200 duration:0.318s]
[2024-06-06T12:46:49.071+0000] {_transport.py:336} INFO - PUT https://7f0ef8badf50482b9b0d93ef141e14ec.us-central1.gcp.cloud.es.io:443/metro_station/_doc/victor-hugo [status:200 duration:0.232s]
[2024-06-06T12:46:49.317+0000] {_transport.py:336} INFO - PUT https://7f0ef8badf50482b9b0d93ef141e14ec.us-central1.gcp.cloud.es.io:443/metro_station/_doc/barbes-rochechouart [status:200 duration:0.236s]
[2024-06-06T12:46:49.584+0000] {_transport.py:336} INFO - PUT https://7f0ef8badf50482b9b0d93ef141e14ec.us-central1.gcp.cloud.es.io:443/metro_station/_doc/couronnes [status:200 duration:0.260s]
[2024-06-06T12:46:49.748+0000] {_transport.py:336} INFO - PUT https://7f0ef8badf50482b9b0d93ef141e14ec.us-central1.gcp.cloud.es.io:443/metro_station/_doc/avron [status:200 duration:0.156s]
[2024-06-06T12:46:49.977+0000] {_transport.py:336} INFO - PUT https://7f0ef8badf50482b9b0d93ef141e14ec.us-central1.gcp.cloud.es.io:443/metro_station/_doc/stalingrad [status:200 duration:0.224s]
[2024-06-06T12:46:50.225+0000] {_transport.py:336} INFO - PUT https://7f0ef8badf50482b9b0d93ef141e14ec.us-central1.gcp.cloud.es.io:443/metro_station/_doc/villiers [status:200 duration:0.247s]
[2024-06-06T12:46:50.463+0000] {_transport.py:336} INFO - PUT https://7f0ef8badf50482b9b0d93ef141e14ec.us-central1.gcp.cloud.es.io:443/metro_station/_doc/menilmontant [status:200 duration:0.233s]
[2024-06-06T12:46:50.694+0000] {_transport.py:336} INFO - PUT https://7f0ef8badf50482b9b0d93ef141e14ec.us-central1.gcp.cloud.es.io:443/metro_station/_doc/porte-dauphine [status:200 duration:0.221s]
[2024-06-06T12:46:50.942+0000] {_transport.py:336} INFO - PUT https://7f0ef8badf50482b9b0d93ef141e14ec.us-central1.gcp.cloud.es.io:443/metro_station/_doc/ternes [status:200 duration:0.240s]
[2024-06-06T12:46:51.183+0000] {_transport.py:336} INFO - PUT https://7f0ef8badf50482b9b0d93ef141e14ec.us-central1.gcp.cloud.es.io:443/metro_station/_doc/la-chapelle [status:200 duration:0.230s]
[2024-06-06T12:46:51.418+0000] {_transport.py:336} INFO - PUT https://7f0ef8badf50482b9b0d93ef141e14ec.us-central1.gcp.cloud.es.io:443/metro_station/_doc/porte-de-champerret [status:200 duration:0.226s]
[2024-06-06T12:46:51.648+0000] {_transport.py:336} INFO - PUT https://7f0ef8badf50482b9b0d93ef141e14ec.us-central1.gcp.cloud.es.io:443/metro_station/_doc/europe [status:200 duration:0.224s]
[2024-06-06T12:46:51.886+0000] {_transport.py:336} INFO - PUT https://7f0ef8badf50482b9b0d93ef141e14ec.us-central1.gcp.cloud.es.io:443/metro_station/_doc/wagram [status:200 duration:0.230s]
[2024-06-06T12:46:52.144+0000] {_transport.py:336} INFO - PUT https://7f0ef8badf50482b9b0d93ef141e14ec.us-central1.gcp.cloud.es.io:443/metro_station/_doc/gambetta [status:200 duration:0.248s]
[2024-06-06T12:46:52.360+0000] {_transport.py:336} INFO - PUT https://7f0ef8badf50482b9b0d93ef141e14ec.us-central1.gcp.cloud.es.io:443/metro_station/_doc/anatole-france [status:200 duration:0.214s]
[2024-06-06T12:46:52.586+0000] {_transport.py:336} INFO - PUT https://7f0ef8badf50482b9b0d93ef141e14ec.us-central1.gcp.cloud.es.io:443/metro_station/_doc/quatre-septembre [status:200 duration:0.223s]
[2024-06-06T12:46:52.835+0000] {_transport.py:336} INFO - PUT https://7f0ef8badf50482b9b0d93ef141e14ec.us-central1.gcp.cloud.es.io:443/metro_station/_doc/temple [status:200 duration:0.239s]
[2024-06-06T12:46:53.072+0000] {_transport.py:336} INFO - PUT https://7f0ef8badf50482b9b0d93ef141e14ec.us-central1.gcp.cloud.es.io:443/metro_station/_doc/malesherbes [status:200 duration:0.231s]
[2024-06-06T12:46:53.311+0000] {_transport.py:336} INFO - PUT https://7f0ef8badf50482b9b0d93ef141e14ec.us-central1.gcp.cloud.es.io:443/metro_station/_doc/pont-de-levallois-becon [status:200 duration:0.231s]
[2024-06-06T12:46:53.539+0000] {_transport.py:336} INFO - PUT https://7f0ef8badf50482b9b0d93ef141e14ec.us-central1.gcp.cloud.es.io:443/metro_station/_doc/louise-michel [status:200 duration:0.218s]
[2024-06-06T12:46:53.797+0000] {_transport.py:336} INFO - PUT https://7f0ef8badf50482b9b0d93ef141e14ec.us-central1.gcp.cloud.es.io:443/metro_station/_doc/arts-et-metiers [status:200 duration:0.253s]
[2024-06-06T12:46:54.036+0000] {_transport.py:336} INFO - PUT https://7f0ef8badf50482b9b0d93ef141e14ec.us-central1.gcp.cloud.es.io:443/metro_station/_doc/havre-caumartin [status:200 duration:0.231s]
[2024-06-06T12:46:54.260+0000] {_transport.py:336} INFO - PUT https://7f0ef8badf50482b9b0d93ef141e14ec.us-central1.gcp.cloud.es.io:443/metro_station/_doc/rue-saint-maur [status:200 duration:0.222s]
[2024-06-06T12:46:54.505+0000] {_transport.py:336} INFO - PUT https://7f0ef8badf50482b9b0d93ef141e14ec.us-central1.gcp.cloud.es.io:443/metro_station/_doc/parmentier [status:200 duration:0.235s]
[2024-06-06T12:46:54.754+0000] {_transport.py:336} INFO - PUT https://7f0ef8badf50482b9b0d93ef141e14ec.us-central1.gcp.cloud.es.io:443/metro_station/_doc/porte-de-bagnolet [status:200 duration:0.243s]
[2024-06-06T12:46:54.989+0000] {_transport.py:336} INFO - PUT https://7f0ef8badf50482b9b0d93ef141e14ec.us-central1.gcp.cloud.es.io:443/metro_station/_doc/pereire [status:200 duration:0.229s]
[2024-06-06T12:46:55.216+0000] {_transport.py:336} INFO - PUT https://7f0ef8badf50482b9b0d93ef141e14ec.us-central1.gcp.cloud.es.io:443/metro_station/_doc/bourse [status:200 duration:0.225s]
[2024-06-06T12:46:55.451+0000] {_transport.py:336} INFO - PUT https://7f0ef8badf50482b9b0d93ef141e14ec.us-central1.gcp.cloud.es.io:443/metro_station/_doc/sentier [status:200 duration:0.228s]
[2024-06-06T12:46:55.682+0000] {_transport.py:336} INFO - PUT https://7f0ef8badf50482b9b0d93ef141e14ec.us-central1.gcp.cloud.es.io:443/metro_station/_doc/reaumur-sebastopol [status:200 duration:0.228s]
[2024-06-06T12:46:55.936+0000] {_transport.py:336} INFO - PUT https://7f0ef8badf50482b9b0d93ef141e14ec.us-central1.gcp.cloud.es.io:443/metro_station/_doc/gallieni [status:200 duration:0.245s]
[2024-06-06T12:46:56.170+0000] {_transport.py:336} INFO - PUT https://7f0ef8badf50482b9b0d93ef141e14ec.us-central1.gcp.cloud.es.io:443/metro_station/_doc/porte-d-orleans [status:200 duration:0.233s]
[2024-06-06T12:46:56.417+0000] {_transport.py:336} INFO - PUT https://7f0ef8badf50482b9b0d93ef141e14ec.us-central1.gcp.cloud.es.io:443/metro_station/_doc/porte-de-clignancourt [status:200 duration:0.244s]
[2024-06-06T12:46:56.650+0000] {_transport.py:336} INFO - PUT https://7f0ef8badf50482b9b0d93ef141e14ec.us-central1.gcp.cloud.es.io:443/metro_station/_doc/simplon [status:200 duration:0.224s]
[2024-06-06T12:46:56.891+0000] {_transport.py:336} INFO - PUT https://7f0ef8badf50482b9b0d93ef141e14ec.us-central1.gcp.cloud.es.io:443/metro_station/_doc/cite [status:200 duration:0.240s]
[2024-06-06T12:46:57.123+0000] {_transport.py:336} INFO - PUT https://7f0ef8badf50482b9b0d93ef141e14ec.us-central1.gcp.cloud.es.io:443/metro_station/_doc/marcadet-poissonniers [status:200 duration:0.223s]
[2024-06-06T12:46:57.352+0000] {_transport.py:336} INFO - PUT https://7f0ef8badf50482b9b0d93ef141e14ec.us-central1.gcp.cloud.es.io:443/metro_station/_doc/saint-germain-des-pres [status:200 duration:0.222s]
[2024-06-06T12:46:57.525+0000] {_transport.py:336} INFO - PUT https://7f0ef8badf50482b9b0d93ef141e14ec.us-central1.gcp.cloud.es.io:443/metro_station/_doc/bagneux-lucie-aubrac [status:200 duration:0.165s]
[2024-06-06T12:46:57.720+0000] {_transport.py:336} INFO - PUT https://7f0ef8badf50482b9b0d93ef141e14ec.us-central1.gcp.cloud.es.io:443/metro_station/_doc/saint-michel [status:200 duration:0.183s]
[2024-06-06T12:46:57.971+0000] {_transport.py:336} INFO - PUT https://7f0ef8badf50482b9b0d93ef141e14ec.us-central1.gcp.cloud.es.io:443/metro_station/_doc/chateau-rouge [status:200 duration:0.247s]
[2024-06-06T12:46:58.144+0000] {_transport.py:336} INFO - PUT https://7f0ef8badf50482b9b0d93ef141e14ec.us-central1.gcp.cloud.es.io:443/metro_station/_doc/mouton-duvernet [status:200 duration:0.162s]
[2024-06-06T12:46:58.305+0000] {_transport.py:336} INFO - PUT https://7f0ef8badf50482b9b0d93ef141e14ec.us-central1.gcp.cloud.es.io:443/metro_station/_doc/vavin [status:200 duration:0.158s]
[2024-06-06T12:46:58.546+0000] {_transport.py:336} INFO - PUT https://7f0ef8badf50482b9b0d93ef141e14ec.us-central1.gcp.cloud.es.io:443/metro_station/_doc/raspail [status:200 duration:0.231s]
[2024-06-06T12:46:58.786+0000] {_transport.py:336} INFO - PUT https://7f0ef8badf50482b9b0d93ef141e14ec.us-central1.gcp.cloud.es.io:443/metro_station/_doc/alesia [status:200 duration:0.231s]
[2024-06-06T12:46:59.042+0000] {_transport.py:336} INFO - PUT https://7f0ef8badf50482b9b0d93ef141e14ec.us-central1.gcp.cloud.es.io:443/metro_station/_doc/mairie-de-montrouge [status:200 duration:0.248s]
[2024-06-06T12:46:59.273+0000] {_transport.py:336} INFO - PUT https://7f0ef8badf50482b9b0d93ef141e14ec.us-central1.gcp.cloud.es.io:443/metro_station/_doc/barbara [status:200 duration:0.226s]
[2024-06-06T12:46:59.503+0000] {_transport.py:336} INFO - PUT https://7f0ef8badf50482b9b0d93ef141e14ec.us-central1.gcp.cloud.es.io:443/metro_station/_doc/denfert-rochereau [status:200 duration:0.227s]
[2024-06-06T12:46:59.745+0000] {_transport.py:336} INFO - PUT https://7f0ef8badf50482b9b0d93ef141e14ec.us-central1.gcp.cloud.es.io:443/metro_station/_doc/les-halles [status:200 duration:0.235s]
[2024-06-06T12:46:59.978+0000] {_transport.py:336} INFO - PUT https://7f0ef8badf50482b9b0d93ef141e14ec.us-central1.gcp.cloud.es.io:443/metro_station/_doc/chateau-d-eau [status:200 duration:0.229s]
[2024-06-06T12:47:00.223+0000] {_transport.py:336} INFO - PUT https://7f0ef8badf50482b9b0d93ef141e14ec.us-central1.gcp.cloud.es.io:443/metro_station/_doc/strasbourg-saint-denis [status:200 duration:0.237s]
[2024-06-06T12:47:00.455+0000] {_transport.py:336} INFO - PUT https://7f0ef8badf50482b9b0d93ef141e14ec.us-central1.gcp.cloud.es.io:443/metro_station/_doc/saint-placide [status:200 duration:0.225s]
[2024-06-06T12:47:00.693+0000] {_transport.py:336} INFO - PUT https://7f0ef8badf50482b9b0d93ef141e14ec.us-central1.gcp.cloud.es.io:443/metro_station/_doc/saint-sulpice [status:200 duration:0.231s]
[2024-06-06T12:47:00.928+0000] {_transport.py:336} INFO - PUT https://7f0ef8badf50482b9b0d93ef141e14ec.us-central1.gcp.cloud.es.io:443/metro_station/_doc/etienne-marcel [status:200 duration:0.226s]
[2024-06-06T12:47:01.186+0000] {_transport.py:336} INFO - PUT https://7f0ef8badf50482b9b0d93ef141e14ec.us-central1.gcp.cloud.es.io:443/metro_station/_doc/odeon [status:200 duration:0.249s]
[2024-06-06T12:47:01.420+0000] {_transport.py:336} INFO - PUT https://7f0ef8badf50482b9b0d93ef141e14ec.us-central1.gcp.cloud.es.io:443/metro_station/_doc/bobigny-pantin-raymond-queneau [status:200 duration:0.229s]
[2024-06-06T12:47:01.663+0000] {_transport.py:336} INFO - PUT https://7f0ef8badf50482b9b0d93ef141e14ec.us-central1.gcp.cloud.es.io:443/metro_station/_doc/bobigny-pablo-picasso [status:200 duration:0.232s]
[2024-06-06T12:47:01.897+0000] {_transport.py:336} INFO - PUT https://7f0ef8badf50482b9b0d93ef141e14ec.us-central1.gcp.cloud.es.io:443/metro_station/_doc/hoche [status:200 duration:0.225s]
[2024-06-06T12:47:02.130+0000] {_transport.py:336} INFO - PUT https://7f0ef8badf50482b9b0d93ef141e14ec.us-central1.gcp.cloud.es.io:443/metro_station/_doc/ourcq [status:200 duration:0.231s]
[2024-06-06T12:47:02.297+0000] {_transport.py:336} INFO - PUT https://7f0ef8badf50482b9b0d93ef141e14ec.us-central1.gcp.cloud.es.io:443/metro_station/_doc/quai-de-la-rapee [status:200 duration:0.162s]
[2024-06-06T12:47:02.612+0000] {_transport.py:336} INFO - PUT https://7f0ef8badf50482b9b0d93ef141e14ec.us-central1.gcp.cloud.es.io:443/metro_station/_doc/oberkampf [status:200 duration:0.310s]
[2024-06-06T12:47:02.838+0000] {_transport.py:336} INFO - PUT https://7f0ef8badf50482b9b0d93ef141e14ec.us-central1.gcp.cloud.es.io:443/metro_station/_doc/laumiere [status:200 duration:0.218s]
[2024-06-06T12:47:03.085+0000] {_transport.py:336} INFO - PUT https://7f0ef8badf50482b9b0d93ef141e14ec.us-central1.gcp.cloud.es.io:443/metro_station/_doc/jacques-bonsergent [status:200 duration:0.237s]
[2024-06-06T12:47:03.319+0000] {_transport.py:336} INFO - PUT https://7f0ef8badf50482b9b0d93ef141e14ec.us-central1.gcp.cloud.es.io:443/metro_station/_doc/place-d-italie [status:200 duration:0.227s]
[2024-06-06T12:47:03.543+0000] {_transport.py:336} INFO - PUT https://7f0ef8badf50482b9b0d93ef141e14ec.us-central1.gcp.cloud.es.io:443/metro_station/_doc/porte-de-pantin [status:200 duration:0.217s]
[2024-06-06T12:47:03.777+0000] {_transport.py:336} INFO - PUT https://7f0ef8badf50482b9b0d93ef141e14ec.us-central1.gcp.cloud.es.io:443/metro_station/_doc/campo-formio [status:200 duration:0.223s]
[2024-06-06T12:47:03.944+0000] {_transport.py:336} INFO - PUT https://7f0ef8badf50482b9b0d93ef141e14ec.us-central1.gcp.cloud.es.io:443/metro_station/_doc/saint-marcel [status:200 duration:0.163s]
[2024-06-06T12:47:04.112+0000] {_transport.py:336} INFO - PUT https://7f0ef8badf50482b9b0d93ef141e14ec.us-central1.gcp.cloud.es.io:443/metro_station/_doc/richard-lenoir [status:200 duration:0.165s]
[2024-06-06T12:47:04.273+0000] {_transport.py:336} INFO - PUT https://7f0ef8badf50482b9b0d93ef141e14ec.us-central1.gcp.cloud.es.io:443/metro_station/_doc/breguet-sabin [status:200 duration:0.158s]
[2024-06-06T12:47:04.439+0000] {_transport.py:336} INFO - PUT https://7f0ef8badf50482b9b0d93ef141e14ec.us-central1.gcp.cloud.es.io:443/metro_station/_doc/eglise-de-pantin [status:200 duration:0.158s]
[2024-06-06T12:47:04.605+0000] {_transport.py:336} INFO - PUT https://7f0ef8badf50482b9b0d93ef141e14ec.us-central1.gcp.cloud.es.io:443/metro_station/_doc/kleber [status:200 duration:0.160s]
[2024-06-06T12:47:04.766+0000] {_transport.py:336} INFO - PUT https://7f0ef8badf50482b9b0d93ef141e14ec.us-central1.gcp.cloud.es.io:443/metro_station/_doc/trocadero [status:200 duration:0.155s]
[2024-06-06T12:47:05.046+0000] {_transport.py:336} INFO - PUT https://7f0ef8badf50482b9b0d93ef141e14ec.us-central1.gcp.cloud.es.io:443/metro_station/_doc/dugommier [status:200 duration:0.275s]
[2024-06-06T12:47:05.203+0000] {_transport.py:336} INFO - PUT https://7f0ef8badf50482b9b0d93ef141e14ec.us-central1.gcp.cloud.es.io:443/metro_station/_doc/la-motte-picquet-grenelle [status:200 duration:0.155s]
[2024-06-06T12:47:05.363+0000] {_transport.py:336} INFO - PUT https://7f0ef8badf50482b9b0d93ef141e14ec.us-central1.gcp.cloud.es.io:443/metro_station/_doc/nationale [status:200 duration:0.155s]
[2024-06-06T12:47:05.528+0000] {_transport.py:336} INFO - PUT https://7f0ef8badf50482b9b0d93ef141e14ec.us-central1.gcp.cloud.es.io:443/metro_station/_doc/daumesnil [status:200 duration:0.162s]
[2024-06-06T12:47:05.695+0000] {_transport.py:336} INFO - PUT https://7f0ef8badf50482b9b0d93ef141e14ec.us-central1.gcp.cloud.es.io:443/metro_station/_doc/saint-jacques [status:200 duration:0.159s]
[2024-06-06T12:47:05.948+0000] {_transport.py:336} INFO - PUT https://7f0ef8badf50482b9b0d93ef141e14ec.us-central1.gcp.cloud.es.io:443/metro_station/_doc/sevres-lecourbe [status:200 duration:0.247s]
[2024-06-06T12:47:06.107+0000] {_transport.py:336} INFO - PUT https://7f0ef8badf50482b9b0d93ef141e14ec.us-central1.gcp.cloud.es.io:443/metro_station/_doc/passy [status:200 duration:0.155s]
[2024-06-06T12:47:06.258+0000] {_transport.py:336} INFO - PUT https://7f0ef8badf50482b9b0d93ef141e14ec.us-central1.gcp.cloud.es.io:443/metro_station/_doc/quai-de-la-gare [status:200 duration:0.149s]
[2024-06-06T12:47:06.422+0000] {_transport.py:336} INFO - PUT https://7f0ef8badf50482b9b0d93ef141e14ec.us-central1.gcp.cloud.es.io:443/metro_station/_doc/corvisart [status:200 duration:0.162s]
[2024-06-06T12:47:06.575+0000] {_transport.py:336} INFO - PUT https://7f0ef8badf50482b9b0d93ef141e14ec.us-central1.gcp.cloud.es.io:443/metro_station/_doc/chevaleret [status:200 duration:0.150s]
[2024-06-06T12:47:06.853+0000] {_transport.py:336} INFO - PUT https://7f0ef8badf50482b9b0d93ef141e14ec.us-central1.gcp.cloud.es.io:443/metro_station/_doc/edgar-quinet [status:200 duration:0.276s]
[2024-06-06T12:47:07.015+0000] {_transport.py:336} INFO - PUT https://7f0ef8badf50482b9b0d93ef141e14ec.us-central1.gcp.cloud.es.io:443/metro_station/_doc/boissiere [status:200 duration:0.154s]
[2024-06-06T12:47:07.173+0000] {_transport.py:336} INFO - PUT https://7f0ef8badf50482b9b0d93ef141e14ec.us-central1.gcp.cloud.es.io:443/metro_station/_doc/dupleix [status:200 duration:0.151s]
[2024-06-06T12:47:07.330+0000] {_transport.py:336} INFO - PUT https://7f0ef8badf50482b9b0d93ef141e14ec.us-central1.gcp.cloud.es.io:443/metro_station/_doc/cambronne [status:200 duration:0.149s]
[2024-06-06T12:47:07.517+0000] {_transport.py:336} INFO - PUT https://7f0ef8badf50482b9b0d93ef141e14ec.us-central1.gcp.cloud.es.io:443/metro_station/_doc/picpus [status:200 duration:0.177s]
[2024-06-06T12:47:07.688+0000] {_transport.py:336} INFO - PUT https://7f0ef8badf50482b9b0d93ef141e14ec.us-central1.gcp.cloud.es.io:443/metro_station/_doc/pasteur [status:200 duration:0.165s]
[2024-06-06T12:47:07.845+0000] {_transport.py:336} INFO - PUT https://7f0ef8badf50482b9b0d93ef141e14ec.us-central1.gcp.cloud.es.io:443/metro_station/_doc/glaciere [status:200 duration:0.149s]
[2024-06-06T12:47:08.009+0000] {_transport.py:336} INFO - PUT https://7f0ef8badf50482b9b0d93ef141e14ec.us-central1.gcp.cloud.es.io:443/metro_station/_doc/bel-air [status:200 duration:0.155s]
[2024-06-06T12:47:08.242+0000] {_transport.py:336} INFO - PUT https://7f0ef8badf50482b9b0d93ef141e14ec.us-central1.gcp.cloud.es.io:443/metro_station/_doc/cadet [status:200 duration:0.224s]
[2024-06-06T12:47:08.407+0000] {_transport.py:336} INFO - PUT https://7f0ef8badf50482b9b0d93ef141e14ec.us-central1.gcp.cloud.es.io:443/metro_station/_doc/chateau-landon [status:200 duration:0.158s]
[2024-06-06T12:47:08.564+0000] {_transport.py:336} INFO - PUT https://7f0ef8badf50482b9b0d93ef141e14ec.us-central1.gcp.cloud.es.io:443/metro_station/_doc/fort-d-aubervilliers [status:200 duration:0.152s]
[2024-06-06T12:47:08.752+0000] {_transport.py:336} INFO - PUT https://7f0ef8badf50482b9b0d93ef141e14ec.us-central1.gcp.cloud.es.io:443/metro_station/_doc/villejuif-paul-vaillant-couturier [status:200 duration:0.182s]
[2024-06-06T12:47:09.012+0000] {_transport.py:336} INFO - PUT https://7f0ef8badf50482b9b0d93ef141e14ec.us-central1.gcp.cloud.es.io:443/metro_station/_doc/porte-de-choisy [status:200 duration:0.251s]
[2024-06-06T12:47:09.169+0000] {_transport.py:336} INFO - PUT https://7f0ef8badf50482b9b0d93ef141e14ec.us-central1.gcp.cloud.es.io:443/metro_station/_doc/louis-blanc [status:200 duration:0.154s]
[2024-06-06T12:47:09.436+0000] {_transport.py:336} INFO - PUT https://7f0ef8badf50482b9b0d93ef141e14ec.us-central1.gcp.cloud.es.io:443/metro_station/_doc/villejuif-louis-aragon [status:200 duration:0.261s]
[2024-06-06T12:47:09.597+0000] {_transport.py:336} INFO - PUT https://7f0ef8badf50482b9b0d93ef141e14ec.us-central1.gcp.cloud.es.io:443/metro_station/_doc/pont-marie [status:200 duration:0.156s]
[2024-06-06T12:47:09.830+0000] {_transport.py:336} INFO - PUT https://7f0ef8badf50482b9b0d93ef141e14ec.us-central1.gcp.cloud.es.io:443/metro_station/_doc/porte-d-ivry [status:200 duration:0.228s]
[2024-06-06T12:47:09.987+0000] {_transport.py:336} INFO - PUT https://7f0ef8badf50482b9b0d93ef141e14ec.us-central1.gcp.cloud.es.io:443/metro_station/_doc/pierre-et-marie-curie [status:200 duration:0.153s]
[2024-06-06T12:47:10.148+0000] {_transport.py:336} INFO - PUT https://7f0ef8badf50482b9b0d93ef141e14ec.us-central1.gcp.cloud.es.io:443/metro_station/_doc/crimee [status:200 duration:0.157s]
[2024-06-06T12:47:10.376+0000] {_transport.py:336} INFO - PUT https://7f0ef8badf50482b9b0d93ef141e14ec.us-central1.gcp.cloud.es.io:443/metro_station/_doc/la-courneuve-8-mai-1945 [status:200 duration:0.223s]
[2024-06-06T12:47:10.538+0000] {_transport.py:336} INFO - PUT https://7f0ef8badf50482b9b0d93ef141e14ec.us-central1.gcp.cloud.es.io:443/metro_station/_doc/maison-blanche [status:200 duration:0.160s]
[2024-06-06T12:47:10.803+0000] {_transport.py:336} INFO - PUT https://7f0ef8badf50482b9b0d93ef141e14ec.us-central1.gcp.cloud.es.io:443/metro_station/_doc/pyramides [status:200 duration:0.264s]
[2024-06-06T12:47:10.967+0000] {_transport.py:336} INFO - PUT https://7f0ef8badf50482b9b0d93ef141e14ec.us-central1.gcp.cloud.es.io:443/metro_station/_doc/poissonniere [status:200 duration:0.163s]
[2024-06-06T12:47:11.116+0000] {_transport.py:336} INFO - PUT https://7f0ef8badf50482b9b0d93ef141e14ec.us-central1.gcp.cloud.es.io:443/metro_station/_doc/place-monge [status:200 duration:0.147s]
[2024-06-06T12:47:11.276+0000] {_transport.py:336} INFO - PUT https://7f0ef8badf50482b9b0d93ef141e14ec.us-central1.gcp.cloud.es.io:443/metro_station/_doc/sully-morland [status:200 duration:0.158s]
[2024-06-06T12:47:11.430+0000] {_transport.py:336} INFO - PUT https://7f0ef8badf50482b9b0d93ef141e14ec.us-central1.gcp.cloud.es.io:443/metro_station/_doc/tolbiac [status:200 duration:0.149s]
[2024-06-06T12:47:11.581+0000] {_transport.py:336} INFO - PUT https://7f0ef8badf50482b9b0d93ef141e14ec.us-central1.gcp.cloud.es.io:443/metro_station/_doc/le-peletier [status:200 duration:0.149s]
[2024-06-06T12:47:11.744+0000] {_transport.py:336} INFO - PUT https://7f0ef8badf50482b9b0d93ef141e14ec.us-central1.gcp.cloud.es.io:443/metro_station/_doc/jussieu [status:200 duration:0.159s]
[2024-06-06T12:47:11.924+0000] {_transport.py:336} INFO - PUT https://7f0ef8badf50482b9b0d93ef141e14ec.us-central1.gcp.cloud.es.io:443/metro_station/_doc/les-gobelins [status:200 duration:0.171s]
[2024-06-06T12:47:12.158+0000] {_transport.py:336} INFO - PUT https://7f0ef8badf50482b9b0d93ef141e14ec.us-central1.gcp.cloud.es.io:443/metro_station/_doc/villejuif-leo-lagrange [status:200 duration:0.229s]
[2024-06-06T12:47:12.328+0000] {_transport.py:336} INFO - PUT https://7f0ef8badf50482b9b0d93ef141e14ec.us-central1.gcp.cloud.es.io:443/metro_station/_doc/corentin-cariou [status:200 duration:0.168s]
[2024-06-06T12:47:12.500+0000] {_transport.py:336} INFO - PUT https://7f0ef8badf50482b9b0d93ef141e14ec.us-central1.gcp.cloud.es.io:443/metro_station/_doc/chaussee-d-antin-la-fayette [status:200 duration:0.169s]
[2024-06-06T12:47:12.658+0000] {_transport.py:336} INFO - PUT https://7f0ef8badf50482b9b0d93ef141e14ec.us-central1.gcp.cloud.es.io:443/metro_station/_doc/mairie-d-ivry [status:200 duration:0.150s]
[2024-06-06T12:47:12.817+0000] {_transport.py:336} INFO - PUT https://7f0ef8badf50482b9b0d93ef141e14ec.us-central1.gcp.cloud.es.io:443/metro_station/_doc/riquet [status:200 duration:0.153s]
[2024-06-06T12:47:12.975+0000] {_transport.py:336} INFO - PUT https://7f0ef8badf50482b9b0d93ef141e14ec.us-central1.gcp.cloud.es.io:443/metro_station/_doc/le-kremlin-bicetre [status:200 duration:0.151s]
[2024-06-06T12:47:13.141+0000] {_transport.py:336} INFO - PUT https://7f0ef8badf50482b9b0d93ef141e14ec.us-central1.gcp.cloud.es.io:443/metro_station/_doc/pont-neuf [status:200 duration:0.161s]
[2024-06-06T12:47:13.303+0000] {_transport.py:336} INFO - PUT https://7f0ef8badf50482b9b0d93ef141e14ec.us-central1.gcp.cloud.es.io:443/metro_station/_doc/aubervilliers-pantin-quatre-chemins [status:200 duration:0.155s]
[2024-06-06T12:47:13.465+0000] {_transport.py:336} INFO - PUT https://7f0ef8badf50482b9b0d93ef141e14ec.us-central1.gcp.cloud.es.io:443/metro_station/_doc/porte-d-italie [status:200 duration:0.152s]
[2024-06-06T12:47:13.638+0000] {_transport.py:336} INFO - PUT https://7f0ef8badf50482b9b0d93ef141e14ec.us-central1.gcp.cloud.es.io:443/metro_station/_doc/censier-daubenton [status:200 duration:0.157s]
[2024-06-06T12:47:13.796+0000] {_transport.py:336} INFO - PUT https://7f0ef8badf50482b9b0d93ef141e14ec.us-central1.gcp.cloud.es.io:443/metro_station/_doc/grands-boulevards [status:200 duration:0.154s]
[2024-06-06T12:47:13.956+0000] {_transport.py:336} INFO - PUT https://7f0ef8badf50482b9b0d93ef141e14ec.us-central1.gcp.cloud.es.io:443/metro_station/_doc/commerce [status:200 duration:0.155s]
[2024-06-06T12:47:14.208+0000] {_transport.py:336} INFO - PUT https://7f0ef8badf50482b9b0d93ef141e14ec.us-central1.gcp.cloud.es.io:443/metro_station/_doc/ledru-rollin [status:200 duration:0.248s]
[2024-06-06T12:47:14.363+0000] {_transport.py:336} INFO - PUT https://7f0ef8badf50482b9b0d93ef141e14ec.us-central1.gcp.cloud.es.io:443/metro_station/_doc/montgallet [status:200 duration:0.149s]
[2024-06-06T12:47:14.616+0000] {_transport.py:336} INFO - PUT https://7f0ef8badf50482b9b0d93ef141e14ec.us-central1.gcp.cloud.es.io:443/metro_station/_doc/felix-faure [status:200 duration:0.244s]
[2024-06-06T12:47:14.874+0000] {_transport.py:336} INFO - PUT https://7f0ef8badf50482b9b0d93ef141e14ec.us-central1.gcp.cloud.es.io:443/metro_station/_doc/porte-de-charenton [status:200 duration:0.251s]
[2024-06-06T12:47:15.162+0000] {_transport.py:336} INFO - PUT https://7f0ef8badf50482b9b0d93ef141e14ec.us-central1.gcp.cloud.es.io:443/metro_station/_doc/ecole-militaire [status:200 duration:0.283s]
[2024-06-06T12:47:15.318+0000] {_transport.py:336} INFO - PUT https://7f0ef8badf50482b9b0d93ef141e14ec.us-central1.gcp.cloud.es.io:443/metro_station/_doc/michel-bizot [status:200 duration:0.152s]
[2024-06-06T12:47:15.496+0000] {_transport.py:336} INFO - PUT https://7f0ef8badf50482b9b0d93ef141e14ec.us-central1.gcp.cloud.es.io:443/metro_station/_doc/madeleine [status:200 duration:0.171s]
[2024-06-06T12:47:15.645+0000] {_transport.py:336} INFO - PUT https://7f0ef8badf50482b9b0d93ef141e14ec.us-central1.gcp.cloud.es.io:443/metro_station/_doc/faidherbe-chaligny [status:200 duration:0.146s]
[2024-06-06T12:47:15.799+0000] {_transport.py:336} INFO - PUT https://7f0ef8badf50482b9b0d93ef141e14ec.us-central1.gcp.cloud.es.io:443/metro_station/_doc/lourmel [status:200 duration:0.149s]
[2024-06-06T12:47:15.975+0000] {_transport.py:336} INFO - PUT https://7f0ef8badf50482b9b0d93ef141e14ec.us-central1.gcp.cloud.es.io:443/metro_station/_doc/creteil-l-echat [status:200 duration:0.172s]
[2024-06-06T12:47:16.135+0000] {_transport.py:336} INFO - PUT https://7f0ef8badf50482b9b0d93ef141e14ec.us-central1.gcp.cloud.es.io:443/metro_station/_doc/porte-doree [status:200 duration:0.157s]
[2024-06-06T12:47:16.293+0000] {_transport.py:336} INFO - PUT https://7f0ef8badf50482b9b0d93ef141e14ec.us-central1.gcp.cloud.es.io:443/metro_station/_doc/pointe-du-lac [status:200 duration:0.156s]
[2024-06-06T12:47:16.447+0000] {_transport.py:336} INFO - PUT https://7f0ef8badf50482b9b0d93ef141e14ec.us-central1.gcp.cloud.es.io:443/metro_station/_doc/ecole-veterinaire-de-maisons-alfort [status:200 duration:0.150s]
[2024-06-06T12:47:16.605+0000] {_transport.py:336} INFO - PUT https://7f0ef8badf50482b9b0d93ef141e14ec.us-central1.gcp.cloud.es.io:443/metro_station/_doc/balard [status:200 duration:0.153s]
[2024-06-06T12:47:16.756+0000] {_transport.py:336} INFO - PUT https://7f0ef8badf50482b9b0d93ef141e14ec.us-central1.gcp.cloud.es.io:443/metro_station/_doc/chemin-vert [status:200 duration:0.148s]
[2024-06-06T12:47:16.917+0000] {_transport.py:336} INFO - PUT https://7f0ef8badf50482b9b0d93ef141e14ec.us-central1.gcp.cloud.es.io:443/metro_station/_doc/bonne-nouvelle [status:200 duration:0.157s]
[2024-06-06T12:47:17.172+0000] {_transport.py:336} INFO - PUT https://7f0ef8badf50482b9b0d93ef141e14ec.us-central1.gcp.cloud.es.io:443/metro_station/_doc/filles-du-calvaire [status:200 duration:0.251s]
[2024-06-06T12:47:17.328+0000] {_transport.py:336} INFO - PUT https://7f0ef8badf50482b9b0d93ef141e14ec.us-central1.gcp.cloud.es.io:443/metro_station/_doc/saint-sebastien-froissart [status:200 duration:0.149s]
[2024-06-06T12:47:17.572+0000] {_transport.py:336} INFO - PUT https://7f0ef8badf50482b9b0d93ef141e14ec.us-central1.gcp.cloud.es.io:443/metro_station/_doc/liberte [status:200 duration:0.240s]
[2024-06-06T12:47:17.814+0000] {_transport.py:336} INFO - PUT https://7f0ef8badf50482b9b0d93ef141e14ec.us-central1.gcp.cloud.es.io:443/metro_station/_doc/maisons-alfort-stade [status:200 duration:0.237s]
[2024-06-06T12:47:17.984+0000] {_transport.py:336} INFO - PUT https://7f0ef8badf50482b9b0d93ef141e14ec.us-central1.gcp.cloud.es.io:443/metro_station/_doc/boucicaut [status:200 duration:0.165s]
[2024-06-06T12:47:18.162+0000] {_transport.py:336} INFO - PUT https://7f0ef8badf50482b9b0d93ef141e14ec.us-central1.gcp.cloud.es.io:443/metro_station/_doc/la-tour-maubourg [status:200 duration:0.170s]
[2024-06-06T12:47:18.393+0000] {_transport.py:336} INFO - PUT https://7f0ef8badf50482b9b0d93ef141e14ec.us-central1.gcp.cloud.es.io:443/metro_station/_doc/maisons-alfort-les-juilliottes [status:200 duration:0.226s]
[2024-06-06T12:47:18.674+0000] {_transport.py:336} INFO - PUT https://7f0ef8badf50482b9b0d93ef141e14ec.us-central1.gcp.cloud.es.io:443/metro_station/_doc/charenton-ecoles [status:200 duration:0.274s]
[2024-06-06T12:47:18.898+0000] {_transport.py:336} INFO - PUT https://7f0ef8badf50482b9b0d93ef141e14ec.us-central1.gcp.cloud.es.io:443/metro_station/_doc/creteil-universite [status:200 duration:0.220s]
[2024-06-06T12:47:19.054+0000] {_transport.py:336} INFO - PUT https://7f0ef8badf50482b9b0d93ef141e14ec.us-central1.gcp.cloud.es.io:443/metro_station/_doc/creteil-prefecture [status:200 duration:0.152s]
[2024-06-06T12:47:19.220+0000] {_transport.py:336} INFO - PUT https://7f0ef8badf50482b9b0d93ef141e14ec.us-central1.gcp.cloud.es.io:443/metro_station/_doc/richelieu-drouot [status:200 duration:0.161s]
[2024-06-06T12:47:19.386+0000] {_transport.py:336} INFO - PUT https://7f0ef8badf50482b9b0d93ef141e14ec.us-central1.gcp.cloud.es.io:443/metro_station/_doc/invalides [status:200 duration:0.159s]
[2024-06-06T12:47:19.545+0000] {_transport.py:336} INFO - PUT https://7f0ef8badf50482b9b0d93ef141e14ec.us-central1.gcp.cloud.es.io:443/metro_station/_doc/mairie-de-montreuil [status:200 duration:0.155s]
[2024-06-06T12:47:19.767+0000] {_transport.py:336} INFO - PUT https://7f0ef8badf50482b9b0d93ef141e14ec.us-central1.gcp.cloud.es.io:443/metro_station/_doc/miromesnil [status:200 duration:0.216s]
[2024-06-06T12:47:19.935+0000] {_transport.py:336} INFO - PUT https://7f0ef8badf50482b9b0d93ef141e14ec.us-central1.gcp.cloud.es.io:443/metro_station/_doc/exelmans [status:200 duration:0.162s]
[2024-06-06T12:47:20.106+0000] {_transport.py:336} INFO - PUT https://7f0ef8badf50482b9b0d93ef141e14ec.us-central1.gcp.cloud.es.io:443/metro_station/_doc/saint-philippe-du-roule [status:200 duration:0.165s]
[2024-06-06T12:47:20.343+0000] {_transport.py:336} INFO - PUT https://7f0ef8badf50482b9b0d93ef141e14ec.us-central1.gcp.cloud.es.io:443/metro_station/_doc/michel-ange-molitor [status:200 duration:0.230s]
[2024-06-06T12:47:20.506+0000] {_transport.py:336} INFO - PUT https://7f0ef8badf50482b9b0d93ef141e14ec.us-central1.gcp.cloud.es.io:443/metro_station/_doc/rue-des-boulets [status:200 duration:0.153s]
[2024-06-06T12:47:20.663+0000] {_transport.py:336} INFO - PUT https://7f0ef8badf50482b9b0d93ef141e14ec.us-central1.gcp.cloud.es.io:443/metro_station/_doc/jasmin [status:200 duration:0.154s]
[2024-06-06T12:47:20.830+0000] {_transport.py:336} INFO - PUT https://7f0ef8badf50482b9b0d93ef141e14ec.us-central1.gcp.cloud.es.io:443/metro_station/_doc/croix-de-chavaux [status:200 duration:0.161s]
[2024-06-06T12:47:20.996+0000] {_transport.py:336} INFO - PUT https://7f0ef8badf50482b9b0d93ef141e14ec.us-central1.gcp.cloud.es.io:443/metro_station/_doc/saint-augustin [status:200 duration:0.155s]
[2024-06-06T12:47:21.157+0000] {_transport.py:336} INFO - PUT https://7f0ef8badf50482b9b0d93ef141e14ec.us-central1.gcp.cloud.es.io:443/metro_station/_doc/ranelagh [status:200 duration:0.154s]
[2024-06-06T12:47:21.332+0000] {_transport.py:336} INFO - PUT https://7f0ef8badf50482b9b0d93ef141e14ec.us-central1.gcp.cloud.es.io:443/metro_station/_doc/rue-de-la-pompe [status:200 duration:0.167s]
[2024-06-06T12:47:21.510+0000] {_transport.py:336} INFO - PUT https://7f0ef8badf50482b9b0d93ef141e14ec.us-central1.gcp.cloud.es.io:443/metro_station/_doc/voltaire [status:200 duration:0.165s]
[2024-06-06T12:47:21.667+0000] {_transport.py:336} INFO - PUT https://7f0ef8badf50482b9b0d93ef141e14ec.us-central1.gcp.cloud.es.io:443/metro_station/_doc/maraichers [status:200 duration:0.153s]
[2024-06-06T12:47:21.840+0000] {_transport.py:336} INFO - PUT https://7f0ef8badf50482b9b0d93ef141e14ec.us-central1.gcp.cloud.es.io:443/metro_station/_doc/charonne [status:200 duration:0.169s]
[2024-06-06T12:47:21.998+0000] {_transport.py:336} INFO - PUT https://7f0ef8badf50482b9b0d93ef141e14ec.us-central1.gcp.cloud.es.io:443/metro_station/_doc/robespierre [status:200 duration:0.150s]
[2024-06-06T12:47:22.167+0000] {_transport.py:336} INFO - PUT https://7f0ef8badf50482b9b0d93ef141e14ec.us-central1.gcp.cloud.es.io:443/metro_station/_doc/iena [status:200 duration:0.160s]
[2024-06-06T12:47:22.343+0000] {_transport.py:336} INFO - PUT https://7f0ef8badf50482b9b0d93ef141e14ec.us-central1.gcp.cloud.es.io:443/metro_station/_doc/la-muette [status:200 duration:0.167s]
[2024-06-06T12:47:22.513+0000] {_transport.py:336} INFO - PUT https://7f0ef8badf50482b9b0d93ef141e14ec.us-central1.gcp.cloud.es.io:443/metro_station/_doc/porte-de-montreuil [status:200 duration:0.165s]
[2024-06-06T12:47:22.683+0000] {_transport.py:336} INFO - PUT https://7f0ef8badf50482b9b0d93ef141e14ec.us-central1.gcp.cloud.es.io:443/metro_station/_doc/porte-de-saint-cloud [status:200 duration:0.167s]
[2024-06-06T12:47:22.835+0000] {_transport.py:336} INFO - PUT https://7f0ef8badf50482b9b0d93ef141e14ec.us-central1.gcp.cloud.es.io:443/metro_station/_doc/pont-de-sevres [status:200 duration:0.146s]
[2024-06-06T12:47:22.999+0000] {_transport.py:336} INFO - PUT https://7f0ef8badf50482b9b0d93ef141e14ec.us-central1.gcp.cloud.es.io:443/metro_station/_doc/alma-marceau [status:200 duration:0.159s]
[2024-06-06T12:47:23.157+0000] {_transport.py:336} INFO - PUT https://7f0ef8badf50482b9b0d93ef141e14ec.us-central1.gcp.cloud.es.io:443/metro_station/_doc/buzenval [status:200 duration:0.150s]
[2024-06-06T12:47:23.313+0000] {_transport.py:336} INFO - PUT https://7f0ef8badf50482b9b0d93ef141e14ec.us-central1.gcp.cloud.es.io:443/metro_station/_doc/marcel-sembat [status:200 duration:0.151s]
[2024-06-06T12:47:23.477+0000] {_transport.py:336} INFO - PUT https://7f0ef8badf50482b9b0d93ef141e14ec.us-central1.gcp.cloud.es.io:443/metro_station/_doc/michel-ange-auteuil [status:200 duration:0.155s]
[2024-06-06T12:47:23.638+0000] {_transport.py:336} INFO - PUT https://7f0ef8badf50482b9b0d93ef141e14ec.us-central1.gcp.cloud.es.io:443/metro_station/_doc/billancourt [status:200 duration:0.157s]
[2024-06-06T12:47:23.801+0000] {_transport.py:336} INFO - PUT https://7f0ef8badf50482b9b0d93ef141e14ec.us-central1.gcp.cloud.es.io:443/metro_station/_doc/saint-ambroise [status:200 duration:0.158s]
[2024-06-06T12:47:23.957+0000] {_transport.py:336} INFO - PUT https://7f0ef8badf50482b9b0d93ef141e14ec.us-central1.gcp.cloud.es.io:443/metro_station/_doc/mirabeau [status:200 duration:0.149s]
[2024-06-06T12:47:24.122+0000] {_transport.py:336} INFO - PUT https://7f0ef8badf50482b9b0d93ef141e14ec.us-central1.gcp.cloud.es.io:443/metro_station/_doc/boulogne-pont-de-saint-cloud [status:200 duration:0.162s]
[2024-06-06T12:47:24.401+0000] {_transport.py:336} INFO - PUT https://7f0ef8badf50482b9b0d93ef141e14ec.us-central1.gcp.cloud.es.io:443/metro_station/_doc/charles-michels [status:200 duration:0.272s]
[2024-06-06T12:47:24.565+0000] {_transport.py:336} INFO - PUT https://7f0ef8badf50482b9b0d93ef141e14ec.us-central1.gcp.cloud.es.io:443/metro_station/_doc/cluny-la-sorbonne [status:200 duration:0.159s]
[2024-06-06T12:47:24.805+0000] {_transport.py:336} INFO - PUT https://7f0ef8badf50482b9b0d93ef141e14ec.us-central1.gcp.cloud.es.io:443/metro_station/_doc/chardon-lagache [status:200 duration:0.236s]
[2024-06-06T12:47:24.963+0000] {_transport.py:336} INFO - PUT https://7f0ef8badf50482b9b0d93ef141e14ec.us-central1.gcp.cloud.es.io:443/metro_station/_doc/javel-andre-citroen [status:200 duration:0.152s]
[2024-06-06T12:47:25.124+0000] {_transport.py:336} INFO - PUT https://7f0ef8badf50482b9b0d93ef141e14ec.us-central1.gcp.cloud.es.io:443/metro_station/_doc/cardinal-lemoine [status:200 duration:0.155s]
[2024-06-06T12:47:25.376+0000] {_transport.py:336} INFO - PUT https://7f0ef8badf50482b9b0d93ef141e14ec.us-central1.gcp.cloud.es.io:443/metro_station/_doc/boulogne-jean-jaures [status:200 duration:0.247s]
[2024-06-06T12:47:25.532+0000] {_transport.py:336} INFO - PUT https://7f0ef8badf50482b9b0d93ef141e14ec.us-central1.gcp.cloud.es.io:443/metro_station/_doc/porte-d-auteuil [status:200 duration:0.154s]
[2024-06-06T12:47:25.695+0000] {_transport.py:336} INFO - PUT https://7f0ef8badf50482b9b0d93ef141e14ec.us-central1.gcp.cloud.es.io:443/metro_station/_doc/eglise-d-auteuil [status:200 duration:0.158s]
[2024-06-06T12:47:25.860+0000] {_transport.py:336} INFO - PUT https://7f0ef8badf50482b9b0d93ef141e14ec.us-central1.gcp.cloud.es.io:443/metro_station/_doc/vaneau [status:200 duration:0.160s]
[2024-06-06T12:47:26.026+0000] {_transport.py:336} INFO - PUT https://7f0ef8badf50482b9b0d93ef141e14ec.us-central1.gcp.cloud.es.io:443/metro_station/_doc/avenue-emile-zola [status:200 duration:0.159s]
[2024-06-06T12:47:26.272+0000] {_transport.py:336} INFO - PUT https://7f0ef8badf50482b9b0d93ef141e14ec.us-central1.gcp.cloud.es.io:443/metro_station/_doc/duroc [status:200 duration:0.242s]
[2024-06-06T12:47:26.433+0000] {_transport.py:336} INFO - PUT https://7f0ef8badf50482b9b0d93ef141e14ec.us-central1.gcp.cloud.es.io:443/metro_station/_doc/sevres-babylone [status:200 duration:0.156s]
[2024-06-06T12:47:26.601+0000] {_transport.py:336} INFO - PUT https://7f0ef8badf50482b9b0d93ef141e14ec.us-central1.gcp.cloud.es.io:443/metro_station/_doc/segur [status:200 duration:0.162s]
[2024-06-06T12:47:26.758+0000] {_transport.py:336} INFO - PUT https://7f0ef8badf50482b9b0d93ef141e14ec.us-central1.gcp.cloud.es.io:443/metro_station/_doc/mabillon [status:200 duration:0.155s]
[2024-06-06T12:47:27.035+0000] {_transport.py:336} INFO - PUT https://7f0ef8badf50482b9b0d93ef141e14ec.us-central1.gcp.cloud.es.io:443/metro_station/_doc/maubert-mutualite [status:200 duration:0.275s]
[2024-06-06T12:47:27.185+0000] {_transport.py:336} INFO - PUT https://7f0ef8badf50482b9b0d93ef141e14ec.us-central1.gcp.cloud.es.io:443/metro_station/_doc/jourdain [status:200 duration:0.146s]
[2024-06-06T12:47:27.419+0000] {_transport.py:336} INFO - PUT https://7f0ef8badf50482b9b0d93ef141e14ec.us-central1.gcp.cloud.es.io:443/metro_station/_doc/telegraphe [status:200 duration:0.228s]
[2024-06-06T12:47:27.583+0000] {_transport.py:336} INFO - PUT https://7f0ef8badf50482b9b0d93ef141e14ec.us-central1.gcp.cloud.es.io:443/metro_station/_doc/goncourt [status:200 duration:0.160s]
[2024-06-06T12:47:27.753+0000] {_transport.py:336} INFO - PUT https://7f0ef8badf50482b9b0d93ef141e14ec.us-central1.gcp.cloud.es.io:443/metro_station/_doc/porte-des-lilas [status:200 duration:0.162s]
[2024-06-06T12:47:27.906+0000] {_transport.py:336} INFO - PUT https://7f0ef8badf50482b9b0d93ef141e14ec.us-central1.gcp.cloud.es.io:443/metro_station/_doc/mairie-des-lilas [status:200 duration:0.148s]
[2024-06-06T12:47:28.055+0000] {_transport.py:336} INFO - PUT https://7f0ef8badf50482b9b0d93ef141e14ec.us-central1.gcp.cloud.es.io:443/metro_station/_doc/place-des-fetes [status:200 duration:0.145s]
[2024-06-06T12:47:28.213+0000] {_transport.py:336} INFO - PUT https://7f0ef8badf50482b9b0d93ef141e14ec.us-central1.gcp.cloud.es.io:443/metro_station/_doc/pyrenees [status:200 duration:0.149s]
[2024-06-06T12:47:28.394+0000] {_transport.py:336} INFO - PUT https://7f0ef8badf50482b9b0d93ef141e14ec.us-central1.gcp.cloud.es.io:443/metro_station/_doc/falguiere [status:200 duration:0.177s]
[2024-06-06T12:47:28.672+0000] {_transport.py:336} INFO - PUT https://7f0ef8badf50482b9b0d93ef141e14ec.us-central1.gcp.cloud.es.io:443/metro_station/_doc/convention [status:200 duration:0.272s]
[2024-06-06T12:47:28.932+0000] {_transport.py:336} INFO - PUT https://7f0ef8badf50482b9b0d93ef141e14ec.us-central1.gcp.cloud.es.io:443/metro_station/_doc/marx-dormoy [status:200 duration:0.254s]
[2024-06-06T12:47:29.095+0000] {_transport.py:336} INFO - PUT https://7f0ef8badf50482b9b0d93ef141e14ec.us-central1.gcp.cloud.es.io:443/metro_station/_doc/rue-du-bac [status:200 duration:0.156s]
[2024-06-06T12:47:29.256+0000] {_transport.py:336} INFO - PUT https://7f0ef8badf50482b9b0d93ef141e14ec.us-central1.gcp.cloud.es.io:443/metro_station/_doc/jules-joffrin [status:200 duration:0.153s]
[2024-06-06T12:47:29.409+0000] {_transport.py:336} INFO - PUT https://7f0ef8badf50482b9b0d93ef141e14ec.us-central1.gcp.cloud.es.io:443/metro_station/_doc/front-populaire [status:200 duration:0.150s]
[2024-06-06T12:47:29.557+0000] {_transport.py:336} INFO - PUT https://7f0ef8badf50482b9b0d93ef141e14ec.us-central1.gcp.cloud.es.io:443/metro_station/_doc/assemblee-nationale [status:200 duration:0.144s]
[2024-06-06T12:47:29.800+0000] {_transport.py:336} INFO - PUT https://7f0ef8badf50482b9b0d93ef141e14ec.us-central1.gcp.cloud.es.io:443/metro_station/_doc/notre-dame-de-lorette [status:200 duration:0.237s]
[2024-06-06T12:47:30.041+0000] {_transport.py:336} INFO - PUT https://7f0ef8badf50482b9b0d93ef141e14ec.us-central1.gcp.cloud.es.io:443/metro_station/_doc/abbesses [status:200 duration:0.234s]
[2024-06-06T12:47:30.270+0000] {_transport.py:336} INFO - PUT https://7f0ef8badf50482b9b0d93ef141e14ec.us-central1.gcp.cloud.es.io:443/metro_station/_doc/porte-de-la-chapelle [status:200 duration:0.220s]
[2024-06-06T12:47:30.534+0000] {_transport.py:336} INFO - PUT https://7f0ef8badf50482b9b0d93ef141e14ec.us-central1.gcp.cloud.es.io:443/metro_station/_doc/corentin-celton [status:200 duration:0.254s]
[2024-06-06T12:47:30.762+0000] {_transport.py:336} INFO - PUT https://7f0ef8badf50482b9b0d93ef141e14ec.us-central1.gcp.cloud.es.io:443/metro_station/_doc/lamarck-caulaincourt [status:200 duration:0.224s]
[2024-06-06T12:47:30.997+0000] {_transport.py:336} INFO - PUT https://7f0ef8badf50482b9b0d93ef141e14ec.us-central1.gcp.cloud.es.io:443/metro_station/_doc/volontaires [status:200 duration:0.226s]
[2024-06-06T12:47:31.221+0000] {_transport.py:336} INFO - PUT https://7f0ef8badf50482b9b0d93ef141e14ec.us-central1.gcp.cloud.es.io:443/metro_station/_doc/solferino [status:200 duration:0.221s]
[2024-06-06T12:47:31.387+0000] {_transport.py:336} INFO - PUT https://7f0ef8badf50482b9b0d93ef141e14ec.us-central1.gcp.cloud.es.io:443/metro_station/_doc/rennes [status:200 duration:0.161s]
[2024-06-06T12:47:31.558+0000] {_transport.py:336} INFO - PUT https://7f0ef8badf50482b9b0d93ef141e14ec.us-central1.gcp.cloud.es.io:443/metro_station/_doc/porte-de-versailles [status:200 duration:0.165s]
[2024-06-06T12:47:31.723+0000] {_transport.py:336} INFO - PUT https://7f0ef8badf50482b9b0d93ef141e14ec.us-central1.gcp.cloud.es.io:443/metro_station/_doc/saint-georges [status:200 duration:0.156s]
[2024-06-06T12:47:31.884+0000] {_transport.py:336} INFO - PUT https://7f0ef8badf50482b9b0d93ef141e14ec.us-central1.gcp.cloud.es.io:443/metro_station/_doc/notre-dame-des-champs [status:200 duration:0.151s]
[2024-06-06T12:47:32.059+0000] {_transport.py:336} INFO - PUT https://7f0ef8badf50482b9b0d93ef141e14ec.us-central1.gcp.cloud.es.io:443/metro_station/_doc/mairie-d-issy [status:200 duration:0.165s]
[2024-06-06T12:47:32.218+0000] {_transport.py:336} INFO - PUT https://7f0ef8badf50482b9b0d93ef141e14ec.us-central1.gcp.cloud.es.io:443/metro_station/_doc/aime-cesaire [status:200 duration:0.156s]
[2024-06-06T12:47:32.398+0000] {_transport.py:336} INFO - PUT https://7f0ef8badf50482b9b0d93ef141e14ec.us-central1.gcp.cloud.es.io:443/metro_station/_doc/trinite-d-estienne-d-orves [status:200 duration:0.171s]
[2024-06-06T12:47:32.579+0000] {_transport.py:336} INFO - PUT https://7f0ef8badf50482b9b0d93ef141e14ec.us-central1.gcp.cloud.es.io:443/metro_station/_doc/mairie-d-aubervilliers [status:200 duration:0.170s]
[2024-06-06T12:47:32.758+0000] {_transport.py:336} INFO - PUT https://7f0ef8badf50482b9b0d93ef141e14ec.us-central1.gcp.cloud.es.io:443/metro_station/_doc/vaugirard [status:200 duration:0.168s]
[2024-06-06T12:47:32.921+0000] {_transport.py:336} INFO - PUT https://7f0ef8badf50482b9b0d93ef141e14ec.us-central1.gcp.cloud.es.io:443/metro_station/_doc/val-d-europe [status:200 duration:0.155s]
[2024-06-06T12:47:33.097+0000] {_transport.py:336} INFO - PUT https://7f0ef8badf50482b9b0d93ef141e14ec.us-central1.gcp.cloud.es.io:443/metro_station/_doc/le-parc-de-saint-maur [status:200 duration:0.166s]
[2024-06-06T12:47:33.257+0000] {_transport.py:336} INFO - PUT https://7f0ef8badf50482b9b0d93ef141e14ec.us-central1.gcp.cloud.es.io:443/metro_station/_doc/poissy [status:200 duration:0.156s]
[2024-06-06T12:47:33.420+0000] {_transport.py:336} INFO - PUT https://7f0ef8badf50482b9b0d93ef141e14ec.us-central1.gcp.cloud.es.io:443/metro_station/_doc/champigny [status:200 duration:0.154s]
[2024-06-06T12:47:33.577+0000] {_transport.py:336} INFO - PUT https://7f0ef8badf50482b9b0d93ef141e14ec.us-central1.gcp.cloud.es.io:443/metro_station/_doc/boissy-saint-leger [status:200 duration:0.148s]
[2024-06-06T12:47:33.758+0000] {_transport.py:336} INFO - PUT https://7f0ef8badf50482b9b0d93ef141e14ec.us-central1.gcp.cloud.es.io:443/metro_station/_doc/houilles-carrieres-sur-seine [status:200 duration:0.171s]
[2024-06-06T12:47:33.918+0000] {_transport.py:336} INFO - PUT https://7f0ef8badf50482b9b0d93ef141e14ec.us-central1.gcp.cloud.es.io:443/metro_station/_doc/cergy-prefecture [status:200 duration:0.152s]
[2024-06-06T12:47:34.076+0000] {_transport.py:336} INFO - PUT https://7f0ef8badf50482b9b0d93ef141e14ec.us-central1.gcp.cloud.es.io:443/metro_station/_doc/noisy-champs [status:200 duration:0.155s]
[2024-06-06T12:47:34.258+0000] {_transport.py:336} INFO - PUT https://7f0ef8badf50482b9b0d93ef141e14ec.us-central1.gcp.cloud.es.io:443/metro_station/_doc/auber [status:200 duration:0.178s]
[2024-06-06T12:47:34.421+0000] {_transport.py:336} INFO - PUT https://7f0ef8badf50482b9b0d93ef141e14ec.us-central1.gcp.cloud.es.io:443/metro_station/_doc/chatou-croissy [status:200 duration:0.157s]
[2024-06-06T12:47:34.641+0000] {_transport.py:336} INFO - PUT https://7f0ef8badf50482b9b0d93ef141e14ec.us-central1.gcp.cloud.es.io:443/metro_station/_doc/rueil-malmaison [status:200 duration:0.219s]
[2024-06-06T12:47:34.885+0000] {_transport.py:336} INFO - PUT https://7f0ef8badf50482b9b0d93ef141e14ec.us-central1.gcp.cloud.es.io:443/metro_station/_doc/acheres-ville [status:200 duration:0.235s]
[2024-06-06T12:47:35.138+0000] {_transport.py:336} INFO - PUT https://7f0ef8badf50482b9b0d93ef141e14ec.us-central1.gcp.cloud.es.io:443/metro_station/_doc/cergy-saint-christophe [status:200 duration:0.247s]
[2024-06-06T12:47:35.381+0000] {_transport.py:336} INFO - PUT https://7f0ef8badf50482b9b0d93ef141e14ec.us-central1.gcp.cloud.es.io:443/metro_station/_doc/bry-sur-marne [status:200 duration:0.234s]
[2024-06-06T12:47:35.601+0000] {_transport.py:336} INFO - PUT https://7f0ef8badf50482b9b0d93ef141e14ec.us-central1.gcp.cloud.es.io:443/metro_station/_doc/lognes [status:200 duration:0.217s]
[2024-06-06T12:47:35.811+0000] {_transport.py:336} INFO - PUT https://7f0ef8badf50482b9b0d93ef141e14ec.us-central1.gcp.cloud.es.io:443/metro_station/_doc/sucy-bonneuil [status:200 duration:0.201s]
[2024-06-06T12:47:36.040+0000] {_transport.py:336} INFO - PUT https://7f0ef8badf50482b9b0d93ef141e14ec.us-central1.gcp.cloud.es.io:443/metro_station/_doc/nanterre-universite [status:200 duration:0.220s]
[2024-06-06T12:47:36.284+0000] {_transport.py:336} INFO - PUT https://7f0ef8badf50482b9b0d93ef141e14ec.us-central1.gcp.cloud.es.io:443/metro_station/_doc/le-vesinet-centre [status:200 duration:0.238s]
[2024-06-06T12:47:36.543+0000] {_transport.py:336} INFO - PUT https://7f0ef8badf50482b9b0d93ef141e14ec.us-central1.gcp.cloud.es.io:443/metro_station/_doc/conflans-fin-d-oise [status:200 duration:0.255s]
[2024-06-06T12:47:36.755+0000] {_transport.py:336} INFO - PUT https://7f0ef8badf50482b9b0d93ef141e14ec.us-central1.gcp.cloud.es.io:443/metro_station/_doc/le-vesinet-le-pecq [status:200 duration:0.208s]
[2024-06-06T12:47:36.994+0000] {_transport.py:336} INFO - PUT https://7f0ef8badf50482b9b0d93ef141e14ec.us-central1.gcp.cloud.es.io:443/metro_station/_doc/maisons-laffitte [status:200 duration:0.235s]
[2024-06-06T12:47:37.225+0000] {_transport.py:336} INFO - PUT https://7f0ef8badf50482b9b0d93ef141e14ec.us-central1.gcp.cloud.es.io:443/metro_station/_doc/la-varenne-chennevieres [status:200 duration:0.220s]
[2024-06-06T12:47:37.491+0000] {_transport.py:336} INFO - PUT https://7f0ef8badf50482b9b0d93ef141e14ec.us-central1.gcp.cloud.es.io:443/metro_station/_doc/saint-germain-en-laye [status:200 duration:0.257s]
[2024-06-06T12:47:37.715+0000] {_transport.py:336} INFO - PUT https://7f0ef8badf50482b9b0d93ef141e14ec.us-central1.gcp.cloud.es.io:443/metro_station/_doc/joinville-le-pont [status:200 duration:0.217s]
[2024-06-06T12:47:37.938+0000] {_transport.py:336} INFO - PUT https://7f0ef8badf50482b9b0d93ef141e14ec.us-central1.gcp.cloud.es.io:443/metro_station/_doc/val-de-fontenay [status:200 duration:0.215s]
[2024-06-06T12:47:38.167+0000] {_transport.py:336} INFO - PUT https://7f0ef8badf50482b9b0d93ef141e14ec.us-central1.gcp.cloud.es.io:443/metro_station/_doc/noisy-le-grand-mont-d-est [status:200 duration:0.220s]
[2024-06-06T12:47:38.453+0000] {_transport.py:336} INFO - PUT https://7f0ef8badf50482b9b0d93ef141e14ec.us-central1.gcp.cloud.es.io:443/metro_station/_doc/acheres-grand-cormier [status:200 duration:0.277s]
[2024-06-06T12:47:38.697+0000] {_transport.py:336} INFO - PUT https://7f0ef8badf50482b9b0d93ef141e14ec.us-central1.gcp.cloud.es.io:443/metro_station/_doc/neuilly-plaisance [status:200 duration:0.236s]
[2024-06-06T12:47:38.926+0000] {_transport.py:336} INFO - PUT https://7f0ef8badf50482b9b0d93ef141e14ec.us-central1.gcp.cloud.es.io:443/metro_station/_doc/noisiel [status:200 duration:0.224s]
[2024-06-06T12:47:39.163+0000] {_transport.py:336} INFO - PUT https://7f0ef8badf50482b9b0d93ef141e14ec.us-central1.gcp.cloud.es.io:443/metro_station/_doc/bussy-saint-georges [status:200 duration:0.227s]
[2024-06-06T12:47:39.321+0000] {_transport.py:336} INFO - PUT https://7f0ef8badf50482b9b0d93ef141e14ec.us-central1.gcp.cloud.es.io:443/metro_station/_doc/torcy [status:200 duration:0.153s]
[2024-06-06T12:47:39.484+0000] {_transport.py:336} INFO - PUT https://7f0ef8badf50482b9b0d93ef141e14ec.us-central1.gcp.cloud.es.io:443/metro_station/_doc/saint-maur-creteil [status:200 duration:0.159s]
[2024-06-06T12:47:39.663+0000] {_transport.py:336} INFO - PUT https://7f0ef8badf50482b9b0d93ef141e14ec.us-central1.gcp.cloud.es.io:443/metro_station/_doc/fontenay-sous-bois [status:200 duration:0.170s]
[2024-06-06T12:47:39.887+0000] {_transport.py:336} INFO - PUT https://7f0ef8badf50482b9b0d93ef141e14ec.us-central1.gcp.cloud.es.io:443/metro_station/_doc/nanterre-prefecture [status:200 duration:0.215s]
[2024-06-06T12:47:40.111+0000] {_transport.py:336} INFO - PUT https://7f0ef8badf50482b9b0d93ef141e14ec.us-central1.gcp.cloud.es.io:443/metro_station/_doc/vincennes [status:200 duration:0.218s]
[2024-06-06T12:47:40.346+0000] {_transport.py:336} INFO - PUT https://7f0ef8badf50482b9b0d93ef141e14ec.us-central1.gcp.cloud.es.io:443/metro_station/_doc/nogent-sur-marne [status:200 duration:0.227s]
[2024-06-06T12:47:40.578+0000] {_transport.py:336} INFO - PUT https://7f0ef8badf50482b9b0d93ef141e14ec.us-central1.gcp.cloud.es.io:443/metro_station/_doc/sartrouville [status:200 duration:0.223s]
[2024-06-06T12:47:40.801+0000] {_transport.py:336} INFO - PUT https://7f0ef8badf50482b9b0d93ef141e14ec.us-central1.gcp.cloud.es.io:443/metro_station/_doc/cergy-le-haut [status:200 duration:0.219s]
[2024-06-06T12:47:40.968+0000] {_transport.py:336} INFO - PUT https://7f0ef8badf50482b9b0d93ef141e14ec.us-central1.gcp.cloud.es.io:443/metro_station/_doc/nanterre-ville [status:200 duration:0.158s]
[2024-06-06T12:47:41.215+0000] {_transport.py:336} INFO - PUT https://7f0ef8badf50482b9b0d93ef141e14ec.us-central1.gcp.cloud.es.io:443/metro_station/_doc/neuville-universite [status:200 duration:0.237s]
[2024-06-06T12:47:41.500+0000] {_transport.py:336} INFO - PUT https://7f0ef8badf50482b9b0d93ef141e14ec.us-central1.gcp.cloud.es.io:443/metro_station/_doc/aeroport-roissy-charles-de-gaulle-2-tgv [status:200 duration:0.275s]
[2024-06-06T12:47:41.740+0000] {_transport.py:336} INFO - PUT https://7f0ef8badf50482b9b0d93ef141e14ec.us-central1.gcp.cloud.es.io:443/metro_station/_doc/palaiseau-villebon [status:200 duration:0.239s]
[2024-06-06T12:47:41.961+0000] {_transport.py:336} INFO - PUT https://7f0ef8badf50482b9b0d93ef141e14ec.us-central1.gcp.cloud.es.io:443/metro_station/_doc/bagneux [status:200 duration:0.220s]
[2024-06-06T12:47:42.186+0000] {_transport.py:336} INFO - PUT https://7f0ef8badf50482b9b0d93ef141e14ec.us-central1.gcp.cloud.es.io:443/metro_station/_doc/vert-galant [status:200 duration:0.223s]
[2024-06-06T12:47:42.417+0000] {_transport.py:336} INFO - PUT https://7f0ef8badf50482b9b0d93ef141e14ec.us-central1.gcp.cloud.es.io:443/metro_station/_doc/la-courneuve-aubervilliers [status:200 duration:0.229s]
[2024-06-06T12:47:42.662+0000] {_transport.py:336} INFO - PUT https://7f0ef8badf50482b9b0d93ef141e14ec.us-central1.gcp.cloud.es.io:443/metro_station/_doc/aulnay-sous-bois [status:200 duration:0.243s]
[2024-06-06T12:47:42.815+0000] {_transport.py:336} INFO - PUT https://7f0ef8badf50482b9b0d93ef141e14ec.us-central1.gcp.cloud.es.io:443/metro_station/_doc/robinson [status:200 duration:0.151s]
[2024-06-06T12:47:43.035+0000] {_transport.py:336} INFO - PUT https://7f0ef8badf50482b9b0d93ef141e14ec.us-central1.gcp.cloud.es.io:443/metro_station/_doc/la-croix-de-berny [status:200 duration:0.216s]
[2024-06-06T12:47:43.263+0000] {_transport.py:336} INFO - PUT https://7f0ef8badf50482b9b0d93ef141e14ec.us-central1.gcp.cloud.es.io:443/metro_station/_doc/fontenay-aux-roses [status:200 duration:0.221s]
[2024-06-06T12:47:43.425+0000] {_transport.py:336} INFO - PUT https://7f0ef8badf50482b9b0d93ef141e14ec.us-central1.gcp.cloud.es.io:443/metro_station/_doc/drancy [status:200 duration:0.157s]
[2024-06-06T12:47:43.645+0000] {_transport.py:336} INFO - PUT https://7f0ef8badf50482b9b0d93ef141e14ec.us-central1.gcp.cloud.es.io:443/metro_station/_doc/massy-palaiseau [status:200 duration:0.212s]
[2024-06-06T12:47:43.934+0000] {_transport.py:336} INFO - PUT https://7f0ef8badf50482b9b0d93ef141e14ec.us-central1.gcp.cloud.es.io:443/metro_station/_doc/le-bourget [status:200 duration:0.279s]
[2024-06-06T12:47:44.082+0000] {_transport.py:336} INFO - PUT https://7f0ef8badf50482b9b0d93ef141e14ec.us-central1.gcp.cloud.es.io:443/metro_station/_doc/lozere [status:200 duration:0.144s]
[2024-06-06T12:47:44.225+0000] {_transport.py:336} INFO - PUT https://7f0ef8badf50482b9b0d93ef141e14ec.us-central1.gcp.cloud.es.io:443/metro_station/_doc/sevran-beaudottes [status:200 duration:0.141s]
[2024-06-06T12:47:44.389+0000] {_transport.py:336} INFO - PUT https://7f0ef8badf50482b9b0d93ef141e14ec.us-central1.gcp.cloud.es.io:443/metro_station/_doc/parc-des-expositions [status:200 duration:0.160s]
[2024-06-06T12:47:44.611+0000] {_transport.py:336} INFO - PUT https://7f0ef8badf50482b9b0d93ef141e14ec.us-central1.gcp.cloud.es.io:443/metro_station/_doc/cite-universitaire [status:200 duration:0.213s]
[2024-06-06T12:47:44.854+0000] {_transport.py:336} INFO - PUT https://7f0ef8badf50482b9b0d93ef141e14ec.us-central1.gcp.cloud.es.io:443/metro_station/_doc/laplace [status:200 duration:0.237s]
[2024-06-06T12:47:45.014+0000] {_transport.py:336} INFO - PUT https://7f0ef8badf50482b9b0d93ef141e14ec.us-central1.gcp.cloud.es.io:443/metro_station/_doc/aeroport-roissy-charles-de-gaulle-1 [status:200 duration:0.153s]
[2024-06-06T12:47:45.237+0000] {_transport.py:336} INFO - PUT https://7f0ef8badf50482b9b0d93ef141e14ec.us-central1.gcp.cloud.es.io:443/metro_station/_doc/sevran-livry [status:200 duration:0.216s]
[2024-06-06T12:47:45.458+0000] {_transport.py:336} INFO - PUT https://7f0ef8badf50482b9b0d93ef141e14ec.us-central1.gcp.cloud.es.io:443/metro_station/_doc/saint-remy-les-chevreuse [status:200 duration:0.216s]
[2024-06-06T12:47:45.682+0000] {_transport.py:336} INFO - PUT https://7f0ef8badf50482b9b0d93ef141e14ec.us-central1.gcp.cloud.es.io:443/metro_station/_doc/parc-de-sceaux [status:200 duration:0.217s]
[2024-06-06T12:47:45.915+0000] {_transport.py:336} INFO - PUT https://7f0ef8badf50482b9b0d93ef141e14ec.us-central1.gcp.cloud.es.io:443/metro_station/_doc/antony [status:200 duration:0.226s]
[2024-06-06T12:47:46.172+0000] {_transport.py:336} INFO - PUT https://7f0ef8badf50482b9b0d93ef141e14ec.us-central1.gcp.cloud.es.io:443/metro_station/_doc/bourg-la-reine [status:200 duration:0.247s]
[2024-06-06T12:47:46.403+0000] {_transport.py:336} INFO - PUT https://7f0ef8badf50482b9b0d93ef141e14ec.us-central1.gcp.cloud.es.io:443/metro_station/_doc/massy-verrieres [status:200 duration:0.225s]
[2024-06-06T12:47:46.675+0000] {_transport.py:336} INFO - PUT https://7f0ef8badf50482b9b0d93ef141e14ec.us-central1.gcp.cloud.es.io:443/metro_station/_doc/gif-sur-yvette [status:200 duration:0.265s]
[2024-06-06T12:47:46.905+0000] {_transport.py:336} INFO - PUT https://7f0ef8badf50482b9b0d93ef141e14ec.us-central1.gcp.cloud.es.io:443/metro_station/_doc/palaiseau [status:200 duration:0.228s]
[2024-06-06T12:47:47.140+0000] {_transport.py:336} INFO - PUT https://7f0ef8badf50482b9b0d93ef141e14ec.us-central1.gcp.cloud.es.io:443/metro_station/_doc/la-hacquiniere [status:200 duration:0.228s]
[2024-06-06T12:47:47.305+0000] {_transport.py:336} INFO - PUT https://7f0ef8badf50482b9b0d93ef141e14ec.us-central1.gcp.cloud.es.io:443/metro_station/_doc/la-plaine-stade-de-france [status:200 duration:0.161s]
[2024-06-06T12:47:47.487+0000] {_transport.py:336} INFO - PUT https://7f0ef8badf50482b9b0d93ef141e14ec.us-central1.gcp.cloud.es.io:443/metro_station/_doc/sceaux [status:200 duration:0.177s]
[2024-06-06T12:47:47.702+0000] {_transport.py:336} INFO - PUT https://7f0ef8badf50482b9b0d93ef141e14ec.us-central1.gcp.cloud.es.io:443/metro_station/_doc/bures-sur-yvette [status:200 duration:0.210s]
[2024-06-06T12:47:47.951+0000] {_transport.py:336} INFO - PUT https://7f0ef8badf50482b9b0d93ef141e14ec.us-central1.gcp.cloud.es.io:443/metro_station/_doc/villepinte [status:200 duration:0.243s]
[2024-06-06T12:47:48.207+0000] {_transport.py:336} INFO - PUT https://7f0ef8badf50482b9b0d93ef141e14ec.us-central1.gcp.cloud.es.io:443/metro_station/_doc/arcueil-cachan [status:200 duration:0.246s]
[2024-06-06T12:47:48.478+0000] {_transport.py:336} INFO - PUT https://7f0ef8badf50482b9b0d93ef141e14ec.us-central1.gcp.cloud.es.io:443/metro_station/_doc/mitry-claye [status:200 duration:0.262s]
[2024-06-06T12:47:48.732+0000] {_transport.py:336} INFO - PUT https://7f0ef8badf50482b9b0d93ef141e14ec.us-central1.gcp.cloud.es.io:443/metro_station/_doc/fontaine-michalon [status:200 duration:0.245s]
[2024-06-06T12:47:48.982+0000] {_transport.py:336} INFO - PUT https://7f0ef8badf50482b9b0d93ef141e14ec.us-central1.gcp.cloud.es.io:443/metro_station/_doc/le-blanc-mesnil [status:200 duration:0.247s]
[2024-06-06T12:47:49.252+0000] {_transport.py:336} INFO - PUT https://7f0ef8badf50482b9b0d93ef141e14ec.us-central1.gcp.cloud.es.io:443/metro_station/_doc/gentilly [status:200 duration:0.261s]
[2024-06-06T12:47:49.474+0000] {_transport.py:336} INFO - PUT https://7f0ef8badf50482b9b0d93ef141e14ec.us-central1.gcp.cloud.es.io:443/metro_station/_doc/les-baconnets [status:200 duration:0.213s]
[2024-06-06T12:47:49.703+0000] {_transport.py:336} INFO - PUT https://7f0ef8badf50482b9b0d93ef141e14ec.us-central1.gcp.cloud.es.io:443/metro_station/_doc/luxembourg [status:200 duration:0.223s]
[2024-06-06T12:47:49.923+0000] {_transport.py:336} INFO - PUT https://7f0ef8badf50482b9b0d93ef141e14ec.us-central1.gcp.cloud.es.io:443/metro_station/_doc/villeparisis-mitry-le-neuf [status:200 duration:0.209s]
[2024-06-06T12:47:50.179+0000] {_transport.py:336} INFO - PUT https://7f0ef8badf50482b9b0d93ef141e14ec.us-central1.gcp.cloud.es.io:443/metro_station/_doc/orsay-ville [status:200 duration:0.246s]
[2024-06-06T12:47:50.418+0000] {_transport.py:336} INFO - PUT https://7f0ef8badf50482b9b0d93ef141e14ec.us-central1.gcp.cloud.es.io:443/metro_station/_doc/port-royal [status:200 duration:0.231s]
[2024-06-06T12:47:50.659+0000] {_transport.py:336} INFO - PUT https://7f0ef8badf50482b9b0d93ef141e14ec.us-central1.gcp.cloud.es.io:443/metro_station/_doc/courcelle-sur-yvette [status:200 duration:0.236s]
[2024-06-06T12:47:50.660+0000] {logging_mixin.py:151} INFO - New data inserted successfully.
[2024-06-06T12:47:50.662+0000] {python.py:194} INFO - Done. Returned value was: None
[2024-06-06T12:47:50.679+0000] {taskinstance.py:1398} INFO - Marking task as SUCCESS. dag_id=my_python_dag, task_id=elastic_metro_station, execution_date=20240606T123856, start_date=20240606T124514, end_date=20240606T124750
[2024-06-06T12:47:50.734+0000] {local_task_job_runner.py:228} INFO - Task exited with return code 0
[2024-06-06T12:47:50.748+0000] {taskinstance.py:2776} INFO - 0 downstream tasks scheduled from follow-on schedule check
