[2024-06-06T14:03:16.746+0000] {taskinstance.py:1157} INFO - Dependencies all met for dep_context=non-requeueable deps ti=<TaskInstance: my_python_dag.fetch_and_insert_into_elasticsearch_emplacement_stations manual__2024-06-06T14:03:15.782700+00:00 [queued]>
[2024-06-06T14:03:16.750+0000] {taskinstance.py:1157} INFO - Dependencies all met for dep_context=requeueable deps ti=<TaskInstance: my_python_dag.fetch_and_insert_into_elasticsearch_emplacement_stations manual__2024-06-06T14:03:15.782700+00:00 [queued]>
[2024-06-06T14:03:16.751+0000] {taskinstance.py:1359} INFO - Starting attempt 1 of 2
[2024-06-06T14:03:16.915+0000] {taskinstance.py:1380} INFO - Executing <Task(PythonOperator): fetch_and_insert_into_elasticsearch_emplacement_stations> on 2024-06-06 14:03:15.782700+00:00
[2024-06-06T14:03:16.919+0000] {standard_task_runner.py:57} INFO - Started process 1833 to run task
[2024-06-06T14:03:16.921+0000] {standard_task_runner.py:84} INFO - Running: ['***', 'tasks', 'run', 'my_python_dag', 'fetch_and_insert_into_elasticsearch_emplacement_stations', 'manual__2024-06-06T14:03:15.782700+00:00', '--job-id', '187', '--raw', '--subdir', 'DAGS_FOLDER/fetch_from_data_sources.py', '--cfg-path', '/tmp/tmp2tgn7a3s']
[2024-06-06T14:03:16.923+0000] {standard_task_runner.py:85} INFO - Job 187: Subtask fetch_and_insert_into_elasticsearch_emplacement_stations
[2024-06-06T14:03:16.945+0000] {task_command.py:415} INFO - Running <TaskInstance: my_python_dag.fetch_and_insert_into_elasticsearch_emplacement_stations manual__2024-06-06T14:03:15.782700+00:00 [running]> on host 9e4bf1cd7746
[2024-06-06T14:03:16.978+0000] {taskinstance.py:1660} INFO - Exporting env vars: AIRFLOW_CTX_DAG_OWNER='***' AIRFLOW_CTX_DAG_ID='my_python_dag' AIRFLOW_CTX_TASK_ID='fetch_and_insert_into_elasticsearch_emplacement_stations' AIRFLOW_CTX_EXECUTION_DATE='2024-06-06T14:03:15.782700+00:00' AIRFLOW_CTX_TRY_NUMBER='1' AIRFLOW_CTX_DAG_RUN_ID='manual__2024-06-06T14:03:15.782700+00:00'
[2024-06-06T14:03:16.979+0000] {logging_mixin.py:151} INFO - Fetching data from JSON
[2024-06-06T14:03:17.921+0000] {_transport.py:336} INFO - PUT https://7f0ef8badf50482b9b0d93ef141e14ec.us-central1.gcp.cloud.es.io:443/emplacement-stations-idf/_doc/988_Cit%C3%A9%20Universitaire [status:200 duration:0.804s]
[2024-06-06T14:03:18.193+0000] {_transport.py:336} INFO - PUT https://7f0ef8badf50482b9b0d93ef141e14ec.us-central1.gcp.cloud.es.io:443/emplacement-stations-idf/_doc/760_Saint-Denis [status:200 duration:0.267s]
[2024-06-06T14:03:18.426+0000] {_transport.py:336} INFO - PUT https://7f0ef8badf50482b9b0d93ef141e14ec.us-central1.gcp.cloud.es.io:443/emplacement-stations-idf/_doc/578_Nanterre-Universit%C3%A9 [status:200 duration:0.231s]
[2024-06-06T14:03:18.604+0000] {_transport.py:336} INFO - PUT https://7f0ef8badf50482b9b0d93ef141e14ec.us-central1.gcp.cloud.es.io:443/emplacement-stations-idf/_doc/100_Boulogne%20-%20Pont%20de%20Saint-Cloud [status:200 duration:0.174s]
[2024-06-06T14:03:18.836+0000] {_transport.py:336} INFO - PUT https://7f0ef8badf50482b9b0d93ef141e14ec.us-central1.gcp.cloud.es.io:443/emplacement-stations-idf/_doc/79_Bobigny%20Pablo%20Picasso [status:200 duration:0.227s]
[2024-06-06T14:03:19.072+0000] {_transport.py:336} INFO - PUT https://7f0ef8badf50482b9b0d93ef141e14ec.us-central1.gcp.cloud.es.io:443/emplacement-stations-idf/_doc/10_Al%C3%A9sia [status:200 duration:0.231s]
[2024-06-06T14:03:19.304+0000] {_transport.py:336} INFO - PUT https://7f0ef8badf50482b9b0d93ef141e14ec.us-central1.gcp.cloud.es.io:443/emplacement-stations-idf/_doc/27_Arts%20et%20M%C3%A9tiers [status:200 duration:0.226s]
[2024-06-06T14:03:19.560+0000] {_transport.py:336} INFO - PUT https://7f0ef8badf50482b9b0d93ef141e14ec.us-central1.gcp.cloud.es.io:443/emplacement-stations-idf/_doc/226_Cr%C3%A9teil-Universit%C3%A9 [status:200 duration:0.252s]
[2024-06-06T14:03:19.787+0000] {_transport.py:336} INFO - PUT https://7f0ef8badf50482b9b0d93ef141e14ec.us-central1.gcp.cloud.es.io:443/emplacement-stations-idf/_doc/244_Dugommier [status:200 duration:0.220s]
[2024-06-06T14:03:20.076+0000] {_transport.py:336} INFO - PUT https://7f0ef8badf50482b9b0d93ef141e14ec.us-central1.gcp.cloud.es.io:443/emplacement-stations-idf/_doc/113_Brochant [status:200 duration:0.279s]
[2024-06-06T14:03:20.315+0000] {_transport.py:336} INFO - PUT https://7f0ef8badf50482b9b0d93ef141e14ec.us-central1.gcp.cloud.es.io:443/emplacement-stations-idf/_doc/120_Buttes-Chaumont [status:200 duration:0.232s]
[2024-06-06T14:03:20.543+0000] {_transport.py:336} INFO - PUT https://7f0ef8badf50482b9b0d93ef141e14ec.us-central1.gcp.cloud.es.io:443/emplacement-stations-idf/_doc/123_Cambronne [status:200 duration:0.219s]
[2024-06-06T14:03:20.790+0000] {_transport.py:336} INFO - PUT https://7f0ef8badf50482b9b0d93ef141e14ec.us-central1.gcp.cloud.es.io:443/emplacement-stations-idf/_doc/126_Carrefour%20Pleyel [status:200 duration:0.237s]
[2024-06-06T14:03:21.020+0000] {_transport.py:336} INFO - PUT https://7f0ef8badf50482b9b0d93ef141e14ec.us-central1.gcp.cloud.es.io:443/emplacement-stations-idf/_doc/145_Champs-%C3%89lys%C3%A9es%20%E2%80%93%20Clemenceau [status:200 duration:0.229s]
[2024-06-06T14:03:21.255+0000] {_transport.py:336} INFO - PUT https://7f0ef8badf50482b9b0d93ef141e14ec.us-central1.gcp.cloud.es.io:443/emplacement-stations-idf/_doc/197_Commerce [status:200 duration:0.231s]
[2024-06-06T14:03:21.409+0000] {_transport.py:336} INFO - PUT https://7f0ef8badf50482b9b0d93ef141e14ec.us-central1.gcp.cloud.es.io:443/emplacement-stations-idf/_doc/201_Concorde [status:200 duration:0.149s]
[2024-06-06T14:03:21.651+0000] {_transport.py:336} INFO - PUT https://7f0ef8badf50482b9b0d93ef141e14ec.us-central1.gcp.cloud.es.io:443/emplacement-stations-idf/_doc/332_Goncourt [status:200 duration:0.236s]
[2024-06-06T14:03:21.904+0000] {_transport.py:336} INFO - PUT https://7f0ef8badf50482b9b0d93ef141e14ec.us-central1.gcp.cloud.es.io:443/emplacement-stations-idf/_doc/297_Gabriel%20P%C3%A9ri [status:200 duration:0.245s]
[2024-06-06T14:03:22.149+0000] {_transport.py:336} INFO - PUT https://7f0ef8badf50482b9b0d93ef141e14ec.us-central1.gcp.cloud.es.io:443/emplacement-stations-idf/_doc/279_Faidherbe%20Chaligny [status:200 duration:0.238s]
[2024-06-06T14:03:22.377+0000] {_transport.py:336} INFO - PUT https://7f0ef8badf50482b9b0d93ef141e14ec.us-central1.gcp.cloud.es.io:443/emplacement-stations-idf/_doc/280_Falgui%C3%A8re [status:200 duration:0.225s]
[2024-06-06T14:03:22.619+0000] {_transport.py:336} INFO - PUT https://7f0ef8badf50482b9b0d93ef141e14ec.us-central1.gcp.cloud.es.io:443/emplacement-stations-idf/_doc/543_Michel%20Ange-Auteuil [status:200 duration:0.237s]
[2024-06-06T14:03:22.875+0000] {_transport.py:336} INFO - PUT https://7f0ef8badf50482b9b0d93ef141e14ec.us-central1.gcp.cloud.es.io:443/emplacement-stations-idf/_doc/416_La%20Fourche [status:200 duration:0.250s]
[2024-06-06T14:03:23.116+0000] {_transport.py:336} INFO - PUT https://7f0ef8badf50482b9b0d93ef141e14ec.us-central1.gcp.cloud.es.io:443/emplacement-stations-idf/_doc/443_Le%20Peletier [status:200 duration:0.234s]
[2024-06-06T14:03:23.358+0000] {_transport.py:336} INFO - PUT https://7f0ef8badf50482b9b0d93ef141e14ec.us-central1.gcp.cloud.es.io:443/emplacement-stations-idf/_doc/459_Les%20Gobelins [status:200 duration:0.234s]
[2024-06-06T14:03:23.586+0000] {_transport.py:336} INFO - PUT https://7f0ef8badf50482b9b0d93ef141e14ec.us-central1.gcp.cloud.es.io:443/emplacement-stations-idf/_doc/489_Madeleine [status:200 duration:0.219s]
[2024-06-06T14:03:23.841+0000] {_transport.py:336} INFO - PUT https://7f0ef8badf50482b9b0d93ef141e14ec.us-central1.gcp.cloud.es.io:443/emplacement-stations-idf/_doc/496_Mairie%20d%27Ivry [status:200 duration:0.247s]
[2024-06-06T14:03:24.090+0000] {_transport.py:336} INFO - PUT https://7f0ef8badf50482b9b0d93ef141e14ec.us-central1.gcp.cloud.es.io:443/emplacement-stations-idf/_doc/626_Passy [status:200 duration:0.242s]
[2024-06-06T14:03:24.316+0000] {_transport.py:336} INFO - PUT https://7f0ef8badf50482b9b0d93ef141e14ec.us-central1.gcp.cloud.es.io:443/emplacement-stations-idf/_doc/628_Pasteur [status:200 duration:0.217s]
[2024-06-06T14:03:24.571+0000] {_transport.py:336} INFO - PUT https://7f0ef8badf50482b9b0d93ef141e14ec.us-central1.gcp.cloud.es.io:443/emplacement-stations-idf/_doc/634_P%C3%A8re%20Lachaise [status:200 duration:0.245s]
[2024-06-06T14:03:24.800+0000] {_transport.py:336} INFO - PUT https://7f0ef8badf50482b9b0d93ef141e14ec.us-central1.gcp.cloud.es.io:443/emplacement-stations-idf/_doc/651_Place%20des%20F%C3%AAtes [status:200 duration:0.222s]
[2024-06-06T14:03:25.037+0000] {_transport.py:336} INFO - PUT https://7f0ef8badf50482b9b0d93ef141e14ec.us-central1.gcp.cloud.es.io:443/emplacement-stations-idf/_doc/654_Place%20d%27Italie [status:200 duration:0.228s]
[2024-06-06T14:03:25.274+0000] {_transport.py:336} INFO - PUT https://7f0ef8badf50482b9b0d93ef141e14ec.us-central1.gcp.cloud.es.io:443/emplacement-stations-idf/_doc/600_Notre-Dame-de-Lorette [status:200 duration:0.231s]
[2024-06-06T14:03:25.492+0000] {_transport.py:336} INFO - PUT https://7f0ef8badf50482b9b0d93ef141e14ec.us-central1.gcp.cloud.es.io:443/emplacement-stations-idf/_doc/606_Op%C3%A9ra [status:200 duration:0.216s]
[2024-06-06T14:03:25.714+0000] {_transport.py:336} INFO - PUT https://7f0ef8badf50482b9b0d93ef141e14ec.us-central1.gcp.cloud.es.io:443/emplacement-stations-idf/_doc/693_Porte%20de%20Montreuil [status:200 duration:0.221s]
[2024-06-06T14:03:25.955+0000] {_transport.py:336} INFO - PUT https://7f0ef8badf50482b9b0d93ef141e14ec.us-central1.gcp.cloud.es.io:443/emplacement-stations-idf/_doc/836_Strasbourg-Saint-Denis [status:200 duration:0.235s]
[2024-06-06T14:03:26.190+0000] {_transport.py:336} INFO - PUT https://7f0ef8badf50482b9b0d93ef141e14ec.us-central1.gcp.cloud.es.io:443/emplacement-stations-idf/_doc/842_Sully-Morland [status:200 duration:0.225s]
[2024-06-06T14:03:26.418+0000] {_transport.py:336} INFO - PUT https://7f0ef8badf50482b9b0d93ef141e14ec.us-central1.gcp.cloud.es.io:443/emplacement-stations-idf/_doc/848_T%C3%A9l%C3%A9graphe [status:200 duration:0.222s]
[2024-06-06T14:03:26.654+0000] {_transport.py:336} INFO - PUT https://7f0ef8badf50482b9b0d93ef141e14ec.us-central1.gcp.cloud.es.io:443/emplacement-stations-idf/_doc/695_Porte%20de%20Saint-Cloud [status:200 duration:0.227s]
[2024-06-06T14:03:26.881+0000] {_transport.py:336} INFO - PUT https://7f0ef8badf50482b9b0d93ef141e14ec.us-central1.gcp.cloud.es.io:443/emplacement-stations-idf/_doc/704_Porte%20d%27Ivry [status:200 duration:0.222s]
[2024-06-06T14:03:27.126+0000] {_transport.py:336} INFO - PUT https://7f0ef8badf50482b9b0d93ef141e14ec.us-central1.gcp.cloud.es.io:443/emplacement-stations-idf/_doc/716_Pyr%C3%A9n%C3%A9es [status:200 duration:0.236s]
[2024-06-06T14:03:27.500+0000] {_transport.py:336} INFO - PUT https://7f0ef8badf50482b9b0d93ef141e14ec.us-central1.gcp.cloud.es.io:443/emplacement-stations-idf/_doc/717_Quai%20de%20la%20Gare [status:200 duration:0.367s]
[2024-06-06T14:03:27.794+0000] {_transport.py:336} INFO - PUT https://7f0ef8badf50482b9b0d93ef141e14ec.us-central1.gcp.cloud.es.io:443/emplacement-stations-idf/_doc/719_Quatre%20Septembre [status:200 duration:0.287s]
[2024-06-06T14:03:28.032+0000] {_transport.py:336} INFO - PUT https://7f0ef8badf50482b9b0d93ef141e14ec.us-central1.gcp.cloud.es.io:443/emplacement-stations-idf/_doc/762_Saint-Denis%20-%20Porte%20de%20Paris [status:200 duration:0.228s]
[2024-06-06T14:03:28.189+0000] {_transport.py:336} INFO - PUT https://7f0ef8badf50482b9b0d93ef141e14ec.us-central1.gcp.cloud.es.io:443/emplacement-stations-idf/_doc/923_Wagram [status:200 duration:0.155s]
[2024-06-06T14:03:28.416+0000] {_transport.py:336} INFO - PUT https://7f0ef8badf50482b9b0d93ef141e14ec.us-central1.gcp.cloud.es.io:443/emplacement-stations-idf/_doc/877_Vaugirard [status:200 duration:0.224s]
[2024-06-06T14:03:28.665+0000] {_transport.py:336} INFO - PUT https://7f0ef8badf50482b9b0d93ef141e14ec.us-central1.gcp.cloud.es.io:443/emplacement-stations-idf/_doc/1008_Les%20Courtilles [status:200 duration:0.239s]
[2024-06-06T14:03:28.893+0000] {_transport.py:336} INFO - PUT https://7f0ef8badf50482b9b0d93ef141e14ec.us-central1.gcp.cloud.es.io:443/emplacement-stations-idf/_doc/986_Porte%20d%27Orl%C3%A9ans [status:200 duration:0.224s]
[2024-06-06T14:03:29.134+0000] {_transport.py:336} INFO - PUT https://7f0ef8badf50482b9b0d93ef141e14ec.us-central1.gcp.cloud.es.io:443/emplacement-stations-idf/_doc/314_Gare%20de%20l%27Est [status:200 duration:0.232s]
[2024-06-06T14:03:29.363+0000] {_transport.py:336} INFO - PUT https://7f0ef8badf50482b9b0d93ef141e14ec.us-central1.gcp.cloud.es.io:443/emplacement-stations-idf/_doc/564_Montparnasse-Bienven%C3%BCe [status:200 duration:0.224s]
[2024-06-06T14:03:29.618+0000] {_transport.py:336} INFO - PUT https://7f0ef8badf50482b9b0d93ef141e14ec.us-central1.gcp.cloud.es.io:443/emplacement-stations-idf/_doc/1017_Funiculaire%20Montmartre%20Station%20Basse [status:200 duration:0.245s]
[2024-06-06T14:03:29.867+0000] {_transport.py:336} INFO - PUT https://7f0ef8badf50482b9b0d93ef141e14ec.us-central1.gcp.cloud.es.io:443/emplacement-stations-idf/_doc/389_Kl%C3%A9ber [status:200 duration:0.245s]
[2024-06-06T14:03:30.066+0000] {_transport.py:336} INFO - PUT https://7f0ef8badf50482b9b0d93ef141e14ec.us-central1.gcp.cloud.es.io:443/emplacement-stations-idf/_doc/533_M%C3%A9nilmontant [status:200 duration:0.197s]
[2024-06-06T14:03:30.322+0000] {_transport.py:336} INFO - PUT https://7f0ef8badf50482b9b0d93ef141e14ec.us-central1.gcp.cloud.es.io:443/emplacement-stations-idf/_doc/555_Montgallet [status:200 duration:0.247s]
[2024-06-06T14:03:30.496+0000] {_transport.py:336} INFO - PUT https://7f0ef8badf50482b9b0d93ef141e14ec.us-central1.gcp.cloud.es.io:443/emplacement-stations-idf/_doc/492_Mairie%20de%20Montreuil [status:200 duration:0.167s]
[2024-06-06T14:03:30.661+0000] {_transport.py:336} INFO - PUT https://7f0ef8badf50482b9b0d93ef141e14ec.us-central1.gcp.cloud.es.io:443/emplacement-stations-idf/_doc/646_Pigalle [status:200 duration:0.157s]
[2024-06-06T14:03:30.887+0000] {_transport.py:336} INFO - PUT https://7f0ef8badf50482b9b0d93ef141e14ec.us-central1.gcp.cloud.es.io:443/emplacement-stations-idf/_doc/684_Porte%20de%20Bagnolet [status:200 duration:0.223s]
[2024-06-06T14:03:31.135+0000] {_transport.py:336} INFO - PUT https://7f0ef8badf50482b9b0d93ef141e14ec.us-central1.gcp.cloud.es.io:443/emplacement-stations-idf/_doc/850_Ternes [status:200 duration:0.241s]
[2024-06-06T14:03:31.375+0000] {_transport.py:336} INFO - PUT https://7f0ef8badf50482b9b0d93ef141e14ec.us-central1.gcp.cloud.es.io:443/emplacement-stations-idf/_doc/709_Pr%C3%A9%20Saint-Gervais [status:200 duration:0.234s]
[2024-06-06T14:03:31.636+0000] {_transport.py:336} INFO - PUT https://7f0ef8badf50482b9b0d93ef141e14ec.us-central1.gcp.cloud.es.io:443/emplacement-stations-idf/_doc/752_Rue%20du%20Bac [status:200 duration:0.254s]
[2024-06-06T14:03:31.870+0000] {_transport.py:336} INFO - PUT https://7f0ef8badf50482b9b0d93ef141e14ec.us-central1.gcp.cloud.es.io:443/emplacement-stations-idf/_doc/896_Villejuif%20-%20L%C3%A9o%20Lagrange [status:200 duration:0.228s]
[2024-06-06T14:03:32.118+0000] {_transport.py:336} INFO - PUT https://7f0ef8badf50482b9b0d93ef141e14ec.us-central1.gcp.cloud.es.io:443/emplacement-stations-idf/_doc/210_Corentin%20Celton [status:200 duration:0.238s]
[2024-06-06T14:03:32.357+0000] {_transport.py:336} INFO - PUT https://7f0ef8badf50482b9b0d93ef141e14ec.us-central1.gcp.cloud.es.io:443/emplacement-stations-idf/_doc/479_Lourmel [status:200 duration:0.233s]
[2024-06-06T14:03:32.591+0000] {_transport.py:336} INFO - PUT https://7f0ef8badf50482b9b0d93ef141e14ec.us-central1.gcp.cloud.es.io:443/emplacement-stations-idf/_doc/495_Mairie%20d%27Issy [status:200 duration:0.225s]
[2024-06-06T14:03:32.834+0000] {_transport.py:336} INFO - PUT https://7f0ef8badf50482b9b0d93ef141e14ec.us-central1.gcp.cloud.es.io:443/emplacement-stations-idf/_doc/683_Porte%20d%27Auteuil [status:200 duration:0.232s]
[2024-06-06T14:03:33.061+0000] {_transport.py:336} INFO - PUT https://7f0ef8badf50482b9b0d93ef141e14ec.us-central1.gcp.cloud.es.io:443/emplacement-stations-idf/_doc/705_Porte%20Dor%C3%A9e [status:200 duration:0.223s]
[2024-06-06T14:03:33.296+0000] {_transport.py:336} INFO - PUT https://7f0ef8badf50482b9b0d93ef141e14ec.us-central1.gcp.cloud.es.io:443/emplacement-stations-idf/_doc/718_Quai%20de%20la%20Rap%C3%A9e [status:200 duration:0.224s]
[2024-06-06T14:03:33.517+0000] {_transport.py:336} INFO - PUT https://7f0ef8badf50482b9b0d93ef141e14ec.us-central1.gcp.cloud.es.io:443/emplacement-stations-idf/_doc/1083_Les%20Courtilles [status:200 duration:0.218s]
[2024-06-06T14:03:33.770+0000] {_transport.py:336} INFO - PUT https://7f0ef8badf50482b9b0d93ef141e14ec.us-central1.gcp.cloud.es.io:443/emplacement-stations-idf/_doc/561_Montparnasse [status:200 duration:0.246s]
[2024-06-06T14:03:33.993+0000] {_transport.py:336} INFO - PUT https://7f0ef8badf50482b9b0d93ef141e14ec.us-central1.gcp.cloud.es.io:443/emplacement-stations-idf/_doc/312_Gare%20d%27Austerlitz [status:200 duration:0.222s]
[2024-06-06T14:03:34.239+0000] {_transport.py:336} INFO - PUT https://7f0ef8badf50482b9b0d93ef141e14ec.us-central1.gcp.cloud.es.io:443/emplacement-stations-idf/_doc/962_Gare%20de%20Lyon [status:200 duration:0.240s]
[2024-06-06T14:03:34.491+0000] {_transport.py:336} INFO - PUT https://7f0ef8badf50482b9b0d93ef141e14ec.us-central1.gcp.cloud.es.io:443/emplacement-stations-idf/_doc/1227_Porte%20de%20Clichy [status:200 duration:0.244s]
[2024-06-06T14:03:34.728+0000] {_transport.py:336} INFO - PUT https://7f0ef8badf50482b9b0d93ef141e14ec.us-central1.gcp.cloud.es.io:443/emplacement-stations-idf/_doc/1225_H%C3%B4pital%20de%20Montfermeil [status:200 duration:0.230s]
[2024-06-06T14:03:34.963+0000] {_transport.py:336} INFO - PUT https://7f0ef8badf50482b9b0d93ef141e14ec.us-central1.gcp.cloud.es.io:443/emplacement-stations-idf/_doc/213_Cosmonautes [status:200 duration:0.231s]
[2024-06-06T14:03:35.186+0000] {_transport.py:336} INFO - PUT https://7f0ef8badf50482b9b0d93ef141e14ec.us-central1.gcp.cloud.es.io:443/emplacement-stations-idf/_doc/231_Danton [status:200 duration:0.218s]
[2024-06-06T14:03:35.411+0000] {_transport.py:336} INFO - PUT https://7f0ef8badf50482b9b0d93ef141e14ec.us-central1.gcp.cloud.es.io:443/emplacement-stations-idf/_doc/539_Meudon-sur-Seine [status:200 duration:0.220s]
[2024-06-06T14:03:35.677+0000] {_transport.py:336} INFO - PUT https://7f0ef8badf50482b9b0d93ef141e14ec.us-central1.gcp.cloud.es.io:443/emplacement-stations-idf/_doc/461_Les%20Milons [status:200 duration:0.260s]
[2024-06-06T14:03:35.902+0000] {_transport.py:336} INFO - PUT https://7f0ef8badf50482b9b0d93ef141e14ec.us-central1.gcp.cloud.es.io:443/emplacement-stations-idf/_doc/982_Brancion [status:200 duration:0.221s]
[2024-06-06T14:03:36.067+0000] {_transport.py:336} INFO - PUT https://7f0ef8badf50482b9b0d93ef141e14ec.us-central1.gcp.cloud.es.io:443/emplacement-stations-idf/_doc/990_Poterne%20des%20Peupliers [status:200 duration:0.160s]
[2024-06-06T14:03:36.246+0000] {_transport.py:336} INFO - PUT https://7f0ef8badf50482b9b0d93ef141e14ec.us-central1.gcp.cloud.es.io:443/emplacement-stations-idf/_doc/994_Rougemont-Chanteloup [status:200 duration:0.171s]
[2024-06-06T14:03:36.448+0000] {_transport.py:336} INFO - PUT https://7f0ef8badf50482b9b0d93ef141e14ec.us-central1.gcp.cloud.es.io:443/emplacement-stations-idf/_doc/1189_Les%20Mobiles [status:200 duration:0.185s]
[2024-06-06T14:03:36.606+0000] {_transport.py:336} INFO - PUT https://7f0ef8badf50482b9b0d93ef141e14ec.us-central1.gcp.cloud.es.io:443/emplacement-stations-idf/_doc/1075_Mairie%20de%20Villeneuve-la-Garenne [status:200 duration:0.148s]
[2024-06-06T14:03:36.920+0000] {_transport.py:336} INFO - PUT https://7f0ef8badf50482b9b0d93ef141e14ec.us-central1.gcp.cloud.es.io:443/emplacement-stations-idf/_doc/1082_Le%20Luth [status:200 duration:0.311s]
[2024-06-06T14:03:37.086+0000] {_transport.py:336} INFO - PUT https://7f0ef8badf50482b9b0d93ef141e14ec.us-central1.gcp.cloud.es.io:443/emplacement-stations-idf/_doc/1085_Pont%20de%20Bezons [status:200 duration:0.164s]
[2024-06-06T14:03:37.251+0000] {_transport.py:336} INFO - PUT https://7f0ef8badf50482b9b0d93ef141e14ec.us-central1.gcp.cloud.es.io:443/emplacement-stations-idf/_doc/1094_S%C3%A9verine [status:200 duration:0.162s]
[2024-06-06T14:03:37.422+0000] {_transport.py:336} INFO - PUT https://7f0ef8badf50482b9b0d93ef141e14ec.us-central1.gcp.cloud.es.io:443/emplacement-stations-idf/_doc/1111_Canal%20Saint-Denis [status:200 duration:0.166s]
[2024-06-06T14:03:37.593+0000] {_transport.py:336} INFO - PUT https://7f0ef8badf50482b9b0d93ef141e14ec.us-central1.gcp.cloud.es.io:443/emplacement-stations-idf/_doc/1121_Les%20Flanades [status:200 duration:0.165s]
[2024-06-06T14:03:37.769+0000] {_transport.py:336} INFO - PUT https://7f0ef8badf50482b9b0d93ef141e14ec.us-central1.gcp.cloud.es.io:443/emplacement-stations-idf/_doc/1124_Jacques%20Pr%C3%A9vert [status:200 duration:0.173s]
[2024-06-06T14:03:37.955+0000] {_transport.py:336} INFO - PUT https://7f0ef8badf50482b9b0d93ef141e14ec.us-central1.gcp.cloud.es.io:443/emplacement-stations-idf/_doc/1146_Bretagne [status:200 duration:0.178s]
[2024-06-06T14:03:38.124+0000] {_transport.py:336} INFO - PUT https://7f0ef8badf50482b9b0d93ef141e14ec.us-central1.gcp.cloud.es.io:443/emplacement-stations-idf/_doc/1148_Porte%20de%20Thiais [status:200 duration:0.160s]
[2024-06-06T14:03:38.290+0000] {_transport.py:336} INFO - PUT https://7f0ef8badf50482b9b0d93ef141e14ec.us-central1.gcp.cloud.es.io:443/emplacement-stations-idf/_doc/1151_Porte%20de%20Rungis [status:200 duration:0.164s]
[2024-06-06T14:03:38.450+0000] {_transport.py:336} INFO - PUT https://7f0ef8badf50482b9b0d93ef141e14ec.us-central1.gcp.cloud.es.io:443/emplacement-stations-idf/_doc/1152_Saarinen [status:200 duration:0.157s]
[2024-06-06T14:03:38.627+0000] {_transport.py:336} INFO - PUT https://7f0ef8badf50482b9b0d93ef141e14ec.us-central1.gcp.cloud.es.io:443/emplacement-stations-idf/_doc/1153_Robert%20Schuman [status:200 duration:0.170s]
[2024-06-06T14:03:38.788+0000] {_transport.py:336} INFO - PUT https://7f0ef8badf50482b9b0d93ef141e14ec.us-central1.gcp.cloud.es.io:443/emplacement-stations-idf/_doc/1175_Louvois [status:200 duration:0.159s]
[2024-06-06T14:03:38.952+0000] {_transport.py:336} INFO - PUT https://7f0ef8badf50482b9b0d93ef141e14ec.us-central1.gcp.cloud.es.io:443/emplacement-stations-idf/_doc/1218_L%C3%A9on%20Blum [status:200 duration:0.161s]
[2024-06-06T14:03:39.188+0000] {_transport.py:336} INFO - PUT https://7f0ef8badf50482b9b0d93ef141e14ec.us-central1.gcp.cloud.es.io:443/emplacement-stations-idf/_doc/1224_Arboretum [status:200 duration:0.227s]
[2024-06-06T14:03:39.435+0000] {_transport.py:336} INFO - PUT https://7f0ef8badf50482b9b0d93ef141e14ec.us-central1.gcp.cloud.es.io:443/emplacement-stations-idf/_doc/1102_Porte%20de%20Charenton [status:200 duration:0.240s]
[2024-06-06T14:03:39.665+0000] {_transport.py:336} INFO - PUT https://7f0ef8badf50482b9b0d93ef141e14ec.us-central1.gcp.cloud.es.io:443/emplacement-stations-idf/_doc/1240_Watteau%20-%20Rondenay [status:200 duration:0.223s]
[2024-06-06T14:03:39.891+0000] {_transport.py:336} INFO - PUT https://7f0ef8badf50482b9b0d93ef141e14ec.us-central1.gcp.cloud.es.io:443/emplacement-stations-idf/_doc/1242_Verdun%20Hoche [status:200 duration:0.222s]
[2024-06-06T14:03:40.123+0000] {_transport.py:336} INFO - PUT https://7f0ef8badf50482b9b0d93ef141e14ec.us-central1.gcp.cloud.es.io:443/emplacement-stations-idf/_doc/1244_Carle-Darthe [status:200 duration:0.230s]
[2024-06-06T14:03:40.354+0000] {_transport.py:336} INFO - PUT https://7f0ef8badf50482b9b0d93ef141e14ec.us-central1.gcp.cloud.es.io:443/emplacement-stations-idf/_doc/1168_Pav%C3%A9%20Blanc [status:200 duration:0.227s]
[2024-06-06T14:03:40.520+0000] {_transport.py:336} INFO - PUT https://7f0ef8badf50482b9b0d93ef141e14ec.us-central1.gcp.cloud.es.io:443/emplacement-stations-idf/_doc/243_Drancy-Avenir [status:200 duration:0.159s]
[2024-06-06T14:03:40.766+0000] {_transport.py:336} INFO - PUT https://7f0ef8badf50482b9b0d93ef141e14ec.us-central1.gcp.cloud.es.io:443/emplacement-stations-idf/_doc/1119_Loch%C3%A8res [status:200 duration:0.240s]
[2024-06-06T14:03:41.015+0000] {_transport.py:336} INFO - PUT https://7f0ef8badf50482b9b0d93ef141e14ec.us-central1.gcp.cloud.es.io:443/emplacement-stations-idf/_doc/1163_Parc%20Andr%C3%A9%20Malraux [status:200 duration:0.247s]
[2024-06-06T14:03:41.244+0000] {_transport.py:336} INFO - PUT https://7f0ef8badf50482b9b0d93ef141e14ec.us-central1.gcp.cloud.es.io:443/emplacement-stations-idf/_doc/1183_Delaunay-Belleville [status:200 duration:0.221s]
[2024-06-06T14:03:41.518+0000] {_transport.py:336} INFO - PUT https://7f0ef8badf50482b9b0d93ef141e14ec.us-central1.gcp.cloud.es.io:443/emplacement-stations-idf/_doc/1149_La%20Belle%20%C3%89pine [status:200 duration:0.267s]
[2024-06-06T14:03:41.744+0000] {_transport.py:336} INFO - PUT https://7f0ef8badf50482b9b0d93ef141e14ec.us-central1.gcp.cloud.es.io:443/emplacement-stations-idf/_doc/1232_Cimeti%C3%A8re%20Parisien%20d%27Ivry [status:200 duration:0.216s]
[2024-06-06T14:03:41.978+0000] {_transport.py:336} INFO - PUT https://7f0ef8badf50482b9b0d93ef141e14ec.us-central1.gcp.cloud.es.io:443/emplacement-stations-idf/_doc/363_Invalides [status:200 duration:0.223s]
[2024-06-06T14:03:42.217+0000] {_transport.py:336} INFO - PUT https://7f0ef8badf50482b9b0d93ef141e14ec.us-central1.gcp.cloud.es.io:443/emplacement-stations-idf/_doc/1004_Parc%20PX [status:200 duration:0.232s]
[2024-06-06T14:03:42.448+0000] {_transport.py:336} INFO - PUT https://7f0ef8badf50482b9b0d93ef141e14ec.us-central1.gcp.cloud.es.io:443/emplacement-stations-idf/_doc/287_Fontenay-aux-Roses [status:200 duration:0.224s]
[2024-06-06T14:03:42.718+0000] {_transport.py:336} INFO - PUT https://7f0ef8badf50482b9b0d93ef141e14ec.us-central1.gcp.cloud.es.io:443/emplacement-stations-idf/_doc/404_La%20Plaine-Stade%20de%20France [status:200 duration:0.259s]
[2024-06-06T14:03:42.974+0000] {_transport.py:336} INFO - PUT https://7f0ef8badf50482b9b0d93ef141e14ec.us-central1.gcp.cloud.es.io:443/emplacement-stations-idf/_doc/1014_Asni%C3%A8res-sur-Seine [status:200 duration:0.246s]
[2024-06-06T14:03:43.202+0000] {_transport.py:336} INFO - PUT https://7f0ef8badf50482b9b0d93ef141e14ec.us-central1.gcp.cloud.es.io:443/emplacement-stations-idf/_doc/1025_Chartres [status:200 duration:0.226s]
[2024-06-06T14:03:43.448+0000] {_transport.py:336} INFO - PUT https://7f0ef8badf50482b9b0d93ef141e14ec.us-central1.gcp.cloud.es.io:443/emplacement-stations-idf/_doc/1027_Maintenon [status:200 duration:0.242s]
[2024-06-06T14:03:43.693+0000] {_transport.py:336} INFO - PUT https://7f0ef8badf50482b9b0d93ef141e14ec.us-central1.gcp.cloud.es.io:443/emplacement-stations-idf/_doc/1036_Ch%C3%A2teaudun [status:200 duration:0.234s]
[2024-06-06T14:03:43.938+0000] {_transport.py:336} INFO - PUT https://7f0ef8badf50482b9b0d93ef141e14ec.us-central1.gcp.cloud.es.io:443/emplacement-stations-idf/_doc/1041_%C3%89tigny-Veron [status:200 duration:0.242s]
[2024-06-06T14:03:44.187+0000] {_transport.py:336} INFO - PUT https://7f0ef8badf50482b9b0d93ef141e14ec.us-central1.gcp.cloud.es.io:443/emplacement-stations-idf/_doc/1042_Villeneuve-sur-Yonne [status:200 duration:0.240s]
[2024-06-06T14:03:44.501+0000] {_transport.py:336} INFO - PUT https://7f0ef8badf50482b9b0d93ef141e14ec.us-central1.gcp.cloud.es.io:443/emplacement-stations-idf/_doc/1069_Ch%C3%A2teau-Thierry [status:200 duration:0.308s]
[2024-06-06T14:03:44.753+0000] {_transport.py:336} INFO - PUT https://7f0ef8badf50482b9b0d93ef141e14ec.us-central1.gcp.cloud.es.io:443/emplacement-stations-idf/_doc/161_Ch%C3%A2teau-Landon [status:200 duration:0.241s]
[2024-06-06T14:03:44.989+0000] {_transport.py:336} INFO - PUT https://7f0ef8badf50482b9b0d93ef141e14ec.us-central1.gcp.cloud.es.io:443/emplacement-stations-idf/_doc/114_Brunoy [status:200 duration:0.233s]
[2024-06-06T14:03:45.234+0000] {_transport.py:336} INFO - PUT https://7f0ef8badf50482b9b0d93ef141e14ec.us-central1.gcp.cloud.es.io:443/emplacement-stations-idf/_doc/1045_Joigny [status:200 duration:0.235s]
[2024-06-06T14:03:45.486+0000] {_transport.py:336} INFO - PUT https://7f0ef8badf50482b9b0d93ef141e14ec.us-central1.gcp.cloud.es.io:443/emplacement-stations-idf/_doc/998_Bondy [status:200 duration:0.245s]
[2024-06-06T14:03:45.776+0000] {_transport.py:336} INFO - PUT https://7f0ef8badf50482b9b0d93ef141e14ec.us-central1.gcp.cloud.es.io:443/emplacement-stations-idf/_doc/227_Crim%C3%A9e [status:200 duration:0.280s]
[2024-06-06T14:03:45.975+0000] {_transport.py:336} INFO - PUT https://7f0ef8badf50482b9b0d93ef141e14ec.us-central1.gcp.cloud.es.io:443/emplacement-stations-idf/_doc/150_Charenton-%C3%89coles [status:200 duration:0.193s]
[2024-06-06T14:03:46.253+0000] {_transport.py:336} INFO - PUT https://7f0ef8badf50482b9b0d93ef141e14ec.us-central1.gcp.cloud.es.io:443/emplacement-stations-idf/_doc/166_Ch%C3%A2telet [status:200 duration:0.277s]
[2024-06-06T14:03:46.442+0000] {_transport.py:336} INFO - PUT https://7f0ef8badf50482b9b0d93ef141e14ec.us-central1.gcp.cloud.es.io:443/emplacement-stations-idf/_doc/373_Jaur%C3%A8s [status:200 duration:0.185s]
[2024-06-06T14:03:46.631+0000] {_transport.py:336} INFO - PUT https://7f0ef8badf50482b9b0d93ef141e14ec.us-central1.gcp.cloud.es.io:443/emplacement-stations-idf/_doc/1072_Cr%C3%A9teil%20-%20Pointe%20du%20Lac [status:200 duration:0.188s]
[2024-06-06T14:03:46.876+0000] {_transport.py:336} INFO - PUT https://7f0ef8badf50482b9b0d93ef141e14ec.us-central1.gcp.cloud.es.io:443/emplacement-stations-idf/_doc/837_Strasbourg-Saint-Denis [status:200 duration:0.242s]
[2024-06-06T14:03:47.103+0000] {_transport.py:336} INFO - PUT https://7f0ef8badf50482b9b0d93ef141e14ec.us-central1.gcp.cloud.es.io:443/emplacement-stations-idf/_doc/907_Villiers [status:200 duration:0.225s]
[2024-06-06T14:03:47.301+0000] {_transport.py:336} INFO - PUT https://7f0ef8badf50482b9b0d93ef141e14ec.us-central1.gcp.cloud.es.io:443/emplacement-stations-idf/_doc/90_Bonne%20Nouvelle [status:200 duration:0.195s]
[2024-06-06T14:03:47.554+0000] {_transport.py:336} INFO - PUT https://7f0ef8badf50482b9b0d93ef141e14ec.us-central1.gcp.cloud.es.io:443/emplacement-stations-idf/_doc/1251_Aim%C3%A9%20C%C3%A9saire [status:200 duration:0.248s]
[2024-06-06T14:03:47.795+0000] {_transport.py:336} INFO - PUT https://7f0ef8badf50482b9b0d93ef141e14ec.us-central1.gcp.cloud.es.io:443/emplacement-stations-idf/_doc/1256_Noisy-le-Roi [status:200 duration:0.235s]
[2024-06-06T14:03:48.039+0000] {_transport.py:336} INFO - PUT https://7f0ef8badf50482b9b0d93ef141e14ec.us-central1.gcp.cloud.es.io:443/emplacement-stations-idf/_doc/1263_Saint-Germain-en-Laye [status:200 duration:0.234s]
[2024-06-06T14:03:48.267+0000] {_transport.py:336} INFO - PUT https://7f0ef8badf50482b9b0d93ef141e14ec.us-central1.gcp.cloud.es.io:443/emplacement-stations-idf/_doc/1274_Noveos [status:200 duration:0.221s]
[2024-06-06T14:03:48.503+0000] {_transport.py:336} INFO - PUT https://7f0ef8badf50482b9b0d93ef141e14ec.us-central1.gcp.cloud.es.io:443/emplacement-stations-idf/_doc/1268_Petit-Ch%C3%A2tenay [status:200 duration:0.234s]
[2024-06-06T14:03:48.753+0000] {_transport.py:336} INFO - PUT https://7f0ef8badf50482b9b0d93ef141e14ec.us-central1.gcp.cloud.es.io:443/emplacement-stations-idf/_doc/1269_Th%C3%A9%C3%A2tre%20La%20Piscine [status:200 duration:0.240s]
[2024-06-06T14:03:48.988+0000] {_transport.py:336} INFO - PUT https://7f0ef8badf50482b9b0d93ef141e14ec.us-central1.gcp.cloud.es.io:443/emplacement-stations-idf/_doc/1836_Coteaux%20de%20l%27Orge [status:200 duration:0.232s]
[2024-06-06T14:03:49.233+0000] {_transport.py:336} INFO - PUT https://7f0ef8badf50482b9b0d93ef141e14ec.us-central1.gcp.cloud.es.io:443/emplacement-stations-idf/_doc/1848_Porte%20Dauphine [status:200 duration:0.236s]
[2024-06-06T14:03:49.407+0000] {_transport.py:336} INFO - PUT https://7f0ef8badf50482b9b0d93ef141e14ec.us-central1.gcp.cloud.es.io:443/emplacement-stations-idf/_doc/1846_Anny%20Flore [status:200 duration:0.165s]
[2024-06-06T14:03:49.556+0000] {_transport.py:336} INFO - PUT https://7f0ef8badf50482b9b0d93ef141e14ec.us-central1.gcp.cloud.es.io:443/emplacement-stations-idf/_doc/1851_La%20D%C3%A9fense [status:200 duration:0.146s]
[2024-06-06T14:03:49.731+0000] {_transport.py:336} INFO - PUT https://7f0ef8badf50482b9b0d93ef141e14ec.us-central1.gcp.cloud.es.io:443/emplacement-stations-idf/_doc/101_Bouray [status:200 duration:0.170s]
[2024-06-06T14:03:49.965+0000] {_transport.py:336} INFO - PUT https://7f0ef8badf50482b9b0d93ef141e14ec.us-central1.gcp.cloud.es.io:443/emplacement-stations-idf/_doc/102_Bourg-la-Reine [status:200 duration:0.227s]
[2024-06-06T14:03:50.216+0000] {_transport.py:336} INFO - PUT https://7f0ef8badf50482b9b0d93ef141e14ec.us-central1.gcp.cloud.es.io:443/emplacement-stations-idf/_doc/106_Boutigny [status:200 duration:0.243s]
[2024-06-06T14:03:50.458+0000] {_transport.py:336} INFO - PUT https://7f0ef8badf50482b9b0d93ef141e14ec.us-central1.gcp.cloud.es.io:443/emplacement-stations-idf/_doc/18_Angerville [status:200 duration:0.230s]
[2024-06-06T14:03:50.710+0000] {_transport.py:336} INFO - PUT https://7f0ef8badf50482b9b0d93ef141e14ec.us-central1.gcp.cloud.es.io:443/emplacement-stations-idf/_doc/24_Argenteuil [status:200 duration:0.243s]
[2024-06-06T14:03:50.941+0000] {_transport.py:336} INFO - PUT https://7f0ef8badf50482b9b0d93ef141e14ec.us-central1.gcp.cloud.es.io:443/emplacement-stations-idf/_doc/40_Avenue%20du%20Pr%C3%A9sident%20Kennedy [status:200 duration:0.223s]
[2024-06-06T14:03:51.176+0000] {_transport.py:336} INFO - PUT https://7f0ef8badf50482b9b0d93ef141e14ec.us-central1.gcp.cloud.es.io:443/emplacement-stations-idf/_doc/215_Couilly-Saint-Germain-Quincy [status:200 duration:0.233s]
[2024-06-06T14:03:51.386+0000] {_transport.py:336} INFO - PUT https://7f0ef8badf50482b9b0d93ef141e14ec.us-central1.gcp.cloud.es.io:443/emplacement-stations-idf/_doc/222_Cr%C3%A9cy-la-Chapelle [status:200 duration:0.209s]
[2024-06-06T14:03:51.769+0000] {_transport.py:336} INFO - PUT https://7f0ef8badf50482b9b0d93ef141e14ec.us-central1.gcp.cloud.es.io:443/emplacement-stations-idf/_doc/265_Ermont-Eaubonne [status:200 duration:0.375s]
[2024-06-06T14:03:52.046+0000] {_transport.py:336} INFO - PUT https://7f0ef8badf50482b9b0d93ef141e14ec.us-central1.gcp.cloud.es.io:443/emplacement-stations-idf/_doc/109_Breuillet [status:200 duration:0.268s]
[2024-06-06T14:03:52.274+0000] {_transport.py:336} INFO - PUT https://7f0ef8badf50482b9b0d93ef141e14ec.us-central1.gcp.cloud.es.io:443/emplacement-stations-idf/_doc/129_Cergy-Pr%C3%A9fecture [status:200 duration:0.217s]
[2024-06-06T14:03:52.504+0000] {_transport.py:336} INFO - PUT https://7f0ef8badf50482b9b0d93ef141e14ec.us-central1.gcp.cloud.es.io:443/emplacement-stations-idf/_doc/143_Champ%20de%20Courses%20d%27Enghien [status:200 duration:0.225s]
[2024-06-06T14:03:52.724+0000] {_transport.py:336} INFO - PUT https://7f0ef8badf50482b9b0d93ef141e14ec.us-central1.gcp.cloud.es.io:443/emplacement-stations-idf/_doc/158_Chartrettes [status:200 duration:0.216s]
[2024-06-06T14:03:52.969+0000] {_transport.py:336} INFO - PUT https://7f0ef8badf50482b9b0d93ef141e14ec.us-central1.gcp.cloud.es.io:443/emplacement-stations-idf/_doc/178_Chelles-Gournay [status:200 duration:0.242s]
[2024-06-06T14:03:53.211+0000] {_transport.py:336} INFO - PUT https://7f0ef8badf50482b9b0d93ef141e14ec.us-central1.gcp.cloud.es.io:443/emplacement-stations-idf/_doc/181_Le%20Ch%C3%A9nay-Gagny [status:200 duration:0.233s]
[2024-06-06T14:03:53.482+0000] {_transport.py:336} INFO - PUT https://7f0ef8badf50482b9b0d93ef141e14ec.us-central1.gcp.cloud.es.io:443/emplacement-stations-idf/_doc/322_Garges-Sarcelles [status:200 duration:0.258s]
[2024-06-06T14:03:53.746+0000] {_transport.py:336} INFO - PUT https://7f0ef8badf50482b9b0d93ef141e14ec.us-central1.gcp.cloud.es.io:443/emplacement-stations-idf/_doc/330_Gif-sur-Yvette [status:200 duration:0.255s]
[2024-06-06T14:03:53.976+0000] {_transport.py:336} INFO - PUT https://7f0ef8badf50482b9b0d93ef141e14ec.us-central1.gcp.cloud.es.io:443/emplacement-stations-idf/_doc/270_Essonnes-Robinson [status:200 duration:0.227s]
[2024-06-06T14:03:54.204+0000] {_transport.py:336} INFO - PUT https://7f0ef8badf50482b9b0d93ef141e14ec.us-central1.gcp.cloud.es.io:443/emplacement-stations-idf/_doc/358_Houilles-Carri%C3%A8res-sur-Seine [status:200 duration:0.218s]
[2024-06-06T14:03:54.533+0000] {_transport.py:336} INFO - PUT https://7f0ef8badf50482b9b0d93ef141e14ec.us-central1.gcp.cloud.es.io:443/emplacement-stations-idf/_doc/390_La%20Barre-Ormesson [status:200 duration:0.318s]
[2024-06-06T14:03:54.736+0000] {_transport.py:336} INFO - PUT https://7f0ef8badf50482b9b0d93ef141e14ec.us-central1.gcp.cloud.es.io:443/emplacement-stations-idf/_doc/501_Maisons-Laffitte [status:200 duration:0.194s]
[2024-06-06T14:03:54.904+0000] {_transport.py:336} INFO - PUT https://7f0ef8badf50482b9b0d93ef141e14ec.us-central1.gcp.cloud.es.io:443/emplacement-stations-idf/_doc/955_Malesherbes [status:200 duration:0.158s]
[2024-06-06T14:03:55.145+0000] {_transport.py:336} INFO - PUT https://7f0ef8badf50482b9b0d93ef141e14ec.us-central1.gcp.cloud.es.io:443/emplacement-stations-idf/_doc/518_Marolles-en-Hurepoix [status:200 duration:0.237s]
[2024-06-06T14:03:55.376+0000] {_transport.py:336} INFO - PUT https://7f0ef8badf50482b9b0d93ef141e14ec.us-central1.gcp.cloud.es.io:443/emplacement-stations-idf/_doc/527_Maurecourt [status:200 duration:0.224s]
[2024-06-06T14:03:55.612+0000] {_transport.py:336} INFO - PUT https://7f0ef8badf50482b9b0d93ef141e14ec.us-central1.gcp.cloud.es.io:443/emplacement-stations-idf/_doc/534_Mennecy [status:200 duration:0.226s]
[2024-06-06T14:03:55.835+0000] {_transport.py:336} INFO - PUT https://7f0ef8badf50482b9b0d93ef141e14ec.us-central1.gcp.cloud.es.io:443/emplacement-stations-idf/_doc/541_Meulan-Hardricourt [status:200 duration:0.222s]
[2024-06-06T14:03:56.070+0000] {_transport.py:336} INFO - PUT https://7f0ef8badf50482b9b0d93ef141e14ec.us-central1.gcp.cloud.es.io:443/emplacement-stations-idf/_doc/535_Monnerville [status:200 duration:0.227s]
[2024-06-06T14:03:56.233+0000] {_transport.py:336} INFO - PUT https://7f0ef8badf50482b9b0d93ef141e14ec.us-central1.gcp.cloud.es.io:443/emplacement-stations-idf/_doc/397_La%20Fert%C3%A9-sous-Jouarre [status:200 duration:0.153s]
[2024-06-06T14:03:56.423+0000] {_transport.py:336} INFO - PUT https://7f0ef8badf50482b9b0d93ef141e14ec.us-central1.gcp.cloud.es.io:443/emplacement-stations-idf/_doc/405_La%20Varenne-Chennevi%C3%A8res [status:200 duration:0.180s]
[2024-06-06T14:03:56.590+0000] {_transport.py:336} INFO - PUT https://7f0ef8badf50482b9b0d93ef141e14ec.us-central1.gcp.cloud.es.io:443/emplacement-stations-idf/_doc/417_Lagny-Thorigny [status:200 duration:0.160s]
[2024-06-06T14:03:56.770+0000] {_transport.py:336} INFO - PUT https://7f0ef8badf50482b9b0d93ef141e14ec.us-central1.gcp.cloud.es.io:443/emplacement-stations-idf/_doc/429_Le%20Guichet [status:200 duration:0.170s]
[2024-06-06T14:03:56.950+0000] {_transport.py:336} INFO - PUT https://7f0ef8badf50482b9b0d93ef141e14ec.us-central1.gcp.cloud.es.io:443/emplacement-stations-idf/_doc/431_Le%20Parc%20de%20Saint-Maur [status:200 duration:0.169s]
[2024-06-06T14:03:57.115+0000] {_transport.py:336} INFO - PUT https://7f0ef8badf50482b9b0d93ef141e14ec.us-central1.gcp.cloud.es.io:443/emplacement-stations-idf/_doc/433_Le%20Plessis-Chenet [status:200 duration:0.162s]
[2024-06-06T14:03:57.285+0000] {_transport.py:336} INFO - PUT https://7f0ef8badf50482b9b0d93ef141e14ec.us-central1.gcp.cloud.es.io:443/emplacement-stations-idf/_doc/439_Le%20V%C3%A9sinet-Le%20Pecq [status:200 duration:0.160s]
[2024-06-06T14:03:57.441+0000] {_transport.py:336} INFO - PUT https://7f0ef8badf50482b9b0d93ef141e14ec.us-central1.gcp.cloud.es.io:443/emplacement-stations-idf/_doc/455_Les%20Vall%C3%A9es [status:200 duration:0.151s]
[2024-06-06T14:03:57.612+0000] {_transport.py:336} INFO - PUT https://7f0ef8badf50482b9b0d93ef141e14ec.us-central1.gcp.cloud.es.io:443/emplacement-stations-idf/_doc/464_L%27%C3%89tang-la-Ville [status:200 duration:0.165s]
[2024-06-06T14:03:57.853+0000] {_transport.py:336} INFO - PUT https://7f0ef8badf50482b9b0d93ef141e14ec.us-central1.gcp.cloud.es.io:443/emplacement-stations-idf/_doc/469_Limay [status:200 duration:0.229s]
[2024-06-06T14:03:58.031+0000] {_transport.py:336} INFO - PUT https://7f0ef8badf50482b9b0d93ef141e14ec.us-central1.gcp.cloud.es.io:443/emplacement-stations-idf/_doc/470_L%27Isle-Adam-Parmain [status:200 duration:0.168s]
[2024-06-06T14:03:58.192+0000] {_transport.py:336} INFO - PUT https://7f0ef8badf50482b9b0d93ef141e14ec.us-central1.gcp.cloud.es.io:443/emplacement-stations-idf/_doc/482_Louvres [status:200 duration:0.158s]
[2024-06-06T14:03:58.357+0000] {_transport.py:336} INFO - PUT https://7f0ef8badf50482b9b0d93ef141e14ec.us-central1.gcp.cloud.es.io:443/emplacement-stations-idf/_doc/498_Maisons-Alfort-Alfortville [status:200 duration:0.164s]
[2024-06-06T14:03:58.616+0000] {_transport.py:336} INFO - PUT https://7f0ef8badf50482b9b0d93ef141e14ec.us-central1.gcp.cloud.es.io:443/emplacement-stations-idf/_doc/617_Palaiseau-Villebon [status:200 duration:0.255s]
[2024-06-06T14:03:58.797+0000] {_transport.py:336} INFO - PUT https://7f0ef8badf50482b9b0d93ef141e14ec.us-central1.gcp.cloud.es.io:443/emplacement-stations-idf/_doc/592_N%C3%A9zel-Aulnay [status:200 duration:0.179s]
[2024-06-06T14:03:58.959+0000] {_transport.py:336} INFO - PUT https://7f0ef8badf50482b9b0d93ef141e14ec.us-central1.gcp.cloud.es.io:443/emplacement-stations-idf/_doc/593_Nogent-le-Perreux [status:200 duration:0.159s]
[2024-06-06T14:03:59.123+0000] {_transport.py:336} INFO - PUT https://7f0ef8badf50482b9b0d93ef141e14ec.us-central1.gcp.cloud.es.io:443/emplacement-stations-idf/_doc/597_Noisy-Champs [status:200 duration:0.157s]
[2024-06-06T14:03:59.381+0000] {_transport.py:336} INFO - PUT https://7f0ef8badf50482b9b0d93ef141e14ec.us-central1.gcp.cloud.es.io:443/emplacement-stations-idf/_doc/783_Santeuil-le-Perchay [status:200 duration:0.249s]
[2024-06-06T14:03:59.626+0000] {_transport.py:336} INFO - PUT https://7f0ef8badf50482b9b0d93ef141e14ec.us-central1.gcp.cloud.es.io:443/emplacement-stations-idf/_doc/644_Pierrelaye [status:200 duration:0.234s]
[2024-06-06T14:03:59.792+0000] {_transport.py:336} INFO - PUT https://7f0ef8badf50482b9b0d93ef141e14ec.us-central1.gcp.cloud.es.io:443/emplacement-stations-idf/_doc/568_Montsoult-Maffliers [status:200 duration:0.156s]
[2024-06-06T14:03:59.967+0000] {_transport.py:336} INFO - PUT https://7f0ef8badf50482b9b0d93ef141e14ec.us-central1.gcp.cloud.es.io:443/emplacement-stations-idf/_doc/599_Noisy-le-Sec [status:200 duration:0.165s]
[2024-06-06T14:04:00.172+0000] {_transport.py:336} INFO - PUT https://7f0ef8badf50482b9b0d93ef141e14ec.us-central1.gcp.cloud.es.io:443/emplacement-stations-idf/_doc/610_Orgerus-B%C3%A9houst [status:200 duration:0.199s]
[2024-06-06T14:04:00.329+0000] {_transport.py:336} INFO - PUT https://7f0ef8badf50482b9b0d93ef141e14ec.us-central1.gcp.cloud.es.io:443/emplacement-stations-idf/_doc/661_Poissy [status:200 duration:0.154s]
[2024-06-06T14:04:00.504+0000] {_transport.py:336} INFO - PUT https://7f0ef8badf50482b9b0d93ef141e14ec.us-central1.gcp.cloud.es.io:443/emplacement-stations-idf/_doc/670_Pont%20de%20Rungis [status:200 duration:0.171s]
[2024-06-06T14:04:00.671+0000] {_transport.py:336} INFO - PUT https://7f0ef8badf50482b9b0d93ef141e14ec.us-central1.gcp.cloud.es.io:443/emplacement-stations-idf/_doc/680_Port%20Royal [status:200 duration:0.160s]
[2024-06-06T14:04:00.832+0000] {_transport.py:336} INFO - PUT https://7f0ef8badf50482b9b0d93ef141e14ec.us-central1.gcp.cloud.es.io:443/emplacement-stations-idf/_doc/613_Osny [status:200 duration:0.151s]
[2024-06-06T14:04:00.988+0000] {_transport.py:336} INFO - PUT https://7f0ef8badf50482b9b0d93ef141e14ec.us-central1.gcp.cloud.es.io:443/emplacement-stations-idf/_doc/805_Saint-Ouen-l%27Aum%C3%B4ne [status:200 duration:0.147s]
[2024-06-06T14:04:01.195+0000] {_transport.py:336} INFO - PUT https://7f0ef8badf50482b9b0d93ef141e14ec.us-central1.gcp.cloud.es.io:443/emplacement-stations-idf/_doc/790_Sceaux [status:200 duration:0.203s]
[2024-06-06T14:04:01.371+0000] {_transport.py:336} INFO - PUT https://7f0ef8badf50482b9b0d93ef141e14ec.us-central1.gcp.cloud.es.io:443/emplacement-stations-idf/_doc/804_Souppes-Ch%C3%A2teau-Landon [status:200 duration:0.168s]
[2024-06-06T14:04:01.569+0000] {_transport.py:336} INFO - PUT https://7f0ef8badf50482b9b0d93ef141e14ec.us-central1.gcp.cloud.es.io:443/emplacement-stations-idf/_doc/806_Stade%20de%20France-Saint-Denis [status:200 duration:0.194s]
[2024-06-06T14:04:01.728+0000] {_transport.py:336} INFO - PUT https://7f0ef8badf50482b9b0d93ef141e14ec.us-central1.gcp.cloud.es.io:443/emplacement-stations-idf/_doc/841_Sucy-Bonneuil [status:200 duration:0.157s]
[2024-06-06T14:04:02.112+0000] {_transport.py:336} INFO - PUT https://7f0ef8badf50482b9b0d93ef141e14ec.us-central1.gcp.cloud.es.io:443/emplacement-stations-idf/_doc/846_Tacoigni%C3%A8res-Richebourg [status:200 duration:0.378s]
[2024-06-06T14:04:02.443+0000] {_transport.py:336} INFO - PUT https://7f0ef8badf50482b9b0d93ef141e14ec.us-central1.gcp.cloud.es.io:443/emplacement-stations-idf/_doc/711_Provins [status:200 duration:0.323s]
[2024-06-06T14:04:02.685+0000] {_transport.py:336} INFO - PUT https://7f0ef8badf50482b9b0d93ef141e14ec.us-central1.gcp.cloud.es.io:443/emplacement-stations-idf/_doc/932_Puteaux [status:200 duration:0.231s]
[2024-06-06T14:04:02.913+0000] {_transport.py:336} INFO - PUT https://7f0ef8badf50482b9b0d93ef141e14ec.us-central1.gcp.cloud.es.io:443/emplacement-stations-idf/_doc/821_Saint-Gratien [status:200 duration:0.218s]
[2024-06-06T14:04:03.192+0000] {_transport.py:336} INFO - PUT https://7f0ef8badf50482b9b0d93ef141e14ec.us-central1.gcp.cloud.es.io:443/emplacement-stations-idf/_doc/924_Yerres [status:200 duration:0.271s]
[2024-06-06T14:04:03.401+0000] {_transport.py:336} INFO - PUT https://7f0ef8badf50482b9b0d93ef141e14ec.us-central1.gcp.cloud.es.io:443/emplacement-stations-idf/_doc/436_Le%20Val%20d%27Or [status:200 duration:0.207s]
[2024-06-06T14:04:03.570+0000] {_transport.py:336} INFO - PUT https://7f0ef8badf50482b9b0d93ef141e14ec.us-central1.gcp.cloud.es.io:443/emplacement-stations-idf/_doc/872_Vanves-Malakoff [status:200 duration:0.165s]
[2024-06-06T14:04:03.850+0000] {_transport.py:336} INFO - PUT https://7f0ef8badf50482b9b0d93ef141e14ec.us-central1.gcp.cloud.es.io:443/emplacement-stations-idf/_doc/852_Thieux-Nantouillet [status:200 duration:0.270s]
[2024-06-06T14:04:04.066+0000] {_transport.py:336} INFO - PUT https://7f0ef8badf50482b9b0d93ef141e14ec.us-central1.gcp.cloud.es.io:443/emplacement-stations-idf/_doc/967_Tournan [status:200 duration:0.212s]
[2024-06-06T14:04:04.308+0000] {_transport.py:336} INFO - PUT https://7f0ef8badf50482b9b0d93ef141e14ec.us-central1.gcp.cloud.es.io:443/emplacement-stations-idf/_doc/925_Trappes [status:200 duration:0.231s]
[2024-06-06T14:04:04.530+0000] {_transport.py:336} INFO - PUT https://7f0ef8badf50482b9b0d93ef141e14ec.us-central1.gcp.cloud.es.io:443/emplacement-stations-idf/_doc/889_Vert-Galant [status:200 duration:0.217s]
[2024-06-06T14:04:04.678+0000] {_transport.py:336} INFO - PUT https://7f0ef8badf50482b9b0d93ef141e14ec.us-central1.gcp.cloud.es.io:443/emplacement-stations-idf/_doc/893_Vigneux-sur-Seine [status:200 duration:0.145s]
[2024-06-06T14:04:04.913+0000] {_transport.py:336} INFO - PUT https://7f0ef8badf50482b9b0d93ef141e14ec.us-central1.gcp.cloud.es.io:443/emplacement-stations-idf/_doc/904_Villeparisis-Mitry-le-Neuf [status:200 duration:0.233s]
[2024-06-06T14:04:05.154+0000] {_transport.py:336} INFO - PUT https://7f0ef8badf50482b9b0d93ef141e14ec.us-central1.gcp.cloud.es.io:443/emplacement-stations-idf/_doc/1057_Boran-sur-Oise [status:200 duration:0.231s]
[2024-06-06T14:04:05.371+0000] {_transport.py:336} INFO - PUT https://7f0ef8badf50482b9b0d93ef141e14ec.us-central1.gcp.cloud.es.io:443/emplacement-stations-idf/_doc/1063_Cr%C3%A9py-en-Valois [status:200 duration:0.210s]
[2024-06-06T14:04:05.602+0000] {_transport.py:336} INFO - PUT https://7f0ef8badf50482b9b0d93ef141e14ec.us-central1.gcp.cloud.es.io:443/emplacement-stations-idf/_doc/1019_Paris-Bercy [status:200 duration:0.221s]
[2024-06-06T14:04:05.764+0000] {_transport.py:336} INFO - PUT https://7f0ef8badf50482b9b0d93ef141e14ec.us-central1.gcp.cloud.es.io:443/emplacement-stations-idf/_doc/713_Puteaux [status:200 duration:0.160s]
[2024-06-06T14:04:05.928+0000] {_transport.py:336} INFO - PUT https://7f0ef8badf50482b9b0d93ef141e14ec.us-central1.gcp.cloud.es.io:443/emplacement-stations-idf/_doc/460_Les%20Halles [status:200 duration:0.162s]
[2024-06-06T14:04:06.161+0000] {_transport.py:336} INFO - PUT https://7f0ef8badf50482b9b0d93ef141e14ec.us-central1.gcp.cloud.es.io:443/emplacement-stations-idf/_doc/19_Antony [status:200 duration:0.226s]
[2024-06-06T14:04:06.391+0000] {_transport.py:336} INFO - PUT https://7f0ef8badf50482b9b0d93ef141e14ec.us-central1.gcp.cloud.es.io:443/emplacement-stations-idf/_doc/9_Orly%204 [status:200 duration:0.220s]
[2024-06-06T14:04:06.621+0000] {_transport.py:336} INFO - PUT https://7f0ef8badf50482b9b0d93ef141e14ec.us-central1.gcp.cloud.es.io:443/emplacement-stations-idf/_doc/133_Cernay [status:200 duration:0.220s]
[2024-06-06T14:04:06.795+0000] {_transport.py:336} INFO - PUT https://7f0ef8badf50482b9b0d93ef141e14ec.us-central1.gcp.cloud.es.io:443/emplacement-stations-idf/_doc/309_Gare%20du%20Nord [status:200 duration:0.171s]
[2024-06-06T14:04:06.996+0000] {_transport.py:336} INFO - PUT https://7f0ef8badf50482b9b0d93ef141e14ec.us-central1.gcp.cloud.es.io:443/emplacement-stations-idf/_doc/310_Gare%20du%20Nord [status:200 duration:0.189s]
[2024-06-06T14:04:07.176+0000] {_transport.py:336} INFO - PUT https://7f0ef8badf50482b9b0d93ef141e14ec.us-central1.gcp.cloud.es.io:443/emplacement-stations-idf/_doc/360_Igny [status:200 duration:0.170s]
[2024-06-06T14:04:07.343+0000] {_transport.py:336} INFO - PUT https://7f0ef8badf50482b9b0d93ef141e14ec.us-central1.gcp.cloud.es.io:443/emplacement-stations-idf/_doc/380_Jouy-en-Josas [status:200 duration:0.160s]
[2024-06-06T14:04:07.629+0000] {_transport.py:336} INFO - PUT https://7f0ef8badf50482b9b0d93ef141e14ec.us-central1.gcp.cloud.es.io:443/emplacement-stations-idf/_doc/622_Parc%20de%20Sceaux [status:200 duration:0.277s]
[2024-06-06T14:04:07.876+0000] {_transport.py:336} INFO - PUT https://7f0ef8badf50482b9b0d93ef141e14ec.us-central1.gcp.cloud.es.io:443/emplacement-stations-idf/_doc/590_Neuilly%20Porte%20Maillot [status:200 duration:0.244s]
[2024-06-06T14:04:08.086+0000] {_transport.py:336} INFO - PUT https://7f0ef8badf50482b9b0d93ef141e14ec.us-central1.gcp.cloud.es.io:443/emplacement-stations-idf/_doc/595_Nointel-Mours [status:200 duration:0.200s]
[2024-06-06T14:04:08.248+0000] {_transport.py:336} INFO - PUT https://7f0ef8badf50482b9b0d93ef141e14ec.us-central1.gcp.cloud.es.io:443/emplacement-stations-idf/_doc/795_Sevran-Beaudottes [status:200 duration:0.159s]
[2024-06-06T14:04:08.397+0000] {_transport.py:336} INFO - PUT https://7f0ef8badf50482b9b0d93ef141e14ec.us-central1.gcp.cloud.es.io:443/emplacement-stations-idf/_doc/1031_Vernon [status:200 duration:0.147s]
[2024-06-06T14:04:08.570+0000] {_transport.py:336} INFO - PUT https://7f0ef8badf50482b9b0d93ef141e14ec.us-central1.gcp.cloud.es.io:443/emplacement-stations-idf/_doc/1056_Pr%C3%A9cy-sur-Oise [status:200 duration:0.167s]
[2024-06-06T14:04:08.741+0000] {_transport.py:336} INFO - PUT https://7f0ef8badf50482b9b0d93ef141e14ec.us-central1.gcp.cloud.es.io:443/emplacement-stations-idf/_doc/8_Orly%201-2-3 [status:200 duration:0.161s]
[2024-06-06T14:04:08.911+0000] {_transport.py:336} INFO - PUT https://7f0ef8badf50482b9b0d93ef141e14ec.us-central1.gcp.cloud.es.io:443/emplacement-stations-idf/_doc/83_Bois-le-Roi [status:200 duration:0.168s]
[2024-06-06T14:04:09.083+0000] {_transport.py:336} INFO - PUT https://7f0ef8badf50482b9b0d93ef141e14ec.us-central1.gcp.cloud.es.io:443/emplacement-stations-idf/_doc/86_Boissy-l%27Aillerie [status:200 duration:0.168s]
[2024-06-06T14:04:09.259+0000] {_transport.py:336} INFO - PUT https://7f0ef8badf50482b9b0d93ef141e14ec.us-central1.gcp.cloud.es.io:443/emplacement-stations-idf/_doc/744_A%C3%A9roport%20Charles%20De%20Gaulle%202-TGV [status:200 duration:0.165s]
[2024-06-06T14:04:09.433+0000] {_transport.py:336} INFO - PUT https://7f0ef8badf50482b9b0d93ef141e14ec.us-central1.gcp.cloud.es.io:443/emplacement-stations-idf/_doc/110_Breuillet-Village [status:200 duration:0.164s]
[2024-06-06T14:04:09.640+0000] {_transport.py:336} INFO - PUT https://7f0ef8badf50482b9b0d93ef141e14ec.us-central1.gcp.cloud.es.io:443/emplacement-stations-idf/_doc/137_Chamarande [status:200 duration:0.196s]
[2024-06-06T14:04:09.805+0000] {_transport.py:336} INFO - PUT https://7f0ef8badf50482b9b0d93ef141e14ec.us-central1.gcp.cloud.es.io:443/emplacement-stations-idf/_doc/334_Grand-Bourg [status:200 duration:0.153s]
[2024-06-06T14:04:09.967+0000] {_transport.py:336} INFO - PUT https://7f0ef8badf50482b9b0d93ef141e14ec.us-central1.gcp.cloud.es.io:443/emplacement-stations-idf/_doc/308_Gare%20du%20Nord [status:200 duration:0.150s]
[2024-06-06T14:04:10.168+0000] {_transport.py:336} INFO - PUT https://7f0ef8badf50482b9b0d93ef141e14ec.us-central1.gcp.cloud.es.io:443/emplacement-stations-idf/_doc/538_Meudon [status:200 duration:0.194s]
[2024-06-06T14:04:10.322+0000] {_transport.py:336} INFO - PUT https://7f0ef8badf50482b9b0d93ef141e14ec.us-central1.gcp.cloud.es.io:443/emplacement-stations-idf/_doc/832_Saint-Ouen [status:200 duration:0.144s]
[2024-06-06T14:04:10.493+0000] {_transport.py:336} INFO - PUT https://7f0ef8badf50482b9b0d93ef141e14ec.us-central1.gcp.cloud.es.io:443/emplacement-stations-idf/_doc/834_Saint-Ouen-l%27Aum%C3%B4ne%20-%20Quartier%20de%20l%27%C3%89glise [status:200 duration:0.159s]
[2024-06-06T14:04:10.719+0000] {_transport.py:336} INFO - PUT https://7f0ef8badf50482b9b0d93ef141e14ec.us-central1.gcp.cloud.es.io:443/emplacement-stations-idf/_doc/1034_Voves [status:200 duration:0.222s]
[2024-06-06T14:04:11.234+0000] {_transport.py:336} INFO - PUT https://7f0ef8badf50482b9b0d93ef141e14ec.us-central1.gcp.cloud.es.io:443/emplacement-stations-idf/_doc/1050_Ferri%C3%A8res%20Fontenay [status:200 duration:0.512s]
[2024-06-06T14:04:11.581+0000] {_transport.py:336} INFO - PUT https://7f0ef8badf50482b9b0d93ef141e14ec.us-central1.gcp.cloud.es.io:443/emplacement-stations-idf/_doc/237_Denfert-Rochereau [status:200 duration:0.340s]
[2024-06-06T14:04:12.336+0000] {_transport.py:336} INFO - PUT https://7f0ef8badf50482b9b0d93ef141e14ec.us-central1.gcp.cloud.es.io:443/emplacement-stations-idf/_doc/152_Charles%20De%20Gaulle-%C3%89toile [status:200 duration:0.744s]
[2024-06-06T14:04:13.291+0000] {_transport.py:336} INFO - PUT https://7f0ef8badf50482b9b0d93ef141e14ec.us-central1.gcp.cloud.es.io:443/emplacement-stations-idf/_doc/631_Pereire-Levallois [status:200 duration:0.951s]
[2024-06-06T14:04:14.161+0000] {_transport.py:336} INFO - PUT https://7f0ef8badf50482b9b0d93ef141e14ec.us-central1.gcp.cloud.es.io:443/emplacement-stations-idf/_doc/776_Saint-Michel [status:200 duration:0.865s]
[2024-06-06T14:04:14.880+0000] {_transport.py:336} INFO - PUT https://7f0ef8badf50482b9b0d93ef141e14ec.us-central1.gcp.cloud.es.io:443/emplacement-stations-idf/_doc/585_Nation [status:200 duration:0.711s]
[2024-06-06T14:04:15.551+0000] {_transport.py:336} INFO - PUT https://7f0ef8badf50482b9b0d93ef141e14ec.us-central1.gcp.cloud.es.io:443/emplacement-stations-idf/_doc/689_Porte%20de%20Clichy [status:200 duration:0.660s]
[2024-06-06T14:04:15.988+0000] {_transport.py:336} INFO - PUT https://7f0ef8badf50482b9b0d93ef141e14ec.us-central1.gcp.cloud.es.io:443/emplacement-stations-idf/_doc/1158_A%C3%A9roport%20d%27Orly [status:200 duration:0.434s]
[2024-06-06T14:04:26.000+0000] {_transport.py:359} INFO - PUT https://7f0ef8badf50482b9b0d93ef141e14ec.us-central1.gcp.cloud.es.io:443/emplacement-stations-idf/_doc/413_La%20D%C3%A9fense [status:N/A duration:10.001s]
[2024-06-06T14:04:26.001+0000] {_node_pool.py:246} WARNING - Node <Urllib3HttpNode(https://7f0ef8badf50482b9b0d93ef141e14ec.us-central1.gcp.cloud.es.io:443)> has failed for 1 times in a row, putting on 1 second timeout
[2024-06-06T14:04:26.002+0000] {taskinstance.py:1935} ERROR - Task failed with exception
Traceback (most recent call last):
  File "/home/airflow/.local/lib/python3.8/site-packages/airflow/operators/python.py", line 192, in execute
    return_value = self.execute_callable()
  File "/home/airflow/.local/lib/python3.8/site-packages/airflow/operators/python.py", line 209, in execute_callable
    return self.python_callable(*self.op_args, **self.op_kwargs)
  File "/opt/airflow/dags/stations_functions.py", line 126, in fetch_and_insert_into_elasticsearch_emplacement_stations
    insert_into_elasticsearch_emplacement_stations(content)
  File "/opt/airflow/dags/stations_functions.py", line 120, in insert_into_elasticsearch_emplacement_stations
    client.index(index="emplacement-stations-idf", id=unique_id, body=item)
  File "/home/airflow/.local/lib/python3.8/site-packages/elasticsearch/_sync/client/utils.py", line 414, in wrapped
    return api(*args, **kwargs)
  File "/home/airflow/.local/lib/python3.8/site-packages/elasticsearch/_sync/client/__init__.py", line 2318, in index
    return self.perform_request(  # type: ignore[return-value]
  File "/home/airflow/.local/lib/python3.8/site-packages/elasticsearch/_sync/client/_base.py", line 285, in perform_request
    meta, resp_body = self.transport.perform_request(
  File "/home/airflow/.local/lib/python3.8/site-packages/elastic_transport/_transport.py", line 329, in perform_request
    meta, raw_data = node.perform_request(
  File "/home/airflow/.local/lib/python3.8/site-packages/elastic_transport/_node/_http_urllib3.py", line 199, in perform_request
    raise err from None
elastic_transport.ConnectionTimeout: Connection timed out
[2024-06-06T14:04:26.017+0000] {taskinstance.py:1398} INFO - Marking task as UP_FOR_RETRY. dag_id=my_python_dag, task_id=fetch_and_insert_into_elasticsearch_emplacement_stations, execution_date=20240606T140315, start_date=20240606T140316, end_date=20240606T140426
[2024-06-06T14:04:26.032+0000] {standard_task_runner.py:104} ERROR - Failed to execute job 187 for task fetch_and_insert_into_elasticsearch_emplacement_stations (Connection timed out; 1833)
[2024-06-06T14:04:26.075+0000] {local_task_job_runner.py:228} INFO - Task exited with return code 1
[2024-06-06T14:04:26.092+0000] {taskinstance.py:2776} INFO - 0 downstream tasks scheduled from follow-on schedule check
