[2024-06-04T10:27:01.452+0000] {taskinstance.py:1157} INFO - Dependencies all met for dep_context=non-requeueable deps ti=<TaskInstance: my_python_dag.fetch_and_insert_into_elasticsearch_emplacement_stations manual__2024-06-04T10:21:58.055202+00:00 [queued]>
[2024-06-04T10:27:01.457+0000] {taskinstance.py:1157} INFO - Dependencies all met for dep_context=requeueable deps ti=<TaskInstance: my_python_dag.fetch_and_insert_into_elasticsearch_emplacement_stations manual__2024-06-04T10:21:58.055202+00:00 [queued]>
[2024-06-04T10:27:01.457+0000] {taskinstance.py:1359} INFO - Starting attempt 2 of 2
[2024-06-04T10:27:01.607+0000] {taskinstance.py:1380} INFO - Executing <Task(PythonOperator): fetch_and_insert_into_elasticsearch_emplacement_stations> on 2024-06-04 10:21:58.055202+00:00
[2024-06-04T10:27:01.611+0000] {standard_task_runner.py:57} INFO - Started process 447 to run task
[2024-06-04T10:27:01.614+0000] {standard_task_runner.py:84} INFO - Running: ['***', 'tasks', 'run', 'my_python_dag', 'fetch_and_insert_into_elasticsearch_emplacement_stations', 'manual__2024-06-04T10:21:58.055202+00:00', '--job-id', '91', '--raw', '--subdir', 'DAGS_FOLDER/fetch_from_data_sources.py', '--cfg-path', '/tmp/tmpoh3xv3y5']
[2024-06-04T10:27:01.616+0000] {standard_task_runner.py:85} INFO - Job 91: Subtask fetch_and_insert_into_elasticsearch_emplacement_stations
[2024-06-04T10:27:01.638+0000] {task_command.py:415} INFO - Running <TaskInstance: my_python_dag.fetch_and_insert_into_elasticsearch_emplacement_stations manual__2024-06-04T10:21:58.055202+00:00 [running]> on host 9e4bf1cd7746
[2024-06-04T10:27:01.673+0000] {taskinstance.py:1660} INFO - Exporting env vars: AIRFLOW_CTX_DAG_OWNER='***' AIRFLOW_CTX_DAG_ID='my_python_dag' AIRFLOW_CTX_TASK_ID='fetch_and_insert_into_elasticsearch_emplacement_stations' AIRFLOW_CTX_EXECUTION_DATE='2024-06-04T10:21:58.055202+00:00' AIRFLOW_CTX_TRY_NUMBER='2' AIRFLOW_CTX_DAG_RUN_ID='manual__2024-06-04T10:21:58.055202+00:00'
[2024-06-04T10:27:01.674+0000] {logging_mixin.py:151} INFO - Fetching data from JSON
[2024-06-04T10:27:01.689+0000] {taskinstance.py:1935} ERROR - Task failed with exception
Traceback (most recent call last):
  File "/home/airflow/.local/lib/python3.8/site-packages/airflow/operators/python.py", line 192, in execute
    return_value = self.execute_callable()
  File "/home/airflow/.local/lib/python3.8/site-packages/airflow/operators/python.py", line 209, in execute_callable
    return self.python_callable(*self.op_args, **self.op_kwargs)
  File "/opt/airflow/dags/stations_functions.py", line 117, in fetch_and_insert_into_elasticsearch_emplacement_stations
    insert_into_elasticsearch(content)
  File "/opt/airflow/dags/stations_functions.py", line 104, in insert_into_elasticsearch
    client = Elasticsearch(
  File "/home/airflow/.local/lib/python3.8/site-packages/elasticsearch/_sync/client/__init__.py", line 331, in __init__
    node_configs = client_node_configs(
  File "/home/airflow/.local/lib/python3.8/site-packages/elasticsearch/_sync/client/utils.py", line 105, in client_node_configs
    node_configs = hosts_to_node_configs(hosts)
  File "/home/airflow/.local/lib/python3.8/site-packages/elasticsearch/_sync/client/utils.py", line 154, in hosts_to_node_configs
    node_configs.append(host_mapping_to_node_config(host))
  File "/home/airflow/.local/lib/python3.8/site-packages/elasticsearch/_sync/client/utils.py", line 221, in host_mapping_to_node_config
    return NodeConfig(**options)  # type: ignore
TypeError: __init__() missing 1 required positional argument: 'scheme'
[2024-06-04T10:27:01.694+0000] {taskinstance.py:1398} INFO - Marking task as FAILED. dag_id=my_python_dag, task_id=fetch_and_insert_into_elasticsearch_emplacement_stations, execution_date=20240604T102158, start_date=20240604T102701, end_date=20240604T102701
[2024-06-04T10:27:01.700+0000] {standard_task_runner.py:104} ERROR - Failed to execute job 91 for task fetch_and_insert_into_elasticsearch_emplacement_stations (__init__() missing 1 required positional argument: 'scheme'; 447)
[2024-06-04T10:27:01.710+0000] {local_task_job_runner.py:228} INFO - Task exited with return code 1
[2024-06-04T10:27:01.719+0000] {taskinstance.py:2776} INFO - 0 downstream tasks scheduled from follow-on schedule check
