[2024-06-12T08:37:37.657+0000] {processor.py:157} INFO - Started process (PID=31) to work on /opt/airflow/dags/dag_get_info.py
[2024-06-12T08:37:37.658+0000] {processor.py:829} INFO - Processing file /opt/airflow/dags/dag_get_info.py for tasks to queue
[2024-06-12T08:37:37.662+0000] {logging_mixin.py:151} INFO - [2024-06-12T08:37:37.662+0000] {dagbag.py:539} INFO - Filling up the DagBag from /opt/airflow/dags/dag_get_info.py
[2024-06-12T08:37:37.666+0000] {processor.py:841} WARNING - No viable dags retrieved from /opt/airflow/dags/dag_get_info.py
[2024-06-12T08:37:37.685+0000] {processor.py:179} INFO - Processing /opt/airflow/dags/dag_get_info.py took 0.034 seconds
[2024-06-12T08:38:08.038+0000] {processor.py:157} INFO - Started process (PID=40) to work on /opt/airflow/dags/dag_get_info.py
[2024-06-12T08:38:08.039+0000] {processor.py:829} INFO - Processing file /opt/airflow/dags/dag_get_info.py for tasks to queue
[2024-06-12T08:38:08.041+0000] {logging_mixin.py:151} INFO - [2024-06-12T08:38:08.041+0000] {dagbag.py:539} INFO - Filling up the DagBag from /opt/airflow/dags/dag_get_info.py
[2024-06-12T08:38:08.045+0000] {processor.py:841} WARNING - No viable dags retrieved from /opt/airflow/dags/dag_get_info.py
[2024-06-12T08:38:08.057+0000] {processor.py:179} INFO - Processing /opt/airflow/dags/dag_get_info.py took 0.022 seconds
[2024-06-12T08:38:38.509+0000] {processor.py:157} INFO - Started process (PID=50) to work on /opt/airflow/dags/dag_get_info.py
[2024-06-12T08:38:38.509+0000] {processor.py:829} INFO - Processing file /opt/airflow/dags/dag_get_info.py for tasks to queue
[2024-06-12T08:38:38.511+0000] {logging_mixin.py:151} INFO - [2024-06-12T08:38:38.511+0000] {dagbag.py:539} INFO - Filling up the DagBag from /opt/airflow/dags/dag_get_info.py
[2024-06-12T08:38:38.514+0000] {processor.py:841} WARNING - No viable dags retrieved from /opt/airflow/dags/dag_get_info.py
[2024-06-12T08:38:38.523+0000] {processor.py:179} INFO - Processing /opt/airflow/dags/dag_get_info.py took 0.017 seconds
[2024-06-12T08:39:08.944+0000] {processor.py:157} INFO - Started process (PID=59) to work on /opt/airflow/dags/dag_get_info.py
[2024-06-12T08:39:08.944+0000] {processor.py:829} INFO - Processing file /opt/airflow/dags/dag_get_info.py for tasks to queue
[2024-06-12T08:39:08.946+0000] {logging_mixin.py:151} INFO - [2024-06-12T08:39:08.946+0000] {dagbag.py:539} INFO - Filling up the DagBag from /opt/airflow/dags/dag_get_info.py
[2024-06-12T08:39:08.949+0000] {processor.py:841} WARNING - No viable dags retrieved from /opt/airflow/dags/dag_get_info.py
[2024-06-12T08:39:08.958+0000] {processor.py:179} INFO - Processing /opt/airflow/dags/dag_get_info.py took 0.018 seconds
[2024-06-12T08:39:39.358+0000] {processor.py:157} INFO - Started process (PID=69) to work on /opt/airflow/dags/dag_get_info.py
[2024-06-12T08:39:39.359+0000] {processor.py:829} INFO - Processing file /opt/airflow/dags/dag_get_info.py for tasks to queue
[2024-06-12T08:39:39.362+0000] {logging_mixin.py:151} INFO - [2024-06-12T08:39:39.362+0000] {dagbag.py:539} INFO - Filling up the DagBag from /opt/airflow/dags/dag_get_info.py
[2024-06-12T08:39:39.366+0000] {processor.py:841} WARNING - No viable dags retrieved from /opt/airflow/dags/dag_get_info.py
[2024-06-12T08:39:39.377+0000] {processor.py:179} INFO - Processing /opt/airflow/dags/dag_get_info.py took 0.022 seconds
[2024-06-12T08:40:09.831+0000] {processor.py:157} INFO - Started process (PID=79) to work on /opt/airflow/dags/dag_get_info.py
[2024-06-12T08:40:09.832+0000] {processor.py:829} INFO - Processing file /opt/airflow/dags/dag_get_info.py for tasks to queue
[2024-06-12T08:40:09.834+0000] {logging_mixin.py:151} INFO - [2024-06-12T08:40:09.833+0000] {dagbag.py:539} INFO - Filling up the DagBag from /opt/airflow/dags/dag_get_info.py
[2024-06-12T08:40:09.836+0000] {processor.py:841} WARNING - No viable dags retrieved from /opt/airflow/dags/dag_get_info.py
[2024-06-12T08:40:09.845+0000] {processor.py:179} INFO - Processing /opt/airflow/dags/dag_get_info.py took 0.016 seconds
[2024-06-12T08:40:40.251+0000] {processor.py:157} INFO - Started process (PID=89) to work on /opt/airflow/dags/dag_get_info.py
[2024-06-12T08:40:40.252+0000] {processor.py:829} INFO - Processing file /opt/airflow/dags/dag_get_info.py for tasks to queue
[2024-06-12T08:40:40.254+0000] {logging_mixin.py:151} INFO - [2024-06-12T08:40:40.254+0000] {dagbag.py:539} INFO - Filling up the DagBag from /opt/airflow/dags/dag_get_info.py
[2024-06-12T08:40:40.256+0000] {processor.py:841} WARNING - No viable dags retrieved from /opt/airflow/dags/dag_get_info.py
[2024-06-12T08:40:40.266+0000] {processor.py:179} INFO - Processing /opt/airflow/dags/dag_get_info.py took 0.018 seconds
[2024-06-12T08:41:10.670+0000] {processor.py:157} INFO - Started process (PID=99) to work on /opt/airflow/dags/dag_get_info.py
[2024-06-12T08:41:10.670+0000] {processor.py:829} INFO - Processing file /opt/airflow/dags/dag_get_info.py for tasks to queue
[2024-06-12T08:41:10.672+0000] {logging_mixin.py:151} INFO - [2024-06-12T08:41:10.672+0000] {dagbag.py:539} INFO - Filling up the DagBag from /opt/airflow/dags/dag_get_info.py
[2024-06-12T08:41:10.675+0000] {processor.py:841} WARNING - No viable dags retrieved from /opt/airflow/dags/dag_get_info.py
[2024-06-12T08:41:10.688+0000] {processor.py:179} INFO - Processing /opt/airflow/dags/dag_get_info.py took 0.021 seconds
[2024-06-12T08:41:41.127+0000] {processor.py:157} INFO - Started process (PID=109) to work on /opt/airflow/dags/dag_get_info.py
[2024-06-12T08:41:41.128+0000] {processor.py:829} INFO - Processing file /opt/airflow/dags/dag_get_info.py for tasks to queue
[2024-06-12T08:41:41.129+0000] {logging_mixin.py:151} INFO - [2024-06-12T08:41:41.129+0000] {dagbag.py:539} INFO - Filling up the DagBag from /opt/airflow/dags/dag_get_info.py
[2024-06-12T08:41:41.132+0000] {processor.py:841} WARNING - No viable dags retrieved from /opt/airflow/dags/dag_get_info.py
[2024-06-12T08:41:41.141+0000] {processor.py:179} INFO - Processing /opt/airflow/dags/dag_get_info.py took 0.017 seconds
[2024-06-12T08:42:11.545+0000] {processor.py:157} INFO - Started process (PID=119) to work on /opt/airflow/dags/dag_get_info.py
[2024-06-12T08:42:11.546+0000] {processor.py:829} INFO - Processing file /opt/airflow/dags/dag_get_info.py for tasks to queue
[2024-06-12T08:42:11.548+0000] {logging_mixin.py:151} INFO - [2024-06-12T08:42:11.548+0000] {dagbag.py:539} INFO - Filling up the DagBag from /opt/airflow/dags/dag_get_info.py
[2024-06-12T08:42:11.550+0000] {processor.py:841} WARNING - No viable dags retrieved from /opt/airflow/dags/dag_get_info.py
[2024-06-12T08:42:11.562+0000] {processor.py:179} INFO - Processing /opt/airflow/dags/dag_get_info.py took 0.021 seconds
[2024-06-12T08:42:42.018+0000] {processor.py:157} INFO - Started process (PID=129) to work on /opt/airflow/dags/dag_get_info.py
[2024-06-12T08:42:42.018+0000] {processor.py:829} INFO - Processing file /opt/airflow/dags/dag_get_info.py for tasks to queue
[2024-06-12T08:42:42.019+0000] {logging_mixin.py:151} INFO - [2024-06-12T08:42:42.019+0000] {dagbag.py:539} INFO - Filling up the DagBag from /opt/airflow/dags/dag_get_info.py
[2024-06-12T08:42:42.021+0000] {processor.py:841} WARNING - No viable dags retrieved from /opt/airflow/dags/dag_get_info.py
[2024-06-12T08:42:42.032+0000] {processor.py:179} INFO - Processing /opt/airflow/dags/dag_get_info.py took 0.016 seconds
[2024-06-12T08:43:12.492+0000] {processor.py:157} INFO - Started process (PID=139) to work on /opt/airflow/dags/dag_get_info.py
[2024-06-12T08:43:12.493+0000] {processor.py:829} INFO - Processing file /opt/airflow/dags/dag_get_info.py for tasks to queue
[2024-06-12T08:43:12.495+0000] {logging_mixin.py:151} INFO - [2024-06-12T08:43:12.494+0000] {dagbag.py:539} INFO - Filling up the DagBag from /opt/airflow/dags/dag_get_info.py
[2024-06-12T08:43:12.497+0000] {processor.py:841} WARNING - No viable dags retrieved from /opt/airflow/dags/dag_get_info.py
[2024-06-12T08:43:12.508+0000] {processor.py:179} INFO - Processing /opt/airflow/dags/dag_get_info.py took 0.019 seconds
[2024-06-12T08:43:42.948+0000] {processor.py:157} INFO - Started process (PID=148) to work on /opt/airflow/dags/dag_get_info.py
[2024-06-12T08:43:42.949+0000] {processor.py:829} INFO - Processing file /opt/airflow/dags/dag_get_info.py for tasks to queue
[2024-06-12T08:43:42.951+0000] {logging_mixin.py:151} INFO - [2024-06-12T08:43:42.950+0000] {dagbag.py:539} INFO - Filling up the DagBag from /opt/airflow/dags/dag_get_info.py
[2024-06-12T08:43:42.954+0000] {processor.py:841} WARNING - No viable dags retrieved from /opt/airflow/dags/dag_get_info.py
[2024-06-12T08:43:42.967+0000] {processor.py:179} INFO - Processing /opt/airflow/dags/dag_get_info.py took 0.022 seconds
[2024-06-12T08:44:13.457+0000] {processor.py:157} INFO - Started process (PID=158) to work on /opt/airflow/dags/dag_get_info.py
[2024-06-12T08:44:13.459+0000] {processor.py:829} INFO - Processing file /opt/airflow/dags/dag_get_info.py for tasks to queue
[2024-06-12T08:44:13.460+0000] {logging_mixin.py:151} INFO - [2024-06-12T08:44:13.460+0000] {dagbag.py:539} INFO - Filling up the DagBag from /opt/airflow/dags/dag_get_info.py
[2024-06-12T08:44:13.462+0000] {processor.py:841} WARNING - No viable dags retrieved from /opt/airflow/dags/dag_get_info.py
[2024-06-12T08:44:13.476+0000] {processor.py:179} INFO - Processing /opt/airflow/dags/dag_get_info.py took 0.021 seconds
[2024-06-12T08:45:46.597+0000] {processor.py:157} INFO - Started process (PID=161) to work on /opt/airflow/dags/dag_get_info.py
[2024-06-12T08:45:46.598+0000] {processor.py:829} INFO - Processing file /opt/airflow/dags/dag_get_info.py for tasks to queue
[2024-06-12T08:45:46.600+0000] {logging_mixin.py:151} INFO - [2024-06-12T08:45:46.600+0000] {dagbag.py:539} INFO - Filling up the DagBag from /opt/airflow/dags/dag_get_info.py
[2024-06-12T08:45:46.603+0000] {processor.py:841} WARNING - No viable dags retrieved from /opt/airflow/dags/dag_get_info.py
[2024-06-12T08:45:46.615+0000] {processor.py:179} INFO - Processing /opt/airflow/dags/dag_get_info.py took 0.020 seconds
[2024-06-12T08:47:49.985+0000] {processor.py:157} INFO - Started process (PID=171) to work on /opt/airflow/dags/dag_get_info.py
[2024-06-12T08:47:49.989+0000] {processor.py:829} INFO - Processing file /opt/airflow/dags/dag_get_info.py for tasks to queue
[2024-06-12T08:47:49.990+0000] {logging_mixin.py:151} INFO - [2024-06-12T08:47:49.990+0000] {dagbag.py:539} INFO - Filling up the DagBag from /opt/airflow/dags/dag_get_info.py
[2024-06-12T08:47:49.998+0000] {processor.py:841} WARNING - No viable dags retrieved from /opt/airflow/dags/dag_get_info.py
[2024-06-12T08:47:50.016+0000] {processor.py:179} INFO - Processing /opt/airflow/dags/dag_get_info.py took 0.037 seconds
[2024-06-12T08:50:26.417+0000] {processor.py:157} INFO - Started process (PID=181) to work on /opt/airflow/dags/dag_get_info.py
[2024-06-12T08:50:26.421+0000] {processor.py:829} INFO - Processing file /opt/airflow/dags/dag_get_info.py for tasks to queue
[2024-06-12T08:50:26.423+0000] {logging_mixin.py:151} INFO - [2024-06-12T08:50:26.422+0000] {dagbag.py:539} INFO - Filling up the DagBag from /opt/airflow/dags/dag_get_info.py
[2024-06-12T08:50:26.430+0000] {processor.py:841} WARNING - No viable dags retrieved from /opt/airflow/dags/dag_get_info.py
[2024-06-12T08:50:26.450+0000] {processor.py:179} INFO - Processing /opt/airflow/dags/dag_get_info.py took 0.037 seconds
[2024-06-12T08:53:07.428+0000] {processor.py:157} INFO - Started process (PID=191) to work on /opt/airflow/dags/dag_get_info.py
[2024-06-12T08:53:07.429+0000] {processor.py:829} INFO - Processing file /opt/airflow/dags/dag_get_info.py for tasks to queue
[2024-06-12T08:53:07.432+0000] {logging_mixin.py:151} INFO - [2024-06-12T08:53:07.432+0000] {dagbag.py:539} INFO - Filling up the DagBag from /opt/airflow/dags/dag_get_info.py
[2024-06-12T08:53:07.436+0000] {processor.py:841} WARNING - No viable dags retrieved from /opt/airflow/dags/dag_get_info.py
[2024-06-12T08:53:07.447+0000] {processor.py:179} INFO - Processing /opt/airflow/dags/dag_get_info.py took 0.024 seconds
[2024-06-12T08:53:37.870+0000] {processor.py:157} INFO - Started process (PID=201) to work on /opt/airflow/dags/dag_get_info.py
[2024-06-12T08:53:37.871+0000] {processor.py:829} INFO - Processing file /opt/airflow/dags/dag_get_info.py for tasks to queue
[2024-06-12T08:53:37.874+0000] {logging_mixin.py:151} INFO - [2024-06-12T08:53:37.874+0000] {dagbag.py:539} INFO - Filling up the DagBag from /opt/airflow/dags/dag_get_info.py
[2024-06-12T08:53:37.878+0000] {processor.py:841} WARNING - No viable dags retrieved from /opt/airflow/dags/dag_get_info.py
[2024-06-12T08:53:37.890+0000] {processor.py:179} INFO - Processing /opt/airflow/dags/dag_get_info.py took 0.024 seconds
[2024-06-12T08:54:08.349+0000] {processor.py:157} INFO - Started process (PID=210) to work on /opt/airflow/dags/dag_get_info.py
[2024-06-12T08:54:08.350+0000] {processor.py:829} INFO - Processing file /opt/airflow/dags/dag_get_info.py for tasks to queue
[2024-06-12T08:54:08.352+0000] {logging_mixin.py:151} INFO - [2024-06-12T08:54:08.352+0000] {dagbag.py:539} INFO - Filling up the DagBag from /opt/airflow/dags/dag_get_info.py
[2024-06-12T08:54:08.354+0000] {processor.py:841} WARNING - No viable dags retrieved from /opt/airflow/dags/dag_get_info.py
[2024-06-12T08:54:08.365+0000] {processor.py:179} INFO - Processing /opt/airflow/dags/dag_get_info.py took 0.019 seconds
[2024-06-12T08:54:38.790+0000] {processor.py:157} INFO - Started process (PID=220) to work on /opt/airflow/dags/dag_get_info.py
[2024-06-12T08:54:38.791+0000] {processor.py:829} INFO - Processing file /opt/airflow/dags/dag_get_info.py for tasks to queue
[2024-06-12T08:54:38.792+0000] {logging_mixin.py:151} INFO - [2024-06-12T08:54:38.792+0000] {dagbag.py:539} INFO - Filling up the DagBag from /opt/airflow/dags/dag_get_info.py
[2024-06-12T08:54:38.794+0000] {processor.py:841} WARNING - No viable dags retrieved from /opt/airflow/dags/dag_get_info.py
[2024-06-12T08:54:38.804+0000] {processor.py:179} INFO - Processing /opt/airflow/dags/dag_get_info.py took 0.017 seconds
[2024-06-12T08:55:09.235+0000] {processor.py:157} INFO - Started process (PID=230) to work on /opt/airflow/dags/dag_get_info.py
[2024-06-12T08:55:09.236+0000] {processor.py:829} INFO - Processing file /opt/airflow/dags/dag_get_info.py for tasks to queue
[2024-06-12T08:55:09.237+0000] {logging_mixin.py:151} INFO - [2024-06-12T08:55:09.237+0000] {dagbag.py:539} INFO - Filling up the DagBag from /opt/airflow/dags/dag_get_info.py
[2024-06-12T08:55:09.239+0000] {processor.py:841} WARNING - No viable dags retrieved from /opt/airflow/dags/dag_get_info.py
[2024-06-12T08:55:09.246+0000] {processor.py:179} INFO - Processing /opt/airflow/dags/dag_get_info.py took 0.013 seconds
[2024-06-12T08:55:39.697+0000] {processor.py:157} INFO - Started process (PID=240) to work on /opt/airflow/dags/dag_get_info.py
[2024-06-12T08:55:39.698+0000] {processor.py:829} INFO - Processing file /opt/airflow/dags/dag_get_info.py for tasks to queue
[2024-06-12T08:55:39.700+0000] {logging_mixin.py:151} INFO - [2024-06-12T08:55:39.699+0000] {dagbag.py:539} INFO - Filling up the DagBag from /opt/airflow/dags/dag_get_info.py
[2024-06-12T08:55:39.703+0000] {processor.py:841} WARNING - No viable dags retrieved from /opt/airflow/dags/dag_get_info.py
[2024-06-12T08:55:39.712+0000] {processor.py:179} INFO - Processing /opt/airflow/dags/dag_get_info.py took 0.018 seconds
[2024-06-12T08:56:10.145+0000] {processor.py:157} INFO - Started process (PID=257) to work on /opt/airflow/dags/dag_get_info.py
[2024-06-12T08:56:10.147+0000] {processor.py:829} INFO - Processing file /opt/airflow/dags/dag_get_info.py for tasks to queue
[2024-06-12T08:56:10.150+0000] {logging_mixin.py:151} INFO - [2024-06-12T08:56:10.149+0000] {dagbag.py:539} INFO - Filling up the DagBag from /opt/airflow/dags/dag_get_info.py
[2024-06-12T08:56:10.152+0000] {processor.py:841} WARNING - No viable dags retrieved from /opt/airflow/dags/dag_get_info.py
[2024-06-12T08:56:10.162+0000] {processor.py:179} INFO - Processing /opt/airflow/dags/dag_get_info.py took 0.020 seconds
[2024-06-12T08:56:40.595+0000] {processor.py:157} INFO - Started process (PID=267) to work on /opt/airflow/dags/dag_get_info.py
[2024-06-12T08:56:40.595+0000] {processor.py:829} INFO - Processing file /opt/airflow/dags/dag_get_info.py for tasks to queue
[2024-06-12T08:56:40.597+0000] {logging_mixin.py:151} INFO - [2024-06-12T08:56:40.597+0000] {dagbag.py:539} INFO - Filling up the DagBag from /opt/airflow/dags/dag_get_info.py
[2024-06-12T08:56:40.600+0000] {processor.py:841} WARNING - No viable dags retrieved from /opt/airflow/dags/dag_get_info.py
[2024-06-12T08:56:40.610+0000] {processor.py:179} INFO - Processing /opt/airflow/dags/dag_get_info.py took 0.018 seconds
[2024-06-12T08:57:11.047+0000] {processor.py:157} INFO - Started process (PID=277) to work on /opt/airflow/dags/dag_get_info.py
[2024-06-12T08:57:11.048+0000] {processor.py:829} INFO - Processing file /opt/airflow/dags/dag_get_info.py for tasks to queue
[2024-06-12T08:57:11.049+0000] {logging_mixin.py:151} INFO - [2024-06-12T08:57:11.049+0000] {dagbag.py:539} INFO - Filling up the DagBag from /opt/airflow/dags/dag_get_info.py
[2024-06-12T08:57:11.052+0000] {processor.py:841} WARNING - No viable dags retrieved from /opt/airflow/dags/dag_get_info.py
[2024-06-12T08:57:11.063+0000] {processor.py:179} INFO - Processing /opt/airflow/dags/dag_get_info.py took 0.019 seconds
[2024-06-12T08:57:41.516+0000] {processor.py:157} INFO - Started process (PID=286) to work on /opt/airflow/dags/dag_get_info.py
[2024-06-12T08:57:41.517+0000] {processor.py:829} INFO - Processing file /opt/airflow/dags/dag_get_info.py for tasks to queue
[2024-06-12T08:57:41.520+0000] {logging_mixin.py:151} INFO - [2024-06-12T08:57:41.520+0000] {dagbag.py:539} INFO - Filling up the DagBag from /opt/airflow/dags/dag_get_info.py
[2024-06-12T08:57:41.522+0000] {processor.py:841} WARNING - No viable dags retrieved from /opt/airflow/dags/dag_get_info.py
[2024-06-12T08:57:41.531+0000] {processor.py:179} INFO - Processing /opt/airflow/dags/dag_get_info.py took 0.018 seconds
[2024-06-12T08:58:11.929+0000] {processor.py:157} INFO - Started process (PID=296) to work on /opt/airflow/dags/dag_get_info.py
[2024-06-12T08:58:11.929+0000] {processor.py:829} INFO - Processing file /opt/airflow/dags/dag_get_info.py for tasks to queue
[2024-06-12T08:58:11.930+0000] {logging_mixin.py:151} INFO - [2024-06-12T08:58:11.930+0000] {dagbag.py:539} INFO - Filling up the DagBag from /opt/airflow/dags/dag_get_info.py
[2024-06-12T08:58:11.932+0000] {processor.py:841} WARNING - No viable dags retrieved from /opt/airflow/dags/dag_get_info.py
[2024-06-12T08:58:11.939+0000] {processor.py:179} INFO - Processing /opt/airflow/dags/dag_get_info.py took 0.012 seconds
[2024-06-12T08:58:42.378+0000] {processor.py:157} INFO - Started process (PID=306) to work on /opt/airflow/dags/dag_get_info.py
[2024-06-12T08:58:42.379+0000] {processor.py:829} INFO - Processing file /opt/airflow/dags/dag_get_info.py for tasks to queue
[2024-06-12T08:58:42.381+0000] {logging_mixin.py:151} INFO - [2024-06-12T08:58:42.381+0000] {dagbag.py:539} INFO - Filling up the DagBag from /opt/airflow/dags/dag_get_info.py
[2024-06-12T08:58:42.384+0000] {processor.py:841} WARNING - No viable dags retrieved from /opt/airflow/dags/dag_get_info.py
[2024-06-12T08:58:42.396+0000] {processor.py:179} INFO - Processing /opt/airflow/dags/dag_get_info.py took 0.021 seconds
[2024-06-12T08:59:12.818+0000] {processor.py:157} INFO - Started process (PID=316) to work on /opt/airflow/dags/dag_get_info.py
[2024-06-12T08:59:12.819+0000] {processor.py:829} INFO - Processing file /opt/airflow/dags/dag_get_info.py for tasks to queue
[2024-06-12T08:59:12.821+0000] {logging_mixin.py:151} INFO - [2024-06-12T08:59:12.821+0000] {dagbag.py:539} INFO - Filling up the DagBag from /opt/airflow/dags/dag_get_info.py
[2024-06-12T08:59:12.824+0000] {processor.py:841} WARNING - No viable dags retrieved from /opt/airflow/dags/dag_get_info.py
[2024-06-12T08:59:12.833+0000] {processor.py:179} INFO - Processing /opt/airflow/dags/dag_get_info.py took 0.018 seconds
[2024-06-12T08:59:43.274+0000] {processor.py:157} INFO - Started process (PID=325) to work on /opt/airflow/dags/dag_get_info.py
[2024-06-12T08:59:43.275+0000] {processor.py:829} INFO - Processing file /opt/airflow/dags/dag_get_info.py for tasks to queue
[2024-06-12T08:59:43.276+0000] {logging_mixin.py:151} INFO - [2024-06-12T08:59:43.276+0000] {dagbag.py:539} INFO - Filling up the DagBag from /opt/airflow/dags/dag_get_info.py
[2024-06-12T08:59:43.279+0000] {processor.py:841} WARNING - No viable dags retrieved from /opt/airflow/dags/dag_get_info.py
[2024-06-12T08:59:43.290+0000] {processor.py:179} INFO - Processing /opt/airflow/dags/dag_get_info.py took 0.020 seconds
[2024-06-12T09:00:13.721+0000] {processor.py:157} INFO - Started process (PID=335) to work on /opt/airflow/dags/dag_get_info.py
[2024-06-12T09:00:13.722+0000] {processor.py:829} INFO - Processing file /opt/airflow/dags/dag_get_info.py for tasks to queue
[2024-06-12T09:00:13.724+0000] {logging_mixin.py:151} INFO - [2024-06-12T09:00:13.724+0000] {dagbag.py:539} INFO - Filling up the DagBag from /opt/airflow/dags/dag_get_info.py
[2024-06-12T09:00:13.727+0000] {processor.py:841} WARNING - No viable dags retrieved from /opt/airflow/dags/dag_get_info.py
[2024-06-12T09:00:13.736+0000] {processor.py:179} INFO - Processing /opt/airflow/dags/dag_get_info.py took 0.017 seconds
[2024-06-12T09:00:44.207+0000] {processor.py:157} INFO - Started process (PID=345) to work on /opt/airflow/dags/dag_get_info.py
[2024-06-12T09:00:44.208+0000] {processor.py:829} INFO - Processing file /opt/airflow/dags/dag_get_info.py for tasks to queue
[2024-06-12T09:00:44.210+0000] {logging_mixin.py:151} INFO - [2024-06-12T09:00:44.209+0000] {dagbag.py:539} INFO - Filling up the DagBag from /opt/airflow/dags/dag_get_info.py
[2024-06-12T09:00:44.213+0000] {processor.py:841} WARNING - No viable dags retrieved from /opt/airflow/dags/dag_get_info.py
[2024-06-12T09:00:44.223+0000] {processor.py:179} INFO - Processing /opt/airflow/dags/dag_get_info.py took 0.019 seconds
[2024-06-12T09:01:14.675+0000] {processor.py:157} INFO - Started process (PID=354) to work on /opt/airflow/dags/dag_get_info.py
[2024-06-12T09:01:14.676+0000] {processor.py:829} INFO - Processing file /opt/airflow/dags/dag_get_info.py for tasks to queue
[2024-06-12T09:01:14.679+0000] {logging_mixin.py:151} INFO - [2024-06-12T09:01:14.679+0000] {dagbag.py:539} INFO - Filling up the DagBag from /opt/airflow/dags/dag_get_info.py
[2024-06-12T09:01:14.682+0000] {processor.py:841} WARNING - No viable dags retrieved from /opt/airflow/dags/dag_get_info.py
[2024-06-12T09:01:14.691+0000] {processor.py:179} INFO - Processing /opt/airflow/dags/dag_get_info.py took 0.018 seconds
[2024-06-12T09:01:45.106+0000] {processor.py:157} INFO - Started process (PID=363) to work on /opt/airflow/dags/dag_get_info.py
[2024-06-12T09:01:45.107+0000] {processor.py:829} INFO - Processing file /opt/airflow/dags/dag_get_info.py for tasks to queue
[2024-06-12T09:01:45.111+0000] {logging_mixin.py:151} INFO - [2024-06-12T09:01:45.110+0000] {dagbag.py:539} INFO - Filling up the DagBag from /opt/airflow/dags/dag_get_info.py
[2024-06-12T09:01:45.115+0000] {processor.py:841} WARNING - No viable dags retrieved from /opt/airflow/dags/dag_get_info.py
[2024-06-12T09:01:45.129+0000] {processor.py:179} INFO - Processing /opt/airflow/dags/dag_get_info.py took 0.033 seconds
[2024-06-12T09:02:15.532+0000] {processor.py:157} INFO - Started process (PID=372) to work on /opt/airflow/dags/dag_get_info.py
[2024-06-12T09:02:15.533+0000] {processor.py:829} INFO - Processing file /opt/airflow/dags/dag_get_info.py for tasks to queue
[2024-06-12T09:02:15.535+0000] {logging_mixin.py:151} INFO - [2024-06-12T09:02:15.535+0000] {dagbag.py:539} INFO - Filling up the DagBag from /opt/airflow/dags/dag_get_info.py
[2024-06-12T09:02:15.537+0000] {processor.py:841} WARNING - No viable dags retrieved from /opt/airflow/dags/dag_get_info.py
[2024-06-12T09:02:15.548+0000] {processor.py:179} INFO - Processing /opt/airflow/dags/dag_get_info.py took 0.019 seconds
[2024-06-12T09:02:46.054+0000] {processor.py:157} INFO - Started process (PID=382) to work on /opt/airflow/dags/dag_get_info.py
[2024-06-12T09:02:46.055+0000] {processor.py:829} INFO - Processing file /opt/airflow/dags/dag_get_info.py for tasks to queue
[2024-06-12T09:02:46.057+0000] {logging_mixin.py:151} INFO - [2024-06-12T09:02:46.057+0000] {dagbag.py:539} INFO - Filling up the DagBag from /opt/airflow/dags/dag_get_info.py
[2024-06-12T09:02:46.060+0000] {processor.py:841} WARNING - No viable dags retrieved from /opt/airflow/dags/dag_get_info.py
[2024-06-12T09:02:46.074+0000] {processor.py:179} INFO - Processing /opt/airflow/dags/dag_get_info.py took 0.024 seconds
[2024-06-12T09:03:16.576+0000] {processor.py:157} INFO - Started process (PID=392) to work on /opt/airflow/dags/dag_get_info.py
[2024-06-12T09:03:16.577+0000] {processor.py:829} INFO - Processing file /opt/airflow/dags/dag_get_info.py for tasks to queue
[2024-06-12T09:03:16.580+0000] {logging_mixin.py:151} INFO - [2024-06-12T09:03:16.580+0000] {dagbag.py:539} INFO - Filling up the DagBag from /opt/airflow/dags/dag_get_info.py
[2024-06-12T09:03:16.585+0000] {processor.py:841} WARNING - No viable dags retrieved from /opt/airflow/dags/dag_get_info.py
[2024-06-12T09:03:16.606+0000] {processor.py:179} INFO - Processing /opt/airflow/dags/dag_get_info.py took 0.043 seconds
[2024-06-12T09:03:47.032+0000] {processor.py:157} INFO - Started process (PID=401) to work on /opt/airflow/dags/dag_get_info.py
[2024-06-12T09:03:47.033+0000] {processor.py:829} INFO - Processing file /opt/airflow/dags/dag_get_info.py for tasks to queue
[2024-06-12T09:03:47.036+0000] {logging_mixin.py:151} INFO - [2024-06-12T09:03:47.036+0000] {dagbag.py:539} INFO - Filling up the DagBag from /opt/airflow/dags/dag_get_info.py
[2024-06-12T09:03:47.039+0000] {processor.py:841} WARNING - No viable dags retrieved from /opt/airflow/dags/dag_get_info.py
[2024-06-12T09:03:47.053+0000] {processor.py:179} INFO - Processing /opt/airflow/dags/dag_get_info.py took 0.023 seconds
[2024-06-12T09:04:17.504+0000] {processor.py:157} INFO - Started process (PID=410) to work on /opt/airflow/dags/dag_get_info.py
[2024-06-12T09:04:17.505+0000] {processor.py:829} INFO - Processing file /opt/airflow/dags/dag_get_info.py for tasks to queue
[2024-06-12T09:04:17.507+0000] {logging_mixin.py:151} INFO - [2024-06-12T09:04:17.506+0000] {dagbag.py:539} INFO - Filling up the DagBag from /opt/airflow/dags/dag_get_info.py
[2024-06-12T09:04:17.510+0000] {processor.py:841} WARNING - No viable dags retrieved from /opt/airflow/dags/dag_get_info.py
[2024-06-12T09:04:17.523+0000] {processor.py:179} INFO - Processing /opt/airflow/dags/dag_get_info.py took 0.022 seconds
[2024-06-12T09:04:48.038+0000] {processor.py:157} INFO - Started process (PID=420) to work on /opt/airflow/dags/dag_get_info.py
[2024-06-12T09:04:48.039+0000] {processor.py:829} INFO - Processing file /opt/airflow/dags/dag_get_info.py for tasks to queue
[2024-06-12T09:04:48.041+0000] {logging_mixin.py:151} INFO - [2024-06-12T09:04:48.041+0000] {dagbag.py:539} INFO - Filling up the DagBag from /opt/airflow/dags/dag_get_info.py
[2024-06-12T09:04:48.045+0000] {processor.py:841} WARNING - No viable dags retrieved from /opt/airflow/dags/dag_get_info.py
[2024-06-12T09:04:48.057+0000] {processor.py:179} INFO - Processing /opt/airflow/dags/dag_get_info.py took 0.024 seconds
[2024-06-12T09:07:00.327+0000] {processor.py:157} INFO - Started process (PID=423) to work on /opt/airflow/dags/dag_get_info.py
[2024-06-12T09:07:00.331+0000] {processor.py:829} INFO - Processing file /opt/airflow/dags/dag_get_info.py for tasks to queue
[2024-06-12T09:07:00.335+0000] {logging_mixin.py:151} INFO - [2024-06-12T09:07:00.333+0000] {dagbag.py:539} INFO - Filling up the DagBag from /opt/airflow/dags/dag_get_info.py
[2024-06-12T09:07:00.358+0000] {processor.py:841} WARNING - No viable dags retrieved from /opt/airflow/dags/dag_get_info.py
[2024-06-12T09:07:00.399+0000] {processor.py:179} INFO - Processing /opt/airflow/dags/dag_get_info.py took 0.078 seconds
[2024-06-12T09:10:28.357+0000] {processor.py:157} INFO - Started process (PID=433) to work on /opt/airflow/dags/dag_get_info.py
[2024-06-12T09:10:28.358+0000] {processor.py:829} INFO - Processing file /opt/airflow/dags/dag_get_info.py for tasks to queue
[2024-06-12T09:10:28.363+0000] {logging_mixin.py:151} INFO - [2024-06-12T09:10:28.362+0000] {dagbag.py:539} INFO - Filling up the DagBag from /opt/airflow/dags/dag_get_info.py
[2024-06-12T09:10:28.369+0000] {processor.py:841} WARNING - No viable dags retrieved from /opt/airflow/dags/dag_get_info.py
[2024-06-12T09:10:28.414+0000] {processor.py:179} INFO - Processing /opt/airflow/dags/dag_get_info.py took 0.063 seconds
[2024-06-12T09:12:57.787+0000] {processor.py:157} INFO - Started process (PID=443) to work on /opt/airflow/dags/dag_get_info.py
[2024-06-12T09:12:57.791+0000] {processor.py:829} INFO - Processing file /opt/airflow/dags/dag_get_info.py for tasks to queue
[2024-06-12T09:12:57.794+0000] {logging_mixin.py:151} INFO - [2024-06-12T09:12:57.793+0000] {dagbag.py:539} INFO - Filling up the DagBag from /opt/airflow/dags/dag_get_info.py
[2024-06-12T09:12:57.801+0000] {processor.py:841} WARNING - No viable dags retrieved from /opt/airflow/dags/dag_get_info.py
[2024-06-12T09:12:57.832+0000] {processor.py:179} INFO - Processing /opt/airflow/dags/dag_get_info.py took 0.050 seconds
[2024-06-12T09:17:25.557+0000] {processor.py:157} INFO - Started process (PID=453) to work on /opt/airflow/dags/dag_get_info.py
[2024-06-12T09:17:25.558+0000] {processor.py:829} INFO - Processing file /opt/airflow/dags/dag_get_info.py for tasks to queue
[2024-06-12T09:17:25.560+0000] {logging_mixin.py:151} INFO - [2024-06-12T09:17:25.560+0000] {dagbag.py:539} INFO - Filling up the DagBag from /opt/airflow/dags/dag_get_info.py
[2024-06-12T09:17:25.563+0000] {processor.py:841} WARNING - No viable dags retrieved from /opt/airflow/dags/dag_get_info.py
[2024-06-12T09:17:25.573+0000] {processor.py:179} INFO - Processing /opt/airflow/dags/dag_get_info.py took 0.020 seconds
[2024-06-12T09:19:55.529+0000] {processor.py:157} INFO - Started process (PID=463) to work on /opt/airflow/dags/dag_get_info.py
[2024-06-12T09:19:55.531+0000] {processor.py:829} INFO - Processing file /opt/airflow/dags/dag_get_info.py for tasks to queue
[2024-06-12T09:19:55.539+0000] {logging_mixin.py:151} INFO - [2024-06-12T09:19:55.538+0000] {dagbag.py:539} INFO - Filling up the DagBag from /opt/airflow/dags/dag_get_info.py
[2024-06-12T09:19:55.546+0000] {processor.py:841} WARNING - No viable dags retrieved from /opt/airflow/dags/dag_get_info.py
[2024-06-12T09:19:55.594+0000] {processor.py:179} INFO - Processing /opt/airflow/dags/dag_get_info.py took 0.075 seconds
[2024-06-12T09:24:22.979+0000] {processor.py:157} INFO - Started process (PID=472) to work on /opt/airflow/dags/dag_get_info.py
[2024-06-12T09:24:22.985+0000] {processor.py:829} INFO - Processing file /opt/airflow/dags/dag_get_info.py for tasks to queue
[2024-06-12T09:24:22.991+0000] {logging_mixin.py:151} INFO - [2024-06-12T09:24:22.991+0000] {dagbag.py:539} INFO - Filling up the DagBag from /opt/airflow/dags/dag_get_info.py
[2024-06-12T09:24:23.002+0000] {processor.py:841} WARNING - No viable dags retrieved from /opt/airflow/dags/dag_get_info.py
[2024-06-12T09:24:23.033+0000] {processor.py:179} INFO - Processing /opt/airflow/dags/dag_get_info.py took 0.058 seconds
[2024-06-12T09:28:50.795+0000] {processor.py:157} INFO - Started process (PID=482) to work on /opt/airflow/dags/dag_get_info.py
[2024-06-12T09:28:50.796+0000] {processor.py:829} INFO - Processing file /opt/airflow/dags/dag_get_info.py for tasks to queue
[2024-06-12T09:28:50.802+0000] {logging_mixin.py:151} INFO - [2024-06-12T09:28:50.799+0000] {dagbag.py:539} INFO - Filling up the DagBag from /opt/airflow/dags/dag_get_info.py
[2024-06-12T09:28:50.804+0000] {processor.py:841} WARNING - No viable dags retrieved from /opt/airflow/dags/dag_get_info.py
[2024-06-12T09:28:50.814+0000] {processor.py:179} INFO - Processing /opt/airflow/dags/dag_get_info.py took 0.021 seconds
[2024-06-12T09:31:27.274+0000] {processor.py:157} INFO - Started process (PID=492) to work on /opt/airflow/dags/dag_get_info.py
[2024-06-12T09:31:27.276+0000] {processor.py:829} INFO - Processing file /opt/airflow/dags/dag_get_info.py for tasks to queue
[2024-06-12T09:31:27.277+0000] {logging_mixin.py:151} INFO - [2024-06-12T09:31:27.277+0000] {dagbag.py:539} INFO - Filling up the DagBag from /opt/airflow/dags/dag_get_info.py
[2024-06-12T09:31:27.279+0000] {processor.py:841} WARNING - No viable dags retrieved from /opt/airflow/dags/dag_get_info.py
[2024-06-12T09:31:27.286+0000] {processor.py:179} INFO - Processing /opt/airflow/dags/dag_get_info.py took 0.015 seconds
[2024-06-12T09:32:36.118+0000] {processor.py:157} INFO - Started process (PID=502) to work on /opt/airflow/dags/dag_get_info.py
[2024-06-12T09:32:36.118+0000] {processor.py:829} INFO - Processing file /opt/airflow/dags/dag_get_info.py for tasks to queue
[2024-06-12T09:32:36.120+0000] {logging_mixin.py:151} INFO - [2024-06-12T09:32:36.120+0000] {dagbag.py:539} INFO - Filling up the DagBag from /opt/airflow/dags/dag_get_info.py
[2024-06-12T09:32:36.123+0000] {processor.py:841} WARNING - No viable dags retrieved from /opt/airflow/dags/dag_get_info.py
[2024-06-12T09:32:36.132+0000] {processor.py:179} INFO - Processing /opt/airflow/dags/dag_get_info.py took 0.018 seconds
[2024-06-12T09:34:22.311+0000] {processor.py:157} INFO - Started process (PID=511) to work on /opt/airflow/dags/dag_get_info.py
[2024-06-12T09:34:22.311+0000] {processor.py:829} INFO - Processing file /opt/airflow/dags/dag_get_info.py for tasks to queue
[2024-06-12T09:34:22.312+0000] {logging_mixin.py:151} INFO - [2024-06-12T09:34:22.312+0000] {dagbag.py:539} INFO - Filling up the DagBag from /opt/airflow/dags/dag_get_info.py
[2024-06-12T09:34:22.314+0000] {processor.py:841} WARNING - No viable dags retrieved from /opt/airflow/dags/dag_get_info.py
[2024-06-12T09:34:22.321+0000] {processor.py:179} INFO - Processing /opt/airflow/dags/dag_get_info.py took 0.011 seconds
[2024-06-12T10:56:58.077+0000] {processor.py:157} INFO - Started process (PID=521) to work on /opt/airflow/dags/dag_get_info.py
[2024-06-12T10:56:58.079+0000] {processor.py:829} INFO - Processing file /opt/airflow/dags/dag_get_info.py for tasks to queue
[2024-06-12T10:56:58.081+0000] {logging_mixin.py:151} INFO - [2024-06-12T10:56:58.080+0000] {dagbag.py:539} INFO - Filling up the DagBag from /opt/airflow/dags/dag_get_info.py
[2024-06-12T10:56:58.082+0000] {processor.py:841} WARNING - No viable dags retrieved from /opt/airflow/dags/dag_get_info.py
[2024-06-12T10:56:58.090+0000] {processor.py:179} INFO - Processing /opt/airflow/dags/dag_get_info.py took 0.015 seconds
[2024-06-12T11:27:56.571+0000] {processor.py:157} INFO - Started process (PID=531) to work on /opt/airflow/dags/dag_get_info.py
[2024-06-12T11:27:56.575+0000] {processor.py:829} INFO - Processing file /opt/airflow/dags/dag_get_info.py for tasks to queue
[2024-06-12T11:27:56.577+0000] {logging_mixin.py:151} INFO - [2024-06-12T11:27:56.577+0000] {dagbag.py:539} INFO - Filling up the DagBag from /opt/airflow/dags/dag_get_info.py
[2024-06-12T11:27:56.580+0000] {processor.py:841} WARNING - No viable dags retrieved from /opt/airflow/dags/dag_get_info.py
[2024-06-12T11:27:56.609+0000] {processor.py:179} INFO - Processing /opt/airflow/dags/dag_get_info.py took 0.045 seconds
[2024-06-12T16:51:21.228+0000] {processor.py:157} INFO - Started process (PID=31) to work on /opt/airflow/dags/dag_get_info.py
[2024-06-12T16:51:21.231+0000] {processor.py:829} INFO - Processing file /opt/airflow/dags/dag_get_info.py for tasks to queue
[2024-06-12T16:51:21.235+0000] {logging_mixin.py:151} INFO - [2024-06-12T16:51:21.235+0000] {dagbag.py:539} INFO - Filling up the DagBag from /opt/airflow/dags/dag_get_info.py
[2024-06-12T16:51:21.242+0000] {processor.py:841} WARNING - No viable dags retrieved from /opt/airflow/dags/dag_get_info.py
[2024-06-12T16:51:21.255+0000] {processor.py:179} INFO - Processing /opt/airflow/dags/dag_get_info.py took 0.032 seconds
