[2024-06-12T08:37:37.656+0000] {processor.py:157} INFO - Started process (PID=30) to work on /opt/airflow/dags/stations_functions.py
[2024-06-12T08:37:37.658+0000] {processor.py:829} INFO - Processing file /opt/airflow/dags/stations_functions.py for tasks to queue
[2024-06-12T08:37:37.662+0000] {logging_mixin.py:151} INFO - [2024-06-12T08:37:37.662+0000] {dagbag.py:539} INFO - Filling up the DagBag from /opt/airflow/dags/stations_functions.py
[2024-06-12T08:37:37.882+0000] {processor.py:841} WARNING - No viable dags retrieved from /opt/airflow/dags/stations_functions.py
[2024-06-12T08:37:37.896+0000] {processor.py:179} INFO - Processing /opt/airflow/dags/stations_functions.py took 0.243 seconds
[2024-06-12T08:38:08.038+0000] {processor.py:157} INFO - Started process (PID=39) to work on /opt/airflow/dags/stations_functions.py
[2024-06-12T08:38:08.039+0000] {processor.py:829} INFO - Processing file /opt/airflow/dags/stations_functions.py for tasks to queue
[2024-06-12T08:38:08.041+0000] {logging_mixin.py:151} INFO - [2024-06-12T08:38:08.041+0000] {dagbag.py:539} INFO - Filling up the DagBag from /opt/airflow/dags/stations_functions.py
[2024-06-12T08:38:08.178+0000] {processor.py:841} WARNING - No viable dags retrieved from /opt/airflow/dags/stations_functions.py
[2024-06-12T08:38:08.185+0000] {processor.py:179} INFO - Processing /opt/airflow/dags/stations_functions.py took 0.151 seconds
[2024-06-12T08:38:38.508+0000] {processor.py:157} INFO - Started process (PID=49) to work on /opt/airflow/dags/stations_functions.py
[2024-06-12T08:38:38.509+0000] {processor.py:829} INFO - Processing file /opt/airflow/dags/stations_functions.py for tasks to queue
[2024-06-12T08:38:38.511+0000] {logging_mixin.py:151} INFO - [2024-06-12T08:38:38.511+0000] {dagbag.py:539} INFO - Filling up the DagBag from /opt/airflow/dags/stations_functions.py
[2024-06-12T08:38:38.627+0000] {processor.py:841} WARNING - No viable dags retrieved from /opt/airflow/dags/stations_functions.py
[2024-06-12T08:38:38.633+0000] {processor.py:179} INFO - Processing /opt/airflow/dags/stations_functions.py took 0.130 seconds
[2024-06-12T08:39:08.943+0000] {processor.py:157} INFO - Started process (PID=58) to work on /opt/airflow/dags/stations_functions.py
[2024-06-12T08:39:08.944+0000] {processor.py:829} INFO - Processing file /opt/airflow/dags/stations_functions.py for tasks to queue
[2024-06-12T08:39:08.946+0000] {logging_mixin.py:151} INFO - [2024-06-12T08:39:08.945+0000] {dagbag.py:539} INFO - Filling up the DagBag from /opt/airflow/dags/stations_functions.py
[2024-06-12T08:39:09.049+0000] {processor.py:841} WARNING - No viable dags retrieved from /opt/airflow/dags/stations_functions.py
[2024-06-12T08:39:09.056+0000] {processor.py:179} INFO - Processing /opt/airflow/dags/stations_functions.py took 0.116 seconds
[2024-06-12T08:39:39.356+0000] {processor.py:157} INFO - Started process (PID=68) to work on /opt/airflow/dags/stations_functions.py
[2024-06-12T08:39:39.358+0000] {processor.py:829} INFO - Processing file /opt/airflow/dags/stations_functions.py for tasks to queue
[2024-06-12T08:39:39.362+0000] {logging_mixin.py:151} INFO - [2024-06-12T08:39:39.362+0000] {dagbag.py:539} INFO - Filling up the DagBag from /opt/airflow/dags/stations_functions.py
[2024-06-12T08:39:39.536+0000] {processor.py:841} WARNING - No viable dags retrieved from /opt/airflow/dags/stations_functions.py
[2024-06-12T08:39:39.546+0000] {processor.py:179} INFO - Processing /opt/airflow/dags/stations_functions.py took 0.195 seconds
[2024-06-12T08:40:09.829+0000] {processor.py:157} INFO - Started process (PID=78) to work on /opt/airflow/dags/stations_functions.py
[2024-06-12T08:40:09.830+0000] {processor.py:829} INFO - Processing file /opt/airflow/dags/stations_functions.py for tasks to queue
[2024-06-12T08:40:09.832+0000] {logging_mixin.py:151} INFO - [2024-06-12T08:40:09.832+0000] {dagbag.py:539} INFO - Filling up the DagBag from /opt/airflow/dags/stations_functions.py
[2024-06-12T08:40:09.940+0000] {processor.py:841} WARNING - No viable dags retrieved from /opt/airflow/dags/stations_functions.py
[2024-06-12T08:40:09.949+0000] {processor.py:179} INFO - Processing /opt/airflow/dags/stations_functions.py took 0.125 seconds
[2024-06-12T08:40:40.248+0000] {processor.py:157} INFO - Started process (PID=88) to work on /opt/airflow/dags/stations_functions.py
[2024-06-12T08:40:40.252+0000] {processor.py:829} INFO - Processing file /opt/airflow/dags/stations_functions.py for tasks to queue
[2024-06-12T08:40:40.253+0000] {logging_mixin.py:151} INFO - [2024-06-12T08:40:40.253+0000] {dagbag.py:539} INFO - Filling up the DagBag from /opt/airflow/dags/stations_functions.py
[2024-06-12T08:40:40.371+0000] {processor.py:841} WARNING - No viable dags retrieved from /opt/airflow/dags/stations_functions.py
[2024-06-12T08:40:40.378+0000] {processor.py:179} INFO - Processing /opt/airflow/dags/stations_functions.py took 0.133 seconds
[2024-06-12T08:41:10.668+0000] {processor.py:157} INFO - Started process (PID=98) to work on /opt/airflow/dags/stations_functions.py
[2024-06-12T08:41:10.669+0000] {processor.py:829} INFO - Processing file /opt/airflow/dags/stations_functions.py for tasks to queue
[2024-06-12T08:41:10.672+0000] {logging_mixin.py:151} INFO - [2024-06-12T08:41:10.672+0000] {dagbag.py:539} INFO - Filling up the DagBag from /opt/airflow/dags/stations_functions.py
[2024-06-12T08:41:10.800+0000] {processor.py:841} WARNING - No viable dags retrieved from /opt/airflow/dags/stations_functions.py
[2024-06-12T08:41:10.807+0000] {processor.py:179} INFO - Processing /opt/airflow/dags/stations_functions.py took 0.145 seconds
[2024-06-12T08:41:41.123+0000] {processor.py:157} INFO - Started process (PID=108) to work on /opt/airflow/dags/stations_functions.py
[2024-06-12T08:41:41.126+0000] {processor.py:829} INFO - Processing file /opt/airflow/dags/stations_functions.py for tasks to queue
[2024-06-12T08:41:41.129+0000] {logging_mixin.py:151} INFO - [2024-06-12T08:41:41.129+0000] {dagbag.py:539} INFO - Filling up the DagBag from /opt/airflow/dags/stations_functions.py
[2024-06-12T08:41:41.237+0000] {processor.py:841} WARNING - No viable dags retrieved from /opt/airflow/dags/stations_functions.py
[2024-06-12T08:41:41.244+0000] {processor.py:179} INFO - Processing /opt/airflow/dags/stations_functions.py took 0.125 seconds
[2024-06-12T08:42:11.537+0000] {processor.py:157} INFO - Started process (PID=118) to work on /opt/airflow/dags/stations_functions.py
[2024-06-12T08:42:11.540+0000] {processor.py:829} INFO - Processing file /opt/airflow/dags/stations_functions.py for tasks to queue
[2024-06-12T08:42:11.545+0000] {logging_mixin.py:151} INFO - [2024-06-12T08:42:11.545+0000] {dagbag.py:539} INFO - Filling up the DagBag from /opt/airflow/dags/stations_functions.py
[2024-06-12T08:42:11.687+0000] {processor.py:841} WARNING - No viable dags retrieved from /opt/airflow/dags/stations_functions.py
[2024-06-12T08:42:11.700+0000] {processor.py:179} INFO - Processing /opt/airflow/dags/stations_functions.py took 0.166 seconds
[2024-06-12T08:42:42.018+0000] {processor.py:157} INFO - Started process (PID=128) to work on /opt/airflow/dags/stations_functions.py
[2024-06-12T08:42:42.019+0000] {processor.py:829} INFO - Processing file /opt/airflow/dags/stations_functions.py for tasks to queue
[2024-06-12T08:42:42.020+0000] {logging_mixin.py:151} INFO - [2024-06-12T08:42:42.020+0000] {dagbag.py:539} INFO - Filling up the DagBag from /opt/airflow/dags/stations_functions.py
[2024-06-12T08:42:42.134+0000] {processor.py:841} WARNING - No viable dags retrieved from /opt/airflow/dags/stations_functions.py
[2024-06-12T08:42:42.143+0000] {processor.py:179} INFO - Processing /opt/airflow/dags/stations_functions.py took 0.127 seconds
[2024-06-12T08:43:12.491+0000] {processor.py:157} INFO - Started process (PID=138) to work on /opt/airflow/dags/stations_functions.py
[2024-06-12T08:43:12.492+0000] {processor.py:829} INFO - Processing file /opt/airflow/dags/stations_functions.py for tasks to queue
[2024-06-12T08:43:12.494+0000] {logging_mixin.py:151} INFO - [2024-06-12T08:43:12.493+0000] {dagbag.py:539} INFO - Filling up the DagBag from /opt/airflow/dags/stations_functions.py
[2024-06-12T08:43:12.610+0000] {processor.py:841} WARNING - No viable dags retrieved from /opt/airflow/dags/stations_functions.py
[2024-06-12T08:43:12.616+0000] {processor.py:179} INFO - Processing /opt/airflow/dags/stations_functions.py took 0.129 seconds
[2024-06-12T08:43:42.943+0000] {processor.py:157} INFO - Started process (PID=147) to work on /opt/airflow/dags/stations_functions.py
[2024-06-12T08:43:42.945+0000] {processor.py:829} INFO - Processing file /opt/airflow/dags/stations_functions.py for tasks to queue
[2024-06-12T08:43:42.947+0000] {logging_mixin.py:151} INFO - [2024-06-12T08:43:42.947+0000] {dagbag.py:539} INFO - Filling up the DagBag from /opt/airflow/dags/stations_functions.py
[2024-06-12T08:43:43.061+0000] {processor.py:841} WARNING - No viable dags retrieved from /opt/airflow/dags/stations_functions.py
[2024-06-12T08:43:43.068+0000] {processor.py:179} INFO - Processing /opt/airflow/dags/stations_functions.py took 0.128 seconds
[2024-06-12T08:44:13.451+0000] {processor.py:157} INFO - Started process (PID=157) to work on /opt/airflow/dags/stations_functions.py
[2024-06-12T08:44:13.452+0000] {processor.py:829} INFO - Processing file /opt/airflow/dags/stations_functions.py for tasks to queue
[2024-06-12T08:44:13.454+0000] {logging_mixin.py:151} INFO - [2024-06-12T08:44:13.454+0000] {dagbag.py:539} INFO - Filling up the DagBag from /opt/airflow/dags/stations_functions.py
[2024-06-12T08:44:13.621+0000] {processor.py:841} WARNING - No viable dags retrieved from /opt/airflow/dags/stations_functions.py
[2024-06-12T08:44:13.631+0000] {processor.py:179} INFO - Processing /opt/airflow/dags/stations_functions.py took 0.184 seconds
[2024-06-12T08:45:46.590+0000] {processor.py:157} INFO - Started process (PID=160) to work on /opt/airflow/dags/stations_functions.py
[2024-06-12T08:45:46.595+0000] {processor.py:829} INFO - Processing file /opt/airflow/dags/stations_functions.py for tasks to queue
[2024-06-12T08:45:46.598+0000] {logging_mixin.py:151} INFO - [2024-06-12T08:45:46.598+0000] {dagbag.py:539} INFO - Filling up the DagBag from /opt/airflow/dags/stations_functions.py
[2024-06-12T08:45:46.755+0000] {processor.py:841} WARNING - No viable dags retrieved from /opt/airflow/dags/stations_functions.py
[2024-06-12T08:45:46.762+0000] {processor.py:179} INFO - Processing /opt/airflow/dags/stations_functions.py took 0.177 seconds
[2024-06-12T08:47:49.966+0000] {processor.py:157} INFO - Started process (PID=170) to work on /opt/airflow/dags/stations_functions.py
[2024-06-12T08:47:49.967+0000] {processor.py:829} INFO - Processing file /opt/airflow/dags/stations_functions.py for tasks to queue
[2024-06-12T08:47:49.970+0000] {logging_mixin.py:151} INFO - [2024-06-12T08:47:49.970+0000] {dagbag.py:539} INFO - Filling up the DagBag from /opt/airflow/dags/stations_functions.py
[2024-06-12T08:47:50.111+0000] {processor.py:841} WARNING - No viable dags retrieved from /opt/airflow/dags/stations_functions.py
[2024-06-12T08:47:50.120+0000] {processor.py:179} INFO - Processing /opt/airflow/dags/stations_functions.py took 0.159 seconds
[2024-06-12T08:50:26.412+0000] {processor.py:157} INFO - Started process (PID=180) to work on /opt/airflow/dags/stations_functions.py
[2024-06-12T08:50:26.415+0000] {processor.py:829} INFO - Processing file /opt/airflow/dags/stations_functions.py for tasks to queue
[2024-06-12T08:50:26.418+0000] {logging_mixin.py:151} INFO - [2024-06-12T08:50:26.418+0000] {dagbag.py:539} INFO - Filling up the DagBag from /opt/airflow/dags/stations_functions.py
[2024-06-12T08:50:26.673+0000] {processor.py:841} WARNING - No viable dags retrieved from /opt/airflow/dags/stations_functions.py
[2024-06-12T08:50:26.694+0000] {processor.py:179} INFO - Processing /opt/airflow/dags/stations_functions.py took 0.288 seconds
[2024-06-12T08:53:07.428+0000] {processor.py:157} INFO - Started process (PID=190) to work on /opt/airflow/dags/stations_functions.py
[2024-06-12T08:53:07.429+0000] {processor.py:829} INFO - Processing file /opt/airflow/dags/stations_functions.py for tasks to queue
[2024-06-12T08:53:07.432+0000] {logging_mixin.py:151} INFO - [2024-06-12T08:53:07.432+0000] {dagbag.py:539} INFO - Filling up the DagBag from /opt/airflow/dags/stations_functions.py
[2024-06-12T08:53:07.554+0000] {processor.py:841} WARNING - No viable dags retrieved from /opt/airflow/dags/stations_functions.py
[2024-06-12T08:53:07.562+0000] {processor.py:179} INFO - Processing /opt/airflow/dags/stations_functions.py took 0.140 seconds
[2024-06-12T08:53:37.870+0000] {processor.py:157} INFO - Started process (PID=200) to work on /opt/airflow/dags/stations_functions.py
[2024-06-12T08:53:37.871+0000] {processor.py:829} INFO - Processing file /opt/airflow/dags/stations_functions.py for tasks to queue
[2024-06-12T08:53:37.874+0000] {logging_mixin.py:151} INFO - [2024-06-12T08:53:37.874+0000] {dagbag.py:539} INFO - Filling up the DagBag from /opt/airflow/dags/stations_functions.py
[2024-06-12T08:53:38.002+0000] {processor.py:841} WARNING - No viable dags retrieved from /opt/airflow/dags/stations_functions.py
[2024-06-12T08:53:38.009+0000] {processor.py:179} INFO - Processing /opt/airflow/dags/stations_functions.py took 0.144 seconds
[2024-06-12T08:54:08.345+0000] {processor.py:157} INFO - Started process (PID=209) to work on /opt/airflow/dags/stations_functions.py
[2024-06-12T08:54:08.348+0000] {processor.py:829} INFO - Processing file /opt/airflow/dags/stations_functions.py for tasks to queue
[2024-06-12T08:54:08.350+0000] {logging_mixin.py:151} INFO - [2024-06-12T08:54:08.350+0000] {dagbag.py:539} INFO - Filling up the DagBag from /opt/airflow/dags/stations_functions.py
[2024-06-12T08:54:08.461+0000] {processor.py:841} WARNING - No viable dags retrieved from /opt/airflow/dags/stations_functions.py
[2024-06-12T08:54:08.468+0000] {processor.py:179} INFO - Processing /opt/airflow/dags/stations_functions.py took 0.127 seconds
[2024-06-12T08:54:38.786+0000] {processor.py:157} INFO - Started process (PID=219) to work on /opt/airflow/dags/stations_functions.py
[2024-06-12T08:54:38.787+0000] {processor.py:829} INFO - Processing file /opt/airflow/dags/stations_functions.py for tasks to queue
[2024-06-12T08:54:38.789+0000] {logging_mixin.py:151} INFO - [2024-06-12T08:54:38.789+0000] {dagbag.py:539} INFO - Filling up the DagBag from /opt/airflow/dags/stations_functions.py
[2024-06-12T08:54:38.908+0000] {processor.py:841} WARNING - No viable dags retrieved from /opt/airflow/dags/stations_functions.py
[2024-06-12T08:54:38.916+0000] {processor.py:179} INFO - Processing /opt/airflow/dags/stations_functions.py took 0.133 seconds
[2024-06-12T08:55:09.233+0000] {processor.py:157} INFO - Started process (PID=229) to work on /opt/airflow/dags/stations_functions.py
[2024-06-12T08:55:09.236+0000] {processor.py:829} INFO - Processing file /opt/airflow/dags/stations_functions.py for tasks to queue
[2024-06-12T08:55:09.237+0000] {logging_mixin.py:151} INFO - [2024-06-12T08:55:09.237+0000] {dagbag.py:539} INFO - Filling up the DagBag from /opt/airflow/dags/stations_functions.py
[2024-06-12T08:55:09.340+0000] {processor.py:841} WARNING - No viable dags retrieved from /opt/airflow/dags/stations_functions.py
[2024-06-12T08:55:09.348+0000] {processor.py:179} INFO - Processing /opt/airflow/dags/stations_functions.py took 0.116 seconds
[2024-06-12T08:55:39.695+0000] {processor.py:157} INFO - Started process (PID=239) to work on /opt/airflow/dags/stations_functions.py
[2024-06-12T08:55:39.696+0000] {processor.py:829} INFO - Processing file /opt/airflow/dags/stations_functions.py for tasks to queue
[2024-06-12T08:55:39.700+0000] {logging_mixin.py:151} INFO - [2024-06-12T08:55:39.699+0000] {dagbag.py:539} INFO - Filling up the DagBag from /opt/airflow/dags/stations_functions.py
[2024-06-12T08:55:39.805+0000] {processor.py:841} WARNING - No viable dags retrieved from /opt/airflow/dags/stations_functions.py
[2024-06-12T08:55:39.812+0000] {processor.py:179} INFO - Processing /opt/airflow/dags/stations_functions.py took 0.122 seconds
[2024-06-12T08:56:10.145+0000] {processor.py:157} INFO - Started process (PID=256) to work on /opt/airflow/dags/stations_functions.py
[2024-06-12T08:56:10.147+0000] {processor.py:829} INFO - Processing file /opt/airflow/dags/stations_functions.py for tasks to queue
[2024-06-12T08:56:10.150+0000] {logging_mixin.py:151} INFO - [2024-06-12T08:56:10.149+0000] {dagbag.py:539} INFO - Filling up the DagBag from /opt/airflow/dags/stations_functions.py
[2024-06-12T08:56:10.254+0000] {processor.py:841} WARNING - No viable dags retrieved from /opt/airflow/dags/stations_functions.py
[2024-06-12T08:56:10.261+0000] {processor.py:179} INFO - Processing /opt/airflow/dags/stations_functions.py took 0.120 seconds
[2024-06-12T08:56:40.591+0000] {processor.py:157} INFO - Started process (PID=266) to work on /opt/airflow/dags/stations_functions.py
[2024-06-12T08:56:40.594+0000] {processor.py:829} INFO - Processing file /opt/airflow/dags/stations_functions.py for tasks to queue
[2024-06-12T08:56:40.597+0000] {logging_mixin.py:151} INFO - [2024-06-12T08:56:40.597+0000] {dagbag.py:539} INFO - Filling up the DagBag from /opt/airflow/dags/stations_functions.py
[2024-06-12T08:56:40.704+0000] {processor.py:841} WARNING - No viable dags retrieved from /opt/airflow/dags/stations_functions.py
[2024-06-12T08:56:40.711+0000] {processor.py:179} INFO - Processing /opt/airflow/dags/stations_functions.py took 0.123 seconds
[2024-06-12T08:57:11.043+0000] {processor.py:157} INFO - Started process (PID=276) to work on /opt/airflow/dags/stations_functions.py
[2024-06-12T08:57:11.044+0000] {processor.py:829} INFO - Processing file /opt/airflow/dags/stations_functions.py for tasks to queue
[2024-06-12T08:57:11.046+0000] {logging_mixin.py:151} INFO - [2024-06-12T08:57:11.046+0000] {dagbag.py:539} INFO - Filling up the DagBag from /opt/airflow/dags/stations_functions.py
[2024-06-12T08:57:11.166+0000] {processor.py:841} WARNING - No viable dags retrieved from /opt/airflow/dags/stations_functions.py
[2024-06-12T08:57:11.173+0000] {processor.py:179} INFO - Processing /opt/airflow/dags/stations_functions.py took 0.134 seconds
[2024-06-12T08:57:41.516+0000] {processor.py:157} INFO - Started process (PID=285) to work on /opt/airflow/dags/stations_functions.py
[2024-06-12T08:57:41.517+0000] {processor.py:829} INFO - Processing file /opt/airflow/dags/stations_functions.py for tasks to queue
[2024-06-12T08:57:41.520+0000] {logging_mixin.py:151} INFO - [2024-06-12T08:57:41.520+0000] {dagbag.py:539} INFO - Filling up the DagBag from /opt/airflow/dags/stations_functions.py
[2024-06-12T08:57:41.626+0000] {processor.py:841} WARNING - No viable dags retrieved from /opt/airflow/dags/stations_functions.py
[2024-06-12T08:57:41.633+0000] {processor.py:179} INFO - Processing /opt/airflow/dags/stations_functions.py took 0.120 seconds
[2024-06-12T08:58:11.927+0000] {processor.py:157} INFO - Started process (PID=295) to work on /opt/airflow/dags/stations_functions.py
[2024-06-12T08:58:11.927+0000] {processor.py:829} INFO - Processing file /opt/airflow/dags/stations_functions.py for tasks to queue
[2024-06-12T08:58:11.929+0000] {logging_mixin.py:151} INFO - [2024-06-12T08:58:11.929+0000] {dagbag.py:539} INFO - Filling up the DagBag from /opt/airflow/dags/stations_functions.py
[2024-06-12T08:58:12.028+0000] {processor.py:841} WARNING - No viable dags retrieved from /opt/airflow/dags/stations_functions.py
[2024-06-12T08:58:12.035+0000] {processor.py:179} INFO - Processing /opt/airflow/dags/stations_functions.py took 0.111 seconds
[2024-06-12T08:58:42.376+0000] {processor.py:157} INFO - Started process (PID=305) to work on /opt/airflow/dags/stations_functions.py
[2024-06-12T08:58:42.378+0000] {processor.py:829} INFO - Processing file /opt/airflow/dags/stations_functions.py for tasks to queue
[2024-06-12T08:58:42.380+0000] {logging_mixin.py:151} INFO - [2024-06-12T08:58:42.379+0000] {dagbag.py:539} INFO - Filling up the DagBag from /opt/airflow/dags/stations_functions.py
[2024-06-12T08:58:42.490+0000] {processor.py:841} WARNING - No viable dags retrieved from /opt/airflow/dags/stations_functions.py
[2024-06-12T08:58:42.496+0000] {processor.py:179} INFO - Processing /opt/airflow/dags/stations_functions.py took 0.123 seconds
[2024-06-12T08:59:12.818+0000] {processor.py:157} INFO - Started process (PID=315) to work on /opt/airflow/dags/stations_functions.py
[2024-06-12T08:59:12.821+0000] {processor.py:829} INFO - Processing file /opt/airflow/dags/stations_functions.py for tasks to queue
[2024-06-12T08:59:12.822+0000] {logging_mixin.py:151} INFO - [2024-06-12T08:59:12.822+0000] {dagbag.py:539} INFO - Filling up the DagBag from /opt/airflow/dags/stations_functions.py
[2024-06-12T08:59:12.939+0000] {processor.py:841} WARNING - No viable dags retrieved from /opt/airflow/dags/stations_functions.py
[2024-06-12T08:59:12.946+0000] {processor.py:179} INFO - Processing /opt/airflow/dags/stations_functions.py took 0.132 seconds
[2024-06-12T08:59:43.269+0000] {processor.py:157} INFO - Started process (PID=324) to work on /opt/airflow/dags/stations_functions.py
[2024-06-12T08:59:43.270+0000] {processor.py:829} INFO - Processing file /opt/airflow/dags/stations_functions.py for tasks to queue
[2024-06-12T08:59:43.272+0000] {logging_mixin.py:151} INFO - [2024-06-12T08:59:43.272+0000] {dagbag.py:539} INFO - Filling up the DagBag from /opt/airflow/dags/stations_functions.py
[2024-06-12T08:59:43.383+0000] {processor.py:841} WARNING - No viable dags retrieved from /opt/airflow/dags/stations_functions.py
[2024-06-12T08:59:43.389+0000] {processor.py:179} INFO - Processing /opt/airflow/dags/stations_functions.py took 0.124 seconds
[2024-06-12T09:00:13.719+0000] {processor.py:157} INFO - Started process (PID=334) to work on /opt/airflow/dags/stations_functions.py
[2024-06-12T09:00:13.721+0000] {processor.py:829} INFO - Processing file /opt/airflow/dags/stations_functions.py for tasks to queue
[2024-06-12T09:00:13.724+0000] {logging_mixin.py:151} INFO - [2024-06-12T09:00:13.724+0000] {dagbag.py:539} INFO - Filling up the DagBag from /opt/airflow/dags/stations_functions.py
[2024-06-12T09:00:13.866+0000] {processor.py:841} WARNING - No viable dags retrieved from /opt/airflow/dags/stations_functions.py
[2024-06-12T09:00:13.874+0000] {processor.py:179} INFO - Processing /opt/airflow/dags/stations_functions.py took 0.158 seconds
[2024-06-12T09:00:44.205+0000] {processor.py:157} INFO - Started process (PID=344) to work on /opt/airflow/dags/stations_functions.py
[2024-06-12T09:00:44.207+0000] {processor.py:829} INFO - Processing file /opt/airflow/dags/stations_functions.py for tasks to queue
[2024-06-12T09:00:44.210+0000] {logging_mixin.py:151} INFO - [2024-06-12T09:00:44.209+0000] {dagbag.py:539} INFO - Filling up the DagBag from /opt/airflow/dags/stations_functions.py
[2024-06-12T09:00:44.339+0000] {processor.py:841} WARNING - No viable dags retrieved from /opt/airflow/dags/stations_functions.py
[2024-06-12T09:00:44.348+0000] {processor.py:179} INFO - Processing /opt/airflow/dags/stations_functions.py took 0.147 seconds
[2024-06-12T09:01:14.675+0000] {processor.py:157} INFO - Started process (PID=353) to work on /opt/airflow/dags/stations_functions.py
[2024-06-12T09:01:14.676+0000] {processor.py:829} INFO - Processing file /opt/airflow/dags/stations_functions.py for tasks to queue
[2024-06-12T09:01:14.679+0000] {logging_mixin.py:151} INFO - [2024-06-12T09:01:14.679+0000] {dagbag.py:539} INFO - Filling up the DagBag from /opt/airflow/dags/stations_functions.py
[2024-06-12T09:01:14.794+0000] {processor.py:841} WARNING - No viable dags retrieved from /opt/airflow/dags/stations_functions.py
[2024-06-12T09:01:14.801+0000] {processor.py:179} INFO - Processing /opt/airflow/dags/stations_functions.py took 0.129 seconds
[2024-06-12T09:01:45.082+0000] {processor.py:157} INFO - Started process (PID=362) to work on /opt/airflow/dags/stations_functions.py
[2024-06-12T09:01:45.083+0000] {processor.py:829} INFO - Processing file /opt/airflow/dags/stations_functions.py for tasks to queue
[2024-06-12T09:01:45.086+0000] {logging_mixin.py:151} INFO - [2024-06-12T09:01:45.085+0000] {dagbag.py:539} INFO - Filling up the DagBag from /opt/airflow/dags/stations_functions.py
[2024-06-12T09:01:45.228+0000] {processor.py:841} WARNING - No viable dags retrieved from /opt/airflow/dags/stations_functions.py
[2024-06-12T09:01:45.234+0000] {processor.py:179} INFO - Processing /opt/airflow/dags/stations_functions.py took 0.156 seconds
[2024-06-12T09:02:15.532+0000] {processor.py:157} INFO - Started process (PID=371) to work on /opt/airflow/dags/stations_functions.py
[2024-06-12T09:02:15.533+0000] {processor.py:829} INFO - Processing file /opt/airflow/dags/stations_functions.py for tasks to queue
[2024-06-12T09:02:15.535+0000] {logging_mixin.py:151} INFO - [2024-06-12T09:02:15.535+0000] {dagbag.py:539} INFO - Filling up the DagBag from /opt/airflow/dags/stations_functions.py
[2024-06-12T09:02:15.686+0000] {processor.py:841} WARNING - No viable dags retrieved from /opt/airflow/dags/stations_functions.py
[2024-06-12T09:02:15.701+0000] {processor.py:179} INFO - Processing /opt/airflow/dags/stations_functions.py took 0.173 seconds
[2024-06-12T09:02:46.051+0000] {processor.py:157} INFO - Started process (PID=381) to work on /opt/airflow/dags/stations_functions.py
[2024-06-12T09:02:46.052+0000] {processor.py:829} INFO - Processing file /opt/airflow/dags/stations_functions.py for tasks to queue
[2024-06-12T09:02:46.057+0000] {logging_mixin.py:151} INFO - [2024-06-12T09:02:46.057+0000] {dagbag.py:539} INFO - Filling up the DagBag from /opt/airflow/dags/stations_functions.py
[2024-06-12T09:02:46.187+0000] {processor.py:841} WARNING - No viable dags retrieved from /opt/airflow/dags/stations_functions.py
[2024-06-12T09:02:46.195+0000] {processor.py:179} INFO - Processing /opt/airflow/dags/stations_functions.py took 0.152 seconds
[2024-06-12T09:03:16.570+0000] {processor.py:157} INFO - Started process (PID=391) to work on /opt/airflow/dags/stations_functions.py
[2024-06-12T09:03:16.574+0000] {processor.py:829} INFO - Processing file /opt/airflow/dags/stations_functions.py for tasks to queue
[2024-06-12T09:03:16.578+0000] {logging_mixin.py:151} INFO - [2024-06-12T09:03:16.578+0000] {dagbag.py:539} INFO - Filling up the DagBag from /opt/airflow/dags/stations_functions.py
[2024-06-12T09:03:16.706+0000] {processor.py:841} WARNING - No viable dags retrieved from /opt/airflow/dags/stations_functions.py
[2024-06-12T09:03:16.714+0000] {processor.py:179} INFO - Processing /opt/airflow/dags/stations_functions.py took 0.158 seconds
[2024-06-12T09:03:47.027+0000] {processor.py:157} INFO - Started process (PID=400) to work on /opt/airflow/dags/stations_functions.py
[2024-06-12T09:03:47.028+0000] {processor.py:829} INFO - Processing file /opt/airflow/dags/stations_functions.py for tasks to queue
[2024-06-12T09:03:47.030+0000] {logging_mixin.py:151} INFO - [2024-06-12T09:03:47.030+0000] {dagbag.py:539} INFO - Filling up the DagBag from /opt/airflow/dags/stations_functions.py
[2024-06-12T09:03:47.159+0000] {processor.py:841} WARNING - No viable dags retrieved from /opt/airflow/dags/stations_functions.py
[2024-06-12T09:03:47.167+0000] {processor.py:179} INFO - Processing /opt/airflow/dags/stations_functions.py took 0.145 seconds
[2024-06-12T09:04:17.500+0000] {processor.py:157} INFO - Started process (PID=409) to work on /opt/airflow/dags/stations_functions.py
[2024-06-12T09:04:17.503+0000] {processor.py:829} INFO - Processing file /opt/airflow/dags/stations_functions.py for tasks to queue
[2024-06-12T09:04:17.507+0000] {logging_mixin.py:151} INFO - [2024-06-12T09:04:17.506+0000] {dagbag.py:539} INFO - Filling up the DagBag from /opt/airflow/dags/stations_functions.py
[2024-06-12T09:04:17.626+0000] {processor.py:841} WARNING - No viable dags retrieved from /opt/airflow/dags/stations_functions.py
[2024-06-12T09:04:17.634+0000] {processor.py:179} INFO - Processing /opt/airflow/dags/stations_functions.py took 0.139 seconds
[2024-06-12T09:04:48.037+0000] {processor.py:157} INFO - Started process (PID=419) to work on /opt/airflow/dags/stations_functions.py
[2024-06-12T09:04:48.038+0000] {processor.py:829} INFO - Processing file /opt/airflow/dags/stations_functions.py for tasks to queue
[2024-06-12T09:04:48.041+0000] {logging_mixin.py:151} INFO - [2024-06-12T09:04:48.041+0000] {dagbag.py:539} INFO - Filling up the DagBag from /opt/airflow/dags/stations_functions.py
[2024-06-12T09:04:48.180+0000] {processor.py:841} WARNING - No viable dags retrieved from /opt/airflow/dags/stations_functions.py
[2024-06-12T09:04:48.188+0000] {processor.py:179} INFO - Processing /opt/airflow/dags/stations_functions.py took 0.159 seconds
[2024-06-12T09:07:00.325+0000] {processor.py:157} INFO - Started process (PID=422) to work on /opt/airflow/dags/stations_functions.py
[2024-06-12T09:07:00.327+0000] {processor.py:829} INFO - Processing file /opt/airflow/dags/stations_functions.py for tasks to queue
[2024-06-12T09:07:00.331+0000] {logging_mixin.py:151} INFO - [2024-06-12T09:07:00.331+0000] {dagbag.py:539} INFO - Filling up the DagBag from /opt/airflow/dags/stations_functions.py
[2024-06-12T09:07:00.653+0000] {processor.py:841} WARNING - No viable dags retrieved from /opt/airflow/dags/stations_functions.py
[2024-06-12T09:07:00.676+0000] {processor.py:179} INFO - Processing /opt/airflow/dags/stations_functions.py took 0.360 seconds
[2024-06-12T09:10:28.348+0000] {processor.py:157} INFO - Started process (PID=432) to work on /opt/airflow/dags/stations_functions.py
[2024-06-12T09:10:28.351+0000] {processor.py:829} INFO - Processing file /opt/airflow/dags/stations_functions.py for tasks to queue
[2024-06-12T09:10:28.363+0000] {logging_mixin.py:151} INFO - [2024-06-12T09:10:28.362+0000] {dagbag.py:539} INFO - Filling up the DagBag from /opt/airflow/dags/stations_functions.py
[2024-06-12T09:10:28.636+0000] {processor.py:841} WARNING - No viable dags retrieved from /opt/airflow/dags/stations_functions.py
[2024-06-12T09:10:28.650+0000] {processor.py:179} INFO - Processing /opt/airflow/dags/stations_functions.py took 0.309 seconds
[2024-06-12T09:12:57.781+0000] {processor.py:157} INFO - Started process (PID=442) to work on /opt/airflow/dags/stations_functions.py
[2024-06-12T09:12:57.785+0000] {processor.py:829} INFO - Processing file /opt/airflow/dags/stations_functions.py for tasks to queue
[2024-06-12T09:12:57.792+0000] {logging_mixin.py:151} INFO - [2024-06-12T09:12:57.792+0000] {dagbag.py:539} INFO - Filling up the DagBag from /opt/airflow/dags/stations_functions.py
[2024-06-12T09:12:58.089+0000] {processor.py:841} WARNING - No viable dags retrieved from /opt/airflow/dags/stations_functions.py
[2024-06-12T09:12:58.110+0000] {processor.py:179} INFO - Processing /opt/airflow/dags/stations_functions.py took 0.336 seconds
[2024-06-12T09:17:25.554+0000] {processor.py:157} INFO - Started process (PID=452) to work on /opt/airflow/dags/stations_functions.py
[2024-06-12T09:17:25.555+0000] {processor.py:829} INFO - Processing file /opt/airflow/dags/stations_functions.py for tasks to queue
[2024-06-12T09:17:25.559+0000] {logging_mixin.py:151} INFO - [2024-06-12T09:17:25.559+0000] {dagbag.py:539} INFO - Filling up the DagBag from /opt/airflow/dags/stations_functions.py
[2024-06-12T09:17:25.677+0000] {processor.py:841} WARNING - No viable dags retrieved from /opt/airflow/dags/stations_functions.py
[2024-06-12T09:17:25.684+0000] {processor.py:179} INFO - Processing /opt/airflow/dags/stations_functions.py took 0.135 seconds
[2024-06-12T09:19:55.521+0000] {processor.py:157} INFO - Started process (PID=462) to work on /opt/airflow/dags/stations_functions.py
[2024-06-12T09:19:55.525+0000] {processor.py:829} INFO - Processing file /opt/airflow/dags/stations_functions.py for tasks to queue
[2024-06-12T09:19:55.537+0000] {logging_mixin.py:151} INFO - [2024-06-12T09:19:55.536+0000] {dagbag.py:539} INFO - Filling up the DagBag from /opt/airflow/dags/stations_functions.py
[2024-06-12T09:19:55.760+0000] {processor.py:841} WARNING - No viable dags retrieved from /opt/airflow/dags/stations_functions.py
[2024-06-12T09:19:55.768+0000] {processor.py:179} INFO - Processing /opt/airflow/dags/stations_functions.py took 0.257 seconds
[2024-06-12T09:24:22.976+0000] {processor.py:157} INFO - Started process (PID=471) to work on /opt/airflow/dags/stations_functions.py
[2024-06-12T09:24:22.977+0000] {processor.py:829} INFO - Processing file /opt/airflow/dags/stations_functions.py for tasks to queue
[2024-06-12T09:24:22.984+0000] {logging_mixin.py:151} INFO - [2024-06-12T09:24:22.983+0000] {dagbag.py:539} INFO - Filling up the DagBag from /opt/airflow/dags/stations_functions.py
[2024-06-12T09:24:23.296+0000] {processor.py:841} WARNING - No viable dags retrieved from /opt/airflow/dags/stations_functions.py
[2024-06-12T09:24:23.319+0000] {processor.py:179} INFO - Processing /opt/airflow/dags/stations_functions.py took 0.354 seconds
[2024-06-12T09:28:50.791+0000] {processor.py:157} INFO - Started process (PID=481) to work on /opt/airflow/dags/stations_functions.py
[2024-06-12T09:28:50.792+0000] {processor.py:829} INFO - Processing file /opt/airflow/dags/stations_functions.py for tasks to queue
[2024-06-12T09:28:50.794+0000] {logging_mixin.py:151} INFO - [2024-06-12T09:28:50.794+0000] {dagbag.py:539} INFO - Filling up the DagBag from /opt/airflow/dags/stations_functions.py
[2024-06-12T09:28:50.913+0000] {processor.py:841} WARNING - No viable dags retrieved from /opt/airflow/dags/stations_functions.py
[2024-06-12T09:28:50.920+0000] {processor.py:179} INFO - Processing /opt/airflow/dags/stations_functions.py took 0.137 seconds
[2024-06-12T09:31:27.268+0000] {processor.py:157} INFO - Started process (PID=491) to work on /opt/airflow/dags/stations_functions.py
[2024-06-12T09:31:27.269+0000] {processor.py:829} INFO - Processing file /opt/airflow/dags/stations_functions.py for tasks to queue
[2024-06-12T09:31:27.271+0000] {logging_mixin.py:151} INFO - [2024-06-12T09:31:27.271+0000] {dagbag.py:539} INFO - Filling up the DagBag from /opt/airflow/dags/stations_functions.py
[2024-06-12T09:31:27.392+0000] {processor.py:841} WARNING - No viable dags retrieved from /opt/airflow/dags/stations_functions.py
[2024-06-12T09:31:27.398+0000] {processor.py:179} INFO - Processing /opt/airflow/dags/stations_functions.py took 0.133 seconds
[2024-06-12T09:32:36.111+0000] {processor.py:157} INFO - Started process (PID=501) to work on /opt/airflow/dags/stations_functions.py
[2024-06-12T09:32:36.112+0000] {processor.py:829} INFO - Processing file /opt/airflow/dags/stations_functions.py for tasks to queue
[2024-06-12T09:32:36.115+0000] {logging_mixin.py:151} INFO - [2024-06-12T09:32:36.115+0000] {dagbag.py:539} INFO - Filling up the DagBag from /opt/airflow/dags/stations_functions.py
[2024-06-12T09:32:36.225+0000] {processor.py:841} WARNING - No viable dags retrieved from /opt/airflow/dags/stations_functions.py
[2024-06-12T09:32:36.232+0000] {processor.py:179} INFO - Processing /opt/airflow/dags/stations_functions.py took 0.126 seconds
[2024-06-12T09:34:22.309+0000] {processor.py:157} INFO - Started process (PID=510) to work on /opt/airflow/dags/stations_functions.py
[2024-06-12T09:34:22.311+0000] {processor.py:829} INFO - Processing file /opt/airflow/dags/stations_functions.py for tasks to queue
[2024-06-12T09:34:22.312+0000] {logging_mixin.py:151} INFO - [2024-06-12T09:34:22.312+0000] {dagbag.py:539} INFO - Filling up the DagBag from /opt/airflow/dags/stations_functions.py
[2024-06-12T09:34:22.419+0000] {processor.py:841} WARNING - No viable dags retrieved from /opt/airflow/dags/stations_functions.py
[2024-06-12T09:34:22.425+0000] {processor.py:179} INFO - Processing /opt/airflow/dags/stations_functions.py took 0.118 seconds
[2024-06-12T10:56:58.071+0000] {processor.py:157} INFO - Started process (PID=520) to work on /opt/airflow/dags/stations_functions.py
[2024-06-12T10:56:58.072+0000] {processor.py:829} INFO - Processing file /opt/airflow/dags/stations_functions.py for tasks to queue
[2024-06-12T10:56:58.074+0000] {logging_mixin.py:151} INFO - [2024-06-12T10:56:58.074+0000] {dagbag.py:539} INFO - Filling up the DagBag from /opt/airflow/dags/stations_functions.py
[2024-06-12T10:56:58.182+0000] {processor.py:841} WARNING - No viable dags retrieved from /opt/airflow/dags/stations_functions.py
[2024-06-12T10:56:58.192+0000] {processor.py:179} INFO - Processing /opt/airflow/dags/stations_functions.py took 0.124 seconds
[2024-06-12T11:27:56.568+0000] {processor.py:157} INFO - Started process (PID=530) to work on /opt/airflow/dags/stations_functions.py
[2024-06-12T11:27:56.571+0000] {processor.py:829} INFO - Processing file /opt/airflow/dags/stations_functions.py for tasks to queue
[2024-06-12T11:27:56.577+0000] {logging_mixin.py:151} INFO - [2024-06-12T11:27:56.576+0000] {dagbag.py:539} INFO - Filling up the DagBag from /opt/airflow/dags/stations_functions.py
[2024-06-12T11:27:56.740+0000] {processor.py:841} WARNING - No viable dags retrieved from /opt/airflow/dags/stations_functions.py
[2024-06-12T11:27:56.748+0000] {processor.py:179} INFO - Processing /opt/airflow/dags/stations_functions.py took 0.187 seconds
[2024-06-12T16:51:21.218+0000] {processor.py:157} INFO - Started process (PID=30) to work on /opt/airflow/dags/stations_functions.py
[2024-06-12T16:51:21.219+0000] {processor.py:829} INFO - Processing file /opt/airflow/dags/stations_functions.py for tasks to queue
[2024-06-12T16:51:21.222+0000] {logging_mixin.py:151} INFO - [2024-06-12T16:51:21.221+0000] {dagbag.py:539} INFO - Filling up the DagBag from /opt/airflow/dags/stations_functions.py
[2024-06-12T16:51:21.460+0000] {processor.py:841} WARNING - No viable dags retrieved from /opt/airflow/dags/stations_functions.py
[2024-06-12T16:51:21.472+0000] {processor.py:179} INFO - Processing /opt/airflow/dags/stations_functions.py took 0.257 seconds
