[2024-06-06T14:48:05.840+0000] {taskinstance.py:1157} INFO - Dependencies all met for dep_context=non-requeueable deps ti=<TaskInstance: my_python_dag.elastic_metro_station manual__2024-06-06T14:22:06.853850+00:00 [queued]>
[2024-06-06T14:48:06.011+0000] {taskinstance.py:1157} INFO - Dependencies all met for dep_context=requeueable deps ti=<TaskInstance: my_python_dag.elastic_metro_station manual__2024-06-06T14:22:06.853850+00:00 [queued]>
[2024-06-06T14:48:06.013+0000] {taskinstance.py:1359} INFO - Starting attempt 1 of 2
[2024-06-06T14:48:06.020+0000] {taskinstance.py:1380} INFO - Executing <Task(PythonOperator): elastic_metro_station> on 2024-06-06 14:22:06.853850+00:00
[2024-06-06T14:48:06.023+0000] {standard_task_runner.py:57} INFO - Started process 2441 to run task
[2024-06-06T14:48:06.029+0000] {standard_task_runner.py:84} INFO - Running: ['***', 'tasks', 'run', 'my_python_dag', 'elastic_metro_station', 'manual__2024-06-06T14:22:06.853850+00:00', '--job-id', '196', '--raw', '--subdir', 'DAGS_FOLDER/fetch_from_data_sources.py', '--cfg-path', '/tmp/tmpd1snm8gt']
[2024-06-06T14:48:06.035+0000] {standard_task_runner.py:85} INFO - Job 196: Subtask elastic_metro_station
[2024-06-06T14:48:06.073+0000] {task_command.py:415} INFO - Running <TaskInstance: my_python_dag.elastic_metro_station manual__2024-06-06T14:22:06.853850+00:00 [running]> on host 9e4bf1cd7746
[2024-06-06T14:48:06.121+0000] {taskinstance.py:1660} INFO - Exporting env vars: AIRFLOW_CTX_DAG_OWNER='***' AIRFLOW_CTX_DAG_ID='my_python_dag' AIRFLOW_CTX_TASK_ID='elastic_metro_station' AIRFLOW_CTX_EXECUTION_DATE='2024-06-06T14:22:06.853850+00:00' AIRFLOW_CTX_TRY_NUMBER='1' AIRFLOW_CTX_DAG_RUN_ID='manual__2024-06-06T14:22:06.853850+00:00'
[2024-06-06T14:48:06.123+0000] {logging_mixin.py:151} INFO - Hello
[2024-06-06T14:49:21.289+0000] {_transport.py:336} INFO - PUT https://7f0ef8badf50482b9b0d93ef141e14ec.us-central1.gcp.cloud.es.io:443/metro_station/_doc/concorde [status:200 duration:0.430s]
[2024-06-06T14:49:21.443+0000] {_transport.py:336} INFO - PUT https://7f0ef8badf50482b9b0d93ef141e14ec.us-central1.gcp.cloud.es.io:443/metro_station/_doc/les-sablons [status:200 duration:0.147s]
[2024-06-06T14:49:21.599+0000] {_transport.py:336} INFO - PUT https://7f0ef8badf50482b9b0d93ef141e14ec.us-central1.gcp.cloud.es.io:443/metro_station/_doc/rambuteau [status:200 duration:0.149s]
[2024-06-06T14:49:21.745+0000] {_transport.py:336} INFO - PUT https://7f0ef8badf50482b9b0d93ef141e14ec.us-central1.gcp.cloud.es.io:443/metro_station/_doc/hotel-de-ville [status:200 duration:0.143s]
[2024-06-06T14:49:21.912+0000] {_transport.py:336} INFO - PUT https://7f0ef8badf50482b9b0d93ef141e14ec.us-central1.gcp.cloud.es.io:443/metro_station/_doc/anvers [status:200 duration:0.163s]
[2024-06-06T14:49:22.054+0000] {_transport.py:336} INFO - PUT https://7f0ef8badf50482b9b0d93ef141e14ec.us-central1.gcp.cloud.es.io:443/metro_station/_doc/chatelet-les-halles [status:200 duration:0.139s]
[2024-06-06T14:49:22.212+0000] {_transport.py:336} INFO - PUT https://7f0ef8badf50482b9b0d93ef141e14ec.us-central1.gcp.cloud.es.io:443/metro_station/_doc/nation [status:200 duration:0.156s]
[2024-06-06T14:49:22.377+0000] {_transport.py:336} INFO - PUT https://7f0ef8badf50482b9b0d93ef141e14ec.us-central1.gcp.cloud.es.io:443/metro_station/_doc/argentine [status:200 duration:0.161s]
[2024-06-06T14:49:22.538+0000] {_transport.py:336} INFO - PUT https://7f0ef8badf50482b9b0d93ef141e14ec.us-central1.gcp.cloud.es.io:443/metro_station/_doc/bibliotheque-francois-mitterrand [status:200 duration:0.159s]
[2024-06-06T14:49:22.704+0000] {_transport.py:336} INFO - PUT https://7f0ef8badf50482b9b0d93ef141e14ec.us-central1.gcp.cloud.es.io:443/metro_station/_doc/gare-du-nord [status:200 duration:0.158s]
[2024-06-06T14:49:22.857+0000] {_transport.py:336} INFO - PUT https://7f0ef8badf50482b9b0d93ef141e14ec.us-central1.gcp.cloud.es.io:443/metro_station/_doc/champs-elysees-clemenceau [status:200 duration:0.147s]
[2024-06-06T14:49:23.010+0000] {_transport.py:336} INFO - PUT https://7f0ef8badf50482b9b0d93ef141e14ec.us-central1.gcp.cloud.es.io:443/metro_station/_doc/bastille [status:200 duration:0.149s]
[2024-06-06T14:49:23.171+0000] {_transport.py:336} INFO - PUT https://7f0ef8badf50482b9b0d93ef141e14ec.us-central1.gcp.cloud.es.io:443/metro_station/_doc/gare-d-austerlitz [status:200 duration:0.155s]
[2024-06-06T14:49:23.392+0000] {_transport.py:336} INFO - PUT https://7f0ef8badf50482b9b0d93ef141e14ec.us-central1.gcp.cloud.es.io:443/metro_station/_doc/saint-mande [status:200 duration:0.215s]
[2024-06-06T14:49:23.562+0000] {_transport.py:336} INFO - PUT https://7f0ef8badf50482b9b0d93ef141e14ec.us-central1.gcp.cloud.es.io:443/metro_station/_doc/la-defense [status:200 duration:0.168s]
[2024-06-06T14:49:23.725+0000] {_transport.py:336} INFO - PUT https://7f0ef8badf50482b9b0d93ef141e14ec.us-central1.gcp.cloud.es.io:443/metro_station/_doc/tuileries [status:200 duration:0.158s]
[2024-06-06T14:49:23.891+0000] {_transport.py:336} INFO - PUT https://7f0ef8badf50482b9b0d93ef141e14ec.us-central1.gcp.cloud.es.io:443/metro_station/_doc/pont-de-neuilly [status:200 duration:0.161s]
[2024-06-06T14:49:24.054+0000] {_transport.py:336} INFO - PUT https://7f0ef8badf50482b9b0d93ef141e14ec.us-central1.gcp.cloud.es.io:443/metro_station/_doc/gare-de-l-est [status:200 duration:0.161s]
[2024-06-06T14:49:24.222+0000] {_transport.py:336} INFO - PUT https://7f0ef8badf50482b9b0d93ef141e14ec.us-central1.gcp.cloud.es.io:443/metro_station/_doc/montparnasse-bienvenue [status:200 duration:0.161s]
[2024-06-06T14:49:24.419+0000] {_transport.py:336} INFO - PUT https://7f0ef8badf50482b9b0d93ef141e14ec.us-central1.gcp.cloud.es.io:443/metro_station/_doc/porte-de-la-villette [status:200 duration:0.195s]
[2024-06-06T14:49:24.589+0000] {_transport.py:336} INFO - PUT https://7f0ef8badf50482b9b0d93ef141e14ec.us-central1.gcp.cloud.es.io:443/metro_station/_doc/porte-maillot [status:200 duration:0.163s]
[2024-06-06T14:49:24.762+0000] {_transport.py:336} INFO - PUT https://7f0ef8badf50482b9b0d93ef141e14ec.us-central1.gcp.cloud.es.io:443/metro_station/_doc/franklin-roosevelt [status:200 duration:0.163s]
[2024-06-06T14:49:24.940+0000] {_transport.py:336} INFO - PUT https://7f0ef8badf50482b9b0d93ef141e14ec.us-central1.gcp.cloud.es.io:443/metro_station/_doc/reuilly-diderot [status:200 duration:0.171s]
[2024-06-06T14:49:25.128+0000] {_transport.py:336} INFO - PUT https://7f0ef8badf50482b9b0d93ef141e14ec.us-central1.gcp.cloud.es.io:443/metro_station/_doc/berault [status:200 duration:0.186s]
[2024-06-06T14:49:25.283+0000] {_transport.py:336} INFO - PUT https://7f0ef8badf50482b9b0d93ef141e14ec.us-central1.gcp.cloud.es.io:443/metro_station/_doc/marne-la-vallee-chessy [status:200 duration:0.152s]
[2024-06-06T14:49:25.450+0000] {_transport.py:336} INFO - PUT https://7f0ef8badf50482b9b0d93ef141e14ec.us-central1.gcp.cloud.es.io:443/metro_station/_doc/opera [status:200 duration:0.158s]
[2024-06-06T14:49:25.620+0000] {_transport.py:336} INFO - PUT https://7f0ef8badf50482b9b0d93ef141e14ec.us-central1.gcp.cloud.es.io:443/metro_station/_doc/gare-de-lyon [status:200 duration:0.164s]
[2024-06-06T14:49:25.781+0000] {_transport.py:336} INFO - PUT https://7f0ef8badf50482b9b0d93ef141e14ec.us-central1.gcp.cloud.es.io:443/metro_station/_doc/porte-de-vincennes [status:200 duration:0.152s]
[2024-06-06T14:49:25.945+0000] {_transport.py:336} INFO - PUT https://7f0ef8badf50482b9b0d93ef141e14ec.us-central1.gcp.cloud.es.io:443/metro_station/_doc/louvre-rivoli [status:200 duration:0.159s]
[2024-06-06T14:49:26.106+0000] {_transport.py:336} INFO - PUT https://7f0ef8badf50482b9b0d93ef141e14ec.us-central1.gcp.cloud.es.io:443/metro_station/_doc/bir-hakeim [status:200 duration:0.157s]
[2024-06-06T14:49:26.372+0000] {_transport.py:336} INFO - PUT https://7f0ef8badf50482b9b0d93ef141e14ec.us-central1.gcp.cloud.es.io:443/metro_station/_doc/charles-de-gaulle-etoile [status:200 duration:0.261s]
[2024-06-06T14:49:26.767+0000] {_transport.py:336} INFO - PUT https://7f0ef8badf50482b9b0d93ef141e14ec.us-central1.gcp.cloud.es.io:443/metro_station/_doc/palais-royal-musee-du-louvre [status:200 duration:0.384s]
[2024-06-06T14:49:27.041+0000] {_transport.py:336} INFO - PUT https://7f0ef8badf50482b9b0d93ef141e14ec.us-central1.gcp.cloud.es.io:443/metro_station/_doc/george-v [status:200 duration:0.263s]
[2024-06-06T14:49:27.243+0000] {_transport.py:336} INFO - PUT https://7f0ef8badf50482b9b0d93ef141e14ec.us-central1.gcp.cloud.es.io:443/metro_station/_doc/republique [status:200 duration:0.197s]
[2024-06-06T14:49:27.411+0000] {_transport.py:336} INFO - PUT https://7f0ef8badf50482b9b0d93ef141e14ec.us-central1.gcp.cloud.es.io:443/metro_station/_doc/chatelet [status:200 duration:0.157s]
[2024-06-06T14:49:27.573+0000] {_transport.py:336} INFO - PUT https://7f0ef8badf50482b9b0d93ef141e14ec.us-central1.gcp.cloud.es.io:443/metro_station/_doc/saint-lazare [status:200 duration:0.161s]
[2024-06-06T14:49:27.732+0000] {_transport.py:336} INFO - PUT https://7f0ef8badf50482b9b0d93ef141e14ec.us-central1.gcp.cloud.es.io:443/metro_station/_doc/chateau-de-vincennes [status:200 duration:0.157s]
[2024-06-06T14:49:27.896+0000] {_transport.py:336} INFO - PUT https://7f0ef8badf50482b9b0d93ef141e14ec.us-central1.gcp.cloud.es.io:443/metro_station/_doc/esplanade-de-la-defense [status:200 duration:0.161s]
[2024-06-06T14:49:28.052+0000] {_transport.py:336} INFO - PUT https://7f0ef8badf50482b9b0d93ef141e14ec.us-central1.gcp.cloud.es.io:443/metro_station/_doc/saint-michel-notre-dame [status:200 duration:0.150s]
[2024-06-06T14:49:28.219+0000] {_transport.py:336} INFO - PUT https://7f0ef8badf50482b9b0d93ef141e14ec.us-central1.gcp.cloud.es.io:443/metro_station/_doc/saint-paul [status:200 duration:0.163s]
[2024-06-06T14:49:28.376+0000] {_transport.py:336} INFO - PUT https://7f0ef8badf50482b9b0d93ef141e14ec.us-central1.gcp.cloud.es.io:443/metro_station/_doc/bercy [status:200 duration:0.153s]
[2024-06-06T14:49:28.525+0000] {_transport.py:336} INFO - PUT https://7f0ef8badf50482b9b0d93ef141e14ec.us-central1.gcp.cloud.es.io:443/metro_station/_doc/colonel-fabien [status:200 duration:0.145s]
[2024-06-06T14:49:28.685+0000] {_transport.py:336} INFO - PUT https://7f0ef8badf50482b9b0d93ef141e14ec.us-central1.gcp.cloud.es.io:443/metro_station/_doc/courcelles [status:200 duration:0.158s]
[2024-06-06T14:49:28.874+0000] {_transport.py:336} INFO - PUT https://7f0ef8badf50482b9b0d93ef141e14ec.us-central1.gcp.cloud.es.io:443/metro_station/_doc/rome [status:200 duration:0.179s]
[2024-06-06T14:49:29.024+0000] {_transport.py:336} INFO - PUT https://7f0ef8badf50482b9b0d93ef141e14ec.us-central1.gcp.cloud.es.io:443/metro_station/_doc/jaures [status:200 duration:0.147s]
[2024-06-06T14:49:29.183+0000] {_transport.py:336} INFO - PUT https://7f0ef8badf50482b9b0d93ef141e14ec.us-central1.gcp.cloud.es.io:443/metro_station/_doc/pigalle [status:200 duration:0.154s]
[2024-06-06T14:49:29.388+0000] {_transport.py:336} INFO - PUT https://7f0ef8badf50482b9b0d93ef141e14ec.us-central1.gcp.cloud.es.io:443/metro_station/_doc/alexandre-dumas [status:200 duration:0.195s]
[2024-06-06T14:49:29.546+0000] {_transport.py:336} INFO - PUT https://7f0ef8badf50482b9b0d93ef141e14ec.us-central1.gcp.cloud.es.io:443/metro_station/_doc/pere-lachaise [status:200 duration:0.151s]
[2024-06-06T14:49:29.713+0000] {_transport.py:336} INFO - PUT https://7f0ef8badf50482b9b0d93ef141e14ec.us-central1.gcp.cloud.es.io:443/metro_station/_doc/place-de-clichy [status:200 duration:0.160s]
[2024-06-06T14:49:29.878+0000] {_transport.py:336} INFO - PUT https://7f0ef8badf50482b9b0d93ef141e14ec.us-central1.gcp.cloud.es.io:443/metro_station/_doc/belleville [status:200 duration:0.158s]
[2024-06-06T14:49:30.024+0000] {_transport.py:336} INFO - PUT https://7f0ef8badf50482b9b0d93ef141e14ec.us-central1.gcp.cloud.es.io:443/metro_station/_doc/philippe-auguste [status:200 duration:0.140s]
[2024-06-06T14:49:30.180+0000] {_transport.py:336} INFO - PUT https://7f0ef8badf50482b9b0d93ef141e14ec.us-central1.gcp.cloud.es.io:443/metro_station/_doc/monceau [status:200 duration:0.152s]
[2024-06-06T14:49:30.348+0000] {_transport.py:336} INFO - PUT https://7f0ef8badf50482b9b0d93ef141e14ec.us-central1.gcp.cloud.es.io:443/metro_station/_doc/blanche [status:200 duration:0.166s]
[2024-06-06T14:49:30.501+0000] {_transport.py:336} INFO - PUT https://7f0ef8badf50482b9b0d93ef141e14ec.us-central1.gcp.cloud.es.io:443/metro_station/_doc/victor-hugo [status:200 duration:0.148s]
[2024-06-06T14:49:30.671+0000] {_transport.py:336} INFO - PUT https://7f0ef8badf50482b9b0d93ef141e14ec.us-central1.gcp.cloud.es.io:443/metro_station/_doc/barbes-rochechouart [status:200 duration:0.159s]
[2024-06-06T14:49:30.920+0000] {_transport.py:336} INFO - PUT https://7f0ef8badf50482b9b0d93ef141e14ec.us-central1.gcp.cloud.es.io:443/metro_station/_doc/couronnes [status:200 duration:0.241s]
[2024-06-06T14:49:31.252+0000] {_transport.py:336} INFO - PUT https://7f0ef8badf50482b9b0d93ef141e14ec.us-central1.gcp.cloud.es.io:443/metro_station/_doc/avron [status:200 duration:0.318s]
[2024-06-06T14:49:31.420+0000] {_transport.py:336} INFO - PUT https://7f0ef8badf50482b9b0d93ef141e14ec.us-central1.gcp.cloud.es.io:443/metro_station/_doc/stalingrad [status:200 duration:0.152s]
[2024-06-06T14:49:31.682+0000] {_transport.py:336} INFO - PUT https://7f0ef8badf50482b9b0d93ef141e14ec.us-central1.gcp.cloud.es.io:443/metro_station/_doc/villiers [status:200 duration:0.256s]
[2024-06-06T14:49:31.902+0000] {_transport.py:336} INFO - PUT https://7f0ef8badf50482b9b0d93ef141e14ec.us-central1.gcp.cloud.es.io:443/metro_station/_doc/menilmontant [status:200 duration:0.206s]
[2024-06-06T14:49:32.057+0000] {_transport.py:336} INFO - PUT https://7f0ef8badf50482b9b0d93ef141e14ec.us-central1.gcp.cloud.es.io:443/metro_station/_doc/porte-dauphine [status:200 duration:0.144s]
[2024-06-06T14:49:32.224+0000] {_transport.py:336} INFO - PUT https://7f0ef8badf50482b9b0d93ef141e14ec.us-central1.gcp.cloud.es.io:443/metro_station/_doc/ternes [status:200 duration:0.163s]
[2024-06-06T14:49:32.372+0000] {_transport.py:336} INFO - PUT https://7f0ef8badf50482b9b0d93ef141e14ec.us-central1.gcp.cloud.es.io:443/metro_station/_doc/la-chapelle [status:200 duration:0.142s]
[2024-06-06T14:49:32.547+0000] {_transport.py:336} INFO - PUT https://7f0ef8badf50482b9b0d93ef141e14ec.us-central1.gcp.cloud.es.io:443/metro_station/_doc/porte-de-champerret [status:200 duration:0.172s]
[2024-06-06T14:49:32.775+0000] {_transport.py:336} INFO - PUT https://7f0ef8badf50482b9b0d93ef141e14ec.us-central1.gcp.cloud.es.io:443/metro_station/_doc/europe [status:200 duration:0.219s]
[2024-06-06T14:49:32.942+0000] {_transport.py:336} INFO - PUT https://7f0ef8badf50482b9b0d93ef141e14ec.us-central1.gcp.cloud.es.io:443/metro_station/_doc/wagram [status:200 duration:0.154s]
[2024-06-06T14:49:33.157+0000] {_transport.py:336} INFO - PUT https://7f0ef8badf50482b9b0d93ef141e14ec.us-central1.gcp.cloud.es.io:443/metro_station/_doc/gambetta [status:200 duration:0.211s]
[2024-06-06T14:49:33.319+0000] {_transport.py:336} INFO - PUT https://7f0ef8badf50482b9b0d93ef141e14ec.us-central1.gcp.cloud.es.io:443/metro_station/_doc/anatole-france [status:200 duration:0.148s]
[2024-06-06T14:49:33.541+0000] {_transport.py:336} INFO - PUT https://7f0ef8badf50482b9b0d93ef141e14ec.us-central1.gcp.cloud.es.io:443/metro_station/_doc/quatre-septembre [status:200 duration:0.210s]
[2024-06-06T14:49:33.789+0000] {_transport.py:336} INFO - PUT https://7f0ef8badf50482b9b0d93ef141e14ec.us-central1.gcp.cloud.es.io:443/metro_station/_doc/temple [status:200 duration:0.242s]
[2024-06-06T14:49:33.959+0000] {_transport.py:336} INFO - PUT https://7f0ef8badf50482b9b0d93ef141e14ec.us-central1.gcp.cloud.es.io:443/metro_station/_doc/malesherbes [status:200 duration:0.161s]
[2024-06-06T14:49:34.118+0000] {_transport.py:336} INFO - PUT https://7f0ef8badf50482b9b0d93ef141e14ec.us-central1.gcp.cloud.es.io:443/metro_station/_doc/pont-de-levallois-becon [status:200 duration:0.157s]
[2024-06-06T14:49:34.354+0000] {_transport.py:336} INFO - PUT https://7f0ef8badf50482b9b0d93ef141e14ec.us-central1.gcp.cloud.es.io:443/metro_station/_doc/louise-michel [status:200 duration:0.231s]
[2024-06-06T14:49:34.548+0000] {_transport.py:336} INFO - PUT https://7f0ef8badf50482b9b0d93ef141e14ec.us-central1.gcp.cloud.es.io:443/metro_station/_doc/arts-et-metiers [status:200 duration:0.185s]
[2024-06-06T14:49:34.765+0000] {_transport.py:336} INFO - PUT https://7f0ef8badf50482b9b0d93ef141e14ec.us-central1.gcp.cloud.es.io:443/metro_station/_doc/havre-caumartin [status:200 duration:0.209s]
[2024-06-06T14:49:34.955+0000] {_transport.py:336} INFO - PUT https://7f0ef8badf50482b9b0d93ef141e14ec.us-central1.gcp.cloud.es.io:443/metro_station/_doc/rue-saint-maur [status:200 duration:0.172s]
[2024-06-06T14:49:35.109+0000] {_transport.py:336} INFO - PUT https://7f0ef8badf50482b9b0d93ef141e14ec.us-central1.gcp.cloud.es.io:443/metro_station/_doc/parmentier [status:200 duration:0.150s]
[2024-06-06T14:49:35.255+0000] {_transport.py:336} INFO - PUT https://7f0ef8badf50482b9b0d93ef141e14ec.us-central1.gcp.cloud.es.io:443/metro_station/_doc/porte-de-bagnolet [status:200 duration:0.143s]
[2024-06-06T14:49:35.420+0000] {_transport.py:336} INFO - PUT https://7f0ef8badf50482b9b0d93ef141e14ec.us-central1.gcp.cloud.es.io:443/metro_station/_doc/pereire [status:200 duration:0.161s]
[2024-06-06T14:49:35.568+0000] {_transport.py:336} INFO - PUT https://7f0ef8badf50482b9b0d93ef141e14ec.us-central1.gcp.cloud.es.io:443/metro_station/_doc/bourse [status:200 duration:0.143s]
[2024-06-06T14:49:35.799+0000] {_transport.py:336} INFO - PUT https://7f0ef8badf50482b9b0d93ef141e14ec.us-central1.gcp.cloud.es.io:443/metro_station/_doc/sentier [status:200 duration:0.222s]
[2024-06-06T14:49:36.054+0000] {_transport.py:336} INFO - PUT https://7f0ef8badf50482b9b0d93ef141e14ec.us-central1.gcp.cloud.es.io:443/metro_station/_doc/reaumur-sebastopol [status:200 duration:0.249s]
[2024-06-06T14:49:36.212+0000] {_transport.py:336} INFO - PUT https://7f0ef8badf50482b9b0d93ef141e14ec.us-central1.gcp.cloud.es.io:443/metro_station/_doc/gallieni [status:200 duration:0.156s]
[2024-06-06T14:49:36.464+0000] {_transport.py:336} INFO - PUT https://7f0ef8badf50482b9b0d93ef141e14ec.us-central1.gcp.cloud.es.io:443/metro_station/_doc/porte-d-orleans [status:200 duration:0.244s]
[2024-06-06T14:49:36.633+0000] {_transport.py:336} INFO - PUT https://7f0ef8badf50482b9b0d93ef141e14ec.us-central1.gcp.cloud.es.io:443/metro_station/_doc/porte-de-clignancourt [status:200 duration:0.163s]
[2024-06-06T14:49:36.852+0000] {_transport.py:336} INFO - PUT https://7f0ef8badf50482b9b0d93ef141e14ec.us-central1.gcp.cloud.es.io:443/metro_station/_doc/simplon [status:200 duration:0.216s]
[2024-06-06T14:49:37.003+0000] {_transport.py:336} INFO - PUT https://7f0ef8badf50482b9b0d93ef141e14ec.us-central1.gcp.cloud.es.io:443/metro_station/_doc/cite [status:200 duration:0.148s]
[2024-06-06T14:49:37.151+0000] {_transport.py:336} INFO - PUT https://7f0ef8badf50482b9b0d93ef141e14ec.us-central1.gcp.cloud.es.io:443/metro_station/_doc/marcadet-poissonniers [status:200 duration:0.142s]
[2024-06-06T14:49:37.294+0000] {_transport.py:336} INFO - PUT https://7f0ef8badf50482b9b0d93ef141e14ec.us-central1.gcp.cloud.es.io:443/metro_station/_doc/saint-germain-des-pres [status:200 duration:0.139s]
[2024-06-06T14:49:37.441+0000] {_transport.py:336} INFO - PUT https://7f0ef8badf50482b9b0d93ef141e14ec.us-central1.gcp.cloud.es.io:443/metro_station/_doc/bagneux-lucie-aubrac [status:200 duration:0.145s]
[2024-06-06T14:49:37.663+0000] {_transport.py:336} INFO - PUT https://7f0ef8badf50482b9b0d93ef141e14ec.us-central1.gcp.cloud.es.io:443/metro_station/_doc/saint-michel [status:200 duration:0.220s]
[2024-06-06T14:49:37.909+0000] {_transport.py:336} INFO - PUT https://7f0ef8badf50482b9b0d93ef141e14ec.us-central1.gcp.cloud.es.io:443/metro_station/_doc/chateau-rouge [status:200 duration:0.243s]
[2024-06-06T14:49:38.129+0000] {_transport.py:336} INFO - PUT https://7f0ef8badf50482b9b0d93ef141e14ec.us-central1.gcp.cloud.es.io:443/metro_station/_doc/mouton-duvernet [status:200 duration:0.213s]
[2024-06-06T14:49:38.280+0000] {_transport.py:336} INFO - PUT https://7f0ef8badf50482b9b0d93ef141e14ec.us-central1.gcp.cloud.es.io:443/metro_station/_doc/vavin [status:200 duration:0.147s]
[2024-06-06T14:49:38.445+0000] {_transport.py:336} INFO - PUT https://7f0ef8badf50482b9b0d93ef141e14ec.us-central1.gcp.cloud.es.io:443/metro_station/_doc/raspail [status:200 duration:0.159s]
[2024-06-06T14:49:38.674+0000] {_transport.py:336} INFO - PUT https://7f0ef8badf50482b9b0d93ef141e14ec.us-central1.gcp.cloud.es.io:443/metro_station/_doc/alesia [status:200 duration:0.223s]
[2024-06-06T14:49:38.950+0000] {_transport.py:336} INFO - PUT https://7f0ef8badf50482b9b0d93ef141e14ec.us-central1.gcp.cloud.es.io:443/metro_station/_doc/mairie-de-montrouge [status:200 duration:0.272s]
[2024-06-06T14:49:39.125+0000] {_transport.py:336} INFO - PUT https://7f0ef8badf50482b9b0d93ef141e14ec.us-central1.gcp.cloud.es.io:443/metro_station/_doc/barbara [status:200 duration:0.170s]
[2024-06-06T14:49:39.282+0000] {_transport.py:336} INFO - PUT https://7f0ef8badf50482b9b0d93ef141e14ec.us-central1.gcp.cloud.es.io:443/metro_station/_doc/denfert-rochereau [status:200 duration:0.156s]
[2024-06-06T14:49:39.436+0000] {_transport.py:336} INFO - PUT https://7f0ef8badf50482b9b0d93ef141e14ec.us-central1.gcp.cloud.es.io:443/metro_station/_doc/les-halles [status:200 duration:0.151s]
[2024-06-06T14:49:39.605+0000] {_transport.py:336} INFO - PUT https://7f0ef8badf50482b9b0d93ef141e14ec.us-central1.gcp.cloud.es.io:443/metro_station/_doc/chateau-d-eau [status:200 duration:0.160s]
[2024-06-06T14:49:39.778+0000] {_transport.py:336} INFO - PUT https://7f0ef8badf50482b9b0d93ef141e14ec.us-central1.gcp.cloud.es.io:443/metro_station/_doc/strasbourg-saint-denis [status:200 duration:0.167s]
[2024-06-06T14:49:39.931+0000] {_transport.py:336} INFO - PUT https://7f0ef8badf50482b9b0d93ef141e14ec.us-central1.gcp.cloud.es.io:443/metro_station/_doc/saint-placide [status:200 duration:0.146s]
[2024-06-06T14:49:40.090+0000] {_transport.py:336} INFO - PUT https://7f0ef8badf50482b9b0d93ef141e14ec.us-central1.gcp.cloud.es.io:443/metro_station/_doc/saint-sulpice [status:200 duration:0.153s]
[2024-06-06T14:49:40.251+0000] {_transport.py:336} INFO - PUT https://7f0ef8badf50482b9b0d93ef141e14ec.us-central1.gcp.cloud.es.io:443/metro_station/_doc/etienne-marcel [status:200 duration:0.158s]
[2024-06-06T14:49:40.399+0000] {_transport.py:336} INFO - PUT https://7f0ef8badf50482b9b0d93ef141e14ec.us-central1.gcp.cloud.es.io:443/metro_station/_doc/odeon [status:200 duration:0.145s]
[2024-06-06T14:49:40.551+0000] {_transport.py:336} INFO - PUT https://7f0ef8badf50482b9b0d93ef141e14ec.us-central1.gcp.cloud.es.io:443/metro_station/_doc/bobigny-pantin-raymond-queneau [status:200 duration:0.147s]
[2024-06-06T14:49:40.720+0000] {_transport.py:336} INFO - PUT https://7f0ef8badf50482b9b0d93ef141e14ec.us-central1.gcp.cloud.es.io:443/metro_station/_doc/bobigny-pablo-picasso [status:200 duration:0.162s]
[2024-06-06T14:49:40.884+0000] {_transport.py:336} INFO - PUT https://7f0ef8badf50482b9b0d93ef141e14ec.us-central1.gcp.cloud.es.io:443/metro_station/_doc/hoche [status:200 duration:0.157s]
[2024-06-06T14:49:41.054+0000] {_transport.py:336} INFO - PUT https://7f0ef8badf50482b9b0d93ef141e14ec.us-central1.gcp.cloud.es.io:443/metro_station/_doc/ourcq [status:200 duration:0.164s]
[2024-06-06T14:49:41.211+0000] {_transport.py:336} INFO - PUT https://7f0ef8badf50482b9b0d93ef141e14ec.us-central1.gcp.cloud.es.io:443/metro_station/_doc/quai-de-la-rapee [status:200 duration:0.152s]
[2024-06-06T14:49:41.365+0000] {_transport.py:336} INFO - PUT https://7f0ef8badf50482b9b0d93ef141e14ec.us-central1.gcp.cloud.es.io:443/metro_station/_doc/oberkampf [status:200 duration:0.151s]
[2024-06-06T14:49:41.526+0000] {_transport.py:336} INFO - PUT https://7f0ef8badf50482b9b0d93ef141e14ec.us-central1.gcp.cloud.es.io:443/metro_station/_doc/laumiere [status:200 duration:0.156s]
[2024-06-06T14:49:41.673+0000] {_transport.py:336} INFO - PUT https://7f0ef8badf50482b9b0d93ef141e14ec.us-central1.gcp.cloud.es.io:443/metro_station/_doc/jacques-bonsergent [status:200 duration:0.140s]
[2024-06-06T14:49:41.841+0000] {_transport.py:336} INFO - PUT https://7f0ef8badf50482b9b0d93ef141e14ec.us-central1.gcp.cloud.es.io:443/metro_station/_doc/place-d-italie [status:200 duration:0.161s]
[2024-06-06T14:49:41.999+0000] {_transport.py:336} INFO - PUT https://7f0ef8badf50482b9b0d93ef141e14ec.us-central1.gcp.cloud.es.io:443/metro_station/_doc/porte-de-pantin [status:200 duration:0.152s]
[2024-06-06T14:49:42.154+0000] {_transport.py:336} INFO - PUT https://7f0ef8badf50482b9b0d93ef141e14ec.us-central1.gcp.cloud.es.io:443/metro_station/_doc/campo-formio [status:200 duration:0.152s]
[2024-06-06T14:49:42.318+0000] {_transport.py:336} INFO - PUT https://7f0ef8badf50482b9b0d93ef141e14ec.us-central1.gcp.cloud.es.io:443/metro_station/_doc/saint-marcel [status:200 duration:0.161s]
[2024-06-06T14:49:42.469+0000] {_transport.py:336} INFO - PUT https://7f0ef8badf50482b9b0d93ef141e14ec.us-central1.gcp.cloud.es.io:443/metro_station/_doc/richard-lenoir [status:200 duration:0.149s]
[2024-06-06T14:49:42.636+0000] {_transport.py:336} INFO - PUT https://7f0ef8badf50482b9b0d93ef141e14ec.us-central1.gcp.cloud.es.io:443/metro_station/_doc/breguet-sabin [status:200 duration:0.164s]
[2024-06-06T14:49:42.790+0000] {_transport.py:336} INFO - PUT https://7f0ef8badf50482b9b0d93ef141e14ec.us-central1.gcp.cloud.es.io:443/metro_station/_doc/eglise-de-pantin [status:200 duration:0.148s]
[2024-06-06T14:49:42.937+0000] {_transport.py:336} INFO - PUT https://7f0ef8badf50482b9b0d93ef141e14ec.us-central1.gcp.cloud.es.io:443/metro_station/_doc/kleber [status:200 duration:0.143s]
[2024-06-06T14:49:43.191+0000] {_transport.py:336} INFO - PUT https://7f0ef8badf50482b9b0d93ef141e14ec.us-central1.gcp.cloud.es.io:443/metro_station/_doc/trocadero [status:200 duration:0.246s]
[2024-06-06T14:49:43.449+0000] {_transport.py:336} INFO - PUT https://7f0ef8badf50482b9b0d93ef141e14ec.us-central1.gcp.cloud.es.io:443/metro_station/_doc/dugommier [status:200 duration:0.247s]
[2024-06-06T14:49:43.670+0000] {_transport.py:336} INFO - PUT https://7f0ef8badf50482b9b0d93ef141e14ec.us-central1.gcp.cloud.es.io:443/metro_station/_doc/la-motte-picquet-grenelle [status:200 duration:0.214s]
[2024-06-06T14:49:43.825+0000] {_transport.py:336} INFO - PUT https://7f0ef8badf50482b9b0d93ef141e14ec.us-central1.gcp.cloud.es.io:443/metro_station/_doc/nationale [status:200 duration:0.144s]
[2024-06-06T14:49:43.980+0000] {_transport.py:336} INFO - PUT https://7f0ef8badf50482b9b0d93ef141e14ec.us-central1.gcp.cloud.es.io:443/metro_station/_doc/daumesnil [status:200 duration:0.151s]
[2024-06-06T14:49:44.142+0000] {_transport.py:336} INFO - PUT https://7f0ef8badf50482b9b0d93ef141e14ec.us-central1.gcp.cloud.es.io:443/metro_station/_doc/saint-jacques [status:200 duration:0.157s]
[2024-06-06T14:49:44.287+0000] {_transport.py:336} INFO - PUT https://7f0ef8badf50482b9b0d93ef141e14ec.us-central1.gcp.cloud.es.io:443/metro_station/_doc/sevres-lecourbe [status:200 duration:0.142s]
[2024-06-06T14:49:44.434+0000] {_transport.py:336} INFO - PUT https://7f0ef8badf50482b9b0d93ef141e14ec.us-central1.gcp.cloud.es.io:443/metro_station/_doc/passy [status:200 duration:0.143s]
[2024-06-06T14:49:44.595+0000] {_transport.py:336} INFO - PUT https://7f0ef8badf50482b9b0d93ef141e14ec.us-central1.gcp.cloud.es.io:443/metro_station/_doc/quai-de-la-gare [status:200 duration:0.154s]
[2024-06-06T14:49:44.761+0000] {_transport.py:336} INFO - PUT https://7f0ef8badf50482b9b0d93ef141e14ec.us-central1.gcp.cloud.es.io:443/metro_station/_doc/corvisart [status:200 duration:0.159s]
[2024-06-06T14:49:44.919+0000] {_transport.py:336} INFO - PUT https://7f0ef8badf50482b9b0d93ef141e14ec.us-central1.gcp.cloud.es.io:443/metro_station/_doc/chevaleret [status:200 duration:0.150s]
[2024-06-06T14:49:45.082+0000] {_transport.py:336} INFO - PUT https://7f0ef8badf50482b9b0d93ef141e14ec.us-central1.gcp.cloud.es.io:443/metro_station/_doc/edgar-quinet [status:200 duration:0.162s]
[2024-06-06T14:49:45.220+0000] {_transport.py:336} INFO - PUT https://7f0ef8badf50482b9b0d93ef141e14ec.us-central1.gcp.cloud.es.io:443/metro_station/_doc/boissiere [status:200 duration:0.135s]
[2024-06-06T14:49:45.364+0000] {_transport.py:336} INFO - PUT https://7f0ef8badf50482b9b0d93ef141e14ec.us-central1.gcp.cloud.es.io:443/metro_station/_doc/dupleix [status:200 duration:0.143s]
[2024-06-06T14:49:45.529+0000] {_transport.py:336} INFO - PUT https://7f0ef8badf50482b9b0d93ef141e14ec.us-central1.gcp.cloud.es.io:443/metro_station/_doc/cambronne [status:200 duration:0.162s]
[2024-06-06T14:49:45.696+0000] {_transport.py:336} INFO - PUT https://7f0ef8badf50482b9b0d93ef141e14ec.us-central1.gcp.cloud.es.io:443/metro_station/_doc/picpus [status:200 duration:0.157s]
[2024-06-06T14:49:45.847+0000] {_transport.py:336} INFO - PUT https://7f0ef8badf50482b9b0d93ef141e14ec.us-central1.gcp.cloud.es.io:443/metro_station/_doc/pasteur [status:200 duration:0.147s]
[2024-06-06T14:49:46.008+0000] {_transport.py:336} INFO - PUT https://7f0ef8badf50482b9b0d93ef141e14ec.us-central1.gcp.cloud.es.io:443/metro_station/_doc/glaciere [status:200 duration:0.154s]
[2024-06-06T14:49:46.165+0000] {_transport.py:336} INFO - PUT https://7f0ef8badf50482b9b0d93ef141e14ec.us-central1.gcp.cloud.es.io:443/metro_station/_doc/bel-air [status:200 duration:0.147s]
[2024-06-06T14:49:46.324+0000] {_transport.py:336} INFO - PUT https://7f0ef8badf50482b9b0d93ef141e14ec.us-central1.gcp.cloud.es.io:443/metro_station/_doc/cadet [status:200 duration:0.157s]
[2024-06-06T14:49:46.474+0000] {_transport.py:336} INFO - PUT https://7f0ef8badf50482b9b0d93ef141e14ec.us-central1.gcp.cloud.es.io:443/metro_station/_doc/chateau-landon [status:200 duration:0.142s]
[2024-06-06T14:49:46.620+0000] {_transport.py:336} INFO - PUT https://7f0ef8badf50482b9b0d93ef141e14ec.us-central1.gcp.cloud.es.io:443/metro_station/_doc/fort-d-aubervilliers [status:200 duration:0.143s]
[2024-06-06T14:49:46.770+0000] {_transport.py:336} INFO - PUT https://7f0ef8badf50482b9b0d93ef141e14ec.us-central1.gcp.cloud.es.io:443/metro_station/_doc/villejuif-paul-vaillant-couturier [status:200 duration:0.137s]
[2024-06-06T14:49:46.935+0000] {_transport.py:336} INFO - PUT https://7f0ef8badf50482b9b0d93ef141e14ec.us-central1.gcp.cloud.es.io:443/metro_station/_doc/porte-de-choisy [status:200 duration:0.161s]
[2024-06-06T14:49:47.091+0000] {_transport.py:336} INFO - PUT https://7f0ef8badf50482b9b0d93ef141e14ec.us-central1.gcp.cloud.es.io:443/metro_station/_doc/louis-blanc [status:200 duration:0.146s]
[2024-06-06T14:49:47.250+0000] {_transport.py:336} INFO - PUT https://7f0ef8badf50482b9b0d93ef141e14ec.us-central1.gcp.cloud.es.io:443/metro_station/_doc/villejuif-louis-aragon [status:200 duration:0.152s]
[2024-06-06T14:49:47.392+0000] {_transport.py:336} INFO - PUT https://7f0ef8badf50482b9b0d93ef141e14ec.us-central1.gcp.cloud.es.io:443/metro_station/_doc/pont-marie [status:200 duration:0.139s]
[2024-06-06T14:49:47.550+0000] {_transport.py:336} INFO - PUT https://7f0ef8badf50482b9b0d93ef141e14ec.us-central1.gcp.cloud.es.io:443/metro_station/_doc/porte-d-ivry [status:200 duration:0.153s]
[2024-06-06T14:49:47.690+0000] {_transport.py:336} INFO - PUT https://7f0ef8badf50482b9b0d93ef141e14ec.us-central1.gcp.cloud.es.io:443/metro_station/_doc/pierre-et-marie-curie [status:200 duration:0.138s]
[2024-06-06T14:49:47.852+0000] {_transport.py:336} INFO - PUT https://7f0ef8badf50482b9b0d93ef141e14ec.us-central1.gcp.cloud.es.io:443/metro_station/_doc/crimee [status:200 duration:0.159s]
[2024-06-06T14:49:48.020+0000] {_transport.py:336} INFO - PUT https://7f0ef8badf50482b9b0d93ef141e14ec.us-central1.gcp.cloud.es.io:443/metro_station/_doc/la-courneuve-8-mai-1945 [status:200 duration:0.160s]
[2024-06-06T14:49:48.193+0000] {_transport.py:336} INFO - PUT https://7f0ef8badf50482b9b0d93ef141e14ec.us-central1.gcp.cloud.es.io:443/metro_station/_doc/maison-blanche [status:200 duration:0.164s]
[2024-06-06T14:49:48.353+0000] {_transport.py:336} INFO - PUT https://7f0ef8badf50482b9b0d93ef141e14ec.us-central1.gcp.cloud.es.io:443/metro_station/_doc/pyramides [status:200 duration:0.154s]
[2024-06-06T14:49:48.507+0000] {_transport.py:336} INFO - PUT https://7f0ef8badf50482b9b0d93ef141e14ec.us-central1.gcp.cloud.es.io:443/metro_station/_doc/poissonniere [status:200 duration:0.152s]
[2024-06-06T14:49:48.673+0000] {_transport.py:336} INFO - PUT https://7f0ef8badf50482b9b0d93ef141e14ec.us-central1.gcp.cloud.es.io:443/metro_station/_doc/place-monge [status:200 duration:0.156s]
[2024-06-06T14:49:48.817+0000] {_transport.py:336} INFO - PUT https://7f0ef8badf50482b9b0d93ef141e14ec.us-central1.gcp.cloud.es.io:443/metro_station/_doc/sully-morland [status:200 duration:0.142s]
[2024-06-06T14:49:48.987+0000] {_transport.py:336} INFO - PUT https://7f0ef8badf50482b9b0d93ef141e14ec.us-central1.gcp.cloud.es.io:443/metro_station/_doc/tolbiac [status:200 duration:0.161s]
[2024-06-06T14:49:49.139+0000] {_transport.py:336} INFO - PUT https://7f0ef8badf50482b9b0d93ef141e14ec.us-central1.gcp.cloud.es.io:443/metro_station/_doc/le-peletier [status:200 duration:0.140s]
[2024-06-06T14:49:49.291+0000] {_transport.py:336} INFO - PUT https://7f0ef8badf50482b9b0d93ef141e14ec.us-central1.gcp.cloud.es.io:443/metro_station/_doc/jussieu [status:200 duration:0.150s]
[2024-06-06T14:49:49.454+0000] {_transport.py:336} INFO - PUT https://7f0ef8badf50482b9b0d93ef141e14ec.us-central1.gcp.cloud.es.io:443/metro_station/_doc/les-gobelins [status:200 duration:0.159s]
[2024-06-06T14:49:49.620+0000] {_transport.py:336} INFO - PUT https://7f0ef8badf50482b9b0d93ef141e14ec.us-central1.gcp.cloud.es.io:443/metro_station/_doc/villejuif-leo-lagrange [status:200 duration:0.150s]
[2024-06-06T14:49:49.783+0000] {_transport.py:336} INFO - PUT https://7f0ef8badf50482b9b0d93ef141e14ec.us-central1.gcp.cloud.es.io:443/metro_station/_doc/corentin-cariou [status:200 duration:0.156s]
[2024-06-06T14:49:49.940+0000] {_transport.py:336} INFO - PUT https://7f0ef8badf50482b9b0d93ef141e14ec.us-central1.gcp.cloud.es.io:443/metro_station/_doc/chaussee-d-antin-la-fayette [status:200 duration:0.153s]
[2024-06-06T14:49:50.101+0000] {_transport.py:336} INFO - PUT https://7f0ef8badf50482b9b0d93ef141e14ec.us-central1.gcp.cloud.es.io:443/metro_station/_doc/mairie-d-ivry [status:200 duration:0.149s]
[2024-06-06T14:49:50.246+0000] {_transport.py:336} INFO - PUT https://7f0ef8badf50482b9b0d93ef141e14ec.us-central1.gcp.cloud.es.io:443/metro_station/_doc/riquet [status:200 duration:0.139s]
[2024-06-06T14:49:50.395+0000] {_transport.py:336} INFO - PUT https://7f0ef8badf50482b9b0d93ef141e14ec.us-central1.gcp.cloud.es.io:443/metro_station/_doc/le-kremlin-bicetre [status:200 duration:0.146s]
[2024-06-06T14:49:50.551+0000] {_transport.py:336} INFO - PUT https://7f0ef8badf50482b9b0d93ef141e14ec.us-central1.gcp.cloud.es.io:443/metro_station/_doc/pont-neuf [status:200 duration:0.151s]
[2024-06-06T14:49:50.712+0000] {_transport.py:336} INFO - PUT https://7f0ef8badf50482b9b0d93ef141e14ec.us-central1.gcp.cloud.es.io:443/metro_station/_doc/aubervilliers-pantin-quatre-chemins [status:200 duration:0.154s]
[2024-06-06T14:49:50.866+0000] {_transport.py:336} INFO - PUT https://7f0ef8badf50482b9b0d93ef141e14ec.us-central1.gcp.cloud.es.io:443/metro_station/_doc/porte-d-italie [status:200 duration:0.149s]
[2024-06-06T14:49:51.017+0000] {_transport.py:336} INFO - PUT https://7f0ef8badf50482b9b0d93ef141e14ec.us-central1.gcp.cloud.es.io:443/metro_station/_doc/censier-daubenton [status:200 duration:0.146s]
[2024-06-06T14:49:51.171+0000] {_transport.py:336} INFO - PUT https://7f0ef8badf50482b9b0d93ef141e14ec.us-central1.gcp.cloud.es.io:443/metro_station/_doc/grands-boulevards [status:200 duration:0.145s]
[2024-06-06T14:49:51.330+0000] {_transport.py:336} INFO - PUT https://7f0ef8badf50482b9b0d93ef141e14ec.us-central1.gcp.cloud.es.io:443/metro_station/_doc/commerce [status:200 duration:0.153s]
[2024-06-06T14:49:51.480+0000] {_transport.py:336} INFO - PUT https://7f0ef8badf50482b9b0d93ef141e14ec.us-central1.gcp.cloud.es.io:443/metro_station/_doc/ledru-rollin [status:200 duration:0.147s]
[2024-06-06T14:49:51.650+0000] {_transport.py:336} INFO - PUT https://7f0ef8badf50482b9b0d93ef141e14ec.us-central1.gcp.cloud.es.io:443/metro_station/_doc/montgallet [status:200 duration:0.164s]
[2024-06-06T14:49:51.810+0000] {_transport.py:336} INFO - PUT https://7f0ef8badf50482b9b0d93ef141e14ec.us-central1.gcp.cloud.es.io:443/metro_station/_doc/felix-faure [status:200 duration:0.157s]
[2024-06-06T14:49:51.976+0000] {_transport.py:336} INFO - PUT https://7f0ef8badf50482b9b0d93ef141e14ec.us-central1.gcp.cloud.es.io:443/metro_station/_doc/porte-de-charenton [status:200 duration:0.163s]
[2024-06-06T14:49:52.132+0000] {_transport.py:336} INFO - PUT https://7f0ef8badf50482b9b0d93ef141e14ec.us-central1.gcp.cloud.es.io:443/metro_station/_doc/ecole-militaire [status:200 duration:0.147s]
[2024-06-06T14:49:52.289+0000] {_transport.py:336} INFO - PUT https://7f0ef8badf50482b9b0d93ef141e14ec.us-central1.gcp.cloud.es.io:443/metro_station/_doc/michel-bizot [status:200 duration:0.151s]
[2024-06-06T14:49:52.433+0000] {_transport.py:336} INFO - PUT https://7f0ef8badf50482b9b0d93ef141e14ec.us-central1.gcp.cloud.es.io:443/metro_station/_doc/madeleine [status:200 duration:0.142s]
[2024-06-06T14:49:52.590+0000] {_transport.py:336} INFO - PUT https://7f0ef8badf50482b9b0d93ef141e14ec.us-central1.gcp.cloud.es.io:443/metro_station/_doc/faidherbe-chaligny [status:200 duration:0.155s]
[2024-06-06T14:49:52.787+0000] {_transport.py:336} INFO - PUT https://7f0ef8badf50482b9b0d93ef141e14ec.us-central1.gcp.cloud.es.io:443/metro_station/_doc/lourmel [status:200 duration:0.195s]
[2024-06-06T14:49:52.949+0000] {_transport.py:336} INFO - PUT https://7f0ef8badf50482b9b0d93ef141e14ec.us-central1.gcp.cloud.es.io:443/metro_station/_doc/creteil-l-echat [status:200 duration:0.150s]
[2024-06-06T14:49:53.128+0000] {_transport.py:336} INFO - PUT https://7f0ef8badf50482b9b0d93ef141e14ec.us-central1.gcp.cloud.es.io:443/metro_station/_doc/porte-doree [status:200 duration:0.164s]
[2024-06-06T14:49:53.278+0000] {_transport.py:336} INFO - PUT https://7f0ef8badf50482b9b0d93ef141e14ec.us-central1.gcp.cloud.es.io:443/metro_station/_doc/pointe-du-lac [status:200 duration:0.144s]
[2024-06-06T14:49:53.438+0000] {_transport.py:336} INFO - PUT https://7f0ef8badf50482b9b0d93ef141e14ec.us-central1.gcp.cloud.es.io:443/metro_station/_doc/ecole-veterinaire-de-maisons-alfort [status:200 duration:0.156s]
[2024-06-06T14:49:53.609+0000] {_transport.py:336} INFO - PUT https://7f0ef8badf50482b9b0d93ef141e14ec.us-central1.gcp.cloud.es.io:443/metro_station/_doc/balard [status:200 duration:0.165s]
[2024-06-06T14:49:53.834+0000] {_transport.py:336} INFO - PUT https://7f0ef8badf50482b9b0d93ef141e14ec.us-central1.gcp.cloud.es.io:443/metro_station/_doc/chemin-vert [status:200 duration:0.221s]
[2024-06-06T14:49:54.059+0000] {_transport.py:336} INFO - PUT https://7f0ef8badf50482b9b0d93ef141e14ec.us-central1.gcp.cloud.es.io:443/metro_station/_doc/bonne-nouvelle [status:200 duration:0.214s]
[2024-06-06T14:49:54.219+0000] {_transport.py:336} INFO - PUT https://7f0ef8badf50482b9b0d93ef141e14ec.us-central1.gcp.cloud.es.io:443/metro_station/_doc/filles-du-calvaire [status:200 duration:0.149s]
[2024-06-06T14:49:54.365+0000] {_transport.py:336} INFO - PUT https://7f0ef8badf50482b9b0d93ef141e14ec.us-central1.gcp.cloud.es.io:443/metro_station/_doc/saint-sebastien-froissart [status:200 duration:0.143s]
[2024-06-06T14:49:54.628+0000] {_transport.py:336} INFO - PUT https://7f0ef8badf50482b9b0d93ef141e14ec.us-central1.gcp.cloud.es.io:443/metro_station/_doc/liberte [status:200 duration:0.257s]
[2024-06-06T14:49:54.873+0000] {_transport.py:336} INFO - PUT https://7f0ef8badf50482b9b0d93ef141e14ec.us-central1.gcp.cloud.es.io:443/metro_station/_doc/maisons-alfort-stade [status:200 duration:0.235s]
[2024-06-06T14:49:55.106+0000] {_transport.py:336} INFO - PUT https://7f0ef8badf50482b9b0d93ef141e14ec.us-central1.gcp.cloud.es.io:443/metro_station/_doc/boucicaut [status:200 duration:0.221s]
[2024-06-06T14:49:55.938+0000] {_transport.py:336} INFO - PUT https://7f0ef8badf50482b9b0d93ef141e14ec.us-central1.gcp.cloud.es.io:443/metro_station/_doc/la-tour-maubourg [status:200 duration:0.824s]
[2024-06-06T14:49:56.183+0000] {_transport.py:336} INFO - PUT https://7f0ef8badf50482b9b0d93ef141e14ec.us-central1.gcp.cloud.es.io:443/metro_station/_doc/maisons-alfort-les-juilliottes [status:200 duration:0.234s]
[2024-06-06T14:49:56.345+0000] {_transport.py:336} INFO - PUT https://7f0ef8badf50482b9b0d93ef141e14ec.us-central1.gcp.cloud.es.io:443/metro_station/_doc/charenton-ecoles [status:200 duration:0.150s]
[2024-06-06T14:49:56.506+0000] {_transport.py:336} INFO - PUT https://7f0ef8badf50482b9b0d93ef141e14ec.us-central1.gcp.cloud.es.io:443/metro_station/_doc/creteil-universite [status:200 duration:0.159s]
[2024-06-06T14:49:56.764+0000] {_transport.py:336} INFO - PUT https://7f0ef8badf50482b9b0d93ef141e14ec.us-central1.gcp.cloud.es.io:443/metro_station/_doc/creteil-prefecture [status:200 duration:0.250s]
[2024-06-06T14:49:56.987+0000] {_transport.py:336} INFO - PUT https://7f0ef8badf50482b9b0d93ef141e14ec.us-central1.gcp.cloud.es.io:443/metro_station/_doc/richelieu-drouot [status:200 duration:0.216s]
[2024-06-06T14:49:57.227+0000] {_transport.py:336} INFO - PUT https://7f0ef8badf50482b9b0d93ef141e14ec.us-central1.gcp.cloud.es.io:443/metro_station/_doc/invalides [status:200 duration:0.231s]
[2024-06-06T14:49:57.403+0000] {_transport.py:336} INFO - PUT https://7f0ef8badf50482b9b0d93ef141e14ec.us-central1.gcp.cloud.es.io:443/metro_station/_doc/mairie-de-montreuil [status:200 duration:0.172s]
[2024-06-06T14:49:57.556+0000] {_transport.py:336} INFO - PUT https://7f0ef8badf50482b9b0d93ef141e14ec.us-central1.gcp.cloud.es.io:443/metro_station/_doc/miromesnil [status:200 duration:0.152s]
[2024-06-06T14:49:57.713+0000] {_transport.py:336} INFO - PUT https://7f0ef8badf50482b9b0d93ef141e14ec.us-central1.gcp.cloud.es.io:443/metro_station/_doc/exelmans [status:200 duration:0.155s]
[2024-06-06T14:49:57.859+0000] {_transport.py:336} INFO - PUT https://7f0ef8badf50482b9b0d93ef141e14ec.us-central1.gcp.cloud.es.io:443/metro_station/_doc/saint-philippe-du-roule [status:200 duration:0.143s]
[2024-06-06T14:49:58.023+0000] {_transport.py:336} INFO - PUT https://7f0ef8badf50482b9b0d93ef141e14ec.us-central1.gcp.cloud.es.io:443/metro_station/_doc/michel-ange-molitor [status:200 duration:0.158s]
[2024-06-06T14:49:58.178+0000] {_transport.py:336} INFO - PUT https://7f0ef8badf50482b9b0d93ef141e14ec.us-central1.gcp.cloud.es.io:443/metro_station/_doc/rue-des-boulets [status:200 duration:0.153s]
[2024-06-06T14:49:58.370+0000] {_transport.py:336} INFO - PUT https://7f0ef8badf50482b9b0d93ef141e14ec.us-central1.gcp.cloud.es.io:443/metro_station/_doc/jasmin [status:200 duration:0.179s]
[2024-06-06T14:49:58.522+0000] {_transport.py:336} INFO - PUT https://7f0ef8badf50482b9b0d93ef141e14ec.us-central1.gcp.cloud.es.io:443/metro_station/_doc/croix-de-chavaux [status:200 duration:0.146s]
[2024-06-06T14:49:58.692+0000] {_transport.py:336} INFO - PUT https://7f0ef8badf50482b9b0d93ef141e14ec.us-central1.gcp.cloud.es.io:443/metro_station/_doc/saint-augustin [status:200 duration:0.168s]
[2024-06-06T14:49:58.852+0000] {_transport.py:336} INFO - PUT https://7f0ef8badf50482b9b0d93ef141e14ec.us-central1.gcp.cloud.es.io:443/metro_station/_doc/ranelagh [status:200 duration:0.158s]
[2024-06-06T14:49:59.021+0000] {_transport.py:336} INFO - PUT https://7f0ef8badf50482b9b0d93ef141e14ec.us-central1.gcp.cloud.es.io:443/metro_station/_doc/rue-de-la-pompe [status:200 duration:0.163s]
[2024-06-06T14:49:59.164+0000] {_transport.py:336} INFO - PUT https://7f0ef8badf50482b9b0d93ef141e14ec.us-central1.gcp.cloud.es.io:443/metro_station/_doc/voltaire [status:200 duration:0.139s]
[2024-06-06T14:49:59.313+0000] {_transport.py:336} INFO - PUT https://7f0ef8badf50482b9b0d93ef141e14ec.us-central1.gcp.cloud.es.io:443/metro_station/_doc/maraichers [status:200 duration:0.139s]
[2024-06-06T14:49:59.484+0000] {_transport.py:336} INFO - PUT https://7f0ef8badf50482b9b0d93ef141e14ec.us-central1.gcp.cloud.es.io:443/metro_station/_doc/charonne [status:200 duration:0.168s]
[2024-06-06T14:49:59.641+0000] {_transport.py:336} INFO - PUT https://7f0ef8badf50482b9b0d93ef141e14ec.us-central1.gcp.cloud.es.io:443/metro_station/_doc/robespierre [status:200 duration:0.152s]
[2024-06-06T14:49:59.794+0000] {_transport.py:336} INFO - PUT https://7f0ef8badf50482b9b0d93ef141e14ec.us-central1.gcp.cloud.es.io:443/metro_station/_doc/iena [status:200 duration:0.145s]
[2024-06-06T14:49:59.951+0000] {_transport.py:336} INFO - PUT https://7f0ef8badf50482b9b0d93ef141e14ec.us-central1.gcp.cloud.es.io:443/metro_station/_doc/la-muette [status:200 duration:0.148s]
[2024-06-06T14:50:00.110+0000] {_transport.py:336} INFO - PUT https://7f0ef8badf50482b9b0d93ef141e14ec.us-central1.gcp.cloud.es.io:443/metro_station/_doc/porte-de-montreuil [status:200 duration:0.152s]
[2024-06-06T14:50:00.286+0000] {_transport.py:336} INFO - PUT https://7f0ef8badf50482b9b0d93ef141e14ec.us-central1.gcp.cloud.es.io:443/metro_station/_doc/porte-de-saint-cloud [status:200 duration:0.170s]
[2024-06-06T14:50:00.429+0000] {_transport.py:336} INFO - PUT https://7f0ef8badf50482b9b0d93ef141e14ec.us-central1.gcp.cloud.es.io:443/metro_station/_doc/pont-de-sevres [status:200 duration:0.139s]
[2024-06-06T14:50:00.594+0000] {_transport.py:336} INFO - PUT https://7f0ef8badf50482b9b0d93ef141e14ec.us-central1.gcp.cloud.es.io:443/metro_station/_doc/alma-marceau [status:200 duration:0.161s]
[2024-06-06T14:50:00.752+0000] {_transport.py:336} INFO - PUT https://7f0ef8badf50482b9b0d93ef141e14ec.us-central1.gcp.cloud.es.io:443/metro_station/_doc/buzenval [status:200 duration:0.151s]
[2024-06-06T14:50:00.941+0000] {_transport.py:336} INFO - PUT https://7f0ef8badf50482b9b0d93ef141e14ec.us-central1.gcp.cloud.es.io:443/metro_station/_doc/marcel-sembat [status:200 duration:0.182s]
[2024-06-06T14:50:01.099+0000] {_transport.py:336} INFO - PUT https://7f0ef8badf50482b9b0d93ef141e14ec.us-central1.gcp.cloud.es.io:443/metro_station/_doc/michel-ange-auteuil [status:200 duration:0.150s]
[2024-06-06T14:50:01.263+0000] {_transport.py:336} INFO - PUT https://7f0ef8badf50482b9b0d93ef141e14ec.us-central1.gcp.cloud.es.io:443/metro_station/_doc/billancourt [status:200 duration:0.154s]
[2024-06-06T14:50:01.422+0000] {_transport.py:336} INFO - PUT https://7f0ef8badf50482b9b0d93ef141e14ec.us-central1.gcp.cloud.es.io:443/metro_station/_doc/saint-ambroise [status:200 duration:0.151s]
[2024-06-06T14:50:01.580+0000] {_transport.py:336} INFO - PUT https://7f0ef8badf50482b9b0d93ef141e14ec.us-central1.gcp.cloud.es.io:443/metro_station/_doc/mirabeau [status:200 duration:0.155s]
[2024-06-06T14:50:01.730+0000] {_transport.py:336} INFO - PUT https://7f0ef8badf50482b9b0d93ef141e14ec.us-central1.gcp.cloud.es.io:443/metro_station/_doc/boulogne-pont-de-saint-cloud [status:200 duration:0.143s]
[2024-06-06T14:50:01.890+0000] {_transport.py:336} INFO - PUT https://7f0ef8badf50482b9b0d93ef141e14ec.us-central1.gcp.cloud.es.io:443/metro_station/_doc/charles-michels [status:200 duration:0.151s]
[2024-06-06T14:50:02.052+0000] {_transport.py:336} INFO - PUT https://7f0ef8badf50482b9b0d93ef141e14ec.us-central1.gcp.cloud.es.io:443/metro_station/_doc/cluny-la-sorbonne [status:200 duration:0.158s]
[2024-06-06T14:50:02.212+0000] {_transport.py:336} INFO - PUT https://7f0ef8badf50482b9b0d93ef141e14ec.us-central1.gcp.cloud.es.io:443/metro_station/_doc/chardon-lagache [status:200 duration:0.153s]
[2024-06-06T14:50:02.378+0000] {_transport.py:336} INFO - PUT https://7f0ef8badf50482b9b0d93ef141e14ec.us-central1.gcp.cloud.es.io:443/metro_station/_doc/javel-andre-citroen [status:200 duration:0.159s]
[2024-06-06T14:50:02.526+0000] {_transport.py:336} INFO - PUT https://7f0ef8badf50482b9b0d93ef141e14ec.us-central1.gcp.cloud.es.io:443/metro_station/_doc/cardinal-lemoine [status:200 duration:0.145s]
[2024-06-06T14:50:02.678+0000] {_transport.py:336} INFO - PUT https://7f0ef8badf50482b9b0d93ef141e14ec.us-central1.gcp.cloud.es.io:443/metro_station/_doc/boulogne-jean-jaures [status:200 duration:0.151s]
[2024-06-06T14:50:02.833+0000] {_transport.py:336} INFO - PUT https://7f0ef8badf50482b9b0d93ef141e14ec.us-central1.gcp.cloud.es.io:443/metro_station/_doc/porte-d-auteuil [status:200 duration:0.152s]
[2024-06-06T14:50:02.992+0000] {_transport.py:336} INFO - PUT https://7f0ef8badf50482b9b0d93ef141e14ec.us-central1.gcp.cloud.es.io:443/metro_station/_doc/eglise-d-auteuil [status:200 duration:0.152s]
[2024-06-06T14:50:03.145+0000] {_transport.py:336} INFO - PUT https://7f0ef8badf50482b9b0d93ef141e14ec.us-central1.gcp.cloud.es.io:443/metro_station/_doc/vaneau [status:200 duration:0.148s]
[2024-06-06T14:50:03.296+0000] {_transport.py:336} INFO - PUT https://7f0ef8badf50482b9b0d93ef141e14ec.us-central1.gcp.cloud.es.io:443/metro_station/_doc/avenue-emile-zola [status:200 duration:0.146s]
[2024-06-06T14:50:03.504+0000] {_transport.py:336} INFO - PUT https://7f0ef8badf50482b9b0d93ef141e14ec.us-central1.gcp.cloud.es.io:443/metro_station/_doc/duroc [status:200 duration:0.202s]
[2024-06-06T14:50:03.747+0000] {_transport.py:336} INFO - PUT https://7f0ef8badf50482b9b0d93ef141e14ec.us-central1.gcp.cloud.es.io:443/metro_station/_doc/sevres-babylone [status:200 duration:0.242s]
[2024-06-06T14:50:03.908+0000] {_transport.py:336} INFO - PUT https://7f0ef8badf50482b9b0d93ef141e14ec.us-central1.gcp.cloud.es.io:443/metro_station/_doc/segur [status:200 duration:0.158s]
[2024-06-06T14:50:04.137+0000] {_transport.py:336} INFO - PUT https://7f0ef8badf50482b9b0d93ef141e14ec.us-central1.gcp.cloud.es.io:443/metro_station/_doc/mabillon [status:200 duration:0.221s]
[2024-06-06T14:50:04.563+0000] {_transport.py:336} INFO - PUT https://7f0ef8badf50482b9b0d93ef141e14ec.us-central1.gcp.cloud.es.io:443/metro_station/_doc/maubert-mutualite [status:200 duration:0.420s]
[2024-06-06T14:50:04.784+0000] {_transport.py:336} INFO - PUT https://7f0ef8badf50482b9b0d93ef141e14ec.us-central1.gcp.cloud.es.io:443/metro_station/_doc/jourdain [status:200 duration:0.218s]
[2024-06-06T14:50:05.057+0000] {_transport.py:336} INFO - PUT https://7f0ef8badf50482b9b0d93ef141e14ec.us-central1.gcp.cloud.es.io:443/metro_station/_doc/telegraphe [status:200 duration:0.266s]
[2024-06-06T14:50:05.246+0000] {_transport.py:336} INFO - PUT https://7f0ef8badf50482b9b0d93ef141e14ec.us-central1.gcp.cloud.es.io:443/metro_station/_doc/goncourt [status:200 duration:0.185s]
[2024-06-06T14:50:05.493+0000] {_transport.py:336} INFO - PUT https://7f0ef8badf50482b9b0d93ef141e14ec.us-central1.gcp.cloud.es.io:443/metro_station/_doc/porte-des-lilas [status:200 duration:0.238s]
[2024-06-06T14:50:05.766+0000] {_transport.py:336} INFO - PUT https://7f0ef8badf50482b9b0d93ef141e14ec.us-central1.gcp.cloud.es.io:443/metro_station/_doc/mairie-des-lilas [status:200 duration:0.265s]
[2024-06-06T14:50:06.008+0000] {_transport.py:336} INFO - PUT https://7f0ef8badf50482b9b0d93ef141e14ec.us-central1.gcp.cloud.es.io:443/metro_station/_doc/place-des-fetes [status:200 duration:0.235s]
[2024-06-06T14:50:06.255+0000] {_transport.py:336} INFO - PUT https://7f0ef8badf50482b9b0d93ef141e14ec.us-central1.gcp.cloud.es.io:443/metro_station/_doc/pyrenees [status:200 duration:0.239s]
[2024-06-06T14:50:06.487+0000] {_transport.py:336} INFO - PUT https://7f0ef8badf50482b9b0d93ef141e14ec.us-central1.gcp.cloud.es.io:443/metro_station/_doc/falguiere [status:200 duration:0.226s]
[2024-06-06T14:50:06.647+0000] {_transport.py:336} INFO - PUT https://7f0ef8badf50482b9b0d93ef141e14ec.us-central1.gcp.cloud.es.io:443/metro_station/_doc/convention [status:200 duration:0.157s]
[2024-06-06T14:50:06.838+0000] {_transport.py:336} INFO - PUT https://7f0ef8badf50482b9b0d93ef141e14ec.us-central1.gcp.cloud.es.io:443/metro_station/_doc/marx-dormoy [status:200 duration:0.187s]
[2024-06-06T14:50:07.060+0000] {_transport.py:336} INFO - PUT https://7f0ef8badf50482b9b0d93ef141e14ec.us-central1.gcp.cloud.es.io:443/metro_station/_doc/rue-du-bac [status:200 duration:0.220s]
[2024-06-06T14:50:07.238+0000] {_transport.py:336} INFO - PUT https://7f0ef8badf50482b9b0d93ef141e14ec.us-central1.gcp.cloud.es.io:443/metro_station/_doc/jules-joffrin [status:200 duration:0.175s]
[2024-06-06T14:50:07.491+0000] {_transport.py:336} INFO - PUT https://7f0ef8badf50482b9b0d93ef141e14ec.us-central1.gcp.cloud.es.io:443/metro_station/_doc/front-populaire [status:200 duration:0.245s]
[2024-06-06T14:50:07.683+0000] {_transport.py:336} INFO - PUT https://7f0ef8badf50482b9b0d93ef141e14ec.us-central1.gcp.cloud.es.io:443/metro_station/_doc/assemblee-nationale [status:200 duration:0.190s]
[2024-06-06T14:50:07.843+0000] {_transport.py:336} INFO - PUT https://7f0ef8badf50482b9b0d93ef141e14ec.us-central1.gcp.cloud.es.io:443/metro_station/_doc/notre-dame-de-lorette [status:200 duration:0.157s]
[2024-06-06T14:50:08.002+0000] {_transport.py:336} INFO - PUT https://7f0ef8badf50482b9b0d93ef141e14ec.us-central1.gcp.cloud.es.io:443/metro_station/_doc/abbesses [status:200 duration:0.157s]
[2024-06-06T14:50:08.171+0000] {_transport.py:336} INFO - PUT https://7f0ef8badf50482b9b0d93ef141e14ec.us-central1.gcp.cloud.es.io:443/metro_station/_doc/porte-de-la-chapelle [status:200 duration:0.168s]
[2024-06-06T14:50:08.313+0000] {_transport.py:336} INFO - PUT https://7f0ef8badf50482b9b0d93ef141e14ec.us-central1.gcp.cloud.es.io:443/metro_station/_doc/corentin-celton [status:200 duration:0.141s]
[2024-06-06T14:50:08.476+0000] {_transport.py:336} INFO - PUT https://7f0ef8badf50482b9b0d93ef141e14ec.us-central1.gcp.cloud.es.io:443/metro_station/_doc/lamarck-caulaincourt [status:200 duration:0.158s]
[2024-06-06T14:50:08.638+0000] {_transport.py:336} INFO - PUT https://7f0ef8badf50482b9b0d93ef141e14ec.us-central1.gcp.cloud.es.io:443/metro_station/_doc/volontaires [status:200 duration:0.160s]
[2024-06-06T14:50:08.794+0000] {_transport.py:336} INFO - PUT https://7f0ef8badf50482b9b0d93ef141e14ec.us-central1.gcp.cloud.es.io:443/metro_station/_doc/solferino [status:200 duration:0.153s]
[2024-06-06T14:50:08.958+0000] {_transport.py:336} INFO - PUT https://7f0ef8badf50482b9b0d93ef141e14ec.us-central1.gcp.cloud.es.io:443/metro_station/_doc/rennes [status:200 duration:0.163s]
[2024-06-06T14:50:09.116+0000] {_transport.py:336} INFO - PUT https://7f0ef8badf50482b9b0d93ef141e14ec.us-central1.gcp.cloud.es.io:443/metro_station/_doc/porte-de-versailles [status:200 duration:0.152s]
[2024-06-06T14:50:09.295+0000] {_transport.py:336} INFO - PUT https://7f0ef8badf50482b9b0d93ef141e14ec.us-central1.gcp.cloud.es.io:443/metro_station/_doc/saint-georges [status:200 duration:0.172s]
[2024-06-06T14:50:09.451+0000] {_transport.py:336} INFO - PUT https://7f0ef8badf50482b9b0d93ef141e14ec.us-central1.gcp.cloud.es.io:443/metro_station/_doc/notre-dame-des-champs [status:200 duration:0.151s]
[2024-06-06T14:50:09.623+0000] {_transport.py:336} INFO - PUT https://7f0ef8badf50482b9b0d93ef141e14ec.us-central1.gcp.cloud.es.io:443/metro_station/_doc/mairie-d-issy [status:200 duration:0.170s]
[2024-06-06T14:50:09.771+0000] {_transport.py:336} INFO - PUT https://7f0ef8badf50482b9b0d93ef141e14ec.us-central1.gcp.cloud.es.io:443/metro_station/_doc/aime-cesaire [status:200 duration:0.146s]
[2024-06-06T14:50:09.938+0000] {_transport.py:336} INFO - PUT https://7f0ef8badf50482b9b0d93ef141e14ec.us-central1.gcp.cloud.es.io:443/metro_station/_doc/trinite-d-estienne-d-orves [status:200 duration:0.164s]
[2024-06-06T14:50:10.093+0000] {_transport.py:336} INFO - PUT https://7f0ef8badf50482b9b0d93ef141e14ec.us-central1.gcp.cloud.es.io:443/metro_station/_doc/mairie-d-aubervilliers [status:200 duration:0.147s]
[2024-06-06T14:50:10.325+0000] {_transport.py:336} INFO - PUT https://7f0ef8badf50482b9b0d93ef141e14ec.us-central1.gcp.cloud.es.io:443/metro_station/_doc/vaugirard [status:200 duration:0.224s]
[2024-06-06T14:50:10.498+0000] {_transport.py:336} INFO - PUT https://7f0ef8badf50482b9b0d93ef141e14ec.us-central1.gcp.cloud.es.io:443/metro_station/_doc/val-d-europe [status:200 duration:0.168s]
[2024-06-06T14:50:10.676+0000] {_transport.py:336} INFO - PUT https://7f0ef8badf50482b9b0d93ef141e14ec.us-central1.gcp.cloud.es.io:443/metro_station/_doc/le-parc-de-saint-maur [status:200 duration:0.176s]
[2024-06-06T14:50:10.849+0000] {_transport.py:336} INFO - PUT https://7f0ef8badf50482b9b0d93ef141e14ec.us-central1.gcp.cloud.es.io:443/metro_station/_doc/poissy [status:200 duration:0.164s]
[2024-06-06T14:50:11.117+0000] {_transport.py:336} INFO - PUT https://7f0ef8badf50482b9b0d93ef141e14ec.us-central1.gcp.cloud.es.io:443/metro_station/_doc/champigny [status:200 duration:0.263s]
[2024-06-06T14:50:11.277+0000] {_transport.py:336} INFO - PUT https://7f0ef8badf50482b9b0d93ef141e14ec.us-central1.gcp.cloud.es.io:443/metro_station/_doc/boissy-saint-leger [status:200 duration:0.153s]
[2024-06-06T14:50:11.456+0000] {_transport.py:336} INFO - PUT https://7f0ef8badf50482b9b0d93ef141e14ec.us-central1.gcp.cloud.es.io:443/metro_station/_doc/houilles-carrieres-sur-seine [status:200 duration:0.173s]
[2024-06-06T14:50:11.617+0000] {_transport.py:336} INFO - PUT https://7f0ef8badf50482b9b0d93ef141e14ec.us-central1.gcp.cloud.es.io:443/metro_station/_doc/cergy-prefecture [status:200 duration:0.156s]
[2024-06-06T14:50:11.780+0000] {_transport.py:336} INFO - PUT https://7f0ef8badf50482b9b0d93ef141e14ec.us-central1.gcp.cloud.es.io:443/metro_station/_doc/noisy-champs [status:200 duration:0.160s]
[2024-06-06T14:50:11.960+0000] {_transport.py:336} INFO - PUT https://7f0ef8badf50482b9b0d93ef141e14ec.us-central1.gcp.cloud.es.io:443/metro_station/_doc/auber [status:200 duration:0.175s]
[2024-06-06T14:50:12.164+0000] {_transport.py:336} INFO - PUT https://7f0ef8badf50482b9b0d93ef141e14ec.us-central1.gcp.cloud.es.io:443/metro_station/_doc/chatou-croissy [status:200 duration:0.196s]
[2024-06-06T14:50:12.365+0000] {_transport.py:336} INFO - PUT https://7f0ef8badf50482b9b0d93ef141e14ec.us-central1.gcp.cloud.es.io:443/metro_station/_doc/rueil-malmaison [status:200 duration:0.195s]
[2024-06-06T14:50:12.629+0000] {_transport.py:336} INFO - PUT https://7f0ef8badf50482b9b0d93ef141e14ec.us-central1.gcp.cloud.es.io:443/metro_station/_doc/acheres-ville [status:200 duration:0.258s]
[2024-06-06T14:50:12.802+0000] {_transport.py:336} INFO - PUT https://7f0ef8badf50482b9b0d93ef141e14ec.us-central1.gcp.cloud.es.io:443/metro_station/_doc/cergy-saint-christophe [status:200 duration:0.171s]
[2024-06-06T14:50:13.053+0000] {_transport.py:336} INFO - PUT https://7f0ef8badf50482b9b0d93ef141e14ec.us-central1.gcp.cloud.es.io:443/metro_station/_doc/bry-sur-marne [status:200 duration:0.248s]
[2024-06-06T14:50:13.243+0000] {_transport.py:336} INFO - PUT https://7f0ef8badf50482b9b0d93ef141e14ec.us-central1.gcp.cloud.es.io:443/metro_station/_doc/lognes [status:200 duration:0.181s]
[2024-06-06T14:50:13.645+0000] {_transport.py:336} INFO - PUT https://7f0ef8badf50482b9b0d93ef141e14ec.us-central1.gcp.cloud.es.io:443/metro_station/_doc/sucy-bonneuil [status:200 duration:0.393s]
[2024-06-06T14:50:13.793+0000] {_transport.py:336} INFO - PUT https://7f0ef8badf50482b9b0d93ef141e14ec.us-central1.gcp.cloud.es.io:443/metro_station/_doc/nanterre-universite [status:200 duration:0.146s]
[2024-06-06T14:50:13.992+0000] {_transport.py:336} INFO - PUT https://7f0ef8badf50482b9b0d93ef141e14ec.us-central1.gcp.cloud.es.io:443/metro_station/_doc/le-vesinet-centre [status:200 duration:0.193s]
[2024-06-06T14:50:14.309+0000] {_transport.py:336} INFO - PUT https://7f0ef8badf50482b9b0d93ef141e14ec.us-central1.gcp.cloud.es.io:443/metro_station/_doc/conflans-fin-d-oise [status:200 duration:0.315s]
[2024-06-06T14:50:14.481+0000] {_transport.py:336} INFO - PUT https://7f0ef8badf50482b9b0d93ef141e14ec.us-central1.gcp.cloud.es.io:443/metro_station/_doc/le-vesinet-le-pecq [status:200 duration:0.162s]
[2024-06-06T14:50:14.707+0000] {_transport.py:336} INFO - PUT https://7f0ef8badf50482b9b0d93ef141e14ec.us-central1.gcp.cloud.es.io:443/metro_station/_doc/maisons-laffitte [status:200 duration:0.223s]
[2024-06-06T14:50:15.028+0000] {_transport.py:336} INFO - PUT https://7f0ef8badf50482b9b0d93ef141e14ec.us-central1.gcp.cloud.es.io:443/metro_station/_doc/la-varenne-chennevieres [status:200 duration:0.313s]
[2024-06-06T14:50:15.226+0000] {_transport.py:336} INFO - PUT https://7f0ef8badf50482b9b0d93ef141e14ec.us-central1.gcp.cloud.es.io:443/metro_station/_doc/saint-germain-en-laye [status:200 duration:0.191s]
[2024-06-06T14:50:15.468+0000] {_transport.py:336} INFO - PUT https://7f0ef8badf50482b9b0d93ef141e14ec.us-central1.gcp.cloud.es.io:443/metro_station/_doc/joinville-le-pont [status:200 duration:0.236s]
[2024-06-06T14:50:15.691+0000] {_transport.py:336} INFO - PUT https://7f0ef8badf50482b9b0d93ef141e14ec.us-central1.gcp.cloud.es.io:443/metro_station/_doc/val-de-fontenay [status:200 duration:0.212s]
[2024-06-06T14:50:15.934+0000] {_transport.py:336} INFO - PUT https://7f0ef8badf50482b9b0d93ef141e14ec.us-central1.gcp.cloud.es.io:443/metro_station/_doc/noisy-le-grand-mont-d-est [status:200 duration:0.240s]
[2024-06-06T14:50:16.114+0000] {_transport.py:336} INFO - PUT https://7f0ef8badf50482b9b0d93ef141e14ec.us-central1.gcp.cloud.es.io:443/metro_station/_doc/acheres-grand-cormier [status:200 duration:0.170s]
[2024-06-06T14:50:16.430+0000] {_transport.py:336} INFO - PUT https://7f0ef8badf50482b9b0d93ef141e14ec.us-central1.gcp.cloud.es.io:443/metro_station/_doc/neuilly-plaisance [status:200 duration:0.312s]
[2024-06-06T14:50:16.634+0000] {_transport.py:336} INFO - PUT https://7f0ef8badf50482b9b0d93ef141e14ec.us-central1.gcp.cloud.es.io:443/metro_station/_doc/noisiel [status:200 duration:0.195s]
[2024-06-06T14:50:16.815+0000] {_transport.py:336} INFO - PUT https://7f0ef8badf50482b9b0d93ef141e14ec.us-central1.gcp.cloud.es.io:443/metro_station/_doc/bussy-saint-georges [status:200 duration:0.179s]
[2024-06-06T14:50:16.998+0000] {_transport.py:336} INFO - PUT https://7f0ef8badf50482b9b0d93ef141e14ec.us-central1.gcp.cloud.es.io:443/metro_station/_doc/torcy [status:200 duration:0.177s]
[2024-06-06T14:50:17.151+0000] {_transport.py:336} INFO - PUT https://7f0ef8badf50482b9b0d93ef141e14ec.us-central1.gcp.cloud.es.io:443/metro_station/_doc/saint-maur-creteil [status:200 duration:0.150s]
[2024-06-06T14:50:17.374+0000] {_transport.py:336} INFO - PUT https://7f0ef8badf50482b9b0d93ef141e14ec.us-central1.gcp.cloud.es.io:443/metro_station/_doc/fontenay-sous-bois [status:200 duration:0.218s]
[2024-06-06T14:50:17.663+0000] {_transport.py:336} INFO - PUT https://7f0ef8badf50482b9b0d93ef141e14ec.us-central1.gcp.cloud.es.io:443/metro_station/_doc/nanterre-prefecture [status:200 duration:0.276s]
[2024-06-06T14:50:17.866+0000] {_transport.py:336} INFO - PUT https://7f0ef8badf50482b9b0d93ef141e14ec.us-central1.gcp.cloud.es.io:443/metro_station/_doc/vincennes [status:200 duration:0.201s]
[2024-06-06T14:50:18.025+0000] {_transport.py:336} INFO - PUT https://7f0ef8badf50482b9b0d93ef141e14ec.us-central1.gcp.cloud.es.io:443/metro_station/_doc/nogent-sur-marne [status:200 duration:0.155s]
[2024-06-06T14:50:18.182+0000] {_transport.py:336} INFO - PUT https://7f0ef8badf50482b9b0d93ef141e14ec.us-central1.gcp.cloud.es.io:443/metro_station/_doc/sartrouville [status:200 duration:0.148s]
[2024-06-06T14:50:18.438+0000] {_transport.py:336} INFO - PUT https://7f0ef8badf50482b9b0d93ef141e14ec.us-central1.gcp.cloud.es.io:443/metro_station/_doc/cergy-le-haut [status:200 duration:0.247s]
[2024-06-06T14:50:18.773+0000] {_transport.py:336} INFO - PUT https://7f0ef8badf50482b9b0d93ef141e14ec.us-central1.gcp.cloud.es.io:443/metro_station/_doc/nanterre-ville [status:200 duration:0.323s]
[2024-06-06T14:50:18.930+0000] {_transport.py:336} INFO - PUT https://7f0ef8badf50482b9b0d93ef141e14ec.us-central1.gcp.cloud.es.io:443/metro_station/_doc/neuville-universite [status:200 duration:0.156s]
[2024-06-06T14:50:19.084+0000] {_transport.py:336} INFO - PUT https://7f0ef8badf50482b9b0d93ef141e14ec.us-central1.gcp.cloud.es.io:443/metro_station/_doc/aeroport-roissy-charles-de-gaulle-2-tgv [status:200 duration:0.152s]
[2024-06-06T14:50:19.325+0000] {_transport.py:336} INFO - PUT https://7f0ef8badf50482b9b0d93ef141e14ec.us-central1.gcp.cloud.es.io:443/metro_station/_doc/palaiseau-villebon [status:200 duration:0.236s]
[2024-06-06T14:50:19.493+0000] {_transport.py:336} INFO - PUT https://7f0ef8badf50482b9b0d93ef141e14ec.us-central1.gcp.cloud.es.io:443/metro_station/_doc/bagneux [status:200 duration:0.159s]
[2024-06-06T14:50:19.676+0000] {_transport.py:336} INFO - PUT https://7f0ef8badf50482b9b0d93ef141e14ec.us-central1.gcp.cloud.es.io:443/metro_station/_doc/vert-galant [status:200 duration:0.179s]
[2024-06-06T14:50:19.863+0000] {_transport.py:336} INFO - PUT https://7f0ef8badf50482b9b0d93ef141e14ec.us-central1.gcp.cloud.es.io:443/metro_station/_doc/la-courneuve-aubervilliers [status:200 duration:0.184s]
[2024-06-06T14:50:20.031+0000] {_transport.py:336} INFO - PUT https://7f0ef8badf50482b9b0d93ef141e14ec.us-central1.gcp.cloud.es.io:443/metro_station/_doc/aulnay-sous-bois [status:200 duration:0.159s]
[2024-06-06T14:50:20.346+0000] {_transport.py:336} INFO - PUT https://7f0ef8badf50482b9b0d93ef141e14ec.us-central1.gcp.cloud.es.io:443/metro_station/_doc/robinson [status:200 duration:0.306s]
[2024-06-06T14:50:20.563+0000] {_transport.py:336} INFO - PUT https://7f0ef8badf50482b9b0d93ef141e14ec.us-central1.gcp.cloud.es.io:443/metro_station/_doc/la-croix-de-berny [status:200 duration:0.204s]
[2024-06-06T14:50:20.791+0000] {_transport.py:336} INFO - PUT https://7f0ef8badf50482b9b0d93ef141e14ec.us-central1.gcp.cloud.es.io:443/metro_station/_doc/fontenay-aux-roses [status:200 duration:0.222s]
[2024-06-06T14:50:20.960+0000] {_transport.py:336} INFO - PUT https://7f0ef8badf50482b9b0d93ef141e14ec.us-central1.gcp.cloud.es.io:443/metro_station/_doc/drancy [status:200 duration:0.157s]
[2024-06-06T14:50:21.107+0000] {_transport.py:336} INFO - PUT https://7f0ef8badf50482b9b0d93ef141e14ec.us-central1.gcp.cloud.es.io:443/metro_station/_doc/massy-palaiseau [status:200 duration:0.141s]
[2024-06-06T14:50:21.337+0000] {_transport.py:336} INFO - PUT https://7f0ef8badf50482b9b0d93ef141e14ec.us-central1.gcp.cloud.es.io:443/metro_station/_doc/le-bourget [status:200 duration:0.223s]
[2024-06-06T14:50:21.512+0000] {_transport.py:336} INFO - PUT https://7f0ef8badf50482b9b0d93ef141e14ec.us-central1.gcp.cloud.es.io:443/metro_station/_doc/lozere [status:200 duration:0.165s]
[2024-06-06T14:50:21.758+0000] {_transport.py:336} INFO - PUT https://7f0ef8badf50482b9b0d93ef141e14ec.us-central1.gcp.cloud.es.io:443/metro_station/_doc/sevran-beaudottes [status:200 duration:0.237s]
[2024-06-06T14:50:21.934+0000] {_transport.py:336} INFO - PUT https://7f0ef8badf50482b9b0d93ef141e14ec.us-central1.gcp.cloud.es.io:443/metro_station/_doc/parc-des-expositions [status:200 duration:0.170s]
[2024-06-06T14:50:22.087+0000] {_transport.py:336} INFO - PUT https://7f0ef8badf50482b9b0d93ef141e14ec.us-central1.gcp.cloud.es.io:443/metro_station/_doc/cite-universitaire [status:200 duration:0.147s]
[2024-06-06T14:50:22.314+0000] {_transport.py:336} INFO - PUT https://7f0ef8badf50482b9b0d93ef141e14ec.us-central1.gcp.cloud.es.io:443/metro_station/_doc/laplace [status:200 duration:0.223s]
[2024-06-06T14:50:22.470+0000] {_transport.py:336} INFO - PUT https://7f0ef8badf50482b9b0d93ef141e14ec.us-central1.gcp.cloud.es.io:443/metro_station/_doc/aeroport-roissy-charles-de-gaulle-1 [status:200 duration:0.147s]
[2024-06-06T14:50:22.641+0000] {_transport.py:336} INFO - PUT https://7f0ef8badf50482b9b0d93ef141e14ec.us-central1.gcp.cloud.es.io:443/metro_station/_doc/sevran-livry [status:200 duration:0.157s]
[2024-06-06T14:50:22.791+0000] {_transport.py:336} INFO - PUT https://7f0ef8badf50482b9b0d93ef141e14ec.us-central1.gcp.cloud.es.io:443/metro_station/_doc/saint-remy-les-chevreuse [status:200 duration:0.149s]
[2024-06-06T14:50:23.033+0000] {_transport.py:336} INFO - PUT https://7f0ef8badf50482b9b0d93ef141e14ec.us-central1.gcp.cloud.es.io:443/metro_station/_doc/parc-de-sceaux [status:200 duration:0.239s]
[2024-06-06T14:50:23.199+0000] {_transport.py:336} INFO - PUT https://7f0ef8badf50482b9b0d93ef141e14ec.us-central1.gcp.cloud.es.io:443/metro_station/_doc/antony [status:200 duration:0.149s]
[2024-06-06T14:50:23.368+0000] {_transport.py:336} INFO - PUT https://7f0ef8badf50482b9b0d93ef141e14ec.us-central1.gcp.cloud.es.io:443/metro_station/_doc/bourg-la-reine [status:200 duration:0.159s]
[2024-06-06T14:50:23.603+0000] {_transport.py:336} INFO - PUT https://7f0ef8badf50482b9b0d93ef141e14ec.us-central1.gcp.cloud.es.io:443/metro_station/_doc/massy-verrieres [status:200 duration:0.224s]
[2024-06-06T14:50:23.798+0000] {_transport.py:336} INFO - PUT https://7f0ef8badf50482b9b0d93ef141e14ec.us-central1.gcp.cloud.es.io:443/metro_station/_doc/gif-sur-yvette [status:200 duration:0.181s]
[2024-06-06T14:50:23.945+0000] {_transport.py:336} INFO - PUT https://7f0ef8badf50482b9b0d93ef141e14ec.us-central1.gcp.cloud.es.io:443/metro_station/_doc/palaiseau [status:200 duration:0.144s]
[2024-06-06T14:50:24.101+0000] {_transport.py:336} INFO - PUT https://7f0ef8badf50482b9b0d93ef141e14ec.us-central1.gcp.cloud.es.io:443/metro_station/_doc/la-hacquiniere [status:200 duration:0.151s]
[2024-06-06T14:50:24.337+0000] {_transport.py:336} INFO - PUT https://7f0ef8badf50482b9b0d93ef141e14ec.us-central1.gcp.cloud.es.io:443/metro_station/_doc/la-plaine-stade-de-france [status:200 duration:0.232s]
[2024-06-06T14:50:24.521+0000] {_transport.py:336} INFO - PUT https://7f0ef8badf50482b9b0d93ef141e14ec.us-central1.gcp.cloud.es.io:443/metro_station/_doc/sceaux [status:200 duration:0.178s]
[2024-06-06T14:50:24.685+0000] {_transport.py:336} INFO - PUT https://7f0ef8badf50482b9b0d93ef141e14ec.us-central1.gcp.cloud.es.io:443/metro_station/_doc/bures-sur-yvette [status:200 duration:0.158s]
[2024-06-06T14:50:24.846+0000] {_transport.py:336} INFO - PUT https://7f0ef8badf50482b9b0d93ef141e14ec.us-central1.gcp.cloud.es.io:443/metro_station/_doc/villepinte [status:200 duration:0.157s]
[2024-06-06T14:50:25.092+0000] {_transport.py:336} INFO - PUT https://7f0ef8badf50482b9b0d93ef141e14ec.us-central1.gcp.cloud.es.io:443/metro_station/_doc/arcueil-cachan [status:200 duration:0.240s]
[2024-06-06T14:50:25.246+0000] {_transport.py:336} INFO - PUT https://7f0ef8badf50482b9b0d93ef141e14ec.us-central1.gcp.cloud.es.io:443/metro_station/_doc/mitry-claye [status:200 duration:0.147s]
[2024-06-06T14:50:25.490+0000] {_transport.py:336} INFO - PUT https://7f0ef8badf50482b9b0d93ef141e14ec.us-central1.gcp.cloud.es.io:443/metro_station/_doc/fontaine-michalon [status:200 duration:0.242s]
[2024-06-06T14:50:25.659+0000] {_transport.py:336} INFO - PUT https://7f0ef8badf50482b9b0d93ef141e14ec.us-central1.gcp.cloud.es.io:443/metro_station/_doc/le-blanc-mesnil [status:200 duration:0.162s]
[2024-06-06T14:50:25.822+0000] {_transport.py:336} INFO - PUT https://7f0ef8badf50482b9b0d93ef141e14ec.us-central1.gcp.cloud.es.io:443/metro_station/_doc/gentilly [status:200 duration:0.161s]
[2024-06-06T14:50:25.997+0000] {_transport.py:336} INFO - PUT https://7f0ef8badf50482b9b0d93ef141e14ec.us-central1.gcp.cloud.es.io:443/metro_station/_doc/les-baconnets [status:200 duration:0.168s]
[2024-06-06T14:50:26.244+0000] {_transport.py:336} INFO - PUT https://7f0ef8badf50482b9b0d93ef141e14ec.us-central1.gcp.cloud.es.io:443/metro_station/_doc/luxembourg [status:200 duration:0.244s]
[2024-06-06T14:50:26.474+0000] {_transport.py:336} INFO - PUT https://7f0ef8badf50482b9b0d93ef141e14ec.us-central1.gcp.cloud.es.io:443/metro_station/_doc/villeparisis-mitry-le-neuf [status:200 duration:0.212s]
[2024-06-06T14:50:26.735+0000] {_transport.py:336} INFO - PUT https://7f0ef8badf50482b9b0d93ef141e14ec.us-central1.gcp.cloud.es.io:443/metro_station/_doc/orsay-ville [status:200 duration:0.255s]
[2024-06-06T14:50:26.913+0000] {_transport.py:336} INFO - PUT https://7f0ef8badf50482b9b0d93ef141e14ec.us-central1.gcp.cloud.es.io:443/metro_station/_doc/port-royal [status:200 duration:0.174s]
[2024-06-06T14:50:27.157+0000] {_transport.py:336} INFO - PUT https://7f0ef8badf50482b9b0d93ef141e14ec.us-central1.gcp.cloud.es.io:443/metro_station/_doc/courcelle-sur-yvette [status:200 duration:0.240s]
[2024-06-06T14:50:27.160+0000] {logging_mixin.py:151} INFO - New data inserted successfully.
[2024-06-06T14:50:27.161+0000] {python.py:194} INFO - Done. Returned value was: None
[2024-06-06T14:50:27.170+0000] {taskinstance.py:1398} INFO - Marking task as SUCCESS. dag_id=my_python_dag, task_id=elastic_metro_station, execution_date=20240606T142206, start_date=20240606T144805, end_date=20240606T145027
[2024-06-06T14:50:27.216+0000] {local_task_job_runner.py:228} INFO - Task exited with return code 0
[2024-06-06T14:50:27.227+0000] {taskinstance.py:2776} INFO - 0 downstream tasks scheduled from follow-on schedule check
