[2024-06-03T11:41:43.069+0000] {processor.py:157} INFO - Started process (PID=30) to work on /opt/airflow/dags/fetch_from_data_sources.py
[2024-06-03T11:41:43.070+0000] {processor.py:829} INFO - Processing file /opt/airflow/dags/fetch_from_data_sources.py for tasks to queue
[2024-06-03T11:41:43.073+0000] {logging_mixin.py:151} INFO - [2024-06-03T11:41:43.072+0000] {dagbag.py:539} INFO - Filling up the DagBag from /opt/airflow/dags/fetch_from_data_sources.py
[2024-06-03T11:41:43.667+0000] {processor.py:839} INFO - DAG(s) dict_keys(['my_python_dag']) retrieved from /opt/airflow/dags/fetch_from_data_sources.py
[2024-06-03T11:41:43.697+0000] {logging_mixin.py:151} INFO - [2024-06-03T11:41:43.696+0000] {dag.py:2915} INFO - Sync 1 DAGs
[2024-06-03T11:41:43.707+0000] {logging_mixin.py:151} INFO - [2024-06-03T11:41:43.707+0000] {dag.py:3696} INFO - Setting next_dagrun for my_python_dag to None, run_after=None
[2024-06-03T11:41:43.721+0000] {processor.py:179} INFO - Processing /opt/airflow/dags/fetch_from_data_sources.py took 0.655 seconds
[2024-06-03T11:42:13.950+0000] {processor.py:157} INFO - Started process (PID=37) to work on /opt/airflow/dags/fetch_from_data_sources.py
[2024-06-03T11:42:13.951+0000] {processor.py:829} INFO - Processing file /opt/airflow/dags/fetch_from_data_sources.py for tasks to queue
[2024-06-03T11:42:13.955+0000] {logging_mixin.py:151} INFO - [2024-06-03T11:42:13.954+0000] {dagbag.py:539} INFO - Filling up the DagBag from /opt/airflow/dags/fetch_from_data_sources.py
[2024-06-03T11:42:14.151+0000] {processor.py:839} INFO - DAG(s) dict_keys(['my_python_dag']) retrieved from /opt/airflow/dags/fetch_from_data_sources.py
[2024-06-03T11:42:14.161+0000] {logging_mixin.py:151} INFO - [2024-06-03T11:42:14.161+0000] {dag.py:2915} INFO - Sync 1 DAGs
[2024-06-03T11:42:14.170+0000] {logging_mixin.py:151} INFO - [2024-06-03T11:42:14.170+0000] {dag.py:3696} INFO - Setting next_dagrun for my_python_dag to None, run_after=None
[2024-06-03T11:42:14.177+0000] {processor.py:179} INFO - Processing /opt/airflow/dags/fetch_from_data_sources.py took 0.233 seconds
[2024-06-03T11:42:44.482+0000] {processor.py:157} INFO - Started process (PID=45) to work on /opt/airflow/dags/fetch_from_data_sources.py
[2024-06-03T11:42:44.483+0000] {processor.py:829} INFO - Processing file /opt/airflow/dags/fetch_from_data_sources.py for tasks to queue
[2024-06-03T11:42:44.484+0000] {logging_mixin.py:151} INFO - [2024-06-03T11:42:44.484+0000] {dagbag.py:539} INFO - Filling up the DagBag from /opt/airflow/dags/fetch_from_data_sources.py
[2024-06-03T11:42:44.589+0000] {processor.py:839} INFO - DAG(s) dict_keys(['my_python_dag']) retrieved from /opt/airflow/dags/fetch_from_data_sources.py
[2024-06-03T11:42:44.600+0000] {logging_mixin.py:151} INFO - [2024-06-03T11:42:44.600+0000] {dag.py:2915} INFO - Sync 1 DAGs
[2024-06-03T11:42:44.610+0000] {logging_mixin.py:151} INFO - [2024-06-03T11:42:44.610+0000] {dag.py:3696} INFO - Setting next_dagrun for my_python_dag to None, run_after=None
[2024-06-03T11:42:44.617+0000] {processor.py:179} INFO - Processing /opt/airflow/dags/fetch_from_data_sources.py took 0.138 seconds
