[2024-06-06T14:48:09.530+0000] {taskinstance.py:1157} INFO - Dependencies all met for dep_context=non-requeueable deps ti=<TaskInstance: my_python_dag.elastic_metro_station manual__2024-06-06T14:48:08.297293+00:00 [queued]>
[2024-06-06T14:48:09.535+0000] {taskinstance.py:1157} INFO - Dependencies all met for dep_context=requeueable deps ti=<TaskInstance: my_python_dag.elastic_metro_station manual__2024-06-06T14:48:08.297293+00:00 [queued]>
[2024-06-06T14:48:09.535+0000] {taskinstance.py:1359} INFO - Starting attempt 1 of 2
[2024-06-06T14:48:09.650+0000] {taskinstance.py:1380} INFO - Executing <Task(PythonOperator): elastic_metro_station> on 2024-06-06 14:48:08.297293+00:00
[2024-06-06T14:48:09.655+0000] {standard_task_runner.py:57} INFO - Started process 2445 to run task
[2024-06-06T14:48:09.660+0000] {standard_task_runner.py:84} INFO - Running: ['***', 'tasks', 'run', 'my_python_dag', 'elastic_metro_station', 'manual__2024-06-06T14:48:08.297293+00:00', '--job-id', '198', '--raw', '--subdir', 'DAGS_FOLDER/fetch_from_data_sources.py', '--cfg-path', '/tmp/tmpbh85026i']
[2024-06-06T14:48:09.664+0000] {standard_task_runner.py:85} INFO - Job 198: Subtask elastic_metro_station
[2024-06-06T14:48:09.703+0000] {task_command.py:415} INFO - Running <TaskInstance: my_python_dag.elastic_metro_station manual__2024-06-06T14:48:08.297293+00:00 [running]> on host 9e4bf1cd7746
[2024-06-06T14:48:09.742+0000] {taskinstance.py:1660} INFO - Exporting env vars: AIRFLOW_CTX_DAG_OWNER='***' AIRFLOW_CTX_DAG_ID='my_python_dag' AIRFLOW_CTX_TASK_ID='elastic_metro_station' AIRFLOW_CTX_EXECUTION_DATE='2024-06-06T14:48:08.297293+00:00' AIRFLOW_CTX_TRY_NUMBER='1' AIRFLOW_CTX_DAG_RUN_ID='manual__2024-06-06T14:48:08.297293+00:00'
[2024-06-06T14:48:09.744+0000] {logging_mixin.py:151} INFO - Hello
[2024-06-06T14:49:24.636+0000] {_transport.py:336} INFO - PUT https://7f0ef8badf50482b9b0d93ef141e14ec.us-central1.gcp.cloud.es.io:443/metro_station/_doc/concorde [status:200 duration:0.460s]
[2024-06-06T14:49:24.811+0000] {_transport.py:336} INFO - PUT https://7f0ef8badf50482b9b0d93ef141e14ec.us-central1.gcp.cloud.es.io:443/metro_station/_doc/les-sablons [status:200 duration:0.167s]
[2024-06-06T14:49:24.962+0000] {_transport.py:336} INFO - PUT https://7f0ef8badf50482b9b0d93ef141e14ec.us-central1.gcp.cloud.es.io:443/metro_station/_doc/rambuteau [status:200 duration:0.147s]
[2024-06-06T14:49:25.128+0000] {_transport.py:336} INFO - PUT https://7f0ef8badf50482b9b0d93ef141e14ec.us-central1.gcp.cloud.es.io:443/metro_station/_doc/hotel-de-ville [status:200 duration:0.164s]
[2024-06-06T14:49:25.284+0000] {_transport.py:336} INFO - PUT https://7f0ef8badf50482b9b0d93ef141e14ec.us-central1.gcp.cloud.es.io:443/metro_station/_doc/anvers [status:200 duration:0.152s]
[2024-06-06T14:49:25.451+0000] {_transport.py:336} INFO - PUT https://7f0ef8badf50482b9b0d93ef141e14ec.us-central1.gcp.cloud.es.io:443/metro_station/_doc/chatelet-les-halles [status:200 duration:0.159s]
[2024-06-06T14:49:25.616+0000] {_transport.py:336} INFO - PUT https://7f0ef8badf50482b9b0d93ef141e14ec.us-central1.gcp.cloud.es.io:443/metro_station/_doc/nation [status:200 duration:0.158s]
[2024-06-06T14:49:25.777+0000] {_transport.py:336} INFO - PUT https://7f0ef8badf50482b9b0d93ef141e14ec.us-central1.gcp.cloud.es.io:443/metro_station/_doc/argentine [status:200 duration:0.152s]
[2024-06-06T14:49:25.934+0000] {_transport.py:336} INFO - PUT https://7f0ef8badf50482b9b0d93ef141e14ec.us-central1.gcp.cloud.es.io:443/metro_station/_doc/bibliotheque-francois-mitterrand [status:200 duration:0.151s]
[2024-06-06T14:49:26.093+0000] {_transport.py:336} INFO - PUT https://7f0ef8badf50482b9b0d93ef141e14ec.us-central1.gcp.cloud.es.io:443/metro_station/_doc/gare-du-nord [status:200 duration:0.156s]
[2024-06-06T14:49:26.374+0000] {_transport.py:336} INFO - PUT https://7f0ef8badf50482b9b0d93ef141e14ec.us-central1.gcp.cloud.es.io:443/metro_station/_doc/champs-elysees-clemenceau [status:200 duration:0.275s]
[2024-06-06T14:49:26.767+0000] {_transport.py:336} INFO - PUT https://7f0ef8badf50482b9b0d93ef141e14ec.us-central1.gcp.cloud.es.io:443/metro_station/_doc/bastille [status:200 duration:0.380s]
[2024-06-06T14:49:27.040+0000] {_transport.py:336} INFO - PUT https://7f0ef8badf50482b9b0d93ef141e14ec.us-central1.gcp.cloud.es.io:443/metro_station/_doc/gare-d-austerlitz [status:200 duration:0.257s]
[2024-06-06T14:49:27.239+0000] {_transport.py:336} INFO - PUT https://7f0ef8badf50482b9b0d93ef141e14ec.us-central1.gcp.cloud.es.io:443/metro_station/_doc/saint-mande [status:200 duration:0.196s]
[2024-06-06T14:49:27.398+0000] {_transport.py:336} INFO - PUT https://7f0ef8badf50482b9b0d93ef141e14ec.us-central1.gcp.cloud.es.io:443/metro_station/_doc/la-defense [status:200 duration:0.150s]
[2024-06-06T14:49:27.562+0000] {_transport.py:336} INFO - PUT https://7f0ef8badf50482b9b0d93ef141e14ec.us-central1.gcp.cloud.es.io:443/metro_station/_doc/tuileries [status:200 duration:0.162s]
[2024-06-06T14:49:27.732+0000] {_transport.py:336} INFO - PUT https://7f0ef8badf50482b9b0d93ef141e14ec.us-central1.gcp.cloud.es.io:443/metro_station/_doc/pont-de-neuilly [status:200 duration:0.168s]
[2024-06-06T14:49:27.887+0000] {_transport.py:336} INFO - PUT https://7f0ef8badf50482b9b0d93ef141e14ec.us-central1.gcp.cloud.es.io:443/metro_station/_doc/gare-de-l-est [status:200 duration:0.152s]
[2024-06-06T14:49:28.051+0000] {_transport.py:336} INFO - PUT https://7f0ef8badf50482b9b0d93ef141e14ec.us-central1.gcp.cloud.es.io:443/metro_station/_doc/montparnasse-bienvenue [status:200 duration:0.159s]
[2024-06-06T14:49:28.219+0000] {_transport.py:336} INFO - PUT https://7f0ef8badf50482b9b0d93ef141e14ec.us-central1.gcp.cloud.es.io:443/metro_station/_doc/porte-de-la-villette [status:200 duration:0.162s]
[2024-06-06T14:49:28.388+0000] {_transport.py:336} INFO - PUT https://7f0ef8badf50482b9b0d93ef141e14ec.us-central1.gcp.cloud.es.io:443/metro_station/_doc/porte-maillot [status:200 duration:0.165s]
[2024-06-06T14:49:28.553+0000] {_transport.py:336} INFO - PUT https://7f0ef8badf50482b9b0d93ef141e14ec.us-central1.gcp.cloud.es.io:443/metro_station/_doc/franklin-roosevelt [status:200 duration:0.161s]
[2024-06-06T14:49:28.694+0000] {_transport.py:336} INFO - PUT https://7f0ef8badf50482b9b0d93ef141e14ec.us-central1.gcp.cloud.es.io:443/metro_station/_doc/reuilly-diderot [status:200 duration:0.139s]
[2024-06-06T14:49:28.875+0000] {_transport.py:336} INFO - PUT https://7f0ef8badf50482b9b0d93ef141e14ec.us-central1.gcp.cloud.es.io:443/metro_station/_doc/berault [status:200 duration:0.175s]
[2024-06-06T14:49:29.029+0000] {_transport.py:336} INFO - PUT https://7f0ef8badf50482b9b0d93ef141e14ec.us-central1.gcp.cloud.es.io:443/metro_station/_doc/marne-la-vallee-chessy [status:200 duration:0.152s]
[2024-06-06T14:49:29.187+0000] {_transport.py:336} INFO - PUT https://7f0ef8badf50482b9b0d93ef141e14ec.us-central1.gcp.cloud.es.io:443/metro_station/_doc/opera [status:200 duration:0.154s]
[2024-06-06T14:49:29.388+0000] {_transport.py:336} INFO - PUT https://7f0ef8badf50482b9b0d93ef141e14ec.us-central1.gcp.cloud.es.io:443/metro_station/_doc/gare-de-lyon [status:200 duration:0.193s]
[2024-06-06T14:49:29.546+0000] {_transport.py:336} INFO - PUT https://7f0ef8badf50482b9b0d93ef141e14ec.us-central1.gcp.cloud.es.io:443/metro_station/_doc/porte-de-vincennes [status:200 duration:0.152s]
[2024-06-06T14:49:29.715+0000] {_transport.py:336} INFO - PUT https://7f0ef8badf50482b9b0d93ef141e14ec.us-central1.gcp.cloud.es.io:443/metro_station/_doc/louvre-rivoli [status:200 duration:0.162s]
[2024-06-06T14:49:29.879+0000] {_transport.py:336} INFO - PUT https://7f0ef8badf50482b9b0d93ef141e14ec.us-central1.gcp.cloud.es.io:443/metro_station/_doc/bir-hakeim [status:200 duration:0.156s]
[2024-06-06T14:49:30.036+0000] {_transport.py:336} INFO - PUT https://7f0ef8badf50482b9b0d93ef141e14ec.us-central1.gcp.cloud.es.io:443/metro_station/_doc/charles-de-gaulle-etoile [status:200 duration:0.147s]
[2024-06-06T14:49:30.202+0000] {_transport.py:336} INFO - PUT https://7f0ef8badf50482b9b0d93ef141e14ec.us-central1.gcp.cloud.es.io:443/metro_station/_doc/palais-royal-musee-du-louvre [status:200 duration:0.163s]
[2024-06-06T14:49:30.374+0000] {_transport.py:336} INFO - PUT https://7f0ef8badf50482b9b0d93ef141e14ec.us-central1.gcp.cloud.es.io:443/metro_station/_doc/george-v [status:200 duration:0.168s]
[2024-06-06T14:49:30.531+0000] {_transport.py:336} INFO - PUT https://7f0ef8badf50482b9b0d93ef141e14ec.us-central1.gcp.cloud.es.io:443/metro_station/_doc/republique [status:200 duration:0.152s]
[2024-06-06T14:49:30.680+0000] {_transport.py:336} INFO - PUT https://7f0ef8badf50482b9b0d93ef141e14ec.us-central1.gcp.cloud.es.io:443/metro_station/_doc/chatelet [status:200 duration:0.142s]
[2024-06-06T14:49:30.922+0000] {_transport.py:336} INFO - PUT https://7f0ef8badf50482b9b0d93ef141e14ec.us-central1.gcp.cloud.es.io:443/metro_station/_doc/saint-lazare [status:200 duration:0.235s]
[2024-06-06T14:49:31.250+0000] {_transport.py:336} INFO - PUT https://7f0ef8badf50482b9b0d93ef141e14ec.us-central1.gcp.cloud.es.io:443/metro_station/_doc/chateau-de-vincennes [status:200 duration:0.320s]
[2024-06-06T14:49:31.419+0000] {_transport.py:336} INFO - PUT https://7f0ef8badf50482b9b0d93ef141e14ec.us-central1.gcp.cloud.es.io:443/metro_station/_doc/esplanade-de-la-defense [status:200 duration:0.156s]
[2024-06-06T14:49:31.682+0000] {_transport.py:336} INFO - PUT https://7f0ef8badf50482b9b0d93ef141e14ec.us-central1.gcp.cloud.es.io:443/metro_station/_doc/saint-michel-notre-dame [status:200 duration:0.256s]
[2024-06-06T14:49:31.898+0000] {_transport.py:336} INFO - PUT https://7f0ef8badf50482b9b0d93ef141e14ec.us-central1.gcp.cloud.es.io:443/metro_station/_doc/saint-paul [status:200 duration:0.202s]
[2024-06-06T14:49:32.058+0000] {_transport.py:336} INFO - PUT https://7f0ef8badf50482b9b0d93ef141e14ec.us-central1.gcp.cloud.es.io:443/metro_station/_doc/bercy [status:200 duration:0.146s]
[2024-06-06T14:49:32.228+0000] {_transport.py:336} INFO - PUT https://7f0ef8badf50482b9b0d93ef141e14ec.us-central1.gcp.cloud.es.io:443/metro_station/_doc/colonel-fabien [status:200 duration:0.165s]
[2024-06-06T14:49:32.376+0000] {_transport.py:336} INFO - PUT https://7f0ef8badf50482b9b0d93ef141e14ec.us-central1.gcp.cloud.es.io:443/metro_station/_doc/courcelles [status:200 duration:0.141s]
[2024-06-06T14:49:32.559+0000] {_transport.py:336} INFO - PUT https://7f0ef8badf50482b9b0d93ef141e14ec.us-central1.gcp.cloud.es.io:443/metro_station/_doc/rome [status:200 duration:0.180s]
[2024-06-06T14:49:32.773+0000] {_transport.py:336} INFO - PUT https://7f0ef8badf50482b9b0d93ef141e14ec.us-central1.gcp.cloud.es.io:443/metro_station/_doc/jaures [status:200 duration:0.207s]
[2024-06-06T14:49:32.940+0000] {_transport.py:336} INFO - PUT https://7f0ef8badf50482b9b0d93ef141e14ec.us-central1.gcp.cloud.es.io:443/metro_station/_doc/pigalle [status:200 duration:0.159s]
[2024-06-06T14:49:33.157+0000] {_transport.py:336} INFO - PUT https://7f0ef8badf50482b9b0d93ef141e14ec.us-central1.gcp.cloud.es.io:443/metro_station/_doc/alexandre-dumas [status:200 duration:0.212s]
[2024-06-06T14:49:33.321+0000] {_transport.py:336} INFO - PUT https://7f0ef8badf50482b9b0d93ef141e14ec.us-central1.gcp.cloud.es.io:443/metro_station/_doc/pere-lachaise [status:200 duration:0.150s]
[2024-06-06T14:49:33.541+0000] {_transport.py:336} INFO - PUT https://7f0ef8badf50482b9b0d93ef141e14ec.us-central1.gcp.cloud.es.io:443/metro_station/_doc/place-de-clichy [status:200 duration:0.212s]
[2024-06-06T14:49:33.791+0000] {_transport.py:336} INFO - PUT https://7f0ef8badf50482b9b0d93ef141e14ec.us-central1.gcp.cloud.es.io:443/metro_station/_doc/belleville [status:200 duration:0.244s]
[2024-06-06T14:49:33.962+0000] {_transport.py:336} INFO - PUT https://7f0ef8badf50482b9b0d93ef141e14ec.us-central1.gcp.cloud.es.io:443/metro_station/_doc/philippe-auguste [status:200 duration:0.158s]
[2024-06-06T14:49:34.123+0000] {_transport.py:336} INFO - PUT https://7f0ef8badf50482b9b0d93ef141e14ec.us-central1.gcp.cloud.es.io:443/metro_station/_doc/monceau [status:200 duration:0.160s]
[2024-06-06T14:49:34.354+0000] {_transport.py:336} INFO - PUT https://7f0ef8badf50482b9b0d93ef141e14ec.us-central1.gcp.cloud.es.io:443/metro_station/_doc/blanche [status:200 duration:0.227s]
[2024-06-06T14:49:34.549+0000] {_transport.py:336} INFO - PUT https://7f0ef8badf50482b9b0d93ef141e14ec.us-central1.gcp.cloud.es.io:443/metro_station/_doc/victor-hugo [status:200 duration:0.185s]
[2024-06-06T14:49:34.765+0000] {_transport.py:336} INFO - PUT https://7f0ef8badf50482b9b0d93ef141e14ec.us-central1.gcp.cloud.es.io:443/metro_station/_doc/barbes-rochechouart [status:200 duration:0.209s]
[2024-06-06T14:49:34.956+0000] {_transport.py:336} INFO - PUT https://7f0ef8badf50482b9b0d93ef141e14ec.us-central1.gcp.cloud.es.io:443/metro_station/_doc/couronnes [status:200 duration:0.180s]
[2024-06-06T14:49:35.109+0000] {_transport.py:336} INFO - PUT https://7f0ef8badf50482b9b0d93ef141e14ec.us-central1.gcp.cloud.es.io:443/metro_station/_doc/avron [status:200 duration:0.148s]
[2024-06-06T14:49:35.255+0000] {_transport.py:336} INFO - PUT https://7f0ef8badf50482b9b0d93ef141e14ec.us-central1.gcp.cloud.es.io:443/metro_station/_doc/stalingrad [status:200 duration:0.143s]
[2024-06-06T14:49:35.417+0000] {_transport.py:336} INFO - PUT https://7f0ef8badf50482b9b0d93ef141e14ec.us-central1.gcp.cloud.es.io:443/metro_station/_doc/villiers [status:200 duration:0.158s]
[2024-06-06T14:49:35.567+0000] {_transport.py:336} INFO - PUT https://7f0ef8badf50482b9b0d93ef141e14ec.us-central1.gcp.cloud.es.io:443/metro_station/_doc/menilmontant [status:200 duration:0.142s]
[2024-06-06T14:49:35.800+0000] {_transport.py:336} INFO - PUT https://7f0ef8badf50482b9b0d93ef141e14ec.us-central1.gcp.cloud.es.io:443/metro_station/_doc/porte-dauphine [status:200 duration:0.227s]
[2024-06-06T14:49:36.053+0000] {_transport.py:336} INFO - PUT https://7f0ef8badf50482b9b0d93ef141e14ec.us-central1.gcp.cloud.es.io:443/metro_station/_doc/ternes [status:200 duration:0.242s]
[2024-06-06T14:49:36.209+0000] {_transport.py:336} INFO - PUT https://7f0ef8badf50482b9b0d93ef141e14ec.us-central1.gcp.cloud.es.io:443/metro_station/_doc/la-chapelle [status:200 duration:0.152s]
[2024-06-06T14:49:36.466+0000] {_transport.py:336} INFO - PUT https://7f0ef8badf50482b9b0d93ef141e14ec.us-central1.gcp.cloud.es.io:443/metro_station/_doc/porte-de-champerret [status:200 duration:0.250s]
[2024-06-06T14:49:36.632+0000] {_transport.py:336} INFO - PUT https://7f0ef8badf50482b9b0d93ef141e14ec.us-central1.gcp.cloud.es.io:443/metro_station/_doc/europe [status:200 duration:0.163s]
[2024-06-06T14:49:36.850+0000] {_transport.py:336} INFO - PUT https://7f0ef8badf50482b9b0d93ef141e14ec.us-central1.gcp.cloud.es.io:443/metro_station/_doc/wagram [status:200 duration:0.214s]
[2024-06-06T14:49:37.000+0000] {_transport.py:336} INFO - PUT https://7f0ef8badf50482b9b0d93ef141e14ec.us-central1.gcp.cloud.es.io:443/metro_station/_doc/gambetta [status:200 duration:0.146s]
[2024-06-06T14:49:37.147+0000] {_transport.py:336} INFO - PUT https://7f0ef8badf50482b9b0d93ef141e14ec.us-central1.gcp.cloud.es.io:443/metro_station/_doc/anatole-france [status:200 duration:0.145s]
[2024-06-06T14:49:37.290+0000] {_transport.py:336} INFO - PUT https://7f0ef8badf50482b9b0d93ef141e14ec.us-central1.gcp.cloud.es.io:443/metro_station/_doc/quatre-septembre [status:200 duration:0.141s]
[2024-06-06T14:49:37.438+0000] {_transport.py:336} INFO - PUT https://7f0ef8badf50482b9b0d93ef141e14ec.us-central1.gcp.cloud.es.io:443/metro_station/_doc/temple [status:200 duration:0.146s]
[2024-06-06T14:49:37.665+0000] {_transport.py:336} INFO - PUT https://7f0ef8badf50482b9b0d93ef141e14ec.us-central1.gcp.cloud.es.io:443/metro_station/_doc/malesherbes [status:200 duration:0.226s]
[2024-06-06T14:49:37.911+0000] {_transport.py:336} INFO - PUT https://7f0ef8badf50482b9b0d93ef141e14ec.us-central1.gcp.cloud.es.io:443/metro_station/_doc/pont-de-levallois-becon [status:200 duration:0.244s]
[2024-06-06T14:49:38.130+0000] {_transport.py:336} INFO - PUT https://7f0ef8badf50482b9b0d93ef141e14ec.us-central1.gcp.cloud.es.io:443/metro_station/_doc/louise-michel [status:200 duration:0.211s]
[2024-06-06T14:49:38.280+0000] {_transport.py:336} INFO - PUT https://7f0ef8badf50482b9b0d93ef141e14ec.us-central1.gcp.cloud.es.io:443/metro_station/_doc/arts-et-metiers [status:200 duration:0.146s]
[2024-06-06T14:49:38.431+0000] {_transport.py:336} INFO - PUT https://7f0ef8badf50482b9b0d93ef141e14ec.us-central1.gcp.cloud.es.io:443/metro_station/_doc/havre-caumartin [status:200 duration:0.145s]
[2024-06-06T14:49:38.670+0000] {_transport.py:336} INFO - PUT https://7f0ef8badf50482b9b0d93ef141e14ec.us-central1.gcp.cloud.es.io:443/metro_station/_doc/rue-saint-maur [status:200 duration:0.224s]
[2024-06-06T14:49:38.950+0000] {_transport.py:336} INFO - PUT https://7f0ef8badf50482b9b0d93ef141e14ec.us-central1.gcp.cloud.es.io:443/metro_station/_doc/parmentier [status:200 duration:0.275s]
[2024-06-06T14:49:39.124+0000] {_transport.py:336} INFO - PUT https://7f0ef8badf50482b9b0d93ef141e14ec.us-central1.gcp.cloud.es.io:443/metro_station/_doc/porte-de-bagnolet [status:200 duration:0.170s]
[2024-06-06T14:49:39.282+0000] {_transport.py:336} INFO - PUT https://7f0ef8badf50482b9b0d93ef141e14ec.us-central1.gcp.cloud.es.io:443/metro_station/_doc/pereire [status:200 duration:0.156s]
[2024-06-06T14:49:39.431+0000] {_transport.py:336} INFO - PUT https://7f0ef8badf50482b9b0d93ef141e14ec.us-central1.gcp.cloud.es.io:443/metro_station/_doc/bourse [status:200 duration:0.145s]
[2024-06-06T14:49:39.595+0000] {_transport.py:336} INFO - PUT https://7f0ef8badf50482b9b0d93ef141e14ec.us-central1.gcp.cloud.es.io:443/metro_station/_doc/sentier [status:200 duration:0.155s]
[2024-06-06T14:49:39.778+0000] {_transport.py:336} INFO - PUT https://7f0ef8badf50482b9b0d93ef141e14ec.us-central1.gcp.cloud.es.io:443/metro_station/_doc/reaumur-sebastopol [status:200 duration:0.175s]
[2024-06-06T14:49:39.931+0000] {_transport.py:336} INFO - PUT https://7f0ef8badf50482b9b0d93ef141e14ec.us-central1.gcp.cloud.es.io:443/metro_station/_doc/gallieni [status:200 duration:0.146s]
[2024-06-06T14:49:40.092+0000] {_transport.py:336} INFO - PUT https://7f0ef8badf50482b9b0d93ef141e14ec.us-central1.gcp.cloud.es.io:443/metro_station/_doc/porte-d-orleans [status:200 duration:0.155s]
[2024-06-06T14:49:40.259+0000] {_transport.py:336} INFO - PUT https://7f0ef8badf50482b9b0d93ef141e14ec.us-central1.gcp.cloud.es.io:443/metro_station/_doc/porte-de-clignancourt [status:200 duration:0.164s]
[2024-06-06T14:49:40.406+0000] {_transport.py:336} INFO - PUT https://7f0ef8badf50482b9b0d93ef141e14ec.us-central1.gcp.cloud.es.io:443/metro_station/_doc/simplon [status:200 duration:0.144s]
[2024-06-06T14:49:40.551+0000] {_transport.py:336} INFO - PUT https://7f0ef8badf50482b9b0d93ef141e14ec.us-central1.gcp.cloud.es.io:443/metro_station/_doc/cite [status:200 duration:0.141s]
[2024-06-06T14:49:40.720+0000] {_transport.py:336} INFO - PUT https://7f0ef8badf50482b9b0d93ef141e14ec.us-central1.gcp.cloud.es.io:443/metro_station/_doc/marcadet-poissonniers [status:200 duration:0.163s]
[2024-06-06T14:49:40.871+0000] {_transport.py:336} INFO - PUT https://7f0ef8badf50482b9b0d93ef141e14ec.us-central1.gcp.cloud.es.io:443/metro_station/_doc/saint-germain-des-pres [status:200 duration:0.144s]
[2024-06-06T14:49:41.054+0000] {_transport.py:336} INFO - PUT https://7f0ef8badf50482b9b0d93ef141e14ec.us-central1.gcp.cloud.es.io:443/metro_station/_doc/bagneux-lucie-aubrac [status:200 duration:0.175s]
[2024-06-06T14:49:41.211+0000] {_transport.py:336} INFO - PUT https://7f0ef8badf50482b9b0d93ef141e14ec.us-central1.gcp.cloud.es.io:443/metro_station/_doc/saint-michel [status:200 duration:0.152s]
[2024-06-06T14:49:41.359+0000] {_transport.py:336} INFO - PUT https://7f0ef8badf50482b9b0d93ef141e14ec.us-central1.gcp.cloud.es.io:443/metro_station/_doc/chateau-rouge [status:200 duration:0.144s]
[2024-06-06T14:49:41.512+0000] {_transport.py:336} INFO - PUT https://7f0ef8badf50482b9b0d93ef141e14ec.us-central1.gcp.cloud.es.io:443/metro_station/_doc/mouton-duvernet [status:200 duration:0.146s]
[2024-06-06T14:49:41.672+0000] {_transport.py:336} INFO - PUT https://7f0ef8badf50482b9b0d93ef141e14ec.us-central1.gcp.cloud.es.io:443/metro_station/_doc/vavin [status:200 duration:0.152s]
[2024-06-06T14:49:41.831+0000] {_transport.py:336} INFO - PUT https://7f0ef8badf50482b9b0d93ef141e14ec.us-central1.gcp.cloud.es.io:443/metro_station/_doc/raspail [status:200 duration:0.152s]
[2024-06-06T14:49:42.008+0000] {_transport.py:336} INFO - PUT https://7f0ef8badf50482b9b0d93ef141e14ec.us-central1.gcp.cloud.es.io:443/metro_station/_doc/alesia [status:200 duration:0.172s]
[2024-06-06T14:49:42.154+0000] {_transport.py:336} INFO - PUT https://7f0ef8badf50482b9b0d93ef141e14ec.us-central1.gcp.cloud.es.io:443/metro_station/_doc/mairie-de-montrouge [status:200 duration:0.143s]
[2024-06-06T14:49:42.305+0000] {_transport.py:336} INFO - PUT https://7f0ef8badf50482b9b0d93ef141e14ec.us-central1.gcp.cloud.es.io:443/metro_station/_doc/barbara [status:200 duration:0.148s]
[2024-06-06T14:49:42.450+0000] {_transport.py:336} INFO - PUT https://7f0ef8badf50482b9b0d93ef141e14ec.us-central1.gcp.cloud.es.io:443/metro_station/_doc/denfert-rochereau [status:200 duration:0.142s]
[2024-06-06T14:49:42.599+0000] {_transport.py:336} INFO - PUT https://7f0ef8badf50482b9b0d93ef141e14ec.us-central1.gcp.cloud.es.io:443/metro_station/_doc/les-halles [status:200 duration:0.147s]
[2024-06-06T14:49:42.765+0000] {_transport.py:336} INFO - PUT https://7f0ef8badf50482b9b0d93ef141e14ec.us-central1.gcp.cloud.es.io:443/metro_station/_doc/chateau-d-eau [status:200 duration:0.158s]
[2024-06-06T14:49:42.924+0000] {_transport.py:336} INFO - PUT https://7f0ef8badf50482b9b0d93ef141e14ec.us-central1.gcp.cloud.es.io:443/metro_station/_doc/strasbourg-saint-denis [status:200 duration:0.154s]
[2024-06-06T14:49:43.190+0000] {_transport.py:336} INFO - PUT https://7f0ef8badf50482b9b0d93ef141e14ec.us-central1.gcp.cloud.es.io:443/metro_station/_doc/saint-placide [status:200 duration:0.257s]
[2024-06-06T14:49:43.451+0000] {_transport.py:336} INFO - PUT https://7f0ef8badf50482b9b0d93ef141e14ec.us-central1.gcp.cloud.es.io:443/metro_station/_doc/saint-sulpice [status:200 duration:0.250s]
[2024-06-06T14:49:43.673+0000] {_transport.py:336} INFO - PUT https://7f0ef8badf50482b9b0d93ef141e14ec.us-central1.gcp.cloud.es.io:443/metro_station/_doc/etienne-marcel [status:200 duration:0.210s]
[2024-06-06T14:49:43.831+0000] {_transport.py:336} INFO - PUT https://7f0ef8badf50482b9b0d93ef141e14ec.us-central1.gcp.cloud.es.io:443/metro_station/_doc/odeon [status:200 duration:0.143s]
[2024-06-06T14:49:43.980+0000] {_transport.py:336} INFO - PUT https://7f0ef8badf50482b9b0d93ef141e14ec.us-central1.gcp.cloud.es.io:443/metro_station/_doc/bobigny-pantin-raymond-queneau [status:200 duration:0.146s]
[2024-06-06T14:49:44.131+0000] {_transport.py:336} INFO - PUT https://7f0ef8badf50482b9b0d93ef141e14ec.us-central1.gcp.cloud.es.io:443/metro_station/_doc/bobigny-pablo-picasso [status:200 duration:0.146s]
[2024-06-06T14:49:44.273+0000] {_transport.py:336} INFO - PUT https://7f0ef8badf50482b9b0d93ef141e14ec.us-central1.gcp.cloud.es.io:443/metro_station/_doc/hoche [status:200 duration:0.139s]
[2024-06-06T14:49:44.419+0000] {_transport.py:336} INFO - PUT https://7f0ef8badf50482b9b0d93ef141e14ec.us-central1.gcp.cloud.es.io:443/metro_station/_doc/ourcq [status:200 duration:0.138s]
[2024-06-06T14:49:44.587+0000] {_transport.py:336} INFO - PUT https://7f0ef8badf50482b9b0d93ef141e14ec.us-central1.gcp.cloud.es.io:443/metro_station/_doc/quai-de-la-rapee [status:200 duration:0.161s]
[2024-06-06T14:49:44.761+0000] {_transport.py:336} INFO - PUT https://7f0ef8badf50482b9b0d93ef141e14ec.us-central1.gcp.cloud.es.io:443/metro_station/_doc/oberkampf [status:200 duration:0.168s]
[2024-06-06T14:49:44.914+0000] {_transport.py:336} INFO - PUT https://7f0ef8badf50482b9b0d93ef141e14ec.us-central1.gcp.cloud.es.io:443/metro_station/_doc/laumiere [status:200 duration:0.146s]
[2024-06-06T14:49:45.058+0000] {_transport.py:336} INFO - PUT https://7f0ef8badf50482b9b0d93ef141e14ec.us-central1.gcp.cloud.es.io:443/metro_station/_doc/jacques-bonsergent [status:200 duration:0.138s]
[2024-06-06T14:49:45.211+0000] {_transport.py:336} INFO - PUT https://7f0ef8badf50482b9b0d93ef141e14ec.us-central1.gcp.cloud.es.io:443/metro_station/_doc/place-d-italie [status:200 duration:0.152s]
[2024-06-06T14:49:45.362+0000] {_transport.py:336} INFO - PUT https://7f0ef8badf50482b9b0d93ef141e14ec.us-central1.gcp.cloud.es.io:443/metro_station/_doc/porte-de-pantin [status:200 duration:0.149s]
[2024-06-06T14:49:45.529+0000] {_transport.py:336} INFO - PUT https://7f0ef8badf50482b9b0d93ef141e14ec.us-central1.gcp.cloud.es.io:443/metro_station/_doc/campo-formio [status:200 duration:0.162s]
[2024-06-06T14:49:45.685+0000] {_transport.py:336} INFO - PUT https://7f0ef8badf50482b9b0d93ef141e14ec.us-central1.gcp.cloud.es.io:443/metro_station/_doc/saint-marcel [status:200 duration:0.148s]
[2024-06-06T14:49:45.847+0000] {_transport.py:336} INFO - PUT https://7f0ef8badf50482b9b0d93ef141e14ec.us-central1.gcp.cloud.es.io:443/metro_station/_doc/richard-lenoir [status:200 duration:0.151s]
[2024-06-06T14:49:46.008+0000] {_transport.py:336} INFO - PUT https://7f0ef8badf50482b9b0d93ef141e14ec.us-central1.gcp.cloud.es.io:443/metro_station/_doc/breguet-sabin [status:200 duration:0.153s]
[2024-06-06T14:49:46.157+0000] {_transport.py:336} INFO - PUT https://7f0ef8badf50482b9b0d93ef141e14ec.us-central1.gcp.cloud.es.io:443/metro_station/_doc/eglise-de-pantin [status:200 duration:0.142s]
[2024-06-06T14:49:46.320+0000] {_transport.py:336} INFO - PUT https://7f0ef8badf50482b9b0d93ef141e14ec.us-central1.gcp.cloud.es.io:443/metro_station/_doc/kleber [status:200 duration:0.161s]
[2024-06-06T14:49:46.473+0000] {_transport.py:336} INFO - PUT https://7f0ef8badf50482b9b0d93ef141e14ec.us-central1.gcp.cloud.es.io:443/metro_station/_doc/trocadero [status:200 duration:0.144s]
[2024-06-06T14:49:46.620+0000] {_transport.py:336} INFO - PUT https://7f0ef8badf50482b9b0d93ef141e14ec.us-central1.gcp.cloud.es.io:443/metro_station/_doc/dugommier [status:200 duration:0.142s]
[2024-06-06T14:49:46.765+0000] {_transport.py:336} INFO - PUT https://7f0ef8badf50482b9b0d93ef141e14ec.us-central1.gcp.cloud.es.io:443/metro_station/_doc/la-motte-picquet-grenelle [status:200 duration:0.136s]
[2024-06-06T14:49:46.949+0000] {_transport.py:336} INFO - PUT https://7f0ef8badf50482b9b0d93ef141e14ec.us-central1.gcp.cloud.es.io:443/metro_station/_doc/nationale [status:200 duration:0.181s]
[2024-06-06T14:49:47.117+0000] {_transport.py:336} INFO - PUT https://7f0ef8badf50482b9b0d93ef141e14ec.us-central1.gcp.cloud.es.io:443/metro_station/_doc/daumesnil [status:200 duration:0.159s]
[2024-06-06T14:49:47.279+0000] {_transport.py:336} INFO - PUT https://7f0ef8badf50482b9b0d93ef141e14ec.us-central1.gcp.cloud.es.io:443/metro_station/_doc/saint-jacques [status:200 duration:0.154s]
[2024-06-06T14:49:47.431+0000] {_transport.py:336} INFO - PUT https://7f0ef8badf50482b9b0d93ef141e14ec.us-central1.gcp.cloud.es.io:443/metro_station/_doc/sevres-lecourbe [status:200 duration:0.147s]
[2024-06-06T14:49:47.591+0000] {_transport.py:336} INFO - PUT https://7f0ef8badf50482b9b0d93ef141e14ec.us-central1.gcp.cloud.es.io:443/metro_station/_doc/passy [status:200 duration:0.158s]
[2024-06-06T14:49:47.757+0000] {_transport.py:336} INFO - PUT https://7f0ef8badf50482b9b0d93ef141e14ec.us-central1.gcp.cloud.es.io:443/metro_station/_doc/quai-de-la-gare [status:200 duration:0.165s]
[2024-06-06T14:49:47.912+0000] {_transport.py:336} INFO - PUT https://7f0ef8badf50482b9b0d93ef141e14ec.us-central1.gcp.cloud.es.io:443/metro_station/_doc/corvisart [status:200 duration:0.152s]
[2024-06-06T14:49:48.071+0000] {_transport.py:336} INFO - PUT https://7f0ef8badf50482b9b0d93ef141e14ec.us-central1.gcp.cloud.es.io:443/metro_station/_doc/chevaleret [status:200 duration:0.152s]
[2024-06-06T14:49:48.238+0000] {_transport.py:336} INFO - PUT https://7f0ef8badf50482b9b0d93ef141e14ec.us-central1.gcp.cloud.es.io:443/metro_station/_doc/edgar-quinet [status:200 duration:0.162s]
[2024-06-06T14:49:48.401+0000] {_transport.py:336} INFO - PUT https://7f0ef8badf50482b9b0d93ef141e14ec.us-central1.gcp.cloud.es.io:443/metro_station/_doc/boissiere [status:200 duration:0.159s]
[2024-06-06T14:49:48.552+0000] {_transport.py:336} INFO - PUT https://7f0ef8badf50482b9b0d93ef141e14ec.us-central1.gcp.cloud.es.io:443/metro_station/_doc/dupleix [status:200 duration:0.147s]
[2024-06-06T14:49:48.701+0000] {_transport.py:336} INFO - PUT https://7f0ef8badf50482b9b0d93ef141e14ec.us-central1.gcp.cloud.es.io:443/metro_station/_doc/cambronne [status:200 duration:0.147s]
[2024-06-06T14:49:48.854+0000] {_transport.py:336} INFO - PUT https://7f0ef8badf50482b9b0d93ef141e14ec.us-central1.gcp.cloud.es.io:443/metro_station/_doc/picpus [status:200 duration:0.149s]
[2024-06-06T14:49:49.009+0000] {_transport.py:336} INFO - PUT https://7f0ef8badf50482b9b0d93ef141e14ec.us-central1.gcp.cloud.es.io:443/metro_station/_doc/pasteur [status:200 duration:0.147s]
[2024-06-06T14:49:49.171+0000] {_transport.py:336} INFO - PUT https://7f0ef8badf50482b9b0d93ef141e14ec.us-central1.gcp.cloud.es.io:443/metro_station/_doc/glaciere [status:200 duration:0.155s]
[2024-06-06T14:49:49.330+0000] {_transport.py:336} INFO - PUT https://7f0ef8badf50482b9b0d93ef141e14ec.us-central1.gcp.cloud.es.io:443/metro_station/_doc/bel-air [status:200 duration:0.157s]
[2024-06-06T14:49:49.494+0000] {_transport.py:336} INFO - PUT https://7f0ef8badf50482b9b0d93ef141e14ec.us-central1.gcp.cloud.es.io:443/metro_station/_doc/cadet [status:200 duration:0.157s]
[2024-06-06T14:49:49.660+0000] {_transport.py:336} INFO - PUT https://7f0ef8badf50482b9b0d93ef141e14ec.us-central1.gcp.cloud.es.io:443/metro_station/_doc/chateau-landon [status:200 duration:0.160s]
[2024-06-06T14:49:49.813+0000] {_transport.py:336} INFO - PUT https://7f0ef8badf50482b9b0d93ef141e14ec.us-central1.gcp.cloud.es.io:443/metro_station/_doc/fort-d-aubervilliers [status:200 duration:0.148s]
[2024-06-06T14:49:49.975+0000] {_transport.py:336} INFO - PUT https://7f0ef8badf50482b9b0d93ef141e14ec.us-central1.gcp.cloud.es.io:443/metro_station/_doc/villejuif-paul-vaillant-couturier [status:200 duration:0.156s]
[2024-06-06T14:49:50.130+0000] {_transport.py:336} INFO - PUT https://7f0ef8badf50482b9b0d93ef141e14ec.us-central1.gcp.cloud.es.io:443/metro_station/_doc/porte-de-choisy [status:200 duration:0.148s]
[2024-06-06T14:49:50.270+0000] {_transport.py:336} INFO - PUT https://7f0ef8badf50482b9b0d93ef141e14ec.us-central1.gcp.cloud.es.io:443/metro_station/_doc/louis-blanc [status:200 duration:0.136s]
[2024-06-06T14:49:50.411+0000] {_transport.py:336} INFO - PUT https://7f0ef8badf50482b9b0d93ef141e14ec.us-central1.gcp.cloud.es.io:443/metro_station/_doc/villejuif-louis-aragon [status:200 duration:0.139s]
[2024-06-06T14:49:50.578+0000] {_transport.py:336} INFO - PUT https://7f0ef8badf50482b9b0d93ef141e14ec.us-central1.gcp.cloud.es.io:443/metro_station/_doc/pont-marie [status:200 duration:0.162s]
[2024-06-06T14:49:50.731+0000] {_transport.py:336} INFO - PUT https://7f0ef8badf50482b9b0d93ef141e14ec.us-central1.gcp.cloud.es.io:443/metro_station/_doc/porte-d-ivry [status:200 duration:0.146s]
[2024-06-06T14:49:50.897+0000] {_transport.py:336} INFO - PUT https://7f0ef8badf50482b9b0d93ef141e14ec.us-central1.gcp.cloud.es.io:443/metro_station/_doc/pierre-et-marie-curie [status:200 duration:0.159s]
[2024-06-06T14:49:51.052+0000] {_transport.py:336} INFO - PUT https://7f0ef8badf50482b9b0d93ef141e14ec.us-central1.gcp.cloud.es.io:443/metro_station/_doc/crimee [status:200 duration:0.149s]
[2024-06-06T14:49:51.217+0000] {_transport.py:336} INFO - PUT https://7f0ef8badf50482b9b0d93ef141e14ec.us-central1.gcp.cloud.es.io:443/metro_station/_doc/la-courneuve-8-mai-1945 [status:200 duration:0.159s]
[2024-06-06T14:49:51.371+0000] {_transport.py:336} INFO - PUT https://7f0ef8badf50482b9b0d93ef141e14ec.us-central1.gcp.cloud.es.io:443/metro_station/_doc/maison-blanche [status:200 duration:0.151s]
[2024-06-06T14:49:51.517+0000] {_transport.py:336} INFO - PUT https://7f0ef8badf50482b9b0d93ef141e14ec.us-central1.gcp.cloud.es.io:443/metro_station/_doc/pyramides [status:200 duration:0.142s]
[2024-06-06T14:49:51.673+0000] {_transport.py:336} INFO - PUT https://7f0ef8badf50482b9b0d93ef141e14ec.us-central1.gcp.cloud.es.io:443/metro_station/_doc/poissonniere [status:200 duration:0.148s]
[2024-06-06T14:49:51.824+0000] {_transport.py:336} INFO - PUT https://7f0ef8badf50482b9b0d93ef141e14ec.us-central1.gcp.cloud.es.io:443/metro_station/_doc/place-monge [status:200 duration:0.148s]
[2024-06-06T14:49:51.976+0000] {_transport.py:336} INFO - PUT https://7f0ef8badf50482b9b0d93ef141e14ec.us-central1.gcp.cloud.es.io:443/metro_station/_doc/sully-morland [status:200 duration:0.147s]
[2024-06-06T14:49:52.132+0000] {_transport.py:336} INFO - PUT https://7f0ef8badf50482b9b0d93ef141e14ec.us-central1.gcp.cloud.es.io:443/metro_station/_doc/tolbiac [status:200 duration:0.147s]
[2024-06-06T14:49:52.289+0000] {_transport.py:336} INFO - PUT https://7f0ef8badf50482b9b0d93ef141e14ec.us-central1.gcp.cloud.es.io:443/metro_station/_doc/le-peletier [status:200 duration:0.152s]
[2024-06-06T14:49:52.431+0000] {_transport.py:336} INFO - PUT https://7f0ef8badf50482b9b0d93ef141e14ec.us-central1.gcp.cloud.es.io:443/metro_station/_doc/jussieu [status:200 duration:0.140s]
[2024-06-06T14:49:52.591+0000] {_transport.py:336} INFO - PUT https://7f0ef8badf50482b9b0d93ef141e14ec.us-central1.gcp.cloud.es.io:443/metro_station/_doc/les-gobelins [status:200 duration:0.158s]
[2024-06-06T14:49:52.787+0000] {_transport.py:336} INFO - PUT https://7f0ef8badf50482b9b0d93ef141e14ec.us-central1.gcp.cloud.es.io:443/metro_station/_doc/villejuif-leo-lagrange [status:200 duration:0.194s]
[2024-06-06T14:49:52.946+0000] {_transport.py:336} INFO - PUT https://7f0ef8badf50482b9b0d93ef141e14ec.us-central1.gcp.cloud.es.io:443/metro_station/_doc/corentin-cariou [status:200 duration:0.146s]
[2024-06-06T14:49:53.112+0000] {_transport.py:336} INFO - PUT https://7f0ef8badf50482b9b0d93ef141e14ec.us-central1.gcp.cloud.es.io:443/metro_station/_doc/chaussee-d-antin-la-fayette [status:200 duration:0.156s]
[2024-06-06T14:49:53.268+0000] {_transport.py:336} INFO - PUT https://7f0ef8badf50482b9b0d93ef141e14ec.us-central1.gcp.cloud.es.io:443/metro_station/_doc/mairie-d-ivry [status:200 duration:0.148s]
[2024-06-06T14:49:53.426+0000] {_transport.py:336} INFO - PUT https://7f0ef8badf50482b9b0d93ef141e14ec.us-central1.gcp.cloud.es.io:443/metro_station/_doc/riquet [status:200 duration:0.150s]
[2024-06-06T14:49:53.600+0000] {_transport.py:336} INFO - PUT https://7f0ef8badf50482b9b0d93ef141e14ec.us-central1.gcp.cloud.es.io:443/metro_station/_doc/le-kremlin-bicetre [status:200 duration:0.165s]
[2024-06-06T14:49:53.831+0000] {_transport.py:336} INFO - PUT https://7f0ef8badf50482b9b0d93ef141e14ec.us-central1.gcp.cloud.es.io:443/metro_station/_doc/pont-neuf [status:200 duration:0.228s]
[2024-06-06T14:49:54.062+0000] {_transport.py:336} INFO - PUT https://7f0ef8badf50482b9b0d93ef141e14ec.us-central1.gcp.cloud.es.io:443/metro_station/_doc/aubervilliers-pantin-quatre-chemins [status:200 duration:0.217s]
[2024-06-06T14:49:54.224+0000] {_transport.py:336} INFO - PUT https://7f0ef8badf50482b9b0d93ef141e14ec.us-central1.gcp.cloud.es.io:443/metro_station/_doc/porte-d-italie [status:200 duration:0.149s]
[2024-06-06T14:49:54.379+0000] {_transport.py:336} INFO - PUT https://7f0ef8badf50482b9b0d93ef141e14ec.us-central1.gcp.cloud.es.io:443/metro_station/_doc/censier-daubenton [status:200 duration:0.152s]
[2024-06-06T14:49:54.628+0000] {_transport.py:336} INFO - PUT https://7f0ef8badf50482b9b0d93ef141e14ec.us-central1.gcp.cloud.es.io:443/metro_station/_doc/grands-boulevards [status:200 duration:0.246s]
[2024-06-06T14:49:54.875+0000] {_transport.py:336} INFO - PUT https://7f0ef8badf50482b9b0d93ef141e14ec.us-central1.gcp.cloud.es.io:443/metro_station/_doc/commerce [status:200 duration:0.241s]
[2024-06-06T14:49:55.108+0000] {_transport.py:336} INFO - PUT https://7f0ef8badf50482b9b0d93ef141e14ec.us-central1.gcp.cloud.es.io:443/metro_station/_doc/ledru-rollin [status:200 duration:0.226s]
[2024-06-06T14:49:55.317+0000] {_transport.py:336} INFO - PUT https://7f0ef8badf50482b9b0d93ef141e14ec.us-central1.gcp.cloud.es.io:443/metro_station/_doc/montgallet [status:200 duration:0.198s]
[2024-06-06T14:49:55.462+0000] {_transport.py:336} INFO - PUT https://7f0ef8badf50482b9b0d93ef141e14ec.us-central1.gcp.cloud.es.io:443/metro_station/_doc/felix-faure [status:200 duration:0.141s]
[2024-06-06T14:49:55.683+0000] {_transport.py:336} INFO - PUT https://7f0ef8badf50482b9b0d93ef141e14ec.us-central1.gcp.cloud.es.io:443/metro_station/_doc/porte-de-charenton [status:200 duration:0.212s]
[2024-06-06T14:49:55.938+0000] {_transport.py:336} INFO - PUT https://7f0ef8badf50482b9b0d93ef141e14ec.us-central1.gcp.cloud.es.io:443/metro_station/_doc/ecole-militaire [status:200 duration:0.245s]
[2024-06-06T14:49:56.185+0000] {_transport.py:336} INFO - PUT https://7f0ef8badf50482b9b0d93ef141e14ec.us-central1.gcp.cloud.es.io:443/metro_station/_doc/michel-bizot [status:200 duration:0.230s]
[2024-06-06T14:49:56.345+0000] {_transport.py:336} INFO - PUT https://7f0ef8badf50482b9b0d93ef141e14ec.us-central1.gcp.cloud.es.io:443/metro_station/_doc/madeleine [status:200 duration:0.150s]
[2024-06-06T14:49:56.495+0000] {_transport.py:336} INFO - PUT https://7f0ef8badf50482b9b0d93ef141e14ec.us-central1.gcp.cloud.es.io:443/metro_station/_doc/faidherbe-chaligny [status:200 duration:0.147s]
[2024-06-06T14:49:56.764+0000] {_transport.py:336} INFO - PUT https://7f0ef8badf50482b9b0d93ef141e14ec.us-central1.gcp.cloud.es.io:443/metro_station/_doc/lourmel [status:200 duration:0.260s]
[2024-06-06T14:49:56.986+0000] {_transport.py:336} INFO - PUT https://7f0ef8badf50482b9b0d93ef141e14ec.us-central1.gcp.cloud.es.io:443/metro_station/_doc/creteil-l-echat [status:200 duration:0.214s]
[2024-06-06T14:49:57.227+0000] {_transport.py:336} INFO - PUT https://7f0ef8badf50482b9b0d93ef141e14ec.us-central1.gcp.cloud.es.io:443/metro_station/_doc/porte-doree [status:200 duration:0.230s]
[2024-06-06T14:49:57.390+0000] {_transport.py:336} INFO - PUT https://7f0ef8badf50482b9b0d93ef141e14ec.us-central1.gcp.cloud.es.io:443/metro_station/_doc/pointe-du-lac [status:200 duration:0.161s]
[2024-06-06T14:49:57.552+0000] {_transport.py:336} INFO - PUT https://7f0ef8badf50482b9b0d93ef141e14ec.us-central1.gcp.cloud.es.io:443/metro_station/_doc/ecole-veterinaire-de-maisons-alfort [status:200 duration:0.160s]
[2024-06-06T14:49:57.713+0000] {_transport.py:336} INFO - PUT https://7f0ef8badf50482b9b0d93ef141e14ec.us-central1.gcp.cloud.es.io:443/metro_station/_doc/balard [status:200 duration:0.159s]
[2024-06-06T14:49:57.864+0000] {_transport.py:336} INFO - PUT https://7f0ef8badf50482b9b0d93ef141e14ec.us-central1.gcp.cloud.es.io:443/metro_station/_doc/chemin-vert [status:200 duration:0.147s]
[2024-06-06T14:49:58.015+0000] {_transport.py:336} INFO - PUT https://7f0ef8badf50482b9b0d93ef141e14ec.us-central1.gcp.cloud.es.io:443/metro_station/_doc/bonne-nouvelle [status:200 duration:0.147s]
[2024-06-06T14:49:58.182+0000] {_transport.py:336} INFO - PUT https://7f0ef8badf50482b9b0d93ef141e14ec.us-central1.gcp.cloud.es.io:443/metro_station/_doc/filles-du-calvaire [status:200 duration:0.157s]
[2024-06-06T14:49:58.360+0000] {_transport.py:336} INFO - PUT https://7f0ef8badf50482b9b0d93ef141e14ec.us-central1.gcp.cloud.es.io:443/metro_station/_doc/saint-sebastien-froissart [status:200 duration:0.165s]
[2024-06-06T14:49:58.508+0000] {_transport.py:336} INFO - PUT https://7f0ef8badf50482b9b0d93ef141e14ec.us-central1.gcp.cloud.es.io:443/metro_station/_doc/liberte [status:200 duration:0.139s]
[2024-06-06T14:49:58.651+0000] {_transport.py:336} INFO - PUT https://7f0ef8badf50482b9b0d93ef141e14ec.us-central1.gcp.cloud.es.io:443/metro_station/_doc/maisons-alfort-stade [status:200 duration:0.138s]
[2024-06-06T14:49:58.804+0000] {_transport.py:336} INFO - PUT https://7f0ef8badf50482b9b0d93ef141e14ec.us-central1.gcp.cloud.es.io:443/metro_station/_doc/boucicaut [status:200 duration:0.151s]
[2024-06-06T14:49:58.960+0000] {_transport.py:336} INFO - PUT https://7f0ef8badf50482b9b0d93ef141e14ec.us-central1.gcp.cloud.es.io:443/metro_station/_doc/la-tour-maubourg [status:200 duration:0.150s]
[2024-06-06T14:49:59.124+0000] {_transport.py:336} INFO - PUT https://7f0ef8badf50482b9b0d93ef141e14ec.us-central1.gcp.cloud.es.io:443/metro_station/_doc/maisons-alfort-les-juilliottes [status:200 duration:0.159s]
[2024-06-06T14:49:59.270+0000] {_transport.py:336} INFO - PUT https://7f0ef8badf50482b9b0d93ef141e14ec.us-central1.gcp.cloud.es.io:443/metro_station/_doc/charenton-ecoles [status:200 duration:0.138s]
[2024-06-06T14:49:59.430+0000] {_transport.py:336} INFO - PUT https://7f0ef8badf50482b9b0d93ef141e14ec.us-central1.gcp.cloud.es.io:443/metro_station/_doc/creteil-universite [status:200 duration:0.155s]
[2024-06-06T14:49:59.583+0000] {_transport.py:336} INFO - PUT https://7f0ef8badf50482b9b0d93ef141e14ec.us-central1.gcp.cloud.es.io:443/metro_station/_doc/creteil-prefecture [status:200 duration:0.148s]
[2024-06-06T14:49:59.748+0000] {_transport.py:336} INFO - PUT https://7f0ef8badf50482b9b0d93ef141e14ec.us-central1.gcp.cloud.es.io:443/metro_station/_doc/richelieu-drouot [status:200 duration:0.159s]
[2024-06-06T14:49:59.920+0000] {_transport.py:336} INFO - PUT https://7f0ef8badf50482b9b0d93ef141e14ec.us-central1.gcp.cloud.es.io:443/metro_station/_doc/invalides [status:200 duration:0.162s]
[2024-06-06T14:50:00.073+0000] {_transport.py:336} INFO - PUT https://7f0ef8badf50482b9b0d93ef141e14ec.us-central1.gcp.cloud.es.io:443/metro_station/_doc/mairie-de-montreuil [status:200 duration:0.143s]
[2024-06-06T14:50:00.230+0000] {_transport.py:336} INFO - PUT https://7f0ef8badf50482b9b0d93ef141e14ec.us-central1.gcp.cloud.es.io:443/metro_station/_doc/miromesnil [status:200 duration:0.151s]
[2024-06-06T14:50:00.389+0000] {_transport.py:336} INFO - PUT https://7f0ef8badf50482b9b0d93ef141e14ec.us-central1.gcp.cloud.es.io:443/metro_station/_doc/exelmans [status:200 duration:0.154s]
[2024-06-06T14:50:00.534+0000] {_transport.py:336} INFO - PUT https://7f0ef8badf50482b9b0d93ef141e14ec.us-central1.gcp.cloud.es.io:443/metro_station/_doc/saint-philippe-du-roule [status:200 duration:0.142s]
[2024-06-06T14:50:00.692+0000] {_transport.py:336} INFO - PUT https://7f0ef8badf50482b9b0d93ef141e14ec.us-central1.gcp.cloud.es.io:443/metro_station/_doc/michel-ange-molitor [status:200 duration:0.150s]
[2024-06-06T14:50:00.852+0000] {_transport.py:336} INFO - PUT https://7f0ef8badf50482b9b0d93ef141e14ec.us-central1.gcp.cloud.es.io:443/metro_station/_doc/rue-des-boulets [status:200 duration:0.153s]
[2024-06-06T14:50:01.017+0000] {_transport.py:336} INFO - PUT https://7f0ef8badf50482b9b0d93ef141e14ec.us-central1.gcp.cloud.es.io:443/metro_station/_doc/jasmin [status:200 duration:0.156s]
[2024-06-06T14:50:01.172+0000] {_transport.py:336} INFO - PUT https://7f0ef8badf50482b9b0d93ef141e14ec.us-central1.gcp.cloud.es.io:443/metro_station/_doc/croix-de-chavaux [status:200 duration:0.147s]
[2024-06-06T14:50:01.336+0000] {_transport.py:336} INFO - PUT https://7f0ef8badf50482b9b0d93ef141e14ec.us-central1.gcp.cloud.es.io:443/metro_station/_doc/saint-augustin [status:200 duration:0.154s]
[2024-06-06T14:50:01.513+0000] {_transport.py:336} INFO - PUT https://7f0ef8badf50482b9b0d93ef141e14ec.us-central1.gcp.cloud.es.io:443/metro_station/_doc/ranelagh [status:200 duration:0.165s]
[2024-06-06T14:50:01.667+0000] {_transport.py:336} INFO - PUT https://7f0ef8badf50482b9b0d93ef141e14ec.us-central1.gcp.cloud.es.io:443/metro_station/_doc/rue-de-la-pompe [status:200 duration:0.150s]
[2024-06-06T14:50:01.812+0000] {_transport.py:336} INFO - PUT https://7f0ef8badf50482b9b0d93ef141e14ec.us-central1.gcp.cloud.es.io:443/metro_station/_doc/voltaire [status:200 duration:0.138s]
[2024-06-06T14:50:01.959+0000] {_transport.py:336} INFO - PUT https://7f0ef8badf50482b9b0d93ef141e14ec.us-central1.gcp.cloud.es.io:443/metro_station/_doc/maraichers [status:200 duration:0.141s]
[2024-06-06T14:50:02.103+0000] {_transport.py:336} INFO - PUT https://7f0ef8badf50482b9b0d93ef141e14ec.us-central1.gcp.cloud.es.io:443/metro_station/_doc/charonne [status:200 duration:0.139s]
[2024-06-06T14:50:02.252+0000] {_transport.py:336} INFO - PUT https://7f0ef8badf50482b9b0d93ef141e14ec.us-central1.gcp.cloud.es.io:443/metro_station/_doc/robespierre [status:200 duration:0.142s]
[2024-06-06T14:50:02.411+0000] {_transport.py:336} INFO - PUT https://7f0ef8badf50482b9b0d93ef141e14ec.us-central1.gcp.cloud.es.io:443/metro_station/_doc/iena [status:200 duration:0.152s]
[2024-06-06T14:50:02.568+0000] {_transport.py:336} INFO - PUT https://7f0ef8badf50482b9b0d93ef141e14ec.us-central1.gcp.cloud.es.io:443/metro_station/_doc/la-muette [status:200 duration:0.153s]
[2024-06-06T14:50:02.717+0000] {_transport.py:336} INFO - PUT https://7f0ef8badf50482b9b0d93ef141e14ec.us-central1.gcp.cloud.es.io:443/metro_station/_doc/porte-de-montreuil [status:200 duration:0.147s]
[2024-06-06T14:50:02.871+0000] {_transport.py:336} INFO - PUT https://7f0ef8badf50482b9b0d93ef141e14ec.us-central1.gcp.cloud.es.io:443/metro_station/_doc/porte-de-saint-cloud [status:200 duration:0.151s]
[2024-06-06T14:50:03.029+0000] {_transport.py:336} INFO - PUT https://7f0ef8badf50482b9b0d93ef141e14ec.us-central1.gcp.cloud.es.io:443/metro_station/_doc/pont-de-sevres [status:200 duration:0.151s]
[2024-06-06T14:50:03.191+0000] {_transport.py:336} INFO - PUT https://7f0ef8badf50482b9b0d93ef141e14ec.us-central1.gcp.cloud.es.io:443/metro_station/_doc/alma-marceau [status:200 duration:0.156s]
[2024-06-06T14:50:03.350+0000] {_transport.py:336} INFO - PUT https://7f0ef8badf50482b9b0d93ef141e14ec.us-central1.gcp.cloud.es.io:443/metro_station/_doc/buzenval [status:200 duration:0.153s]
[2024-06-06T14:50:03.542+0000] {_transport.py:336} INFO - PUT https://7f0ef8badf50482b9b0d93ef141e14ec.us-central1.gcp.cloud.es.io:443/metro_station/_doc/marcel-sembat [status:200 duration:0.190s]
[2024-06-06T14:50:03.750+0000] {_transport.py:336} INFO - PUT https://7f0ef8badf50482b9b0d93ef141e14ec.us-central1.gcp.cloud.es.io:443/metro_station/_doc/michel-ange-auteuil [status:200 duration:0.207s]
[2024-06-06T14:50:03.907+0000] {_transport.py:336} INFO - PUT https://7f0ef8badf50482b9b0d93ef141e14ec.us-central1.gcp.cloud.es.io:443/metro_station/_doc/billancourt [status:200 duration:0.154s]
[2024-06-06T14:50:04.074+0000] {_transport.py:336} INFO - PUT https://7f0ef8badf50482b9b0d93ef141e14ec.us-central1.gcp.cloud.es.io:443/metro_station/_doc/saint-ambroise [status:200 duration:0.158s]
[2024-06-06T14:50:04.506+0000] {_transport.py:336} INFO - PUT https://7f0ef8badf50482b9b0d93ef141e14ec.us-central1.gcp.cloud.es.io:443/metro_station/_doc/mirabeau [status:200 duration:0.427s]
[2024-06-06T14:50:04.755+0000] {_transport.py:336} INFO - PUT https://7f0ef8badf50482b9b0d93ef141e14ec.us-central1.gcp.cloud.es.io:443/metro_station/_doc/boulogne-pont-de-saint-cloud [status:200 duration:0.246s]
[2024-06-06T14:50:05.057+0000] {_transport.py:336} INFO - PUT https://7f0ef8badf50482b9b0d93ef141e14ec.us-central1.gcp.cloud.es.io:443/metro_station/_doc/charles-michels [status:200 duration:0.294s]
[2024-06-06T14:50:05.246+0000] {_transport.py:336} INFO - PUT https://7f0ef8badf50482b9b0d93ef141e14ec.us-central1.gcp.cloud.es.io:443/metro_station/_doc/cluny-la-sorbonne [status:200 duration:0.185s]
[2024-06-06T14:50:05.494+0000] {_transport.py:336} INFO - PUT https://7f0ef8badf50482b9b0d93ef141e14ec.us-central1.gcp.cloud.es.io:443/metro_station/_doc/chardon-lagache [status:200 duration:0.239s]
[2024-06-06T14:50:05.765+0000] {_transport.py:336} INFO - PUT https://7f0ef8badf50482b9b0d93ef141e14ec.us-central1.gcp.cloud.es.io:443/metro_station/_doc/javel-andre-citroen [status:200 duration:0.262s]
[2024-06-06T14:50:05.996+0000] {_transport.py:336} INFO - PUT https://7f0ef8badf50482b9b0d93ef141e14ec.us-central1.gcp.cloud.es.io:443/metro_station/_doc/cardinal-lemoine [status:200 duration:0.227s]
[2024-06-06T14:50:06.231+0000] {_transport.py:336} INFO - PUT https://7f0ef8badf50482b9b0d93ef141e14ec.us-central1.gcp.cloud.es.io:443/metro_station/_doc/boulogne-jean-jaures [status:200 duration:0.231s]
[2024-06-06T14:50:06.407+0000] {_transport.py:336} INFO - PUT https://7f0ef8badf50482b9b0d93ef141e14ec.us-central1.gcp.cloud.es.io:443/metro_station/_doc/porte-d-auteuil [status:200 duration:0.170s]
[2024-06-06T14:50:06.564+0000] {_transport.py:336} INFO - PUT https://7f0ef8badf50482b9b0d93ef141e14ec.us-central1.gcp.cloud.es.io:443/metro_station/_doc/eglise-d-auteuil [status:200 duration:0.153s]
[2024-06-06T14:50:06.736+0000] {_transport.py:336} INFO - PUT https://7f0ef8badf50482b9b0d93ef141e14ec.us-central1.gcp.cloud.es.io:443/metro_station/_doc/vaneau [status:200 duration:0.166s]
[2024-06-06T14:50:06.901+0000] {_transport.py:336} INFO - PUT https://7f0ef8badf50482b9b0d93ef141e14ec.us-central1.gcp.cloud.es.io:443/metro_station/_doc/avenue-emile-zola [status:200 duration:0.163s]
[2024-06-06T14:50:07.079+0000] {_transport.py:336} INFO - PUT https://7f0ef8badf50482b9b0d93ef141e14ec.us-central1.gcp.cloud.es.io:443/metro_station/_doc/duroc [status:200 duration:0.174s]
[2024-06-06T14:50:07.249+0000] {_transport.py:336} INFO - PUT https://7f0ef8badf50482b9b0d93ef141e14ec.us-central1.gcp.cloud.es.io:443/metro_station/_doc/sevres-babylone [status:200 duration:0.167s]
[2024-06-06T14:50:07.491+0000] {_transport.py:336} INFO - PUT https://7f0ef8badf50482b9b0d93ef141e14ec.us-central1.gcp.cloud.es.io:443/metro_station/_doc/segur [status:200 duration:0.235s]
[2024-06-06T14:50:07.699+0000] {_transport.py:336} INFO - PUT https://7f0ef8badf50482b9b0d93ef141e14ec.us-central1.gcp.cloud.es.io:443/metro_station/_doc/mabillon [status:200 duration:0.203s]
[2024-06-06T14:50:07.863+0000] {_transport.py:336} INFO - PUT https://7f0ef8badf50482b9b0d93ef141e14ec.us-central1.gcp.cloud.es.io:443/metro_station/_doc/maubert-mutualite [status:200 duration:0.163s]
[2024-06-06T14:50:08.026+0000] {_transport.py:336} INFO - PUT https://7f0ef8badf50482b9b0d93ef141e14ec.us-central1.gcp.cloud.es.io:443/metro_station/_doc/jourdain [status:200 duration:0.161s]
[2024-06-06T14:50:08.191+0000] {_transport.py:336} INFO - PUT https://7f0ef8badf50482b9b0d93ef141e14ec.us-central1.gcp.cloud.es.io:443/metro_station/_doc/telegraphe [status:200 duration:0.164s]
[2024-06-06T14:50:08.356+0000] {_transport.py:336} INFO - PUT https://7f0ef8badf50482b9b0d93ef141e14ec.us-central1.gcp.cloud.es.io:443/metro_station/_doc/goncourt [status:200 duration:0.162s]
[2024-06-06T14:50:08.512+0000] {_transport.py:336} INFO - PUT https://7f0ef8badf50482b9b0d93ef141e14ec.us-central1.gcp.cloud.es.io:443/metro_station/_doc/porte-des-lilas [status:200 duration:0.154s]
[2024-06-06T14:50:08.660+0000] {_transport.py:336} INFO - PUT https://7f0ef8badf50482b9b0d93ef141e14ec.us-central1.gcp.cloud.es.io:443/metro_station/_doc/mairie-des-lilas [status:200 duration:0.146s]
[2024-06-06T14:50:08.848+0000] {_transport.py:336} INFO - PUT https://7f0ef8badf50482b9b0d93ef141e14ec.us-central1.gcp.cloud.es.io:443/metro_station/_doc/place-des-fetes [status:200 duration:0.187s]
[2024-06-06T14:50:09.014+0000] {_transport.py:336} INFO - PUT https://7f0ef8badf50482b9b0d93ef141e14ec.us-central1.gcp.cloud.es.io:443/metro_station/_doc/pyrenees [status:200 duration:0.163s]
[2024-06-06T14:50:09.172+0000] {_transport.py:336} INFO - PUT https://7f0ef8badf50482b9b0d93ef141e14ec.us-central1.gcp.cloud.es.io:443/metro_station/_doc/falguiere [status:200 duration:0.152s]
[2024-06-06T14:50:09.336+0000] {_transport.py:336} INFO - PUT https://7f0ef8badf50482b9b0d93ef141e14ec.us-central1.gcp.cloud.es.io:443/metro_station/_doc/convention [status:200 duration:0.157s]
[2024-06-06T14:50:09.499+0000] {_transport.py:336} INFO - PUT https://7f0ef8badf50482b9b0d93ef141e14ec.us-central1.gcp.cloud.es.io:443/metro_station/_doc/marx-dormoy [status:200 duration:0.153s]
[2024-06-06T14:50:09.654+0000] {_transport.py:336} INFO - PUT https://7f0ef8badf50482b9b0d93ef141e14ec.us-central1.gcp.cloud.es.io:443/metro_station/_doc/rue-du-bac [status:200 duration:0.154s]
[2024-06-06T14:50:09.813+0000] {_transport.py:336} INFO - PUT https://7f0ef8badf50482b9b0d93ef141e14ec.us-central1.gcp.cloud.es.io:443/metro_station/_doc/jules-joffrin [status:200 duration:0.157s]
[2024-06-06T14:50:09.965+0000] {_transport.py:336} INFO - PUT https://7f0ef8badf50482b9b0d93ef141e14ec.us-central1.gcp.cloud.es.io:443/metro_station/_doc/front-populaire [status:200 duration:0.146s]
[2024-06-06T14:50:10.117+0000] {_transport.py:336} INFO - PUT https://7f0ef8badf50482b9b0d93ef141e14ec.us-central1.gcp.cloud.es.io:443/metro_station/_doc/assemblee-nationale [status:200 duration:0.147s]
[2024-06-06T14:50:10.343+0000] {_transport.py:336} INFO - PUT https://7f0ef8badf50482b9b0d93ef141e14ec.us-central1.gcp.cloud.es.io:443/metro_station/_doc/notre-dame-de-lorette [status:200 duration:0.221s]
[2024-06-06T14:50:10.508+0000] {_transport.py:336} INFO - PUT https://7f0ef8badf50482b9b0d93ef141e14ec.us-central1.gcp.cloud.es.io:443/metro_station/_doc/abbesses [status:200 duration:0.159s]
[2024-06-06T14:50:10.676+0000] {_transport.py:336} INFO - PUT https://7f0ef8badf50482b9b0d93ef141e14ec.us-central1.gcp.cloud.es.io:443/metro_station/_doc/porte-de-la-chapelle [status:200 duration:0.167s]
[2024-06-06T14:50:10.849+0000] {_transport.py:336} INFO - PUT https://7f0ef8badf50482b9b0d93ef141e14ec.us-central1.gcp.cloud.es.io:443/metro_station/_doc/corentin-celton [status:200 duration:0.164s]
[2024-06-06T14:50:11.024+0000] {_transport.py:336} INFO - PUT https://7f0ef8badf50482b9b0d93ef141e14ec.us-central1.gcp.cloud.es.io:443/metro_station/_doc/lamarck-caulaincourt [status:200 duration:0.170s]
[2024-06-06T14:50:11.189+0000] {_transport.py:336} INFO - PUT https://7f0ef8badf50482b9b0d93ef141e14ec.us-central1.gcp.cloud.es.io:443/metro_station/_doc/volontaires [status:200 duration:0.158s]
[2024-06-06T14:50:11.371+0000] {_transport.py:336} INFO - PUT https://7f0ef8badf50482b9b0d93ef141e14ec.us-central1.gcp.cloud.es.io:443/metro_station/_doc/solferino [status:200 duration:0.177s]
[2024-06-06T14:50:11.566+0000] {_transport.py:336} INFO - PUT https://7f0ef8badf50482b9b0d93ef141e14ec.us-central1.gcp.cloud.es.io:443/metro_station/_doc/rennes [status:200 duration:0.189s]
[2024-06-06T14:50:11.728+0000] {_transport.py:336} INFO - PUT https://7f0ef8badf50482b9b0d93ef141e14ec.us-central1.gcp.cloud.es.io:443/metro_station/_doc/porte-de-versailles [status:200 duration:0.158s]
[2024-06-06T14:50:11.921+0000] {_transport.py:336} INFO - PUT https://7f0ef8badf50482b9b0d93ef141e14ec.us-central1.gcp.cloud.es.io:443/metro_station/_doc/saint-georges [status:200 duration:0.185s]
[2024-06-06T14:50:12.094+0000] {_transport.py:336} INFO - PUT https://7f0ef8badf50482b9b0d93ef141e14ec.us-central1.gcp.cloud.es.io:443/metro_station/_doc/notre-dame-des-champs [status:200 duration:0.165s]
[2024-06-06T14:50:12.280+0000] {_transport.py:336} INFO - PUT https://7f0ef8badf50482b9b0d93ef141e14ec.us-central1.gcp.cloud.es.io:443/metro_station/_doc/mairie-d-issy [status:200 duration:0.178s]
[2024-06-06T14:50:12.548+0000] {_transport.py:336} INFO - PUT https://7f0ef8badf50482b9b0d93ef141e14ec.us-central1.gcp.cloud.es.io:443/metro_station/_doc/aime-cesaire [status:200 duration:0.261s]
[2024-06-06T14:50:12.718+0000] {_transport.py:336} INFO - PUT https://7f0ef8badf50482b9b0d93ef141e14ec.us-central1.gcp.cloud.es.io:443/metro_station/_doc/trinite-d-estienne-d-orves [status:200 duration:0.168s]
[2024-06-06T14:50:12.886+0000] {_transport.py:336} INFO - PUT https://7f0ef8badf50482b9b0d93ef141e14ec.us-central1.gcp.cloud.es.io:443/metro_station/_doc/mairie-d-aubervilliers [status:200 duration:0.165s]
[2024-06-06T14:50:13.064+0000] {_transport.py:336} INFO - PUT https://7f0ef8badf50482b9b0d93ef141e14ec.us-central1.gcp.cloud.es.io:443/metro_station/_doc/vaugirard [status:200 duration:0.172s]
[2024-06-06T14:50:13.274+0000] {_transport.py:336} INFO - PUT https://7f0ef8badf50482b9b0d93ef141e14ec.us-central1.gcp.cloud.es.io:443/metro_station/_doc/val-d-europe [status:200 duration:0.203s]
[2024-06-06T14:50:13.665+0000] {_transport.py:336} INFO - PUT https://7f0ef8badf50482b9b0d93ef141e14ec.us-central1.gcp.cloud.es.io:443/metro_station/_doc/le-parc-de-saint-maur [status:200 duration:0.386s]
[2024-06-06T14:50:13.826+0000] {_transport.py:336} INFO - PUT https://7f0ef8badf50482b9b0d93ef141e14ec.us-central1.gcp.cloud.es.io:443/metro_station/_doc/poissy [status:200 duration:0.158s]
[2024-06-06T14:50:13.997+0000] {_transport.py:336} INFO - PUT https://7f0ef8badf50482b9b0d93ef141e14ec.us-central1.gcp.cloud.es.io:443/metro_station/_doc/champigny [status:200 duration:0.166s]
[2024-06-06T14:50:14.311+0000] {_transport.py:336} INFO - PUT https://7f0ef8badf50482b9b0d93ef141e14ec.us-central1.gcp.cloud.es.io:443/metro_station/_doc/boissy-saint-leger [status:200 duration:0.312s]
[2024-06-06T14:50:14.490+0000] {_transport.py:336} INFO - PUT https://7f0ef8badf50482b9b0d93ef141e14ec.us-central1.gcp.cloud.es.io:443/metro_station/_doc/houilles-carrieres-sur-seine [status:200 duration:0.170s]
[2024-06-06T14:50:14.707+0000] {_transport.py:336} INFO - PUT https://7f0ef8badf50482b9b0d93ef141e14ec.us-central1.gcp.cloud.es.io:443/metro_station/_doc/cergy-prefecture [status:200 duration:0.214s]
[2024-06-06T14:50:15.028+0000] {_transport.py:336} INFO - PUT https://7f0ef8badf50482b9b0d93ef141e14ec.us-central1.gcp.cloud.es.io:443/metro_station/_doc/noisy-champs [status:200 duration:0.314s]
[2024-06-06T14:50:15.225+0000] {_transport.py:336} INFO - PUT https://7f0ef8badf50482b9b0d93ef141e14ec.us-central1.gcp.cloud.es.io:443/metro_station/_doc/auber [status:200 duration:0.192s]
[2024-06-06T14:50:15.468+0000] {_transport.py:336} INFO - PUT https://7f0ef8badf50482b9b0d93ef141e14ec.us-central1.gcp.cloud.es.io:443/metro_station/_doc/chatou-croissy [status:200 duration:0.238s]
[2024-06-06T14:50:15.666+0000] {_transport.py:336} INFO - PUT https://7f0ef8badf50482b9b0d93ef141e14ec.us-central1.gcp.cloud.es.io:443/metro_station/_doc/rueil-malmaison [status:200 duration:0.190s]
[2024-06-06T14:50:15.936+0000] {_transport.py:336} INFO - PUT https://7f0ef8badf50482b9b0d93ef141e14ec.us-central1.gcp.cloud.es.io:443/metro_station/_doc/acheres-ville [status:200 duration:0.268s]
[2024-06-06T14:50:16.131+0000] {_transport.py:336} INFO - PUT https://7f0ef8badf50482b9b0d93ef141e14ec.us-central1.gcp.cloud.es.io:443/metro_station/_doc/cergy-saint-christophe [status:200 duration:0.181s]
[2024-06-06T14:50:16.429+0000] {_transport.py:336} INFO - PUT https://7f0ef8badf50482b9b0d93ef141e14ec.us-central1.gcp.cloud.es.io:443/metro_station/_doc/bry-sur-marne [status:200 duration:0.292s]
[2024-06-06T14:50:16.617+0000] {_transport.py:336} INFO - PUT https://7f0ef8badf50482b9b0d93ef141e14ec.us-central1.gcp.cloud.es.io:443/metro_station/_doc/lognes [status:200 duration:0.181s]
[2024-06-06T14:50:16.792+0000] {_transport.py:336} INFO - PUT https://7f0ef8badf50482b9b0d93ef141e14ec.us-central1.gcp.cloud.es.io:443/metro_station/_doc/sucy-bonneuil [status:200 duration:0.172s]
[2024-06-06T14:50:16.952+0000] {_transport.py:336} INFO - PUT https://7f0ef8badf50482b9b0d93ef141e14ec.us-central1.gcp.cloud.es.io:443/metro_station/_doc/nanterre-universite [status:200 duration:0.152s]
[2024-06-06T14:50:17.117+0000] {_transport.py:336} INFO - PUT https://7f0ef8badf50482b9b0d93ef141e14ec.us-central1.gcp.cloud.es.io:443/metro_station/_doc/le-vesinet-centre [status:200 duration:0.156s]
[2024-06-06T14:50:17.374+0000] {_transport.py:336} INFO - PUT https://7f0ef8badf50482b9b0d93ef141e14ec.us-central1.gcp.cloud.es.io:443/metro_station/_doc/conflans-fin-d-oise [status:200 duration:0.249s]
[2024-06-06T14:50:17.663+0000] {_transport.py:336} INFO - PUT https://7f0ef8badf50482b9b0d93ef141e14ec.us-central1.gcp.cloud.es.io:443/metro_station/_doc/le-vesinet-le-pecq [status:200 duration:0.277s]
[2024-06-06T14:50:17.857+0000] {_transport.py:336} INFO - PUT https://7f0ef8badf50482b9b0d93ef141e14ec.us-central1.gcp.cloud.es.io:443/metro_station/_doc/maisons-laffitte [status:200 duration:0.192s]
[2024-06-06T14:50:18.025+0000] {_transport.py:336} INFO - PUT https://7f0ef8badf50482b9b0d93ef141e14ec.us-central1.gcp.cloud.es.io:443/metro_station/_doc/la-varenne-chennevieres [status:200 duration:0.165s]
[2024-06-06T14:50:18.183+0000] {_transport.py:336} INFO - PUT https://7f0ef8badf50482b9b0d93ef141e14ec.us-central1.gcp.cloud.es.io:443/metro_station/_doc/saint-germain-en-laye [status:200 duration:0.149s]
[2024-06-06T14:50:18.438+0000] {_transport.py:336} INFO - PUT https://7f0ef8badf50482b9b0d93ef141e14ec.us-central1.gcp.cloud.es.io:443/metro_station/_doc/joinville-le-pont [status:200 duration:0.246s]
[2024-06-06T14:50:18.767+0000] {_transport.py:336} INFO - PUT https://7f0ef8badf50482b9b0d93ef141e14ec.us-central1.gcp.cloud.es.io:443/metro_station/_doc/val-de-fontenay [status:200 duration:0.318s]
[2024-06-06T14:50:18.922+0000] {_transport.py:336} INFO - PUT https://7f0ef8badf50482b9b0d93ef141e14ec.us-central1.gcp.cloud.es.io:443/metro_station/_doc/noisy-le-grand-mont-d-est [status:200 duration:0.154s]
[2024-06-06T14:50:19.084+0000] {_transport.py:336} INFO - PUT https://7f0ef8badf50482b9b0d93ef141e14ec.us-central1.gcp.cloud.es.io:443/metro_station/_doc/acheres-grand-cormier [status:200 duration:0.160s]
[2024-06-06T14:50:19.332+0000] {_transport.py:336} INFO - PUT https://7f0ef8badf50482b9b0d93ef141e14ec.us-central1.gcp.cloud.es.io:443/metro_station/_doc/neuilly-plaisance [status:200 duration:0.244s]
[2024-06-06T14:50:19.517+0000] {_transport.py:336} INFO - PUT https://7f0ef8badf50482b9b0d93ef141e14ec.us-central1.gcp.cloud.es.io:443/metro_station/_doc/noisiel [status:200 duration:0.178s]
[2024-06-06T14:50:19.694+0000] {_transport.py:336} INFO - PUT https://7f0ef8badf50482b9b0d93ef141e14ec.us-central1.gcp.cloud.es.io:443/metro_station/_doc/bussy-saint-georges [status:200 duration:0.173s]
[2024-06-06T14:50:19.875+0000] {_transport.py:336} INFO - PUT https://7f0ef8badf50482b9b0d93ef141e14ec.us-central1.gcp.cloud.es.io:443/metro_station/_doc/torcy [status:200 duration:0.178s]
[2024-06-06T14:50:20.049+0000] {_transport.py:336} INFO - PUT https://7f0ef8badf50482b9b0d93ef141e14ec.us-central1.gcp.cloud.es.io:443/metro_station/_doc/saint-maur-creteil [status:200 duration:0.169s]
[2024-06-06T14:50:20.346+0000] {_transport.py:336} INFO - PUT https://7f0ef8badf50482b9b0d93ef141e14ec.us-central1.gcp.cloud.es.io:443/metro_station/_doc/fontenay-sous-bois [status:200 duration:0.291s]
[2024-06-06T14:50:20.561+0000] {_transport.py:336} INFO - PUT https://7f0ef8badf50482b9b0d93ef141e14ec.us-central1.gcp.cloud.es.io:443/metro_station/_doc/nanterre-prefecture [status:200 duration:0.207s]
[2024-06-06T14:50:20.791+0000] {_transport.py:336} INFO - PUT https://7f0ef8badf50482b9b0d93ef141e14ec.us-central1.gcp.cloud.es.io:443/metro_station/_doc/vincennes [status:200 duration:0.223s]
[2024-06-06T14:50:20.968+0000] {_transport.py:336} INFO - PUT https://7f0ef8badf50482b9b0d93ef141e14ec.us-central1.gcp.cloud.es.io:443/metro_station/_doc/nogent-sur-marne [status:200 duration:0.164s]
[2024-06-06T14:50:21.113+0000] {_transport.py:336} INFO - PUT https://7f0ef8badf50482b9b0d93ef141e14ec.us-central1.gcp.cloud.es.io:443/metro_station/_doc/sartrouville [status:200 duration:0.139s]
[2024-06-06T14:50:21.337+0000] {_transport.py:336} INFO - PUT https://7f0ef8badf50482b9b0d93ef141e14ec.us-central1.gcp.cloud.es.io:443/metro_station/_doc/cergy-le-haut [status:200 duration:0.220s]
[2024-06-06T14:50:21.502+0000] {_transport.py:336} INFO - PUT https://7f0ef8badf50482b9b0d93ef141e14ec.us-central1.gcp.cloud.es.io:443/metro_station/_doc/nanterre-ville [status:200 duration:0.156s]
[2024-06-06T14:50:21.757+0000] {_transport.py:336} INFO - PUT https://7f0ef8badf50482b9b0d93ef141e14ec.us-central1.gcp.cloud.es.io:443/metro_station/_doc/neuville-universite [status:200 duration:0.248s]
[2024-06-06T14:50:21.920+0000] {_transport.py:336} INFO - PUT https://7f0ef8badf50482b9b0d93ef141e14ec.us-central1.gcp.cloud.es.io:443/metro_station/_doc/aeroport-roissy-charles-de-gaulle-2-tgv [status:200 duration:0.158s]
[2024-06-06T14:50:22.083+0000] {_transport.py:336} INFO - PUT https://7f0ef8badf50482b9b0d93ef141e14ec.us-central1.gcp.cloud.es.io:443/metro_station/_doc/palaiseau-villebon [status:200 duration:0.153s]
[2024-06-06T14:50:22.313+0000] {_transport.py:336} INFO - PUT https://7f0ef8badf50482b9b0d93ef141e14ec.us-central1.gcp.cloud.es.io:443/metro_station/_doc/bagneux [status:200 duration:0.224s]
[2024-06-06T14:50:22.468+0000] {_transport.py:336} INFO - PUT https://7f0ef8badf50482b9b0d93ef141e14ec.us-central1.gcp.cloud.es.io:443/metro_station/_doc/vert-galant [status:200 duration:0.150s]
[2024-06-06T14:50:22.633+0000] {_transport.py:336} INFO - PUT https://7f0ef8badf50482b9b0d93ef141e14ec.us-central1.gcp.cloud.es.io:443/metro_station/_doc/la-courneuve-aubervilliers [status:200 duration:0.153s]
[2024-06-06T14:50:22.786+0000] {_transport.py:336} INFO - PUT https://7f0ef8badf50482b9b0d93ef141e14ec.us-central1.gcp.cloud.es.io:443/metro_station/_doc/aulnay-sous-bois [status:200 duration:0.151s]
[2024-06-06T14:50:23.033+0000] {_transport.py:336} INFO - PUT https://7f0ef8badf50482b9b0d93ef141e14ec.us-central1.gcp.cloud.es.io:443/metro_station/_doc/robinson [status:200 duration:0.243s]
[2024-06-06T14:50:23.197+0000] {_transport.py:336} INFO - PUT https://7f0ef8badf50482b9b0d93ef141e14ec.us-central1.gcp.cloud.es.io:443/metro_station/_doc/la-croix-de-berny [status:200 duration:0.149s]
[2024-06-06T14:50:23.367+0000] {_transport.py:336} INFO - PUT https://7f0ef8badf50482b9b0d93ef141e14ec.us-central1.gcp.cloud.es.io:443/metro_station/_doc/fontenay-aux-roses [status:200 duration:0.159s]
[2024-06-06T14:50:23.606+0000] {_transport.py:336} INFO - PUT https://7f0ef8badf50482b9b0d93ef141e14ec.us-central1.gcp.cloud.es.io:443/metro_station/_doc/drancy [status:200 duration:0.229s]
[2024-06-06T14:50:23.808+0000] {_transport.py:336} INFO - PUT https://7f0ef8badf50482b9b0d93ef141e14ec.us-central1.gcp.cloud.es.io:443/metro_station/_doc/massy-palaiseau [status:200 duration:0.189s]
[2024-06-06T14:50:23.979+0000] {_transport.py:336} INFO - PUT https://7f0ef8badf50482b9b0d93ef141e14ec.us-central1.gcp.cloud.es.io:443/metro_station/_doc/le-bourget [status:200 duration:0.168s]
[2024-06-06T14:50:24.119+0000] {_transport.py:336} INFO - PUT https://7f0ef8badf50482b9b0d93ef141e14ec.us-central1.gcp.cloud.es.io:443/metro_station/_doc/lozere [status:200 duration:0.134s]
[2024-06-06T14:50:24.339+0000] {_transport.py:336} INFO - PUT https://7f0ef8badf50482b9b0d93ef141e14ec.us-central1.gcp.cloud.es.io:443/metro_station/_doc/sevran-beaudottes [status:200 duration:0.214s]
[2024-06-06T14:50:24.679+0000] {_transport.py:336} INFO - PUT https://7f0ef8badf50482b9b0d93ef141e14ec.us-central1.gcp.cloud.es.io:443/metro_station/_doc/parc-des-expositions [status:200 duration:0.330s]
[2024-06-06T14:50:24.833+0000] {_transport.py:336} INFO - PUT https://7f0ef8badf50482b9b0d93ef141e14ec.us-central1.gcp.cloud.es.io:443/metro_station/_doc/cite-universitaire [status:200 duration:0.152s]
[2024-06-06T14:50:25.092+0000] {_transport.py:336} INFO - PUT https://7f0ef8badf50482b9b0d93ef141e14ec.us-central1.gcp.cloud.es.io:443/metro_station/_doc/laplace [status:200 duration:0.252s]
[2024-06-06T14:50:25.256+0000] {_transport.py:336} INFO - PUT https://7f0ef8badf50482b9b0d93ef141e14ec.us-central1.gcp.cloud.es.io:443/metro_station/_doc/aeroport-roissy-charles-de-gaulle-1 [status:200 duration:0.155s]
[2024-06-06T14:50:25.492+0000] {_transport.py:336} INFO - PUT https://7f0ef8badf50482b9b0d93ef141e14ec.us-central1.gcp.cloud.es.io:443/metro_station/_doc/sevran-livry [status:200 duration:0.234s]
[2024-06-06T14:50:25.674+0000] {_transport.py:336} INFO - PUT https://7f0ef8badf50482b9b0d93ef141e14ec.us-central1.gcp.cloud.es.io:443/metro_station/_doc/saint-remy-les-chevreuse [status:200 duration:0.173s]
[2024-06-06T14:50:25.840+0000] {_transport.py:336} INFO - PUT https://7f0ef8badf50482b9b0d93ef141e14ec.us-central1.gcp.cloud.es.io:443/metro_station/_doc/parc-de-sceaux [status:200 duration:0.165s]
[2024-06-06T14:50:26.015+0000] {_transport.py:336} INFO - PUT https://7f0ef8badf50482b9b0d93ef141e14ec.us-central1.gcp.cloud.es.io:443/metro_station/_doc/antony [status:200 duration:0.169s]
[2024-06-06T14:50:26.245+0000] {_transport.py:336} INFO - PUT https://7f0ef8badf50482b9b0d93ef141e14ec.us-central1.gcp.cloud.es.io:443/metro_station/_doc/bourg-la-reine [status:200 duration:0.225s]
[2024-06-06T14:50:26.469+0000] {_transport.py:336} INFO - PUT https://7f0ef8badf50482b9b0d93ef141e14ec.us-central1.gcp.cloud.es.io:443/metro_station/_doc/massy-verrieres [status:200 duration:0.215s]
[2024-06-06T14:50:26.735+0000] {_transport.py:336} INFO - PUT https://7f0ef8badf50482b9b0d93ef141e14ec.us-central1.gcp.cloud.es.io:443/metro_station/_doc/gif-sur-yvette [status:200 duration:0.258s]
[2024-06-06T14:50:26.905+0000] {_transport.py:336} INFO - PUT https://7f0ef8badf50482b9b0d93ef141e14ec.us-central1.gcp.cloud.es.io:443/metro_station/_doc/palaiseau [status:200 duration:0.166s]
[2024-06-06T14:50:27.156+0000] {_transport.py:336} INFO - PUT https://7f0ef8badf50482b9b0d93ef141e14ec.us-central1.gcp.cloud.es.io:443/metro_station/_doc/la-hacquiniere [status:200 duration:0.245s]
[2024-06-06T14:50:27.383+0000] {_transport.py:336} INFO - PUT https://7f0ef8badf50482b9b0d93ef141e14ec.us-central1.gcp.cloud.es.io:443/metro_station/_doc/la-plaine-stade-de-france [status:200 duration:0.222s]
[2024-06-06T14:50:27.828+0000] {_transport.py:336} INFO - PUT https://7f0ef8badf50482b9b0d93ef141e14ec.us-central1.gcp.cloud.es.io:443/metro_station/_doc/sceaux [status:200 duration:0.440s]
[2024-06-06T14:50:28.046+0000] {_transport.py:336} INFO - PUT https://7f0ef8badf50482b9b0d93ef141e14ec.us-central1.gcp.cloud.es.io:443/metro_station/_doc/bures-sur-yvette [status:200 duration:0.214s]
[2024-06-06T14:50:28.221+0000] {_transport.py:336} INFO - PUT https://7f0ef8badf50482b9b0d93ef141e14ec.us-central1.gcp.cloud.es.io:443/metro_station/_doc/villepinte [status:200 duration:0.170s]
[2024-06-06T14:50:28.434+0000] {_transport.py:336} INFO - PUT https://7f0ef8badf50482b9b0d93ef141e14ec.us-central1.gcp.cloud.es.io:443/metro_station/_doc/arcueil-cachan [status:200 duration:0.207s]
[2024-06-06T14:50:28.703+0000] {_transport.py:336} INFO - PUT https://7f0ef8badf50482b9b0d93ef141e14ec.us-central1.gcp.cloud.es.io:443/metro_station/_doc/mitry-claye [status:200 duration:0.260s]
[2024-06-06T14:50:28.875+0000] {_transport.py:336} INFO - PUT https://7f0ef8badf50482b9b0d93ef141e14ec.us-central1.gcp.cloud.es.io:443/metro_station/_doc/fontaine-michalon [status:200 duration:0.157s]
[2024-06-06T14:50:29.150+0000] {_transport.py:336} INFO - PUT https://7f0ef8badf50482b9b0d93ef141e14ec.us-central1.gcp.cloud.es.io:443/metro_station/_doc/le-blanc-mesnil [status:200 duration:0.274s]
[2024-06-06T14:50:29.430+0000] {_transport.py:336} INFO - PUT https://7f0ef8badf50482b9b0d93ef141e14ec.us-central1.gcp.cloud.es.io:443/metro_station/_doc/gentilly [status:200 duration:0.276s]
[2024-06-06T14:50:29.621+0000] {_transport.py:336} INFO - PUT https://7f0ef8badf50482b9b0d93ef141e14ec.us-central1.gcp.cloud.es.io:443/metro_station/_doc/les-baconnets [status:200 duration:0.185s]
[2024-06-06T14:50:29.864+0000] {_transport.py:336} INFO - PUT https://7f0ef8badf50482b9b0d93ef141e14ec.us-central1.gcp.cloud.es.io:443/metro_station/_doc/luxembourg [status:200 duration:0.236s]
[2024-06-06T14:50:30.031+0000] {_transport.py:336} INFO - PUT https://7f0ef8badf50482b9b0d93ef141e14ec.us-central1.gcp.cloud.es.io:443/metro_station/_doc/villeparisis-mitry-le-neuf [status:200 duration:0.158s]
[2024-06-06T14:50:30.280+0000] {_transport.py:336} INFO - PUT https://7f0ef8badf50482b9b0d93ef141e14ec.us-central1.gcp.cloud.es.io:443/metro_station/_doc/orsay-ville [status:200 duration:0.240s]
[2024-06-06T14:50:30.490+0000] {_transport.py:336} INFO - PUT https://7f0ef8badf50482b9b0d93ef141e14ec.us-central1.gcp.cloud.es.io:443/metro_station/_doc/port-royal [status:200 duration:0.204s]
[2024-06-06T14:50:30.743+0000] {_transport.py:336} INFO - PUT https://7f0ef8badf50482b9b0d93ef141e14ec.us-central1.gcp.cloud.es.io:443/metro_station/_doc/courcelle-sur-yvette [status:200 duration:0.243s]
[2024-06-06T14:50:30.744+0000] {logging_mixin.py:151} INFO - New data inserted successfully.
[2024-06-06T14:50:30.746+0000] {python.py:194} INFO - Done. Returned value was: None
[2024-06-06T14:50:30.756+0000] {taskinstance.py:1398} INFO - Marking task as SUCCESS. dag_id=my_python_dag, task_id=elastic_metro_station, execution_date=20240606T144808, start_date=20240606T144809, end_date=20240606T145030
[2024-06-06T14:50:30.776+0000] {local_task_job_runner.py:228} INFO - Task exited with return code 0
[2024-06-06T14:50:30.786+0000] {taskinstance.py:2776} INFO - 0 downstream tasks scheduled from follow-on schedule check
