[2024-06-07T00:03:45.745+0000] {processor.py:157} INFO - Started process (PID=831) to work on /opt/airflow/dags/dag_get_info.py
[2024-06-07T00:03:45.747+0000] {processor.py:829} INFO - Processing file /opt/airflow/dags/dag_get_info.py for tasks to queue
[2024-06-07T00:03:45.749+0000] {logging_mixin.py:151} INFO - [2024-06-07T00:03:45.749+0000] {dagbag.py:539} INFO - Filling up the DagBag from /opt/airflow/dags/dag_get_info.py
[2024-06-07T00:03:45.754+0000] {processor.py:841} WARNING - No viable dags retrieved from /opt/airflow/dags/dag_get_info.py
[2024-06-07T00:03:45.771+0000] {processor.py:179} INFO - Processing /opt/airflow/dags/dag_get_info.py took 0.028 seconds
[2024-06-07T00:21:22.278+0000] {processor.py:157} INFO - Started process (PID=841) to work on /opt/airflow/dags/dag_get_info.py
[2024-06-07T00:21:22.281+0000] {processor.py:829} INFO - Processing file /opt/airflow/dags/dag_get_info.py for tasks to queue
[2024-06-07T00:21:22.283+0000] {logging_mixin.py:151} INFO - [2024-06-07T00:21:22.283+0000] {dagbag.py:539} INFO - Filling up the DagBag from /opt/airflow/dags/dag_get_info.py
[2024-06-07T00:21:22.293+0000] {processor.py:841} WARNING - No viable dags retrieved from /opt/airflow/dags/dag_get_info.py
[2024-06-07T00:21:22.310+0000] {processor.py:179} INFO - Processing /opt/airflow/dags/dag_get_info.py took 0.035 seconds
[2024-06-07T00:56:05.569+0000] {processor.py:157} INFO - Started process (PID=851) to work on /opt/airflow/dags/dag_get_info.py
[2024-06-07T00:56:05.572+0000] {processor.py:829} INFO - Processing file /opt/airflow/dags/dag_get_info.py for tasks to queue
[2024-06-07T00:56:05.578+0000] {logging_mixin.py:151} INFO - [2024-06-07T00:56:05.578+0000] {dagbag.py:539} INFO - Filling up the DagBag from /opt/airflow/dags/dag_get_info.py
[2024-06-07T00:56:05.584+0000] {processor.py:841} WARNING - No viable dags retrieved from /opt/airflow/dags/dag_get_info.py
[2024-06-07T00:56:05.607+0000] {processor.py:179} INFO - Processing /opt/airflow/dags/dag_get_info.py took 0.047 seconds
[2024-06-07T01:04:43.667+0000] {processor.py:157} INFO - Started process (PID=860) to work on /opt/airflow/dags/dag_get_info.py
[2024-06-07T01:04:43.667+0000] {processor.py:829} INFO - Processing file /opt/airflow/dags/dag_get_info.py for tasks to queue
[2024-06-07T01:04:43.668+0000] {logging_mixin.py:151} INFO - [2024-06-07T01:04:43.668+0000] {dagbag.py:539} INFO - Filling up the DagBag from /opt/airflow/dags/dag_get_info.py
[2024-06-07T01:04:43.670+0000] {processor.py:841} WARNING - No viable dags retrieved from /opt/airflow/dags/dag_get_info.py
[2024-06-07T01:04:43.677+0000] {processor.py:179} INFO - Processing /opt/airflow/dags/dag_get_info.py took 0.012 seconds
[2024-06-07T01:09:18.546+0000] {processor.py:157} INFO - Started process (PID=870) to work on /opt/airflow/dags/dag_get_info.py
[2024-06-07T01:09:18.550+0000] {processor.py:829} INFO - Processing file /opt/airflow/dags/dag_get_info.py for tasks to queue
[2024-06-07T01:09:18.554+0000] {logging_mixin.py:151} INFO - [2024-06-07T01:09:18.554+0000] {dagbag.py:539} INFO - Filling up the DagBag from /opt/airflow/dags/dag_get_info.py
[2024-06-07T01:09:18.558+0000] {processor.py:841} WARNING - No viable dags retrieved from /opt/airflow/dags/dag_get_info.py
[2024-06-07T01:09:18.577+0000] {processor.py:179} INFO - Processing /opt/airflow/dags/dag_get_info.py took 0.040 seconds
[2024-06-07T01:43:31.798+0000] {processor.py:157} INFO - Started process (PID=880) to work on /opt/airflow/dags/dag_get_info.py
[2024-06-07T01:43:31.800+0000] {processor.py:829} INFO - Processing file /opt/airflow/dags/dag_get_info.py for tasks to queue
[2024-06-07T01:43:31.804+0000] {logging_mixin.py:151} INFO - [2024-06-07T01:43:31.803+0000] {dagbag.py:539} INFO - Filling up the DagBag from /opt/airflow/dags/dag_get_info.py
[2024-06-07T01:43:31.810+0000] {processor.py:841} WARNING - No viable dags retrieved from /opt/airflow/dags/dag_get_info.py
[2024-06-07T01:43:31.833+0000] {processor.py:179} INFO - Processing /opt/airflow/dags/dag_get_info.py took 0.040 seconds
[2024-06-07T02:00:28.276+0000] {processor.py:157} INFO - Started process (PID=890) to work on /opt/airflow/dags/dag_get_info.py
[2024-06-07T02:00:28.277+0000] {processor.py:829} INFO - Processing file /opt/airflow/dags/dag_get_info.py for tasks to queue
[2024-06-07T02:00:28.279+0000] {logging_mixin.py:151} INFO - [2024-06-07T02:00:28.279+0000] {dagbag.py:539} INFO - Filling up the DagBag from /opt/airflow/dags/dag_get_info.py
[2024-06-07T02:00:28.284+0000] {processor.py:841} WARNING - No viable dags retrieved from /opt/airflow/dags/dag_get_info.py
[2024-06-07T02:00:28.300+0000] {processor.py:179} INFO - Processing /opt/airflow/dags/dag_get_info.py took 0.028 seconds
[2024-06-07T02:05:48.294+0000] {processor.py:157} INFO - Started process (PID=900) to work on /opt/airflow/dags/dag_get_info.py
[2024-06-07T02:05:48.294+0000] {processor.py:829} INFO - Processing file /opt/airflow/dags/dag_get_info.py for tasks to queue
[2024-06-07T02:05:48.296+0000] {logging_mixin.py:151} INFO - [2024-06-07T02:05:48.296+0000] {dagbag.py:539} INFO - Filling up the DagBag from /opt/airflow/dags/dag_get_info.py
[2024-06-07T02:05:48.298+0000] {processor.py:841} WARNING - No viable dags retrieved from /opt/airflow/dags/dag_get_info.py
[2024-06-07T02:05:48.308+0000] {processor.py:179} INFO - Processing /opt/airflow/dags/dag_get_info.py took 0.017 seconds
[2024-06-07T02:38:16.444+0000] {processor.py:157} INFO - Started process (PID=910) to work on /opt/airflow/dags/dag_get_info.py
[2024-06-07T02:38:16.445+0000] {processor.py:829} INFO - Processing file /opt/airflow/dags/dag_get_info.py for tasks to queue
[2024-06-07T02:38:16.448+0000] {logging_mixin.py:151} INFO - [2024-06-07T02:38:16.447+0000] {dagbag.py:539} INFO - Filling up the DagBag from /opt/airflow/dags/dag_get_info.py
[2024-06-07T02:38:16.452+0000] {processor.py:841} WARNING - No viable dags retrieved from /opt/airflow/dags/dag_get_info.py
[2024-06-07T02:38:16.469+0000] {processor.py:179} INFO - Processing /opt/airflow/dags/dag_get_info.py took 0.028 seconds
[2024-06-07T02:54:38.357+0000] {processor.py:157} INFO - Started process (PID=920) to work on /opt/airflow/dags/dag_get_info.py
[2024-06-07T02:54:38.358+0000] {processor.py:829} INFO - Processing file /opt/airflow/dags/dag_get_info.py for tasks to queue
[2024-06-07T02:54:38.359+0000] {logging_mixin.py:151} INFO - [2024-06-07T02:54:38.359+0000] {dagbag.py:539} INFO - Filling up the DagBag from /opt/airflow/dags/dag_get_info.py
[2024-06-07T02:54:38.362+0000] {processor.py:841} WARNING - No viable dags retrieved from /opt/airflow/dags/dag_get_info.py
[2024-06-07T02:54:38.373+0000] {processor.py:179} INFO - Processing /opt/airflow/dags/dag_get_info.py took 0.019 seconds
[2024-06-07T03:06:46.786+0000] {processor.py:157} INFO - Started process (PID=930) to work on /opt/airflow/dags/dag_get_info.py
[2024-06-07T03:06:46.786+0000] {processor.py:829} INFO - Processing file /opt/airflow/dags/dag_get_info.py for tasks to queue
[2024-06-07T03:06:46.788+0000] {logging_mixin.py:151} INFO - [2024-06-07T03:06:46.788+0000] {dagbag.py:539} INFO - Filling up the DagBag from /opt/airflow/dags/dag_get_info.py
[2024-06-07T03:06:46.790+0000] {processor.py:841} WARNING - No viable dags retrieved from /opt/airflow/dags/dag_get_info.py
[2024-06-07T03:06:46.799+0000] {processor.py:179} INFO - Processing /opt/airflow/dags/dag_get_info.py took 0.016 seconds
[2024-06-07T03:38:46.566+0000] {processor.py:157} INFO - Started process (PID=940) to work on /opt/airflow/dags/dag_get_info.py
[2024-06-07T03:38:46.566+0000] {processor.py:829} INFO - Processing file /opt/airflow/dags/dag_get_info.py for tasks to queue
[2024-06-07T03:38:46.568+0000] {logging_mixin.py:151} INFO - [2024-06-07T03:38:46.568+0000] {dagbag.py:539} INFO - Filling up the DagBag from /opt/airflow/dags/dag_get_info.py
[2024-06-07T03:38:46.570+0000] {processor.py:841} WARNING - No viable dags retrieved from /opt/airflow/dags/dag_get_info.py
[2024-06-07T03:38:46.579+0000] {processor.py:179} INFO - Processing /opt/airflow/dags/dag_get_info.py took 0.015 seconds
[2024-06-07T03:54:57.853+0000] {processor.py:157} INFO - Started process (PID=950) to work on /opt/airflow/dags/dag_get_info.py
[2024-06-07T03:54:57.854+0000] {processor.py:829} INFO - Processing file /opt/airflow/dags/dag_get_info.py for tasks to queue
[2024-06-07T03:54:57.855+0000] {logging_mixin.py:151} INFO - [2024-06-07T03:54:57.855+0000] {dagbag.py:539} INFO - Filling up the DagBag from /opt/airflow/dags/dag_get_info.py
[2024-06-07T03:54:57.857+0000] {processor.py:841} WARNING - No viable dags retrieved from /opt/airflow/dags/dag_get_info.py
[2024-06-07T03:54:57.864+0000] {processor.py:179} INFO - Processing /opt/airflow/dags/dag_get_info.py took 0.013 seconds
[2024-06-07T04:07:46.585+0000] {processor.py:157} INFO - Started process (PID=960) to work on /opt/airflow/dags/dag_get_info.py
[2024-06-07T04:07:46.587+0000] {processor.py:829} INFO - Processing file /opt/airflow/dags/dag_get_info.py for tasks to queue
[2024-06-07T04:07:46.589+0000] {logging_mixin.py:151} INFO - [2024-06-07T04:07:46.589+0000] {dagbag.py:539} INFO - Filling up the DagBag from /opt/airflow/dags/dag_get_info.py
[2024-06-07T04:07:46.594+0000] {processor.py:841} WARNING - No viable dags retrieved from /opt/airflow/dags/dag_get_info.py
[2024-06-07T04:07:46.612+0000] {processor.py:179} INFO - Processing /opt/airflow/dags/dag_get_info.py took 0.031 seconds
[2024-06-07T04:40:00.638+0000] {processor.py:157} INFO - Started process (PID=970) to work on /opt/airflow/dags/dag_get_info.py
[2024-06-07T04:40:00.639+0000] {processor.py:829} INFO - Processing file /opt/airflow/dags/dag_get_info.py for tasks to queue
[2024-06-07T04:40:00.640+0000] {logging_mixin.py:151} INFO - [2024-06-07T04:40:00.640+0000] {dagbag.py:539} INFO - Filling up the DagBag from /opt/airflow/dags/dag_get_info.py
[2024-06-07T04:40:00.644+0000] {processor.py:841} WARNING - No viable dags retrieved from /opt/airflow/dags/dag_get_info.py
[2024-06-07T04:40:00.663+0000] {processor.py:179} INFO - Processing /opt/airflow/dags/dag_get_info.py took 0.030 seconds
[2024-06-07T04:55:50.647+0000] {processor.py:157} INFO - Started process (PID=980) to work on /opt/airflow/dags/dag_get_info.py
[2024-06-07T04:55:50.648+0000] {processor.py:829} INFO - Processing file /opt/airflow/dags/dag_get_info.py for tasks to queue
[2024-06-07T04:55:50.650+0000] {logging_mixin.py:151} INFO - [2024-06-07T04:55:50.650+0000] {dagbag.py:539} INFO - Filling up the DagBag from /opt/airflow/dags/dag_get_info.py
[2024-06-07T04:55:50.652+0000] {processor.py:841} WARNING - No viable dags retrieved from /opt/airflow/dags/dag_get_info.py
[2024-06-07T04:55:50.662+0000] {processor.py:179} INFO - Processing /opt/airflow/dags/dag_get_info.py took 0.018 seconds
[2024-06-07T05:08:43.172+0000] {processor.py:157} INFO - Started process (PID=990) to work on /opt/airflow/dags/dag_get_info.py
[2024-06-07T05:08:43.176+0000] {processor.py:829} INFO - Processing file /opt/airflow/dags/dag_get_info.py for tasks to queue
[2024-06-07T05:08:43.180+0000] {logging_mixin.py:151} INFO - [2024-06-07T05:08:43.180+0000] {dagbag.py:539} INFO - Filling up the DagBag from /opt/airflow/dags/dag_get_info.py
[2024-06-07T05:08:43.189+0000] {processor.py:841} WARNING - No viable dags retrieved from /opt/airflow/dags/dag_get_info.py
[2024-06-07T05:08:43.213+0000] {processor.py:179} INFO - Processing /opt/airflow/dags/dag_get_info.py took 0.048 seconds
[2024-06-07T05:40:52.454+0000] {processor.py:157} INFO - Started process (PID=999) to work on /opt/airflow/dags/dag_get_info.py
[2024-06-07T05:40:52.455+0000] {processor.py:829} INFO - Processing file /opt/airflow/dags/dag_get_info.py for tasks to queue
[2024-06-07T05:40:52.456+0000] {logging_mixin.py:151} INFO - [2024-06-07T05:40:52.456+0000] {dagbag.py:539} INFO - Filling up the DagBag from /opt/airflow/dags/dag_get_info.py
[2024-06-07T05:40:52.458+0000] {processor.py:841} WARNING - No viable dags retrieved from /opt/airflow/dags/dag_get_info.py
[2024-06-07T05:40:52.467+0000] {processor.py:179} INFO - Processing /opt/airflow/dags/dag_get_info.py took 0.015 seconds
[2024-06-07T05:58:35.455+0000] {processor.py:157} INFO - Started process (PID=1008) to work on /opt/airflow/dags/dag_get_info.py
[2024-06-07T05:58:35.456+0000] {processor.py:829} INFO - Processing file /opt/airflow/dags/dag_get_info.py for tasks to queue
[2024-06-07T05:58:35.458+0000] {logging_mixin.py:151} INFO - [2024-06-07T05:58:35.458+0000] {dagbag.py:539} INFO - Filling up the DagBag from /opt/airflow/dags/dag_get_info.py
[2024-06-07T05:58:35.462+0000] {processor.py:841} WARNING - No viable dags retrieved from /opt/airflow/dags/dag_get_info.py
[2024-06-07T05:58:35.478+0000] {processor.py:179} INFO - Processing /opt/airflow/dags/dag_get_info.py took 0.028 seconds
[2024-06-07T06:09:41.092+0000] {processor.py:157} INFO - Started process (PID=1018) to work on /opt/airflow/dags/dag_get_info.py
[2024-06-07T06:09:41.096+0000] {processor.py:829} INFO - Processing file /opt/airflow/dags/dag_get_info.py for tasks to queue
[2024-06-07T06:09:41.098+0000] {logging_mixin.py:151} INFO - [2024-06-07T06:09:41.098+0000] {dagbag.py:539} INFO - Filling up the DagBag from /opt/airflow/dags/dag_get_info.py
[2024-06-07T06:09:41.103+0000] {processor.py:841} WARNING - No viable dags retrieved from /opt/airflow/dags/dag_get_info.py
[2024-06-07T06:09:41.123+0000] {processor.py:179} INFO - Processing /opt/airflow/dags/dag_get_info.py took 0.033 seconds
[2024-06-07T06:31:48.160+0000] {processor.py:157} INFO - Started process (PID=1028) to work on /opt/airflow/dags/dag_get_info.py
[2024-06-07T06:31:48.160+0000] {processor.py:829} INFO - Processing file /opt/airflow/dags/dag_get_info.py for tasks to queue
[2024-06-07T06:31:48.162+0000] {logging_mixin.py:151} INFO - [2024-06-07T06:31:48.162+0000] {dagbag.py:539} INFO - Filling up the DagBag from /opt/airflow/dags/dag_get_info.py
[2024-06-07T06:31:48.164+0000] {processor.py:841} WARNING - No viable dags retrieved from /opt/airflow/dags/dag_get_info.py
[2024-06-07T06:31:48.172+0000] {processor.py:179} INFO - Processing /opt/airflow/dags/dag_get_info.py took 0.015 seconds
[2024-06-07T07:10:21.228+0000] {processor.py:157} INFO - Started process (PID=1038) to work on /opt/airflow/dags/dag_get_info.py
[2024-06-07T07:10:21.230+0000] {processor.py:829} INFO - Processing file /opt/airflow/dags/dag_get_info.py for tasks to queue
[2024-06-07T07:10:21.233+0000] {logging_mixin.py:151} INFO - [2024-06-07T07:10:21.232+0000] {dagbag.py:539} INFO - Filling up the DagBag from /opt/airflow/dags/dag_get_info.py
[2024-06-07T07:10:21.239+0000] {processor.py:841} WARNING - No viable dags retrieved from /opt/airflow/dags/dag_get_info.py
[2024-06-07T07:10:21.267+0000] {processor.py:179} INFO - Processing /opt/airflow/dags/dag_get_info.py took 0.045 seconds
[2024-06-07T07:21:46.483+0000] {processor.py:157} INFO - Started process (PID=1047) to work on /opt/airflow/dags/dag_get_info.py
[2024-06-07T07:21:46.484+0000] {processor.py:829} INFO - Processing file /opt/airflow/dags/dag_get_info.py for tasks to queue
[2024-06-07T07:21:46.489+0000] {logging_mixin.py:151} INFO - [2024-06-07T07:21:46.489+0000] {dagbag.py:539} INFO - Filling up the DagBag from /opt/airflow/dags/dag_get_info.py
[2024-06-07T07:21:46.493+0000] {processor.py:841} WARNING - No viable dags retrieved from /opt/airflow/dags/dag_get_info.py
[2024-06-07T07:21:46.513+0000] {processor.py:179} INFO - Processing /opt/airflow/dags/dag_get_info.py took 0.037 seconds
[2024-06-07T07:22:17.162+0000] {processor.py:157} INFO - Started process (PID=1057) to work on /opt/airflow/dags/dag_get_info.py
[2024-06-07T07:22:17.163+0000] {processor.py:829} INFO - Processing file /opt/airflow/dags/dag_get_info.py for tasks to queue
[2024-06-07T07:22:17.165+0000] {logging_mixin.py:151} INFO - [2024-06-07T07:22:17.164+0000] {dagbag.py:539} INFO - Filling up the DagBag from /opt/airflow/dags/dag_get_info.py
[2024-06-07T07:22:17.167+0000] {processor.py:841} WARNING - No viable dags retrieved from /opt/airflow/dags/dag_get_info.py
[2024-06-07T07:22:17.177+0000] {processor.py:179} INFO - Processing /opt/airflow/dags/dag_get_info.py took 0.018 seconds
[2024-06-07T07:22:47.649+0000] {processor.py:157} INFO - Started process (PID=1067) to work on /opt/airflow/dags/dag_get_info.py
[2024-06-07T07:22:47.650+0000] {processor.py:829} INFO - Processing file /opt/airflow/dags/dag_get_info.py for tasks to queue
[2024-06-07T07:22:47.652+0000] {logging_mixin.py:151} INFO - [2024-06-07T07:22:47.652+0000] {dagbag.py:539} INFO - Filling up the DagBag from /opt/airflow/dags/dag_get_info.py
[2024-06-07T07:22:47.655+0000] {processor.py:841} WARNING - No viable dags retrieved from /opt/airflow/dags/dag_get_info.py
[2024-06-07T07:22:47.664+0000] {processor.py:179} INFO - Processing /opt/airflow/dags/dag_get_info.py took 0.019 seconds
[2024-06-07T07:23:18.088+0000] {processor.py:157} INFO - Started process (PID=1077) to work on /opt/airflow/dags/dag_get_info.py
[2024-06-07T07:23:18.089+0000] {processor.py:829} INFO - Processing file /opt/airflow/dags/dag_get_info.py for tasks to queue
[2024-06-07T07:23:18.090+0000] {logging_mixin.py:151} INFO - [2024-06-07T07:23:18.090+0000] {dagbag.py:539} INFO - Filling up the DagBag from /opt/airflow/dags/dag_get_info.py
[2024-06-07T07:23:18.093+0000] {processor.py:841} WARNING - No viable dags retrieved from /opt/airflow/dags/dag_get_info.py
[2024-06-07T07:23:18.102+0000] {processor.py:179} INFO - Processing /opt/airflow/dags/dag_get_info.py took 0.017 seconds
[2024-06-07T07:23:48.515+0000] {processor.py:157} INFO - Started process (PID=1087) to work on /opt/airflow/dags/dag_get_info.py
[2024-06-07T07:23:48.516+0000] {processor.py:829} INFO - Processing file /opt/airflow/dags/dag_get_info.py for tasks to queue
[2024-06-07T07:23:48.517+0000] {logging_mixin.py:151} INFO - [2024-06-07T07:23:48.517+0000] {dagbag.py:539} INFO - Filling up the DagBag from /opt/airflow/dags/dag_get_info.py
[2024-06-07T07:23:48.520+0000] {processor.py:841} WARNING - No viable dags retrieved from /opt/airflow/dags/dag_get_info.py
[2024-06-07T07:23:48.531+0000] {processor.py:179} INFO - Processing /opt/airflow/dags/dag_get_info.py took 0.018 seconds
[2024-06-07T07:24:18.919+0000] {processor.py:157} INFO - Started process (PID=1097) to work on /opt/airflow/dags/dag_get_info.py
[2024-06-07T07:24:18.920+0000] {processor.py:829} INFO - Processing file /opt/airflow/dags/dag_get_info.py for tasks to queue
[2024-06-07T07:24:18.921+0000] {logging_mixin.py:151} INFO - [2024-06-07T07:24:18.921+0000] {dagbag.py:539} INFO - Filling up the DagBag from /opt/airflow/dags/dag_get_info.py
[2024-06-07T07:24:18.923+0000] {processor.py:841} WARNING - No viable dags retrieved from /opt/airflow/dags/dag_get_info.py
[2024-06-07T07:24:18.930+0000] {processor.py:179} INFO - Processing /opt/airflow/dags/dag_get_info.py took 0.013 seconds
[2024-06-07T07:24:49.362+0000] {processor.py:157} INFO - Started process (PID=1106) to work on /opt/airflow/dags/dag_get_info.py
[2024-06-07T07:24:49.362+0000] {processor.py:829} INFO - Processing file /opt/airflow/dags/dag_get_info.py for tasks to queue
[2024-06-07T07:24:49.364+0000] {logging_mixin.py:151} INFO - [2024-06-07T07:24:49.364+0000] {dagbag.py:539} INFO - Filling up the DagBag from /opt/airflow/dags/dag_get_info.py
[2024-06-07T07:24:49.366+0000] {processor.py:841} WARNING - No viable dags retrieved from /opt/airflow/dags/dag_get_info.py
[2024-06-07T07:24:49.376+0000] {processor.py:179} INFO - Processing /opt/airflow/dags/dag_get_info.py took 0.017 seconds
[2024-06-07T07:25:19.801+0000] {processor.py:157} INFO - Started process (PID=1115) to work on /opt/airflow/dags/dag_get_info.py
[2024-06-07T07:25:19.801+0000] {processor.py:829} INFO - Processing file /opt/airflow/dags/dag_get_info.py for tasks to queue
[2024-06-07T07:25:19.803+0000] {logging_mixin.py:151} INFO - [2024-06-07T07:25:19.803+0000] {dagbag.py:539} INFO - Filling up the DagBag from /opt/airflow/dags/dag_get_info.py
[2024-06-07T07:25:19.806+0000] {processor.py:841} WARNING - No viable dags retrieved from /opt/airflow/dags/dag_get_info.py
[2024-06-07T07:25:19.816+0000] {processor.py:179} INFO - Processing /opt/airflow/dags/dag_get_info.py took 0.019 seconds
[2024-06-07T07:25:50.231+0000] {processor.py:157} INFO - Started process (PID=1124) to work on /opt/airflow/dags/dag_get_info.py
[2024-06-07T07:25:50.232+0000] {processor.py:829} INFO - Processing file /opt/airflow/dags/dag_get_info.py for tasks to queue
[2024-06-07T07:25:50.235+0000] {logging_mixin.py:151} INFO - [2024-06-07T07:25:50.235+0000] {dagbag.py:539} INFO - Filling up the DagBag from /opt/airflow/dags/dag_get_info.py
[2024-06-07T07:25:50.238+0000] {processor.py:841} WARNING - No viable dags retrieved from /opt/airflow/dags/dag_get_info.py
[2024-06-07T07:25:50.248+0000] {processor.py:179} INFO - Processing /opt/airflow/dags/dag_get_info.py took 0.020 seconds
[2024-06-07T07:26:20.628+0000] {processor.py:157} INFO - Started process (PID=1134) to work on /opt/airflow/dags/dag_get_info.py
[2024-06-07T07:26:20.629+0000] {processor.py:829} INFO - Processing file /opt/airflow/dags/dag_get_info.py for tasks to queue
[2024-06-07T07:26:20.630+0000] {logging_mixin.py:151} INFO - [2024-06-07T07:26:20.630+0000] {dagbag.py:539} INFO - Filling up the DagBag from /opt/airflow/dags/dag_get_info.py
[2024-06-07T07:26:20.633+0000] {processor.py:841} WARNING - No viable dags retrieved from /opt/airflow/dags/dag_get_info.py
[2024-06-07T07:26:20.641+0000] {processor.py:179} INFO - Processing /opt/airflow/dags/dag_get_info.py took 0.016 seconds
[2024-06-07T07:26:51.071+0000] {processor.py:157} INFO - Started process (PID=1143) to work on /opt/airflow/dags/dag_get_info.py
[2024-06-07T07:26:51.072+0000] {processor.py:829} INFO - Processing file /opt/airflow/dags/dag_get_info.py for tasks to queue
[2024-06-07T07:26:51.074+0000] {logging_mixin.py:151} INFO - [2024-06-07T07:26:51.074+0000] {dagbag.py:539} INFO - Filling up the DagBag from /opt/airflow/dags/dag_get_info.py
[2024-06-07T07:26:51.078+0000] {processor.py:841} WARNING - No viable dags retrieved from /opt/airflow/dags/dag_get_info.py
[2024-06-07T07:26:51.087+0000] {processor.py:179} INFO - Processing /opt/airflow/dags/dag_get_info.py took 0.018 seconds
[2024-06-07T07:27:21.476+0000] {processor.py:157} INFO - Started process (PID=1153) to work on /opt/airflow/dags/dag_get_info.py
[2024-06-07T07:27:21.477+0000] {processor.py:829} INFO - Processing file /opt/airflow/dags/dag_get_info.py for tasks to queue
[2024-06-07T07:27:21.479+0000] {logging_mixin.py:151} INFO - [2024-06-07T07:27:21.479+0000] {dagbag.py:539} INFO - Filling up the DagBag from /opt/airflow/dags/dag_get_info.py
[2024-06-07T07:27:21.482+0000] {processor.py:841} WARNING - No viable dags retrieved from /opt/airflow/dags/dag_get_info.py
[2024-06-07T07:27:21.492+0000] {processor.py:179} INFO - Processing /opt/airflow/dags/dag_get_info.py took 0.019 seconds
[2024-06-07T07:27:51.881+0000] {processor.py:157} INFO - Started process (PID=1163) to work on /opt/airflow/dags/dag_get_info.py
[2024-06-07T07:27:51.881+0000] {processor.py:829} INFO - Processing file /opt/airflow/dags/dag_get_info.py for tasks to queue
[2024-06-07T07:27:51.883+0000] {logging_mixin.py:151} INFO - [2024-06-07T07:27:51.882+0000] {dagbag.py:539} INFO - Filling up the DagBag from /opt/airflow/dags/dag_get_info.py
[2024-06-07T07:27:51.885+0000] {processor.py:841} WARNING - No viable dags retrieved from /opt/airflow/dags/dag_get_info.py
[2024-06-07T07:27:51.893+0000] {processor.py:179} INFO - Processing /opt/airflow/dags/dag_get_info.py took 0.015 seconds
[2024-06-07T07:28:22.326+0000] {processor.py:157} INFO - Started process (PID=1172) to work on /opt/airflow/dags/dag_get_info.py
[2024-06-07T07:28:22.329+0000] {processor.py:829} INFO - Processing file /opt/airflow/dags/dag_get_info.py for tasks to queue
[2024-06-07T07:28:22.331+0000] {logging_mixin.py:151} INFO - [2024-06-07T07:28:22.331+0000] {dagbag.py:539} INFO - Filling up the DagBag from /opt/airflow/dags/dag_get_info.py
[2024-06-07T07:28:22.334+0000] {processor.py:841} WARNING - No viable dags retrieved from /opt/airflow/dags/dag_get_info.py
[2024-06-07T07:28:22.344+0000] {processor.py:179} INFO - Processing /opt/airflow/dags/dag_get_info.py took 0.020 seconds
[2024-06-07T07:28:52.777+0000] {processor.py:157} INFO - Started process (PID=1181) to work on /opt/airflow/dags/dag_get_info.py
[2024-06-07T07:28:52.779+0000] {processor.py:829} INFO - Processing file /opt/airflow/dags/dag_get_info.py for tasks to queue
[2024-06-07T07:28:52.782+0000] {logging_mixin.py:151} INFO - [2024-06-07T07:28:52.781+0000] {dagbag.py:539} INFO - Filling up the DagBag from /opt/airflow/dags/dag_get_info.py
[2024-06-07T07:28:52.786+0000] {processor.py:841} WARNING - No viable dags retrieved from /opt/airflow/dags/dag_get_info.py
[2024-06-07T07:28:52.794+0000] {processor.py:179} INFO - Processing /opt/airflow/dags/dag_get_info.py took 0.020 seconds
[2024-06-07T07:29:23.180+0000] {processor.py:157} INFO - Started process (PID=1191) to work on /opt/airflow/dags/dag_get_info.py
[2024-06-07T07:29:23.181+0000] {processor.py:829} INFO - Processing file /opt/airflow/dags/dag_get_info.py for tasks to queue
[2024-06-07T07:29:23.182+0000] {logging_mixin.py:151} INFO - [2024-06-07T07:29:23.182+0000] {dagbag.py:539} INFO - Filling up the DagBag from /opt/airflow/dags/dag_get_info.py
[2024-06-07T07:29:23.185+0000] {processor.py:841} WARNING - No viable dags retrieved from /opt/airflow/dags/dag_get_info.py
[2024-06-07T07:29:23.196+0000] {processor.py:179} INFO - Processing /opt/airflow/dags/dag_get_info.py took 0.020 seconds
[2024-06-07T07:29:53.597+0000] {processor.py:157} INFO - Started process (PID=1208) to work on /opt/airflow/dags/dag_get_info.py
[2024-06-07T07:29:53.598+0000] {processor.py:829} INFO - Processing file /opt/airflow/dags/dag_get_info.py for tasks to queue
[2024-06-07T07:29:53.599+0000] {logging_mixin.py:151} INFO - [2024-06-07T07:29:53.599+0000] {dagbag.py:539} INFO - Filling up the DagBag from /opt/airflow/dags/dag_get_info.py
[2024-06-07T07:29:53.601+0000] {processor.py:841} WARNING - No viable dags retrieved from /opt/airflow/dags/dag_get_info.py
[2024-06-07T07:29:53.609+0000] {processor.py:179} INFO - Processing /opt/airflow/dags/dag_get_info.py took 0.013 seconds
[2024-06-07T07:30:24.002+0000] {processor.py:157} INFO - Started process (PID=1217) to work on /opt/airflow/dags/dag_get_info.py
[2024-06-07T07:30:24.003+0000] {processor.py:829} INFO - Processing file /opt/airflow/dags/dag_get_info.py for tasks to queue
[2024-06-07T07:30:24.005+0000] {logging_mixin.py:151} INFO - [2024-06-07T07:30:24.004+0000] {dagbag.py:539} INFO - Filling up the DagBag from /opt/airflow/dags/dag_get_info.py
[2024-06-07T07:30:24.007+0000] {processor.py:841} WARNING - No viable dags retrieved from /opt/airflow/dags/dag_get_info.py
[2024-06-07T07:30:24.017+0000] {processor.py:179} INFO - Processing /opt/airflow/dags/dag_get_info.py took 0.018 seconds
[2024-06-07T07:30:54.426+0000] {processor.py:157} INFO - Started process (PID=1227) to work on /opt/airflow/dags/dag_get_info.py
[2024-06-07T07:30:54.427+0000] {processor.py:829} INFO - Processing file /opt/airflow/dags/dag_get_info.py for tasks to queue
[2024-06-07T07:30:54.429+0000] {logging_mixin.py:151} INFO - [2024-06-07T07:30:54.428+0000] {dagbag.py:539} INFO - Filling up the DagBag from /opt/airflow/dags/dag_get_info.py
[2024-06-07T07:30:54.431+0000] {processor.py:841} WARNING - No viable dags retrieved from /opt/airflow/dags/dag_get_info.py
[2024-06-07T07:30:54.444+0000] {processor.py:179} INFO - Processing /opt/airflow/dags/dag_get_info.py took 0.020 seconds
