[2024-06-07T00:03:45.742+0000] {processor.py:157} INFO - Started process (PID=830) to work on /opt/airflow/dags/stations_functions.py
[2024-06-07T00:03:45.743+0000] {processor.py:829} INFO - Processing file /opt/airflow/dags/stations_functions.py for tasks to queue
[2024-06-07T00:03:45.747+0000] {logging_mixin.py:151} INFO - [2024-06-07T00:03:45.747+0000] {dagbag.py:539} INFO - Filling up the DagBag from /opt/airflow/dags/stations_functions.py
[2024-06-07T00:03:45.956+0000] {processor.py:841} WARNING - No viable dags retrieved from /opt/airflow/dags/stations_functions.py
[2024-06-07T00:03:45.970+0000] {processor.py:179} INFO - Processing /opt/airflow/dags/stations_functions.py took 0.235 seconds
[2024-06-07T00:21:22.272+0000] {processor.py:157} INFO - Started process (PID=840) to work on /opt/airflow/dags/stations_functions.py
[2024-06-07T00:21:22.274+0000] {processor.py:829} INFO - Processing file /opt/airflow/dags/stations_functions.py for tasks to queue
[2024-06-07T00:21:22.277+0000] {logging_mixin.py:151} INFO - [2024-06-07T00:21:22.277+0000] {dagbag.py:539} INFO - Filling up the DagBag from /opt/airflow/dags/stations_functions.py
[2024-06-07T00:21:22.496+0000] {processor.py:841} WARNING - No viable dags retrieved from /opt/airflow/dags/stations_functions.py
[2024-06-07T00:21:22.510+0000] {processor.py:179} INFO - Processing /opt/airflow/dags/stations_functions.py took 0.244 seconds
[2024-06-07T00:56:05.568+0000] {processor.py:157} INFO - Started process (PID=850) to work on /opt/airflow/dags/stations_functions.py
[2024-06-07T00:56:05.569+0000] {processor.py:829} INFO - Processing file /opt/airflow/dags/stations_functions.py for tasks to queue
[2024-06-07T00:56:05.572+0000] {logging_mixin.py:151} INFO - [2024-06-07T00:56:05.571+0000] {dagbag.py:539} INFO - Filling up the DagBag from /opt/airflow/dags/stations_functions.py
[2024-06-07T00:56:05.840+0000] {processor.py:841} WARNING - No viable dags retrieved from /opt/airflow/dags/stations_functions.py
[2024-06-07T00:56:05.881+0000] {processor.py:179} INFO - Processing /opt/airflow/dags/stations_functions.py took 0.325 seconds
[2024-06-07T01:04:43.664+0000] {processor.py:157} INFO - Started process (PID=859) to work on /opt/airflow/dags/stations_functions.py
[2024-06-07T01:04:43.667+0000] {processor.py:829} INFO - Processing file /opt/airflow/dags/stations_functions.py for tasks to queue
[2024-06-07T01:04:43.668+0000] {logging_mixin.py:151} INFO - [2024-06-07T01:04:43.668+0000] {dagbag.py:539} INFO - Filling up the DagBag from /opt/airflow/dags/stations_functions.py
[2024-06-07T01:04:43.772+0000] {processor.py:841} WARNING - No viable dags retrieved from /opt/airflow/dags/stations_functions.py
[2024-06-07T01:04:43.788+0000] {processor.py:179} INFO - Processing /opt/airflow/dags/stations_functions.py took 0.125 seconds
[2024-06-07T01:09:18.536+0000] {processor.py:157} INFO - Started process (PID=869) to work on /opt/airflow/dags/stations_functions.py
[2024-06-07T01:09:18.536+0000] {processor.py:829} INFO - Processing file /opt/airflow/dags/stations_functions.py for tasks to queue
[2024-06-07T01:09:18.538+0000] {logging_mixin.py:151} INFO - [2024-06-07T01:09:18.538+0000] {dagbag.py:539} INFO - Filling up the DagBag from /opt/airflow/dags/stations_functions.py
[2024-06-07T01:09:18.745+0000] {processor.py:841} WARNING - No viable dags retrieved from /opt/airflow/dags/stations_functions.py
[2024-06-07T01:09:18.762+0000] {processor.py:179} INFO - Processing /opt/airflow/dags/stations_functions.py took 0.234 seconds
[2024-06-07T01:43:31.789+0000] {processor.py:157} INFO - Started process (PID=879) to work on /opt/airflow/dags/stations_functions.py
[2024-06-07T01:43:31.791+0000] {processor.py:829} INFO - Processing file /opt/airflow/dags/stations_functions.py for tasks to queue
[2024-06-07T01:43:31.796+0000] {logging_mixin.py:151} INFO - [2024-06-07T01:43:31.795+0000] {dagbag.py:539} INFO - Filling up the DagBag from /opt/airflow/dags/stations_functions.py
[2024-06-07T01:43:32.013+0000] {processor.py:841} WARNING - No viable dags retrieved from /opt/airflow/dags/stations_functions.py
[2024-06-07T01:43:32.031+0000] {processor.py:179} INFO - Processing /opt/airflow/dags/stations_functions.py took 0.247 seconds
[2024-06-07T02:00:28.268+0000] {processor.py:157} INFO - Started process (PID=889) to work on /opt/airflow/dags/stations_functions.py
[2024-06-07T02:00:28.272+0000] {processor.py:829} INFO - Processing file /opt/airflow/dags/stations_functions.py for tasks to queue
[2024-06-07T02:00:28.273+0000] {logging_mixin.py:151} INFO - [2024-06-07T02:00:28.273+0000] {dagbag.py:539} INFO - Filling up the DagBag from /opt/airflow/dags/stations_functions.py
[2024-06-07T02:00:28.474+0000] {processor.py:841} WARNING - No viable dags retrieved from /opt/airflow/dags/stations_functions.py
[2024-06-07T02:00:28.490+0000] {processor.py:179} INFO - Processing /opt/airflow/dags/stations_functions.py took 0.224 seconds
[2024-06-07T02:05:48.290+0000] {processor.py:157} INFO - Started process (PID=899) to work on /opt/airflow/dags/stations_functions.py
[2024-06-07T02:05:48.292+0000] {processor.py:829} INFO - Processing file /opt/airflow/dags/stations_functions.py for tasks to queue
[2024-06-07T02:05:48.293+0000] {logging_mixin.py:151} INFO - [2024-06-07T02:05:48.293+0000] {dagbag.py:539} INFO - Filling up the DagBag from /opt/airflow/dags/stations_functions.py
[2024-06-07T02:05:48.403+0000] {processor.py:841} WARNING - No viable dags retrieved from /opt/airflow/dags/stations_functions.py
[2024-06-07T02:05:48.410+0000] {processor.py:179} INFO - Processing /opt/airflow/dags/stations_functions.py took 0.122 seconds
[2024-06-07T02:38:16.439+0000] {processor.py:157} INFO - Started process (PID=909) to work on /opt/airflow/dags/stations_functions.py
[2024-06-07T02:38:16.439+0000] {processor.py:829} INFO - Processing file /opt/airflow/dags/stations_functions.py for tasks to queue
[2024-06-07T02:38:16.444+0000] {logging_mixin.py:151} INFO - [2024-06-07T02:38:16.444+0000] {dagbag.py:539} INFO - Filling up the DagBag from /opt/airflow/dags/stations_functions.py
[2024-06-07T02:38:16.695+0000] {processor.py:841} WARNING - No viable dags retrieved from /opt/airflow/dags/stations_functions.py
[2024-06-07T02:38:16.706+0000] {processor.py:179} INFO - Processing /opt/airflow/dags/stations_functions.py took 0.272 seconds
[2024-06-07T02:54:38.354+0000] {processor.py:157} INFO - Started process (PID=919) to work on /opt/airflow/dags/stations_functions.py
[2024-06-07T02:54:38.355+0000] {processor.py:829} INFO - Processing file /opt/airflow/dags/stations_functions.py for tasks to queue
[2024-06-07T02:54:38.357+0000] {logging_mixin.py:151} INFO - [2024-06-07T02:54:38.357+0000] {dagbag.py:539} INFO - Filling up the DagBag from /opt/airflow/dags/stations_functions.py
[2024-06-07T02:54:38.473+0000] {processor.py:841} WARNING - No viable dags retrieved from /opt/airflow/dags/stations_functions.py
[2024-06-07T02:54:38.480+0000] {processor.py:179} INFO - Processing /opt/airflow/dags/stations_functions.py took 0.130 seconds
[2024-06-07T03:06:46.783+0000] {processor.py:157} INFO - Started process (PID=929) to work on /opt/airflow/dags/stations_functions.py
[2024-06-07T03:06:46.786+0000] {processor.py:829} INFO - Processing file /opt/airflow/dags/stations_functions.py for tasks to queue
[2024-06-07T03:06:46.788+0000] {logging_mixin.py:151} INFO - [2024-06-07T03:06:46.788+0000] {dagbag.py:539} INFO - Filling up the DagBag from /opt/airflow/dags/stations_functions.py
[2024-06-07T03:06:46.905+0000] {processor.py:841} WARNING - No viable dags retrieved from /opt/airflow/dags/stations_functions.py
[2024-06-07T03:06:46.911+0000] {processor.py:179} INFO - Processing /opt/airflow/dags/stations_functions.py took 0.132 seconds
[2024-06-07T03:38:46.566+0000] {processor.py:157} INFO - Started process (PID=939) to work on /opt/airflow/dags/stations_functions.py
[2024-06-07T03:38:46.566+0000] {processor.py:829} INFO - Processing file /opt/airflow/dags/stations_functions.py for tasks to queue
[2024-06-07T03:38:46.568+0000] {logging_mixin.py:151} INFO - [2024-06-07T03:38:46.568+0000] {dagbag.py:539} INFO - Filling up the DagBag from /opt/airflow/dags/stations_functions.py
[2024-06-07T03:38:46.668+0000] {processor.py:841} WARNING - No viable dags retrieved from /opt/airflow/dags/stations_functions.py
[2024-06-07T03:38:46.675+0000] {processor.py:179} INFO - Processing /opt/airflow/dags/stations_functions.py took 0.111 seconds
[2024-06-07T03:54:57.851+0000] {processor.py:157} INFO - Started process (PID=949) to work on /opt/airflow/dags/stations_functions.py
[2024-06-07T03:54:57.854+0000] {processor.py:829} INFO - Processing file /opt/airflow/dags/stations_functions.py for tasks to queue
[2024-06-07T03:54:57.855+0000] {logging_mixin.py:151} INFO - [2024-06-07T03:54:57.855+0000] {dagbag.py:539} INFO - Filling up the DagBag from /opt/airflow/dags/stations_functions.py
[2024-06-07T03:54:57.964+0000] {processor.py:841} WARNING - No viable dags retrieved from /opt/airflow/dags/stations_functions.py
[2024-06-07T03:54:57.970+0000] {processor.py:179} INFO - Processing /opt/airflow/dags/stations_functions.py took 0.122 seconds
[2024-06-07T04:07:46.579+0000] {processor.py:157} INFO - Started process (PID=959) to work on /opt/airflow/dags/stations_functions.py
[2024-06-07T04:07:46.582+0000] {processor.py:829} INFO - Processing file /opt/airflow/dags/stations_functions.py for tasks to queue
[2024-06-07T04:07:46.584+0000] {logging_mixin.py:151} INFO - [2024-06-07T04:07:46.584+0000] {dagbag.py:539} INFO - Filling up the DagBag from /opt/airflow/dags/stations_functions.py
[2024-06-07T04:07:46.764+0000] {processor.py:841} WARNING - No viable dags retrieved from /opt/airflow/dags/stations_functions.py
[2024-06-07T04:07:46.770+0000] {processor.py:179} INFO - Processing /opt/airflow/dags/stations_functions.py took 0.195 seconds
[2024-06-07T04:40:00.637+0000] {processor.py:157} INFO - Started process (PID=969) to work on /opt/airflow/dags/stations_functions.py
[2024-06-07T04:40:00.639+0000] {processor.py:829} INFO - Processing file /opt/airflow/dags/stations_functions.py for tasks to queue
[2024-06-07T04:40:00.640+0000] {logging_mixin.py:151} INFO - [2024-06-07T04:40:00.640+0000] {dagbag.py:539} INFO - Filling up the DagBag from /opt/airflow/dags/stations_functions.py
[2024-06-07T04:40:00.854+0000] {processor.py:841} WARNING - No viable dags retrieved from /opt/airflow/dags/stations_functions.py
[2024-06-07T04:40:00.869+0000] {processor.py:179} INFO - Processing /opt/airflow/dags/stations_functions.py took 0.237 seconds
[2024-06-07T04:55:50.644+0000] {processor.py:157} INFO - Started process (PID=979) to work on /opt/airflow/dags/stations_functions.py
[2024-06-07T04:55:50.645+0000] {processor.py:829} INFO - Processing file /opt/airflow/dags/stations_functions.py for tasks to queue
[2024-06-07T04:55:50.648+0000] {logging_mixin.py:151} INFO - [2024-06-07T04:55:50.647+0000] {dagbag.py:539} INFO - Filling up the DagBag from /opt/airflow/dags/stations_functions.py
[2024-06-07T04:55:50.761+0000] {processor.py:841} WARNING - No viable dags retrieved from /opt/airflow/dags/stations_functions.py
[2024-06-07T04:55:50.768+0000] {processor.py:179} INFO - Processing /opt/airflow/dags/stations_functions.py took 0.128 seconds
[2024-06-07T05:08:43.164+0000] {processor.py:157} INFO - Started process (PID=989) to work on /opt/airflow/dags/stations_functions.py
[2024-06-07T05:08:43.165+0000] {processor.py:829} INFO - Processing file /opt/airflow/dags/stations_functions.py for tasks to queue
[2024-06-07T05:08:43.170+0000] {logging_mixin.py:151} INFO - [2024-06-07T05:08:43.170+0000] {dagbag.py:539} INFO - Filling up the DagBag from /opt/airflow/dags/stations_functions.py
[2024-06-07T05:08:43.368+0000] {processor.py:841} WARNING - No viable dags retrieved from /opt/airflow/dags/stations_functions.py
[2024-06-07T05:08:43.384+0000] {processor.py:179} INFO - Processing /opt/airflow/dags/stations_functions.py took 0.223 seconds
[2024-06-07T05:40:52.451+0000] {processor.py:157} INFO - Started process (PID=998) to work on /opt/airflow/dags/stations_functions.py
[2024-06-07T05:40:52.452+0000] {processor.py:829} INFO - Processing file /opt/airflow/dags/stations_functions.py for tasks to queue
[2024-06-07T05:40:52.454+0000] {logging_mixin.py:151} INFO - [2024-06-07T05:40:52.454+0000] {dagbag.py:539} INFO - Filling up the DagBag from /opt/airflow/dags/stations_functions.py
[2024-06-07T05:40:52.561+0000] {processor.py:841} WARNING - No viable dags retrieved from /opt/airflow/dags/stations_functions.py
[2024-06-07T05:40:52.568+0000] {processor.py:179} INFO - Processing /opt/airflow/dags/stations_functions.py took 0.120 seconds
[2024-06-07T05:58:35.452+0000] {processor.py:157} INFO - Started process (PID=1007) to work on /opt/airflow/dags/stations_functions.py
[2024-06-07T05:58:35.453+0000] {processor.py:829} INFO - Processing file /opt/airflow/dags/stations_functions.py for tasks to queue
[2024-06-07T05:58:35.458+0000] {logging_mixin.py:151} INFO - [2024-06-07T05:58:35.457+0000] {dagbag.py:539} INFO - Filling up the DagBag from /opt/airflow/dags/stations_functions.py
[2024-06-07T05:58:35.667+0000] {processor.py:841} WARNING - No viable dags retrieved from /opt/airflow/dags/stations_functions.py
[2024-06-07T05:58:35.686+0000] {processor.py:179} INFO - Processing /opt/airflow/dags/stations_functions.py took 0.238 seconds
[2024-06-07T06:09:41.090+0000] {processor.py:157} INFO - Started process (PID=1017) to work on /opt/airflow/dags/stations_functions.py
[2024-06-07T06:09:41.091+0000] {processor.py:829} INFO - Processing file /opt/airflow/dags/stations_functions.py for tasks to queue
[2024-06-07T06:09:41.095+0000] {logging_mixin.py:151} INFO - [2024-06-07T06:09:41.095+0000] {dagbag.py:539} INFO - Filling up the DagBag from /opt/airflow/dags/stations_functions.py
[2024-06-07T06:09:41.291+0000] {processor.py:841} WARNING - No viable dags retrieved from /opt/airflow/dags/stations_functions.py
[2024-06-07T06:09:41.304+0000] {processor.py:179} INFO - Processing /opt/airflow/dags/stations_functions.py took 0.219 seconds
[2024-06-07T06:31:48.155+0000] {processor.py:157} INFO - Started process (PID=1027) to work on /opt/airflow/dags/stations_functions.py
[2024-06-07T06:31:48.156+0000] {processor.py:829} INFO - Processing file /opt/airflow/dags/stations_functions.py for tasks to queue
[2024-06-07T06:31:48.158+0000] {logging_mixin.py:151} INFO - [2024-06-07T06:31:48.158+0000] {dagbag.py:539} INFO - Filling up the DagBag from /opt/airflow/dags/stations_functions.py
[2024-06-07T06:31:48.266+0000] {processor.py:841} WARNING - No viable dags retrieved from /opt/airflow/dags/stations_functions.py
[2024-06-07T06:31:48.272+0000] {processor.py:179} INFO - Processing /opt/airflow/dags/stations_functions.py took 0.120 seconds
[2024-06-07T07:10:21.222+0000] {processor.py:157} INFO - Started process (PID=1037) to work on /opt/airflow/dags/stations_functions.py
[2024-06-07T07:10:21.223+0000] {processor.py:829} INFO - Processing file /opt/airflow/dags/stations_functions.py for tasks to queue
[2024-06-07T07:10:21.227+0000] {logging_mixin.py:151} INFO - [2024-06-07T07:10:21.227+0000] {dagbag.py:539} INFO - Filling up the DagBag from /opt/airflow/dags/stations_functions.py
[2024-06-07T07:10:21.537+0000] {processor.py:841} WARNING - No viable dags retrieved from /opt/airflow/dags/stations_functions.py
[2024-06-07T07:10:21.554+0000] {processor.py:179} INFO - Processing /opt/airflow/dags/stations_functions.py took 0.335 seconds
[2024-06-07T07:21:46.478+0000] {processor.py:157} INFO - Started process (PID=1046) to work on /opt/airflow/dags/stations_functions.py
[2024-06-07T07:21:46.480+0000] {processor.py:829} INFO - Processing file /opt/airflow/dags/stations_functions.py for tasks to queue
[2024-06-07T07:21:46.484+0000] {logging_mixin.py:151} INFO - [2024-06-07T07:21:46.484+0000] {dagbag.py:539} INFO - Filling up the DagBag from /opt/airflow/dags/stations_functions.py
[2024-06-07T07:21:46.802+0000] {processor.py:841} WARNING - No viable dags retrieved from /opt/airflow/dags/stations_functions.py
[2024-06-07T07:21:46.823+0000] {processor.py:179} INFO - Processing /opt/airflow/dags/stations_functions.py took 0.355 seconds
[2024-06-07T07:22:17.162+0000] {processor.py:157} INFO - Started process (PID=1056) to work on /opt/airflow/dags/stations_functions.py
[2024-06-07T07:22:17.163+0000] {processor.py:829} INFO - Processing file /opt/airflow/dags/stations_functions.py for tasks to queue
[2024-06-07T07:22:17.165+0000] {logging_mixin.py:151} INFO - [2024-06-07T07:22:17.165+0000] {dagbag.py:539} INFO - Filling up the DagBag from /opt/airflow/dags/stations_functions.py
[2024-06-07T07:22:17.285+0000] {processor.py:841} WARNING - No viable dags retrieved from /opt/airflow/dags/stations_functions.py
[2024-06-07T07:22:17.293+0000] {processor.py:179} INFO - Processing /opt/airflow/dags/stations_functions.py took 0.134 seconds
[2024-06-07T07:22:47.645+0000] {processor.py:157} INFO - Started process (PID=1066) to work on /opt/airflow/dags/stations_functions.py
[2024-06-07T07:22:47.647+0000] {processor.py:829} INFO - Processing file /opt/airflow/dags/stations_functions.py for tasks to queue
[2024-06-07T07:22:47.650+0000] {logging_mixin.py:151} INFO - [2024-06-07T07:22:47.650+0000] {dagbag.py:539} INFO - Filling up the DagBag from /opt/airflow/dags/stations_functions.py
[2024-06-07T07:22:47.770+0000] {processor.py:841} WARNING - No viable dags retrieved from /opt/airflow/dags/stations_functions.py
[2024-06-07T07:22:47.777+0000] {processor.py:179} INFO - Processing /opt/airflow/dags/stations_functions.py took 0.137 seconds
[2024-06-07T07:23:18.084+0000] {processor.py:157} INFO - Started process (PID=1076) to work on /opt/airflow/dags/stations_functions.py
[2024-06-07T07:23:18.085+0000] {processor.py:829} INFO - Processing file /opt/airflow/dags/stations_functions.py for tasks to queue
[2024-06-07T07:23:18.087+0000] {logging_mixin.py:151} INFO - [2024-06-07T07:23:18.087+0000] {dagbag.py:539} INFO - Filling up the DagBag from /opt/airflow/dags/stations_functions.py
[2024-06-07T07:23:18.199+0000] {processor.py:841} WARNING - No viable dags retrieved from /opt/airflow/dags/stations_functions.py
[2024-06-07T07:23:18.206+0000] {processor.py:179} INFO - Processing /opt/airflow/dags/stations_functions.py took 0.126 seconds
[2024-06-07T07:23:48.512+0000] {processor.py:157} INFO - Started process (PID=1086) to work on /opt/airflow/dags/stations_functions.py
[2024-06-07T07:23:48.515+0000] {processor.py:829} INFO - Processing file /opt/airflow/dags/stations_functions.py for tasks to queue
[2024-06-07T07:23:48.517+0000] {logging_mixin.py:151} INFO - [2024-06-07T07:23:48.517+0000] {dagbag.py:539} INFO - Filling up the DagBag from /opt/airflow/dags/stations_functions.py
[2024-06-07T07:23:48.644+0000] {processor.py:841} WARNING - No viable dags retrieved from /opt/airflow/dags/stations_functions.py
[2024-06-07T07:23:48.653+0000] {processor.py:179} INFO - Processing /opt/airflow/dags/stations_functions.py took 0.144 seconds
[2024-06-07T07:24:18.917+0000] {processor.py:157} INFO - Started process (PID=1096) to work on /opt/airflow/dags/stations_functions.py
[2024-06-07T07:24:18.920+0000] {processor.py:829} INFO - Processing file /opt/airflow/dags/stations_functions.py for tasks to queue
[2024-06-07T07:24:18.921+0000] {logging_mixin.py:151} INFO - [2024-06-07T07:24:18.921+0000] {dagbag.py:539} INFO - Filling up the DagBag from /opt/airflow/dags/stations_functions.py
[2024-06-07T07:24:19.027+0000] {processor.py:841} WARNING - No viable dags retrieved from /opt/airflow/dags/stations_functions.py
[2024-06-07T07:24:19.034+0000] {processor.py:179} INFO - Processing /opt/airflow/dags/stations_functions.py took 0.119 seconds
[2024-06-07T07:24:49.358+0000] {processor.py:157} INFO - Started process (PID=1105) to work on /opt/airflow/dags/stations_functions.py
[2024-06-07T07:24:49.359+0000] {processor.py:829} INFO - Processing file /opt/airflow/dags/stations_functions.py for tasks to queue
[2024-06-07T07:24:49.361+0000] {logging_mixin.py:151} INFO - [2024-06-07T07:24:49.361+0000] {dagbag.py:539} INFO - Filling up the DagBag from /opt/airflow/dags/stations_functions.py
[2024-06-07T07:24:49.471+0000] {processor.py:841} WARNING - No viable dags retrieved from /opt/airflow/dags/stations_functions.py
[2024-06-07T07:24:49.478+0000] {processor.py:179} INFO - Processing /opt/airflow/dags/stations_functions.py took 0.123 seconds
[2024-06-07T07:25:19.797+0000] {processor.py:157} INFO - Started process (PID=1114) to work on /opt/airflow/dags/stations_functions.py
[2024-06-07T07:25:19.799+0000] {processor.py:829} INFO - Processing file /opt/airflow/dags/stations_functions.py for tasks to queue
[2024-06-07T07:25:19.801+0000] {logging_mixin.py:151} INFO - [2024-06-07T07:25:19.801+0000] {dagbag.py:539} INFO - Filling up the DagBag from /opt/airflow/dags/stations_functions.py
[2024-06-07T07:25:19.920+0000] {processor.py:841} WARNING - No viable dags retrieved from /opt/airflow/dags/stations_functions.py
[2024-06-07T07:25:19.927+0000] {processor.py:179} INFO - Processing /opt/airflow/dags/stations_functions.py took 0.135 seconds
[2024-06-07T07:25:50.226+0000] {processor.py:157} INFO - Started process (PID=1123) to work on /opt/airflow/dags/stations_functions.py
[2024-06-07T07:25:50.227+0000] {processor.py:829} INFO - Processing file /opt/airflow/dags/stations_functions.py for tasks to queue
[2024-06-07T07:25:50.230+0000] {logging_mixin.py:151} INFO - [2024-06-07T07:25:50.229+0000] {dagbag.py:539} INFO - Filling up the DagBag from /opt/airflow/dags/stations_functions.py
[2024-06-07T07:25:50.356+0000] {processor.py:841} WARNING - No viable dags retrieved from /opt/airflow/dags/stations_functions.py
[2024-06-07T07:25:50.364+0000] {processor.py:179} INFO - Processing /opt/airflow/dags/stations_functions.py took 0.142 seconds
[2024-06-07T07:26:20.625+0000] {processor.py:157} INFO - Started process (PID=1133) to work on /opt/airflow/dags/stations_functions.py
[2024-06-07T07:26:20.628+0000] {processor.py:829} INFO - Processing file /opt/airflow/dags/stations_functions.py for tasks to queue
[2024-06-07T07:26:20.630+0000] {logging_mixin.py:151} INFO - [2024-06-07T07:26:20.630+0000] {dagbag.py:539} INFO - Filling up the DagBag from /opt/airflow/dags/stations_functions.py
[2024-06-07T07:26:20.747+0000] {processor.py:841} WARNING - No viable dags retrieved from /opt/airflow/dags/stations_functions.py
[2024-06-07T07:26:20.754+0000] {processor.py:179} INFO - Processing /opt/airflow/dags/stations_functions.py took 0.134 seconds
[2024-06-07T07:26:51.069+0000] {processor.py:157} INFO - Started process (PID=1142) to work on /opt/airflow/dags/stations_functions.py
[2024-06-07T07:26:51.069+0000] {processor.py:829} INFO - Processing file /opt/airflow/dags/stations_functions.py for tasks to queue
[2024-06-07T07:26:51.071+0000] {logging_mixin.py:151} INFO - [2024-06-07T07:26:51.071+0000] {dagbag.py:539} INFO - Filling up the DagBag from /opt/airflow/dags/stations_functions.py
[2024-06-07T07:26:51.189+0000] {processor.py:841} WARNING - No viable dags retrieved from /opt/airflow/dags/stations_functions.py
[2024-06-07T07:26:51.196+0000] {processor.py:179} INFO - Processing /opt/airflow/dags/stations_functions.py took 0.130 seconds
[2024-06-07T07:27:21.471+0000] {processor.py:157} INFO - Started process (PID=1152) to work on /opt/airflow/dags/stations_functions.py
[2024-06-07T07:27:21.473+0000] {processor.py:829} INFO - Processing file /opt/airflow/dags/stations_functions.py for tasks to queue
[2024-06-07T07:27:21.475+0000] {logging_mixin.py:151} INFO - [2024-06-07T07:27:21.474+0000] {dagbag.py:539} INFO - Filling up the DagBag from /opt/airflow/dags/stations_functions.py
[2024-06-07T07:27:21.590+0000] {processor.py:841} WARNING - No viable dags retrieved from /opt/airflow/dags/stations_functions.py
[2024-06-07T07:27:21.597+0000] {processor.py:179} INFO - Processing /opt/airflow/dags/stations_functions.py took 0.130 seconds
[2024-06-07T07:27:51.877+0000] {processor.py:157} INFO - Started process (PID=1162) to work on /opt/airflow/dags/stations_functions.py
[2024-06-07T07:27:51.878+0000] {processor.py:829} INFO - Processing file /opt/airflow/dags/stations_functions.py for tasks to queue
[2024-06-07T07:27:51.880+0000] {logging_mixin.py:151} INFO - [2024-06-07T07:27:51.880+0000] {dagbag.py:539} INFO - Filling up the DagBag from /opt/airflow/dags/stations_functions.py
[2024-06-07T07:27:51.989+0000] {processor.py:841} WARNING - No viable dags retrieved from /opt/airflow/dags/stations_functions.py
[2024-06-07T07:27:51.996+0000] {processor.py:179} INFO - Processing /opt/airflow/dags/stations_functions.py took 0.122 seconds
[2024-06-07T07:28:22.319+0000] {processor.py:157} INFO - Started process (PID=1171) to work on /opt/airflow/dags/stations_functions.py
[2024-06-07T07:28:22.320+0000] {processor.py:829} INFO - Processing file /opt/airflow/dags/stations_functions.py for tasks to queue
[2024-06-07T07:28:22.322+0000] {logging_mixin.py:151} INFO - [2024-06-07T07:28:22.322+0000] {dagbag.py:539} INFO - Filling up the DagBag from /opt/airflow/dags/stations_functions.py
[2024-06-07T07:28:22.436+0000] {processor.py:841} WARNING - No viable dags retrieved from /opt/airflow/dags/stations_functions.py
[2024-06-07T07:28:22.442+0000] {processor.py:179} INFO - Processing /opt/airflow/dags/stations_functions.py took 0.128 seconds
[2024-06-07T07:28:52.772+0000] {processor.py:157} INFO - Started process (PID=1180) to work on /opt/airflow/dags/stations_functions.py
[2024-06-07T07:28:52.773+0000] {processor.py:829} INFO - Processing file /opt/airflow/dags/stations_functions.py for tasks to queue
[2024-06-07T07:28:52.774+0000] {logging_mixin.py:151} INFO - [2024-06-07T07:28:52.774+0000] {dagbag.py:539} INFO - Filling up the DagBag from /opt/airflow/dags/stations_functions.py
[2024-06-07T07:28:52.892+0000] {processor.py:841} WARNING - No viable dags retrieved from /opt/airflow/dags/stations_functions.py
[2024-06-07T07:28:52.899+0000] {processor.py:179} INFO - Processing /opt/airflow/dags/stations_functions.py took 0.164 seconds
[2024-06-07T07:29:23.176+0000] {processor.py:157} INFO - Started process (PID=1190) to work on /opt/airflow/dags/stations_functions.py
[2024-06-07T07:29:23.179+0000] {processor.py:829} INFO - Processing file /opt/airflow/dags/stations_functions.py for tasks to queue
[2024-06-07T07:29:23.182+0000] {logging_mixin.py:151} INFO - [2024-06-07T07:29:23.182+0000] {dagbag.py:539} INFO - Filling up the DagBag from /opt/airflow/dags/stations_functions.py
[2024-06-07T07:29:23.302+0000] {processor.py:841} WARNING - No viable dags retrieved from /opt/airflow/dags/stations_functions.py
[2024-06-07T07:29:23.311+0000] {processor.py:179} INFO - Processing /opt/airflow/dags/stations_functions.py took 0.139 seconds
[2024-06-07T07:29:53.595+0000] {processor.py:157} INFO - Started process (PID=1207) to work on /opt/airflow/dags/stations_functions.py
[2024-06-07T07:29:53.596+0000] {processor.py:829} INFO - Processing file /opt/airflow/dags/stations_functions.py for tasks to queue
[2024-06-07T07:29:53.597+0000] {logging_mixin.py:151} INFO - [2024-06-07T07:29:53.597+0000] {dagbag.py:539} INFO - Filling up the DagBag from /opt/airflow/dags/stations_functions.py
[2024-06-07T07:29:53.701+0000] {processor.py:841} WARNING - No viable dags retrieved from /opt/airflow/dags/stations_functions.py
[2024-06-07T07:29:53.708+0000] {processor.py:179} INFO - Processing /opt/airflow/dags/stations_functions.py took 0.116 seconds
[2024-06-07T07:30:23.998+0000] {processor.py:157} INFO - Started process (PID=1216) to work on /opt/airflow/dags/stations_functions.py
[2024-06-07T07:30:24.001+0000] {processor.py:829} INFO - Processing file /opt/airflow/dags/stations_functions.py for tasks to queue
[2024-06-07T07:30:24.003+0000] {logging_mixin.py:151} INFO - [2024-06-07T07:30:24.003+0000] {dagbag.py:539} INFO - Filling up the DagBag from /opt/airflow/dags/stations_functions.py
[2024-06-07T07:30:24.116+0000] {processor.py:841} WARNING - No viable dags retrieved from /opt/airflow/dags/stations_functions.py
[2024-06-07T07:30:24.123+0000] {processor.py:179} INFO - Processing /opt/airflow/dags/stations_functions.py took 0.128 seconds
[2024-06-07T07:30:54.426+0000] {processor.py:157} INFO - Started process (PID=1226) to work on /opt/airflow/dags/stations_functions.py
[2024-06-07T07:30:54.427+0000] {processor.py:829} INFO - Processing file /opt/airflow/dags/stations_functions.py for tasks to queue
[2024-06-07T07:30:54.429+0000] {logging_mixin.py:151} INFO - [2024-06-07T07:30:54.428+0000] {dagbag.py:539} INFO - Filling up the DagBag from /opt/airflow/dags/stations_functions.py
[2024-06-07T07:30:54.560+0000] {processor.py:841} WARNING - No viable dags retrieved from /opt/airflow/dags/stations_functions.py
[2024-06-07T07:30:54.568+0000] {processor.py:179} INFO - Processing /opt/airflow/dags/stations_functions.py took 0.145 seconds
