[2024-06-04T11:17:05.093+0000] {taskinstance.py:1157} INFO - Dependencies all met for dep_context=non-requeueable deps ti=<TaskInstance: my_python_dag.fetch_and_insert_into_elasticsearch_emplacement_stations manual__2024-06-04T11:17:03.956834+00:00 [queued]>
[2024-06-04T11:17:05.275+0000] {taskinstance.py:1157} INFO - Dependencies all met for dep_context=requeueable deps ti=<TaskInstance: my_python_dag.fetch_and_insert_into_elasticsearch_emplacement_stations manual__2024-06-04T11:17:03.956834+00:00 [queued]>
[2024-06-04T11:17:05.275+0000] {taskinstance.py:1359} INFO - Starting attempt 1 of 2
[2024-06-04T11:17:05.281+0000] {taskinstance.py:1380} INFO - Executing <Task(PythonOperator): fetch_and_insert_into_elasticsearch_emplacement_stations> on 2024-06-04 11:17:03.956834+00:00
[2024-06-04T11:17:05.284+0000] {standard_task_runner.py:57} INFO - Started process 1250 to run task
[2024-06-04T11:17:05.289+0000] {standard_task_runner.py:84} INFO - Running: ['***', 'tasks', 'run', 'my_python_dag', 'fetch_and_insert_into_elasticsearch_emplacement_stations', 'manual__2024-06-04T11:17:03.956834+00:00', '--job-id', '115', '--raw', '--subdir', 'DAGS_FOLDER/fetch_from_data_sources.py', '--cfg-path', '/tmp/tmplnaut9jk']
[2024-06-04T11:17:05.293+0000] {standard_task_runner.py:85} INFO - Job 115: Subtask fetch_and_insert_into_elasticsearch_emplacement_stations
[2024-06-04T11:17:05.340+0000] {task_command.py:415} INFO - Running <TaskInstance: my_python_dag.fetch_and_insert_into_elasticsearch_emplacement_stations manual__2024-06-04T11:17:03.956834+00:00 [running]> on host 9e4bf1cd7746
[2024-06-04T11:17:05.441+0000] {taskinstance.py:1660} INFO - Exporting env vars: AIRFLOW_CTX_DAG_OWNER='***' AIRFLOW_CTX_DAG_ID='my_python_dag' AIRFLOW_CTX_TASK_ID='fetch_and_insert_into_elasticsearch_emplacement_stations' AIRFLOW_CTX_EXECUTION_DATE='2024-06-04T11:17:03.956834+00:00' AIRFLOW_CTX_TRY_NUMBER='1' AIRFLOW_CTX_DAG_RUN_ID='manual__2024-06-04T11:17:03.956834+00:00'
[2024-06-04T11:17:05.444+0000] {logging_mixin.py:151} INFO - Fetching data from JSON
[2024-06-04T11:17:05.494+0000] {base.py:73} INFO - Using connection ID 'elasticsearch_default' for task execution.
[2024-06-04T11:17:05.782+0000] {warnings.py:109} WARNING - /home/***/.local/lib/python3.8/site-packages/***/providers/elasticsearch/hooks/elasticsearch.py:65: DeprecationWarning: The 'http_auth' parameter is deprecated. Use 'basic_auth' or 'bearer_auth' parameters instead
  self.es = Elasticsearch(self.url, http_auth=(user, password), **self.kwargs)

[2024-06-04T11:17:05.783+0000] {taskinstance.py:1935} ERROR - Task failed with exception
Traceback (most recent call last):
  File "/home/airflow/.local/lib/python3.8/site-packages/airflow/operators/python.py", line 192, in execute
    return_value = self.execute_callable()
  File "/home/airflow/.local/lib/python3.8/site-packages/airflow/operators/python.py", line 209, in execute_callable
    return self.python_callable(*self.op_args, **self.op_kwargs)
  File "/opt/airflow/dags/stations_functions.py", line 116, in fetch_and_insert_into_elasticsearch_emplacement_stations
    insert_into_elasticsearch(content)
  File "/opt/airflow/dags/stations_functions.py", line 110, in insert_into_elasticsearch
    client.index(index="emplacement-stations-idf", id=unique_id, body=item)
AttributeError: 'ESConnection' object has no attribute 'index'
[2024-06-04T11:17:05.787+0000] {taskinstance.py:1398} INFO - Marking task as UP_FOR_RETRY. dag_id=my_python_dag, task_id=fetch_and_insert_into_elasticsearch_emplacement_stations, execution_date=20240604T111703, start_date=20240604T111705, end_date=20240604T111705
[2024-06-04T11:17:05.793+0000] {standard_task_runner.py:104} ERROR - Failed to execute job 115 for task fetch_and_insert_into_elasticsearch_emplacement_stations ('ESConnection' object has no attribute 'index'; 1250)
[2024-06-04T11:17:05.837+0000] {local_task_job_runner.py:228} INFO - Task exited with return code 1
[2024-06-04T11:17:05.847+0000] {taskinstance.py:2776} INFO - 0 downstream tasks scheduled from follow-on schedule check
