[2024-06-06T15:04:01.875+0000] {taskinstance.py:1157} INFO - Dependencies all met for dep_context=non-requeueable deps ti=<TaskInstance: my_python_dag.elastic_metro_station manual__2024-06-06T15:04:00.845198+00:00 [queued]>
[2024-06-06T15:04:02.049+0000] {taskinstance.py:1157} INFO - Dependencies all met for dep_context=requeueable deps ti=<TaskInstance: my_python_dag.elastic_metro_station manual__2024-06-06T15:04:00.845198+00:00 [queued]>
[2024-06-06T15:04:02.050+0000] {taskinstance.py:1359} INFO - Starting attempt 1 of 2
[2024-06-06T15:04:02.060+0000] {taskinstance.py:1380} INFO - Executing <Task(PythonOperator): elastic_metro_station> on 2024-06-06 15:04:00.845198+00:00
[2024-06-06T15:04:02.064+0000] {standard_task_runner.py:57} INFO - Started process 2700 to run task
[2024-06-06T15:04:02.067+0000] {standard_task_runner.py:84} INFO - Running: ['***', 'tasks', 'run', 'my_python_dag', 'elastic_metro_station', 'manual__2024-06-06T15:04:00.845198+00:00', '--job-id', '211', '--raw', '--subdir', 'DAGS_FOLDER/fetch_from_data_sources.py', '--cfg-path', '/tmp/tmp9yilra4z']
[2024-06-06T15:04:02.072+0000] {standard_task_runner.py:85} INFO - Job 211: Subtask elastic_metro_station
[2024-06-06T15:04:02.103+0000] {task_command.py:415} INFO - Running <TaskInstance: my_python_dag.elastic_metro_station manual__2024-06-06T15:04:00.845198+00:00 [running]> on host 9e4bf1cd7746
[2024-06-06T15:04:02.142+0000] {taskinstance.py:1660} INFO - Exporting env vars: AIRFLOW_CTX_DAG_OWNER='***' AIRFLOW_CTX_DAG_ID='my_python_dag' AIRFLOW_CTX_TASK_ID='elastic_metro_station' AIRFLOW_CTX_EXECUTION_DATE='2024-06-06T15:04:00.845198+00:00' AIRFLOW_CTX_TRY_NUMBER='1' AIRFLOW_CTX_DAG_RUN_ID='manual__2024-06-06T15:04:00.845198+00:00'
[2024-06-06T15:04:02.143+0000] {logging_mixin.py:151} INFO - Hello
[2024-06-06T15:06:00.401+0000] {_transport.py:336} INFO - PUT https://7f0ef8badf50482b9b0d93ef141e14ec.us-central1.gcp.cloud.es.io:443/metro_station/_doc/concorde [status:200 duration:0.975s]
[2024-06-06T15:06:00.676+0000] {_transport.py:336} INFO - PUT https://7f0ef8badf50482b9b0d93ef141e14ec.us-central1.gcp.cloud.es.io:443/metro_station/_doc/les-sablons [status:200 duration:0.265s]
[2024-06-06T15:06:00.947+0000] {_transport.py:336} INFO - PUT https://7f0ef8badf50482b9b0d93ef141e14ec.us-central1.gcp.cloud.es.io:443/metro_station/_doc/rambuteau [status:200 duration:0.261s]
[2024-06-06T15:06:01.472+0000] {_transport.py:336} INFO - PUT https://7f0ef8badf50482b9b0d93ef141e14ec.us-central1.gcp.cloud.es.io:443/metro_station/_doc/hotel-de-ville [status:200 duration:0.518s]
[2024-06-06T15:06:01.748+0000] {_transport.py:336} INFO - PUT https://7f0ef8badf50482b9b0d93ef141e14ec.us-central1.gcp.cloud.es.io:443/metro_station/_doc/anvers [status:200 duration:0.267s]
[2024-06-06T15:06:02.080+0000] {_transport.py:336} INFO - PUT https://7f0ef8badf50482b9b0d93ef141e14ec.us-central1.gcp.cloud.es.io:443/metro_station/_doc/chatelet-les-halles [status:200 duration:0.323s]
[2024-06-06T15:06:02.326+0000] {_transport.py:336} INFO - PUT https://7f0ef8badf50482b9b0d93ef141e14ec.us-central1.gcp.cloud.es.io:443/metro_station/_doc/nation [status:200 duration:0.244s]
[2024-06-06T15:06:02.519+0000] {_transport.py:336} INFO - PUT https://7f0ef8badf50482b9b0d93ef141e14ec.us-central1.gcp.cloud.es.io:443/metro_station/_doc/argentine [status:200 duration:0.185s]
[2024-06-06T15:06:02.779+0000] {_transport.py:336} INFO - PUT https://7f0ef8badf50482b9b0d93ef141e14ec.us-central1.gcp.cloud.es.io:443/metro_station/_doc/bibliotheque-francois-mitterrand [status:200 duration:0.251s]
[2024-06-06T15:06:03.010+0000] {_transport.py:336} INFO - PUT https://7f0ef8badf50482b9b0d93ef141e14ec.us-central1.gcp.cloud.es.io:443/metro_station/_doc/gare-du-nord [status:200 duration:0.228s]
[2024-06-06T15:06:03.169+0000] {_transport.py:336} INFO - PUT https://7f0ef8badf50482b9b0d93ef141e14ec.us-central1.gcp.cloud.es.io:443/metro_station/_doc/champs-elysees-clemenceau [status:200 duration:0.148s]
[2024-06-06T15:06:03.421+0000] {_transport.py:336} INFO - PUT https://7f0ef8badf50482b9b0d93ef141e14ec.us-central1.gcp.cloud.es.io:443/metro_station/_doc/bastille [status:200 duration:0.245s]
[2024-06-06T15:06:03.610+0000] {_transport.py:336} INFO - PUT https://7f0ef8badf50482b9b0d93ef141e14ec.us-central1.gcp.cloud.es.io:443/metro_station/_doc/gare-d-austerlitz [status:200 duration:0.185s]
[2024-06-06T15:06:03.772+0000] {_transport.py:336} INFO - PUT https://7f0ef8badf50482b9b0d93ef141e14ec.us-central1.gcp.cloud.es.io:443/metro_station/_doc/saint-mande [status:200 duration:0.152s]
[2024-06-06T15:06:04.004+0000] {_transport.py:336} INFO - PUT https://7f0ef8badf50482b9b0d93ef141e14ec.us-central1.gcp.cloud.es.io:443/metro_station/_doc/la-defense [status:200 duration:0.229s]
[2024-06-06T15:06:04.250+0000] {_transport.py:336} INFO - PUT https://7f0ef8badf50482b9b0d93ef141e14ec.us-central1.gcp.cloud.es.io:443/metro_station/_doc/tuileries [status:200 duration:0.240s]
[2024-06-06T15:06:04.430+0000] {_transport.py:336} INFO - PUT https://7f0ef8badf50482b9b0d93ef141e14ec.us-central1.gcp.cloud.es.io:443/metro_station/_doc/pont-de-neuilly [status:200 duration:0.171s]
[2024-06-06T15:06:04.662+0000] {_transport.py:336} INFO - PUT https://7f0ef8badf50482b9b0d93ef141e14ec.us-central1.gcp.cloud.es.io:443/metro_station/_doc/gare-de-l-est [status:200 duration:0.225s]
[2024-06-06T15:06:04.904+0000] {_transport.py:336} INFO - PUT https://7f0ef8badf50482b9b0d93ef141e14ec.us-central1.gcp.cloud.es.io:443/metro_station/_doc/montparnasse-bienvenue [status:200 duration:0.238s]
[2024-06-06T15:06:05.138+0000] {_transport.py:336} INFO - PUT https://7f0ef8badf50482b9b0d93ef141e14ec.us-central1.gcp.cloud.es.io:443/metro_station/_doc/porte-de-la-villette [status:200 duration:0.231s]
[2024-06-06T15:06:05.384+0000] {_transport.py:336} INFO - PUT https://7f0ef8badf50482b9b0d93ef141e14ec.us-central1.gcp.cloud.es.io:443/metro_station/_doc/porte-maillot [status:200 duration:0.243s]
[2024-06-06T15:06:05.609+0000] {_transport.py:336} INFO - PUT https://7f0ef8badf50482b9b0d93ef141e14ec.us-central1.gcp.cloud.es.io:443/metro_station/_doc/franklin-roosevelt [status:200 duration:0.222s]
[2024-06-06T15:06:05.865+0000] {_transport.py:336} INFO - PUT https://7f0ef8badf50482b9b0d93ef141e14ec.us-central1.gcp.cloud.es.io:443/metro_station/_doc/reuilly-diderot [status:200 duration:0.247s]
[2024-06-06T15:06:06.103+0000] {_transport.py:336} INFO - PUT https://7f0ef8badf50482b9b0d93ef141e14ec.us-central1.gcp.cloud.es.io:443/metro_station/_doc/berault [status:200 duration:0.231s]
[2024-06-06T15:06:06.346+0000] {_transport.py:336} INFO - PUT https://7f0ef8badf50482b9b0d93ef141e14ec.us-central1.gcp.cloud.es.io:443/metro_station/_doc/marne-la-vallee-chessy [status:200 duration:0.234s]
[2024-06-06T15:06:06.576+0000] {_transport.py:336} INFO - PUT https://7f0ef8badf50482b9b0d93ef141e14ec.us-central1.gcp.cloud.es.io:443/metro_station/_doc/opera [status:200 duration:0.221s]
[2024-06-06T15:06:06.811+0000] {_transport.py:336} INFO - PUT https://7f0ef8badf50482b9b0d93ef141e14ec.us-central1.gcp.cloud.es.io:443/metro_station/_doc/gare-de-lyon [status:200 duration:0.225s]
[2024-06-06T15:06:07.096+0000] {_transport.py:336} INFO - PUT https://7f0ef8badf50482b9b0d93ef141e14ec.us-central1.gcp.cloud.es.io:443/metro_station/_doc/porte-de-vincennes [status:200 duration:0.276s]
[2024-06-06T15:06:07.330+0000] {_transport.py:336} INFO - PUT https://7f0ef8badf50482b9b0d93ef141e14ec.us-central1.gcp.cloud.es.io:443/metro_station/_doc/louvre-rivoli [status:200 duration:0.227s]
[2024-06-06T15:06:07.507+0000] {_transport.py:336} INFO - PUT https://7f0ef8badf50482b9b0d93ef141e14ec.us-central1.gcp.cloud.es.io:443/metro_station/_doc/bir-hakeim [status:200 duration:0.166s]
[2024-06-06T15:06:07.751+0000] {_transport.py:336} INFO - PUT https://7f0ef8badf50482b9b0d93ef141e14ec.us-central1.gcp.cloud.es.io:443/metro_station/_doc/charles-de-gaulle-etoile [status:200 duration:0.238s]
[2024-06-06T15:06:08.200+0000] {_transport.py:336} INFO - PUT https://7f0ef8badf50482b9b0d93ef141e14ec.us-central1.gcp.cloud.es.io:443/metro_station/_doc/palais-royal-musee-du-louvre [status:200 duration:0.440s]
[2024-06-06T15:06:08.445+0000] {_transport.py:336} INFO - PUT https://7f0ef8badf50482b9b0d93ef141e14ec.us-central1.gcp.cloud.es.io:443/metro_station/_doc/george-v [status:200 duration:0.242s]
[2024-06-06T15:06:08.694+0000] {_transport.py:336} INFO - PUT https://7f0ef8badf50482b9b0d93ef141e14ec.us-central1.gcp.cloud.es.io:443/metro_station/_doc/republique [status:200 duration:0.239s]
[2024-06-06T15:06:09.176+0000] {_transport.py:336} INFO - PUT https://7f0ef8badf50482b9b0d93ef141e14ec.us-central1.gcp.cloud.es.io:443/metro_station/_doc/chatelet [status:200 duration:0.474s]
[2024-06-06T15:06:09.419+0000] {_transport.py:336} INFO - PUT https://7f0ef8badf50482b9b0d93ef141e14ec.us-central1.gcp.cloud.es.io:443/metro_station/_doc/saint-lazare [status:200 duration:0.236s]
[2024-06-06T15:06:09.649+0000] {_transport.py:336} INFO - PUT https://7f0ef8badf50482b9b0d93ef141e14ec.us-central1.gcp.cloud.es.io:443/metro_station/_doc/chateau-de-vincennes [status:200 duration:0.221s]
[2024-06-06T15:06:09.901+0000] {_transport.py:336} INFO - PUT https://7f0ef8badf50482b9b0d93ef141e14ec.us-central1.gcp.cloud.es.io:443/metro_station/_doc/esplanade-de-la-defense [status:200 duration:0.244s]
[2024-06-06T15:06:10.131+0000] {_transport.py:336} INFO - PUT https://7f0ef8badf50482b9b0d93ef141e14ec.us-central1.gcp.cloud.es.io:443/metro_station/_doc/saint-michel-notre-dame [status:200 duration:0.221s]
[2024-06-06T15:06:10.576+0000] {_transport.py:336} INFO - PUT https://7f0ef8badf50482b9b0d93ef141e14ec.us-central1.gcp.cloud.es.io:443/metro_station/_doc/saint-paul [status:200 duration:0.442s]
[2024-06-06T15:06:10.835+0000] {_transport.py:336} INFO - PUT https://7f0ef8badf50482b9b0d93ef141e14ec.us-central1.gcp.cloud.es.io:443/metro_station/_doc/bercy [status:200 duration:0.254s]
[2024-06-06T15:06:11.083+0000] {_transport.py:336} INFO - PUT https://7f0ef8badf50482b9b0d93ef141e14ec.us-central1.gcp.cloud.es.io:443/metro_station/_doc/colonel-fabien [status:200 duration:0.247s]
[2024-06-06T15:06:11.335+0000] {_transport.py:336} INFO - PUT https://7f0ef8badf50482b9b0d93ef141e14ec.us-central1.gcp.cloud.es.io:443/metro_station/_doc/courcelles [status:200 duration:0.250s]
[2024-06-06T15:06:11.572+0000] {_transport.py:336} INFO - PUT https://7f0ef8badf50482b9b0d93ef141e14ec.us-central1.gcp.cloud.es.io:443/metro_station/_doc/rome [status:200 duration:0.236s]
[2024-06-06T15:06:11.803+0000] {_transport.py:336} INFO - PUT https://7f0ef8badf50482b9b0d93ef141e14ec.us-central1.gcp.cloud.es.io:443/metro_station/_doc/jaures [status:200 duration:0.229s]
[2024-06-06T15:06:12.092+0000] {_transport.py:336} INFO - PUT https://7f0ef8badf50482b9b0d93ef141e14ec.us-central1.gcp.cloud.es.io:443/metro_station/_doc/pigalle [status:200 duration:0.283s]
[2024-06-06T15:06:12.311+0000] {_transport.py:336} INFO - PUT https://7f0ef8badf50482b9b0d93ef141e14ec.us-central1.gcp.cloud.es.io:443/metro_station/_doc/alexandre-dumas [status:200 duration:0.215s]
[2024-06-06T15:06:12.533+0000] {_transport.py:336} INFO - PUT https://7f0ef8badf50482b9b0d93ef141e14ec.us-central1.gcp.cloud.es.io:443/metro_station/_doc/pere-lachaise [status:200 duration:0.213s]
[2024-06-06T15:06:12.690+0000] {_transport.py:336} INFO - PUT https://7f0ef8badf50482b9b0d93ef141e14ec.us-central1.gcp.cloud.es.io:443/metro_station/_doc/place-de-clichy [status:200 duration:0.147s]
[2024-06-06T15:06:12.904+0000] {_transport.py:336} INFO - PUT https://7f0ef8badf50482b9b0d93ef141e14ec.us-central1.gcp.cloud.es.io:443/metro_station/_doc/belleville [status:200 duration:0.207s]
[2024-06-06T15:06:13.082+0000] {_transport.py:336} INFO - PUT https://7f0ef8badf50482b9b0d93ef141e14ec.us-central1.gcp.cloud.es.io:443/metro_station/_doc/philippe-auguste [status:200 duration:0.168s]
[2024-06-06T15:06:13.336+0000] {_transport.py:336} INFO - PUT https://7f0ef8badf50482b9b0d93ef141e14ec.us-central1.gcp.cloud.es.io:443/metro_station/_doc/monceau [status:200 duration:0.251s]
[2024-06-06T15:06:13.566+0000] {_transport.py:336} INFO - PUT https://7f0ef8badf50482b9b0d93ef141e14ec.us-central1.gcp.cloud.es.io:443/metro_station/_doc/blanche [status:200 duration:0.225s]
[2024-06-06T15:06:13.735+0000] {_transport.py:336} INFO - PUT https://7f0ef8badf50482b9b0d93ef141e14ec.us-central1.gcp.cloud.es.io:443/metro_station/_doc/victor-hugo [status:200 duration:0.159s]
[2024-06-06T15:06:13.970+0000] {_transport.py:336} INFO - PUT https://7f0ef8badf50482b9b0d93ef141e14ec.us-central1.gcp.cloud.es.io:443/metro_station/_doc/barbes-rochechouart [status:200 duration:0.225s]
[2024-06-06T15:06:14.213+0000] {_transport.py:336} INFO - PUT https://7f0ef8badf50482b9b0d93ef141e14ec.us-central1.gcp.cloud.es.io:443/metro_station/_doc/couronnes [status:200 duration:0.234s]
[2024-06-06T15:06:14.442+0000] {_transport.py:336} INFO - PUT https://7f0ef8badf50482b9b0d93ef141e14ec.us-central1.gcp.cloud.es.io:443/metro_station/_doc/avron [status:200 duration:0.225s]
[2024-06-06T15:06:14.722+0000] {_transport.py:336} INFO - PUT https://7f0ef8badf50482b9b0d93ef141e14ec.us-central1.gcp.cloud.es.io:443/metro_station/_doc/stalingrad [status:200 duration:0.273s]
[2024-06-06T15:06:14.910+0000] {_transport.py:336} INFO - PUT https://7f0ef8badf50482b9b0d93ef141e14ec.us-central1.gcp.cloud.es.io:443/metro_station/_doc/villiers [status:200 duration:0.186s]
[2024-06-06T15:06:15.162+0000] {_transport.py:336} INFO - PUT https://7f0ef8badf50482b9b0d93ef141e14ec.us-central1.gcp.cloud.es.io:443/metro_station/_doc/menilmontant [status:200 duration:0.246s]
[2024-06-06T15:06:15.413+0000] {_transport.py:336} INFO - PUT https://7f0ef8badf50482b9b0d93ef141e14ec.us-central1.gcp.cloud.es.io:443/metro_station/_doc/porte-dauphine [status:200 duration:0.241s]
[2024-06-06T15:06:15.667+0000] {_transport.py:336} INFO - PUT https://7f0ef8badf50482b9b0d93ef141e14ec.us-central1.gcp.cloud.es.io:443/metro_station/_doc/ternes [status:200 duration:0.244s]
[2024-06-06T15:06:15.907+0000] {_transport.py:336} INFO - PUT https://7f0ef8badf50482b9b0d93ef141e14ec.us-central1.gcp.cloud.es.io:443/metro_station/_doc/la-chapelle [status:200 duration:0.230s]
[2024-06-06T15:06:16.163+0000] {_transport.py:336} INFO - PUT https://7f0ef8badf50482b9b0d93ef141e14ec.us-central1.gcp.cloud.es.io:443/metro_station/_doc/porte-de-champerret [status:200 duration:0.245s]
[2024-06-06T15:06:16.447+0000] {_transport.py:336} INFO - PUT https://7f0ef8badf50482b9b0d93ef141e14ec.us-central1.gcp.cloud.es.io:443/metro_station/_doc/europe [status:200 duration:0.275s]
[2024-06-06T15:06:16.689+0000] {_transport.py:336} INFO - PUT https://7f0ef8badf50482b9b0d93ef141e14ec.us-central1.gcp.cloud.es.io:443/metro_station/_doc/wagram [status:200 duration:0.233s]
[2024-06-06T15:06:16.934+0000] {_transport.py:336} INFO - PUT https://7f0ef8badf50482b9b0d93ef141e14ec.us-central1.gcp.cloud.es.io:443/metro_station/_doc/gambetta [status:200 duration:0.234s]
[2024-06-06T15:06:17.176+0000] {_transport.py:336} INFO - PUT https://7f0ef8badf50482b9b0d93ef141e14ec.us-central1.gcp.cloud.es.io:443/metro_station/_doc/anatole-france [status:200 duration:0.234s]
[2024-06-06T15:06:17.481+0000] {_transport.py:336} INFO - PUT https://7f0ef8badf50482b9b0d93ef141e14ec.us-central1.gcp.cloud.es.io:443/metro_station/_doc/quatre-septembre [status:200 duration:0.299s]
[2024-06-06T15:06:17.691+0000] {_transport.py:336} INFO - PUT https://7f0ef8badf50482b9b0d93ef141e14ec.us-central1.gcp.cloud.es.io:443/metro_station/_doc/temple [status:200 duration:0.200s]
[2024-06-06T15:06:17.923+0000] {_transport.py:336} INFO - PUT https://7f0ef8badf50482b9b0d93ef141e14ec.us-central1.gcp.cloud.es.io:443/metro_station/_doc/malesherbes [status:200 duration:0.227s]
[2024-06-06T15:06:18.116+0000] {_transport.py:336} INFO - PUT https://7f0ef8badf50482b9b0d93ef141e14ec.us-central1.gcp.cloud.es.io:443/metro_station/_doc/pont-de-levallois-becon [status:200 duration:0.190s]
[2024-06-06T15:06:18.297+0000] {_transport.py:336} INFO - PUT https://7f0ef8badf50482b9b0d93ef141e14ec.us-central1.gcp.cloud.es.io:443/metro_station/_doc/louise-michel [status:200 duration:0.178s]
[2024-06-06T15:06:18.612+0000] {_transport.py:336} INFO - PUT https://7f0ef8badf50482b9b0d93ef141e14ec.us-central1.gcp.cloud.es.io:443/metro_station/_doc/arts-et-metiers [status:200 duration:0.309s]
[2024-06-06T15:06:18.863+0000] {_transport.py:336} INFO - PUT https://7f0ef8badf50482b9b0d93ef141e14ec.us-central1.gcp.cloud.es.io:443/metro_station/_doc/havre-caumartin [status:200 duration:0.241s]
[2024-06-06T15:06:19.096+0000] {_transport.py:336} INFO - PUT https://7f0ef8badf50482b9b0d93ef141e14ec.us-central1.gcp.cloud.es.io:443/metro_station/_doc/rue-saint-maur [status:200 duration:0.223s]
[2024-06-06T15:06:19.491+0000] {_transport.py:336} INFO - PUT https://7f0ef8badf50482b9b0d93ef141e14ec.us-central1.gcp.cloud.es.io:443/metro_station/_doc/parmentier [status:200 duration:0.391s]
[2024-06-06T15:06:19.659+0000] {_transport.py:336} INFO - PUT https://7f0ef8badf50482b9b0d93ef141e14ec.us-central1.gcp.cloud.es.io:443/metro_station/_doc/porte-de-bagnolet [status:200 duration:0.158s]
[2024-06-06T15:06:19.825+0000] {_transport.py:336} INFO - PUT https://7f0ef8badf50482b9b0d93ef141e14ec.us-central1.gcp.cloud.es.io:443/metro_station/_doc/pereire [status:200 duration:0.158s]
[2024-06-06T15:06:20.006+0000] {_transport.py:336} INFO - PUT https://7f0ef8badf50482b9b0d93ef141e14ec.us-central1.gcp.cloud.es.io:443/metro_station/_doc/bourse [status:200 duration:0.174s]
[2024-06-06T15:06:20.224+0000] {_transport.py:336} INFO - PUT https://7f0ef8badf50482b9b0d93ef141e14ec.us-central1.gcp.cloud.es.io:443/metro_station/_doc/sentier [status:200 duration:0.207s]
[2024-06-06T15:06:20.388+0000] {_transport.py:336} INFO - PUT https://7f0ef8badf50482b9b0d93ef141e14ec.us-central1.gcp.cloud.es.io:443/metro_station/_doc/reaumur-sebastopol [status:200 duration:0.161s]
[2024-06-06T15:06:20.557+0000] {_transport.py:336} INFO - PUT https://7f0ef8badf50482b9b0d93ef141e14ec.us-central1.gcp.cloud.es.io:443/metro_station/_doc/gallieni [status:200 duration:0.160s]
[2024-06-06T15:06:20.729+0000] {_transport.py:336} INFO - PUT https://7f0ef8badf50482b9b0d93ef141e14ec.us-central1.gcp.cloud.es.io:443/metro_station/_doc/porte-d-orleans [status:200 duration:0.167s]
[2024-06-06T15:06:20.908+0000] {_transport.py:336} INFO - PUT https://7f0ef8badf50482b9b0d93ef141e14ec.us-central1.gcp.cloud.es.io:443/metro_station/_doc/porte-de-clignancourt [status:200 duration:0.171s]
[2024-06-06T15:06:21.089+0000] {_transport.py:336} INFO - PUT https://7f0ef8badf50482b9b0d93ef141e14ec.us-central1.gcp.cloud.es.io:443/metro_station/_doc/simplon [status:200 duration:0.174s]
[2024-06-06T15:06:21.288+0000] {_transport.py:336} INFO - PUT https://7f0ef8badf50482b9b0d93ef141e14ec.us-central1.gcp.cloud.es.io:443/metro_station/_doc/cite [status:200 duration:0.197s]
[2024-06-06T15:06:21.452+0000] {_transport.py:336} INFO - PUT https://7f0ef8badf50482b9b0d93ef141e14ec.us-central1.gcp.cloud.es.io:443/metro_station/_doc/marcadet-poissonniers [status:200 duration:0.154s]
[2024-06-06T15:06:21.628+0000] {_transport.py:336} INFO - PUT https://7f0ef8badf50482b9b0d93ef141e14ec.us-central1.gcp.cloud.es.io:443/metro_station/_doc/saint-germain-des-pres [status:200 duration:0.167s]
[2024-06-06T15:06:21.780+0000] {_transport.py:336} INFO - PUT https://7f0ef8badf50482b9b0d93ef141e14ec.us-central1.gcp.cloud.es.io:443/metro_station/_doc/bagneux-lucie-aubrac [status:200 duration:0.148s]
[2024-06-06T15:06:21.959+0000] {_transport.py:336} INFO - PUT https://7f0ef8badf50482b9b0d93ef141e14ec.us-central1.gcp.cloud.es.io:443/metro_station/_doc/saint-michel [status:200 duration:0.172s]
[2024-06-06T15:06:22.119+0000] {_transport.py:336} INFO - PUT https://7f0ef8badf50482b9b0d93ef141e14ec.us-central1.gcp.cloud.es.io:443/metro_station/_doc/chateau-rouge [status:200 duration:0.152s]
[2024-06-06T15:06:22.281+0000] {_transport.py:336} INFO - PUT https://7f0ef8badf50482b9b0d93ef141e14ec.us-central1.gcp.cloud.es.io:443/metro_station/_doc/mouton-duvernet [status:200 duration:0.157s]
[2024-06-06T15:06:22.554+0000] {_transport.py:336} INFO - PUT https://7f0ef8badf50482b9b0d93ef141e14ec.us-central1.gcp.cloud.es.io:443/metro_station/_doc/vavin [status:200 duration:0.267s]
[2024-06-06T15:06:22.778+0000] {_transport.py:336} INFO - PUT https://7f0ef8badf50482b9b0d93ef141e14ec.us-central1.gcp.cloud.es.io:443/metro_station/_doc/raspail [status:200 duration:0.218s]
[2024-06-06T15:06:22.948+0000] {_transport.py:336} INFO - PUT https://7f0ef8badf50482b9b0d93ef141e14ec.us-central1.gcp.cloud.es.io:443/metro_station/_doc/alesia [status:200 duration:0.163s]
[2024-06-06T15:06:23.200+0000] {_transport.py:336} INFO - PUT https://7f0ef8badf50482b9b0d93ef141e14ec.us-central1.gcp.cloud.es.io:443/metro_station/_doc/mairie-de-montrouge [status:200 duration:0.247s]
[2024-06-06T15:06:23.461+0000] {_transport.py:336} INFO - PUT https://7f0ef8badf50482b9b0d93ef141e14ec.us-central1.gcp.cloud.es.io:443/metro_station/_doc/barbara [status:200 duration:0.257s]
[2024-06-06T15:06:23.701+0000] {_transport.py:336} INFO - PUT https://7f0ef8badf50482b9b0d93ef141e14ec.us-central1.gcp.cloud.es.io:443/metro_station/_doc/denfert-rochereau [status:200 duration:0.232s]
[2024-06-06T15:06:23.867+0000] {_transport.py:336} INFO - PUT https://7f0ef8badf50482b9b0d93ef141e14ec.us-central1.gcp.cloud.es.io:443/metro_station/_doc/les-halles [status:200 duration:0.161s]
[2024-06-06T15:06:24.038+0000] {_transport.py:336} INFO - PUT https://7f0ef8badf50482b9b0d93ef141e14ec.us-central1.gcp.cloud.es.io:443/metro_station/_doc/chateau-d-eau [status:200 duration:0.166s]
[2024-06-06T15:06:24.277+0000] {_transport.py:336} INFO - PUT https://7f0ef8badf50482b9b0d93ef141e14ec.us-central1.gcp.cloud.es.io:443/metro_station/_doc/strasbourg-saint-denis [status:200 duration:0.234s]
[2024-06-06T15:06:24.528+0000] {_transport.py:336} INFO - PUT https://7f0ef8badf50482b9b0d93ef141e14ec.us-central1.gcp.cloud.es.io:443/metro_station/_doc/saint-placide [status:200 duration:0.247s]
[2024-06-06T15:06:24.767+0000] {_transport.py:336} INFO - PUT https://7f0ef8badf50482b9b0d93ef141e14ec.us-central1.gcp.cloud.es.io:443/metro_station/_doc/saint-sulpice [status:200 duration:0.233s]
[2024-06-06T15:06:25.001+0000] {_transport.py:336} INFO - PUT https://7f0ef8badf50482b9b0d93ef141e14ec.us-central1.gcp.cloud.es.io:443/metro_station/_doc/etienne-marcel [status:200 duration:0.231s]
[2024-06-06T15:06:25.176+0000] {_transport.py:336} INFO - PUT https://7f0ef8badf50482b9b0d93ef141e14ec.us-central1.gcp.cloud.es.io:443/metro_station/_doc/odeon [status:200 duration:0.169s]
[2024-06-06T15:06:25.368+0000] {_transport.py:336} INFO - PUT https://7f0ef8badf50482b9b0d93ef141e14ec.us-central1.gcp.cloud.es.io:443/metro_station/_doc/bobigny-pantin-raymond-queneau [status:200 duration:0.186s]
[2024-06-06T15:06:25.541+0000] {_transport.py:336} INFO - PUT https://7f0ef8badf50482b9b0d93ef141e14ec.us-central1.gcp.cloud.es.io:443/metro_station/_doc/bobigny-pablo-picasso [status:200 duration:0.171s]
[2024-06-06T15:06:25.781+0000] {_transport.py:336} INFO - PUT https://7f0ef8badf50482b9b0d93ef141e14ec.us-central1.gcp.cloud.es.io:443/metro_station/_doc/hoche [status:200 duration:0.233s]
[2024-06-06T15:06:26.031+0000] {_transport.py:336} INFO - PUT https://7f0ef8badf50482b9b0d93ef141e14ec.us-central1.gcp.cloud.es.io:443/metro_station/_doc/ourcq [status:200 duration:0.240s]
[2024-06-06T15:06:26.250+0000] {_transport.py:336} INFO - PUT https://7f0ef8badf50482b9b0d93ef141e14ec.us-central1.gcp.cloud.es.io:443/metro_station/_doc/quai-de-la-rapee [status:200 duration:0.215s]
[2024-06-06T15:06:26.509+0000] {_transport.py:336} INFO - PUT https://7f0ef8badf50482b9b0d93ef141e14ec.us-central1.gcp.cloud.es.io:443/metro_station/_doc/oberkampf [status:200 duration:0.253s]
[2024-06-06T15:06:26.690+0000] {_transport.py:336} INFO - PUT https://7f0ef8badf50482b9b0d93ef141e14ec.us-central1.gcp.cloud.es.io:443/metro_station/_doc/laumiere [status:200 duration:0.176s]
[2024-06-06T15:06:26.932+0000] {_transport.py:336} INFO - PUT https://7f0ef8badf50482b9b0d93ef141e14ec.us-central1.gcp.cloud.es.io:443/metro_station/_doc/jacques-bonsergent [status:200 duration:0.237s]
[2024-06-06T15:06:27.122+0000] {_transport.py:336} INFO - PUT https://7f0ef8badf50482b9b0d93ef141e14ec.us-central1.gcp.cloud.es.io:443/metro_station/_doc/place-d-italie [status:200 duration:0.184s]
[2024-06-06T15:06:27.281+0000] {_transport.py:336} INFO - PUT https://7f0ef8badf50482b9b0d93ef141e14ec.us-central1.gcp.cloud.es.io:443/metro_station/_doc/porte-de-pantin [status:200 duration:0.156s]
[2024-06-06T15:06:27.437+0000] {_transport.py:336} INFO - PUT https://7f0ef8badf50482b9b0d93ef141e14ec.us-central1.gcp.cloud.es.io:443/metro_station/_doc/campo-formio [status:200 duration:0.154s]
[2024-06-06T15:06:27.612+0000] {_transport.py:336} INFO - PUT https://7f0ef8badf50482b9b0d93ef141e14ec.us-central1.gcp.cloud.es.io:443/metro_station/_doc/saint-marcel [status:200 duration:0.170s]
[2024-06-06T15:06:27.777+0000] {_transport.py:336} INFO - PUT https://7f0ef8badf50482b9b0d93ef141e14ec.us-central1.gcp.cloud.es.io:443/metro_station/_doc/richard-lenoir [status:200 duration:0.163s]
[2024-06-06T15:06:27.952+0000] {_transport.py:336} INFO - PUT https://7f0ef8badf50482b9b0d93ef141e14ec.us-central1.gcp.cloud.es.io:443/metro_station/_doc/breguet-sabin [status:200 duration:0.167s]
[2024-06-06T15:06:28.111+0000] {_transport.py:336} INFO - PUT https://7f0ef8badf50482b9b0d93ef141e14ec.us-central1.gcp.cloud.es.io:443/metro_station/_doc/eglise-de-pantin [status:200 duration:0.157s]
[2024-06-06T15:06:28.290+0000] {_transport.py:336} INFO - PUT https://7f0ef8badf50482b9b0d93ef141e14ec.us-central1.gcp.cloud.es.io:443/metro_station/_doc/kleber [status:200 duration:0.178s]
[2024-06-06T15:06:28.456+0000] {_transport.py:336} INFO - PUT https://7f0ef8badf50482b9b0d93ef141e14ec.us-central1.gcp.cloud.es.io:443/metro_station/_doc/trocadero [status:200 duration:0.158s]
[2024-06-06T15:06:28.624+0000] {_transport.py:336} INFO - PUT https://7f0ef8badf50482b9b0d93ef141e14ec.us-central1.gcp.cloud.es.io:443/metro_station/_doc/dugommier [status:200 duration:0.163s]
[2024-06-06T15:06:28.790+0000] {_transport.py:336} INFO - PUT https://7f0ef8badf50482b9b0d93ef141e14ec.us-central1.gcp.cloud.es.io:443/metro_station/_doc/la-motte-picquet-grenelle [status:200 duration:0.158s]
[2024-06-06T15:06:28.953+0000] {_transport.py:336} INFO - PUT https://7f0ef8badf50482b9b0d93ef141e14ec.us-central1.gcp.cloud.es.io:443/metro_station/_doc/nationale [status:200 duration:0.157s]
[2024-06-06T15:06:29.115+0000] {_transport.py:336} INFO - PUT https://7f0ef8badf50482b9b0d93ef141e14ec.us-central1.gcp.cloud.es.io:443/metro_station/_doc/daumesnil [status:200 duration:0.159s]
[2024-06-06T15:06:29.270+0000] {_transport.py:336} INFO - PUT https://7f0ef8badf50482b9b0d93ef141e14ec.us-central1.gcp.cloud.es.io:443/metro_station/_doc/saint-jacques [status:200 duration:0.153s]
[2024-06-06T15:06:29.449+0000] {_transport.py:336} INFO - PUT https://7f0ef8badf50482b9b0d93ef141e14ec.us-central1.gcp.cloud.es.io:443/metro_station/_doc/sevres-lecourbe [status:200 duration:0.172s]
[2024-06-06T15:06:29.605+0000] {_transport.py:336} INFO - PUT https://7f0ef8badf50482b9b0d93ef141e14ec.us-central1.gcp.cloud.es.io:443/metro_station/_doc/passy [status:200 duration:0.152s]
[2024-06-06T15:06:29.881+0000] {_transport.py:336} INFO - PUT https://7f0ef8badf50482b9b0d93ef141e14ec.us-central1.gcp.cloud.es.io:443/metro_station/_doc/quai-de-la-gare [status:200 duration:0.268s]
[2024-06-06T15:06:30.084+0000] {_transport.py:336} INFO - PUT https://7f0ef8badf50482b9b0d93ef141e14ec.us-central1.gcp.cloud.es.io:443/metro_station/_doc/corvisart [status:200 duration:0.195s]
[2024-06-06T15:06:30.260+0000] {_transport.py:336} INFO - PUT https://7f0ef8badf50482b9b0d93ef141e14ec.us-central1.gcp.cloud.es.io:443/metro_station/_doc/chevaleret [status:200 duration:0.168s]
[2024-06-06T15:06:30.442+0000] {_transport.py:336} INFO - PUT https://7f0ef8badf50482b9b0d93ef141e14ec.us-central1.gcp.cloud.es.io:443/metro_station/_doc/edgar-quinet [status:200 duration:0.176s]
[2024-06-06T15:06:30.697+0000] {_transport.py:336} INFO - PUT https://7f0ef8badf50482b9b0d93ef141e14ec.us-central1.gcp.cloud.es.io:443/metro_station/_doc/boissiere [status:200 duration:0.250s]
[2024-06-06T15:06:30.871+0000] {_transport.py:336} INFO - PUT https://7f0ef8badf50482b9b0d93ef141e14ec.us-central1.gcp.cloud.es.io:443/metro_station/_doc/dupleix [status:200 duration:0.166s]
[2024-06-06T15:06:31.034+0000] {_transport.py:336} INFO - PUT https://7f0ef8badf50482b9b0d93ef141e14ec.us-central1.gcp.cloud.es.io:443/metro_station/_doc/cambronne [status:200 duration:0.155s]
[2024-06-06T15:06:31.201+0000] {_transport.py:336} INFO - PUT https://7f0ef8badf50482b9b0d93ef141e14ec.us-central1.gcp.cloud.es.io:443/metro_station/_doc/picpus [status:200 duration:0.162s]
[2024-06-06T15:06:31.372+0000] {_transport.py:336} INFO - PUT https://7f0ef8badf50482b9b0d93ef141e14ec.us-central1.gcp.cloud.es.io:443/metro_station/_doc/pasteur [status:200 duration:0.169s]
[2024-06-06T15:06:31.541+0000] {_transport.py:336} INFO - PUT https://7f0ef8badf50482b9b0d93ef141e14ec.us-central1.gcp.cloud.es.io:443/metro_station/_doc/glaciere [status:200 duration:0.163s]
[2024-06-06T15:06:31.724+0000] {_transport.py:336} INFO - PUT https://7f0ef8badf50482b9b0d93ef141e14ec.us-central1.gcp.cloud.es.io:443/metro_station/_doc/bel-air [status:200 duration:0.179s]
[2024-06-06T15:06:31.913+0000] {_transport.py:336} INFO - PUT https://7f0ef8badf50482b9b0d93ef141e14ec.us-central1.gcp.cloud.es.io:443/metro_station/_doc/cadet [status:200 duration:0.184s]
[2024-06-06T15:06:32.141+0000] {_transport.py:336} INFO - PUT https://7f0ef8badf50482b9b0d93ef141e14ec.us-central1.gcp.cloud.es.io:443/metro_station/_doc/chateau-landon [status:200 duration:0.223s]
[2024-06-06T15:06:32.314+0000] {_transport.py:336} INFO - PUT https://7f0ef8badf50482b9b0d93ef141e14ec.us-central1.gcp.cloud.es.io:443/metro_station/_doc/fort-d-aubervilliers [status:200 duration:0.164s]
[2024-06-06T15:06:32.545+0000] {_transport.py:336} INFO - PUT https://7f0ef8badf50482b9b0d93ef141e14ec.us-central1.gcp.cloud.es.io:443/metro_station/_doc/villejuif-paul-vaillant-couturier [status:200 duration:0.229s]
[2024-06-06T15:06:32.778+0000] {_transport.py:336} INFO - PUT https://7f0ef8badf50482b9b0d93ef141e14ec.us-central1.gcp.cloud.es.io:443/metro_station/_doc/porte-de-choisy [status:200 duration:0.229s]
[2024-06-06T15:06:33.019+0000] {_transport.py:336} INFO - PUT https://7f0ef8badf50482b9b0d93ef141e14ec.us-central1.gcp.cloud.es.io:443/metro_station/_doc/louis-blanc [status:200 duration:0.233s]
[2024-06-06T15:06:33.255+0000] {_transport.py:336} INFO - PUT https://7f0ef8badf50482b9b0d93ef141e14ec.us-central1.gcp.cloud.es.io:443/metro_station/_doc/villejuif-louis-aragon [status:200 duration:0.229s]
[2024-06-06T15:06:33.489+0000] {_transport.py:336} INFO - PUT https://7f0ef8badf50482b9b0d93ef141e14ec.us-central1.gcp.cloud.es.io:443/metro_station/_doc/pont-marie [status:200 duration:0.229s]
[2024-06-06T15:06:33.731+0000] {_transport.py:336} INFO - PUT https://7f0ef8badf50482b9b0d93ef141e14ec.us-central1.gcp.cloud.es.io:443/metro_station/_doc/porte-d-ivry [status:200 duration:0.236s]
[2024-06-06T15:06:33.988+0000] {_transport.py:336} INFO - PUT https://7f0ef8badf50482b9b0d93ef141e14ec.us-central1.gcp.cloud.es.io:443/metro_station/_doc/pierre-et-marie-curie [status:200 duration:0.247s]
[2024-06-06T15:06:34.237+0000] {_transport.py:336} INFO - PUT https://7f0ef8badf50482b9b0d93ef141e14ec.us-central1.gcp.cloud.es.io:443/metro_station/_doc/crimee [status:200 duration:0.242s]
[2024-06-06T15:06:34.464+0000] {_transport.py:336} INFO - PUT https://7f0ef8badf50482b9b0d93ef141e14ec.us-central1.gcp.cloud.es.io:443/metro_station/_doc/la-courneuve-8-mai-1945 [status:200 duration:0.216s]
[2024-06-06T15:06:34.693+0000] {_transport.py:336} INFO - PUT https://7f0ef8badf50482b9b0d93ef141e14ec.us-central1.gcp.cloud.es.io:443/metro_station/_doc/maison-blanche [status:200 duration:0.219s]
[2024-06-06T15:06:34.916+0000] {_transport.py:336} INFO - PUT https://7f0ef8badf50482b9b0d93ef141e14ec.us-central1.gcp.cloud.es.io:443/metro_station/_doc/pyramides [status:200 duration:0.217s]
[2024-06-06T15:06:35.141+0000] {_transport.py:336} INFO - PUT https://7f0ef8badf50482b9b0d93ef141e14ec.us-central1.gcp.cloud.es.io:443/metro_station/_doc/poissonniere [status:200 duration:0.222s]
[2024-06-06T15:06:35.322+0000] {_transport.py:336} INFO - PUT https://7f0ef8badf50482b9b0d93ef141e14ec.us-central1.gcp.cloud.es.io:443/metro_station/_doc/place-monge [status:200 duration:0.173s]
[2024-06-06T15:06:35.544+0000] {_transport.py:336} INFO - PUT https://7f0ef8badf50482b9b0d93ef141e14ec.us-central1.gcp.cloud.es.io:443/metro_station/_doc/sully-morland [status:200 duration:0.221s]
[2024-06-06T15:06:35.724+0000] {_transport.py:336} INFO - PUT https://7f0ef8badf50482b9b0d93ef141e14ec.us-central1.gcp.cloud.es.io:443/metro_station/_doc/tolbiac [status:200 duration:0.176s]
[2024-06-06T15:06:35.992+0000] {_transport.py:336} INFO - PUT https://7f0ef8badf50482b9b0d93ef141e14ec.us-central1.gcp.cloud.es.io:443/metro_station/_doc/le-peletier [status:200 duration:0.260s]
[2024-06-06T15:06:36.227+0000] {_transport.py:336} INFO - PUT https://7f0ef8badf50482b9b0d93ef141e14ec.us-central1.gcp.cloud.es.io:443/metro_station/_doc/jussieu [status:200 duration:0.233s]
[2024-06-06T15:06:36.461+0000] {_transport.py:336} INFO - PUT https://7f0ef8badf50482b9b0d93ef141e14ec.us-central1.gcp.cloud.es.io:443/metro_station/_doc/les-gobelins [status:200 duration:0.228s]
[2024-06-06T15:06:36.713+0000] {_transport.py:336} INFO - PUT https://7f0ef8badf50482b9b0d93ef141e14ec.us-central1.gcp.cloud.es.io:443/metro_station/_doc/villejuif-leo-lagrange [status:200 duration:0.243s]
[2024-06-06T15:06:36.946+0000] {_transport.py:336} INFO - PUT https://7f0ef8badf50482b9b0d93ef141e14ec.us-central1.gcp.cloud.es.io:443/metro_station/_doc/corentin-cariou [status:200 duration:0.223s]
[2024-06-06T15:06:37.186+0000] {_transport.py:336} INFO - PUT https://7f0ef8badf50482b9b0d93ef141e14ec.us-central1.gcp.cloud.es.io:443/metro_station/_doc/chaussee-d-antin-la-fayette [status:200 duration:0.233s]
[2024-06-06T15:06:37.358+0000] {_transport.py:336} INFO - PUT https://7f0ef8badf50482b9b0d93ef141e14ec.us-central1.gcp.cloud.es.io:443/metro_station/_doc/mairie-d-ivry [status:200 duration:0.163s]
[2024-06-06T15:06:37.519+0000] {_transport.py:336} INFO - PUT https://7f0ef8badf50482b9b0d93ef141e14ec.us-central1.gcp.cloud.es.io:443/metro_station/_doc/riquet [status:200 duration:0.157s]
[2024-06-06T15:06:37.696+0000] {_transport.py:336} INFO - PUT https://7f0ef8badf50482b9b0d93ef141e14ec.us-central1.gcp.cloud.es.io:443/metro_station/_doc/le-kremlin-bicetre [status:200 duration:0.167s]
[2024-06-06T15:06:37.930+0000] {_transport.py:336} INFO - PUT https://7f0ef8badf50482b9b0d93ef141e14ec.us-central1.gcp.cloud.es.io:443/metro_station/_doc/pont-neuf [status:200 duration:0.228s]
[2024-06-06T15:06:38.223+0000] {_transport.py:336} INFO - PUT https://7f0ef8badf50482b9b0d93ef141e14ec.us-central1.gcp.cloud.es.io:443/metro_station/_doc/aubervilliers-pantin-quatre-chemins [status:200 duration:0.291s]
[2024-06-06T15:06:38.498+0000] {_transport.py:336} INFO - PUT https://7f0ef8badf50482b9b0d93ef141e14ec.us-central1.gcp.cloud.es.io:443/metro_station/_doc/porte-d-italie [status:200 duration:0.273s]
[2024-06-06T15:06:38.734+0000] {_transport.py:336} INFO - PUT https://7f0ef8badf50482b9b0d93ef141e14ec.us-central1.gcp.cloud.es.io:443/metro_station/_doc/censier-daubenton [status:200 duration:0.227s]
[2024-06-06T15:06:38.992+0000] {_transport.py:336} INFO - PUT https://7f0ef8badf50482b9b0d93ef141e14ec.us-central1.gcp.cloud.es.io:443/metro_station/_doc/grands-boulevards [status:200 duration:0.253s]
[2024-06-06T15:06:39.227+0000] {_transport.py:336} INFO - PUT https://7f0ef8badf50482b9b0d93ef141e14ec.us-central1.gcp.cloud.es.io:443/metro_station/_doc/commerce [status:200 duration:0.228s]
[2024-06-06T15:06:39.480+0000] {_transport.py:336} INFO - PUT https://7f0ef8badf50482b9b0d93ef141e14ec.us-central1.gcp.cloud.es.io:443/metro_station/_doc/ledru-rollin [status:200 duration:0.249s]
[2024-06-06T15:06:39.732+0000] {_transport.py:336} INFO - PUT https://7f0ef8badf50482b9b0d93ef141e14ec.us-central1.gcp.cloud.es.io:443/metro_station/_doc/montgallet [status:200 duration:0.243s]
[2024-06-06T15:06:39.935+0000] {_transport.py:336} INFO - PUT https://7f0ef8badf50482b9b0d93ef141e14ec.us-central1.gcp.cloud.es.io:443/metro_station/_doc/felix-faure [status:200 duration:0.192s]
[2024-06-06T15:06:40.189+0000] {_transport.py:336} INFO - PUT https://7f0ef8badf50482b9b0d93ef141e14ec.us-central1.gcp.cloud.es.io:443/metro_station/_doc/porte-de-charenton [status:200 duration:0.247s]
[2024-06-06T15:06:40.537+0000] {_transport.py:336} INFO - PUT https://7f0ef8badf50482b9b0d93ef141e14ec.us-central1.gcp.cloud.es.io:443/metro_station/_doc/ecole-militaire [status:200 duration:0.342s]
[2024-06-06T15:06:40.826+0000] {_transport.py:336} INFO - PUT https://7f0ef8badf50482b9b0d93ef141e14ec.us-central1.gcp.cloud.es.io:443/metro_station/_doc/michel-bizot [status:200 duration:0.280s]
[2024-06-06T15:06:41.249+0000] {_transport.py:336} INFO - PUT https://7f0ef8badf50482b9b0d93ef141e14ec.us-central1.gcp.cloud.es.io:443/metro_station/_doc/madeleine [status:200 duration:0.414s]
[2024-06-06T15:06:41.428+0000] {_transport.py:336} INFO - PUT https://7f0ef8badf50482b9b0d93ef141e14ec.us-central1.gcp.cloud.es.io:443/metro_station/_doc/faidherbe-chaligny [status:200 duration:0.177s]
[2024-06-06T15:06:41.748+0000] {_transport.py:336} INFO - PUT https://7f0ef8badf50482b9b0d93ef141e14ec.us-central1.gcp.cloud.es.io:443/metro_station/_doc/lourmel [status:200 duration:0.316s]
[2024-06-06T15:06:41.945+0000] {_transport.py:336} INFO - PUT https://7f0ef8badf50482b9b0d93ef141e14ec.us-central1.gcp.cloud.es.io:443/metro_station/_doc/creteil-l-echat [status:200 duration:0.193s]
[2024-06-06T15:06:42.152+0000] {_transport.py:336} INFO - PUT https://7f0ef8badf50482b9b0d93ef141e14ec.us-central1.gcp.cloud.es.io:443/metro_station/_doc/porte-doree [status:200 duration:0.205s]
[2024-06-06T15:06:42.353+0000] {_transport.py:336} INFO - PUT https://7f0ef8badf50482b9b0d93ef141e14ec.us-central1.gcp.cloud.es.io:443/metro_station/_doc/pointe-du-lac [status:200 duration:0.199s]
[2024-06-06T15:06:42.605+0000] {_transport.py:336} INFO - PUT https://7f0ef8badf50482b9b0d93ef141e14ec.us-central1.gcp.cloud.es.io:443/metro_station/_doc/ecole-veterinaire-de-maisons-alfort [status:200 duration:0.249s]
[2024-06-06T15:06:42.813+0000] {_transport.py:336} INFO - PUT https://7f0ef8badf50482b9b0d93ef141e14ec.us-central1.gcp.cloud.es.io:443/metro_station/_doc/balard [status:200 duration:0.207s]
[2024-06-06T15:06:42.973+0000] {_transport.py:336} INFO - PUT https://7f0ef8badf50482b9b0d93ef141e14ec.us-central1.gcp.cloud.es.io:443/metro_station/_doc/chemin-vert [status:200 duration:0.157s]
[2024-06-06T15:06:43.212+0000] {_transport.py:336} INFO - PUT https://7f0ef8badf50482b9b0d93ef141e14ec.us-central1.gcp.cloud.es.io:443/metro_station/_doc/bonne-nouvelle [status:200 duration:0.235s]
[2024-06-06T15:06:43.408+0000] {_transport.py:336} INFO - PUT https://7f0ef8badf50482b9b0d93ef141e14ec.us-central1.gcp.cloud.es.io:443/metro_station/_doc/filles-du-calvaire [status:200 duration:0.188s]
[2024-06-06T15:06:43.632+0000] {_transport.py:336} INFO - PUT https://7f0ef8badf50482b9b0d93ef141e14ec.us-central1.gcp.cloud.es.io:443/metro_station/_doc/saint-sebastien-froissart [status:200 duration:0.221s]
[2024-06-06T15:06:43.860+0000] {_transport.py:336} INFO - PUT https://7f0ef8badf50482b9b0d93ef141e14ec.us-central1.gcp.cloud.es.io:443/metro_station/_doc/liberte [status:200 duration:0.221s]
[2024-06-06T15:06:44.087+0000] {_transport.py:336} INFO - PUT https://7f0ef8badf50482b9b0d93ef141e14ec.us-central1.gcp.cloud.es.io:443/metro_station/_doc/maisons-alfort-stade [status:200 duration:0.219s]
[2024-06-06T15:06:44.345+0000] {_transport.py:336} INFO - PUT https://7f0ef8badf50482b9b0d93ef141e14ec.us-central1.gcp.cloud.es.io:443/metro_station/_doc/boucicaut [status:200 duration:0.251s]
[2024-06-06T15:06:44.577+0000] {_transport.py:336} INFO - PUT https://7f0ef8badf50482b9b0d93ef141e14ec.us-central1.gcp.cloud.es.io:443/metro_station/_doc/la-tour-maubourg [status:200 duration:0.223s]
[2024-06-06T15:06:44.822+0000] {_transport.py:336} INFO - PUT https://7f0ef8badf50482b9b0d93ef141e14ec.us-central1.gcp.cloud.es.io:443/metro_station/_doc/maisons-alfort-les-juilliottes [status:200 duration:0.236s]
[2024-06-06T15:06:45.011+0000] {_transport.py:336} INFO - PUT https://7f0ef8badf50482b9b0d93ef141e14ec.us-central1.gcp.cloud.es.io:443/metro_station/_doc/charenton-ecoles [status:200 duration:0.179s]
[2024-06-06T15:06:45.226+0000] {_transport.py:336} INFO - PUT https://7f0ef8badf50482b9b0d93ef141e14ec.us-central1.gcp.cloud.es.io:443/metro_station/_doc/creteil-universite [status:200 duration:0.212s]
[2024-06-06T15:06:45.480+0000] {_transport.py:336} INFO - PUT https://7f0ef8badf50482b9b0d93ef141e14ec.us-central1.gcp.cloud.es.io:443/metro_station/_doc/creteil-prefecture [status:200 duration:0.247s]
[2024-06-06T15:06:45.719+0000] {_transport.py:336} INFO - PUT https://7f0ef8badf50482b9b0d93ef141e14ec.us-central1.gcp.cloud.es.io:443/metro_station/_doc/richelieu-drouot [status:200 duration:0.231s]
[2024-06-06T15:06:45.944+0000] {_transport.py:336} INFO - PUT https://7f0ef8badf50482b9b0d93ef141e14ec.us-central1.gcp.cloud.es.io:443/metro_station/_doc/invalides [status:200 duration:0.215s]
[2024-06-06T15:06:46.288+0000] {_transport.py:336} INFO - PUT https://7f0ef8badf50482b9b0d93ef141e14ec.us-central1.gcp.cloud.es.io:443/metro_station/_doc/mairie-de-montreuil [status:200 duration:0.336s]
[2024-06-06T15:06:46.525+0000] {_transport.py:336} INFO - PUT https://7f0ef8badf50482b9b0d93ef141e14ec.us-central1.gcp.cloud.es.io:443/metro_station/_doc/miromesnil [status:200 duration:0.233s]
[2024-06-06T15:06:46.783+0000] {_transport.py:336} INFO - PUT https://7f0ef8badf50482b9b0d93ef141e14ec.us-central1.gcp.cloud.es.io:443/metro_station/_doc/exelmans [status:200 duration:0.249s]
[2024-06-06T15:06:47.043+0000] {_transport.py:336} INFO - PUT https://7f0ef8badf50482b9b0d93ef141e14ec.us-central1.gcp.cloud.es.io:443/metro_station/_doc/saint-philippe-du-roule [status:200 duration:0.251s]
[2024-06-06T15:06:47.330+0000] {_transport.py:336} INFO - PUT https://7f0ef8badf50482b9b0d93ef141e14ec.us-central1.gcp.cloud.es.io:443/metro_station/_doc/michel-ange-molitor [status:200 duration:0.278s]
[2024-06-06T15:06:47.565+0000] {_transport.py:336} INFO - PUT https://7f0ef8badf50482b9b0d93ef141e14ec.us-central1.gcp.cloud.es.io:443/metro_station/_doc/rue-des-boulets [status:200 duration:0.230s]
[2024-06-06T15:06:47.836+0000] {_transport.py:336} INFO - PUT https://7f0ef8badf50482b9b0d93ef141e14ec.us-central1.gcp.cloud.es.io:443/metro_station/_doc/jasmin [status:200 duration:0.261s]
[2024-06-06T15:06:48.100+0000] {_transport.py:336} INFO - PUT https://7f0ef8badf50482b9b0d93ef141e14ec.us-central1.gcp.cloud.es.io:443/metro_station/_doc/croix-de-chavaux [status:200 duration:0.259s]
[2024-06-06T15:06:48.262+0000] {_transport.py:336} INFO - PUT https://7f0ef8badf50482b9b0d93ef141e14ec.us-central1.gcp.cloud.es.io:443/metro_station/_doc/saint-augustin [status:200 duration:0.158s]
[2024-06-06T15:06:48.442+0000] {_transport.py:336} INFO - PUT https://7f0ef8badf50482b9b0d93ef141e14ec.us-central1.gcp.cloud.es.io:443/metro_station/_doc/ranelagh [status:200 duration:0.175s]
[2024-06-06T15:06:48.724+0000] {_transport.py:336} INFO - PUT https://7f0ef8badf50482b9b0d93ef141e14ec.us-central1.gcp.cloud.es.io:443/metro_station/_doc/rue-de-la-pompe [status:200 duration:0.275s]
[2024-06-06T15:06:48.969+0000] {_transport.py:336} INFO - PUT https://7f0ef8badf50482b9b0d93ef141e14ec.us-central1.gcp.cloud.es.io:443/metro_station/_doc/voltaire [status:200 duration:0.238s]
[2024-06-06T15:06:49.215+0000] {_transport.py:336} INFO - PUT https://7f0ef8badf50482b9b0d93ef141e14ec.us-central1.gcp.cloud.es.io:443/metro_station/_doc/maraichers [status:200 duration:0.237s]
[2024-06-06T15:06:49.456+0000] {_transport.py:336} INFO - PUT https://7f0ef8badf50482b9b0d93ef141e14ec.us-central1.gcp.cloud.es.io:443/metro_station/_doc/charonne [status:200 duration:0.235s]
[2024-06-06T15:06:49.630+0000] {_transport.py:336} INFO - PUT https://7f0ef8badf50482b9b0d93ef141e14ec.us-central1.gcp.cloud.es.io:443/metro_station/_doc/robespierre [status:200 duration:0.165s]
[2024-06-06T15:06:49.848+0000] {_transport.py:336} INFO - PUT https://7f0ef8badf50482b9b0d93ef141e14ec.us-central1.gcp.cloud.es.io:443/metro_station/_doc/iena [status:200 duration:0.211s]
[2024-06-06T15:06:50.103+0000] {_transport.py:336} INFO - PUT https://7f0ef8badf50482b9b0d93ef141e14ec.us-central1.gcp.cloud.es.io:443/metro_station/_doc/la-muette [status:200 duration:0.249s]
[2024-06-06T15:06:50.337+0000] {_transport.py:336} INFO - PUT https://7f0ef8badf50482b9b0d93ef141e14ec.us-central1.gcp.cloud.es.io:443/metro_station/_doc/porte-de-montreuil [status:200 duration:0.224s]
[2024-06-06T15:06:50.593+0000] {_transport.py:336} INFO - PUT https://7f0ef8badf50482b9b0d93ef141e14ec.us-central1.gcp.cloud.es.io:443/metro_station/_doc/porte-de-saint-cloud [status:200 duration:0.253s]
[2024-06-06T15:06:50.817+0000] {_transport.py:336} INFO - PUT https://7f0ef8badf50482b9b0d93ef141e14ec.us-central1.gcp.cloud.es.io:443/metro_station/_doc/pont-de-sevres [status:200 duration:0.214s]
[2024-06-06T15:06:50.988+0000] {_transport.py:336} INFO - PUT https://7f0ef8badf50482b9b0d93ef141e14ec.us-central1.gcp.cloud.es.io:443/metro_station/_doc/alma-marceau [status:200 duration:0.162s]
[2024-06-06T15:06:51.219+0000] {_transport.py:336} INFO - PUT https://7f0ef8badf50482b9b0d93ef141e14ec.us-central1.gcp.cloud.es.io:443/metro_station/_doc/buzenval [status:200 duration:0.222s]
[2024-06-06T15:06:51.387+0000] {_transport.py:336} INFO - PUT https://7f0ef8badf50482b9b0d93ef141e14ec.us-central1.gcp.cloud.es.io:443/metro_station/_doc/marcel-sembat [status:200 duration:0.166s]
[2024-06-06T15:06:51.579+0000] {_transport.py:336} INFO - PUT https://7f0ef8badf50482b9b0d93ef141e14ec.us-central1.gcp.cloud.es.io:443/metro_station/_doc/michel-ange-auteuil [status:200 duration:0.189s]
[2024-06-06T15:06:51.938+0000] {_transport.py:336} INFO - PUT https://7f0ef8badf50482b9b0d93ef141e14ec.us-central1.gcp.cloud.es.io:443/metro_station/_doc/billancourt [status:200 duration:0.351s]
[2024-06-06T15:06:52.113+0000] {_transport.py:336} INFO - PUT https://7f0ef8badf50482b9b0d93ef141e14ec.us-central1.gcp.cloud.es.io:443/metro_station/_doc/saint-ambroise [status:200 duration:0.168s]
[2024-06-06T15:06:52.267+0000] {_transport.py:336} INFO - PUT https://7f0ef8badf50482b9b0d93ef141e14ec.us-central1.gcp.cloud.es.io:443/metro_station/_doc/mirabeau [status:200 duration:0.146s]
[2024-06-06T15:06:52.515+0000] {_transport.py:336} INFO - PUT https://7f0ef8badf50482b9b0d93ef141e14ec.us-central1.gcp.cloud.es.io:443/metro_station/_doc/boulogne-pont-de-saint-cloud [status:200 duration:0.240s]
[2024-06-06T15:06:52.779+0000] {_transport.py:336} INFO - PUT https://7f0ef8badf50482b9b0d93ef141e14ec.us-central1.gcp.cloud.es.io:443/metro_station/_doc/charles-michels [status:200 duration:0.258s]
[2024-06-06T15:06:53.034+0000] {_transport.py:336} INFO - PUT https://7f0ef8badf50482b9b0d93ef141e14ec.us-central1.gcp.cloud.es.io:443/metro_station/_doc/cluny-la-sorbonne [status:200 duration:0.244s]
[2024-06-06T15:06:53.481+0000] {_transport.py:336} INFO - PUT https://7f0ef8badf50482b9b0d93ef141e14ec.us-central1.gcp.cloud.es.io:443/metro_station/_doc/chardon-lagache [status:200 duration:0.439s]
[2024-06-06T15:06:53.744+0000] {_transport.py:336} INFO - PUT https://7f0ef8badf50482b9b0d93ef141e14ec.us-central1.gcp.cloud.es.io:443/metro_station/_doc/javel-andre-citroen [status:200 duration:0.260s]
[2024-06-06T15:06:53.910+0000] {_transport.py:336} INFO - PUT https://7f0ef8badf50482b9b0d93ef141e14ec.us-central1.gcp.cloud.es.io:443/metro_station/_doc/cardinal-lemoine [status:200 duration:0.160s]
[2024-06-06T15:06:54.089+0000] {_transport.py:336} INFO - PUT https://7f0ef8badf50482b9b0d93ef141e14ec.us-central1.gcp.cloud.es.io:443/metro_station/_doc/boulogne-jean-jaures [status:200 duration:0.172s]
[2024-06-06T15:06:54.255+0000] {_transport.py:336} INFO - PUT https://7f0ef8badf50482b9b0d93ef141e14ec.us-central1.gcp.cloud.es.io:443/metro_station/_doc/porte-d-auteuil [status:200 duration:0.156s]
[2024-06-06T15:06:54.505+0000] {_transport.py:336} INFO - PUT https://7f0ef8badf50482b9b0d93ef141e14ec.us-central1.gcp.cloud.es.io:443/metro_station/_doc/eglise-d-auteuil [status:200 duration:0.243s]
[2024-06-06T15:06:54.683+0000] {_transport.py:336} INFO - PUT https://7f0ef8badf50482b9b0d93ef141e14ec.us-central1.gcp.cloud.es.io:443/metro_station/_doc/vaneau [status:200 duration:0.174s]
[2024-06-06T15:06:54.895+0000] {_transport.py:336} INFO - PUT https://7f0ef8badf50482b9b0d93ef141e14ec.us-central1.gcp.cloud.es.io:443/metro_station/_doc/avenue-emile-zola [status:200 duration:0.205s]
[2024-06-06T15:06:55.134+0000] {_transport.py:336} INFO - PUT https://7f0ef8badf50482b9b0d93ef141e14ec.us-central1.gcp.cloud.es.io:443/metro_station/_doc/duroc [status:200 duration:0.231s]
[2024-06-06T15:06:55.530+0000] {_transport.py:336} INFO - PUT https://7f0ef8badf50482b9b0d93ef141e14ec.us-central1.gcp.cloud.es.io:443/metro_station/_doc/sevres-babylone [status:200 duration:0.392s]
[2024-06-06T15:06:55.736+0000] {_transport.py:336} INFO - PUT https://7f0ef8badf50482b9b0d93ef141e14ec.us-central1.gcp.cloud.es.io:443/metro_station/_doc/segur [status:200 duration:0.198s]
[2024-06-06T15:06:55.971+0000] {_transport.py:336} INFO - PUT https://7f0ef8badf50482b9b0d93ef141e14ec.us-central1.gcp.cloud.es.io:443/metro_station/_doc/mabillon [status:200 duration:0.226s]
[2024-06-06T15:06:56.220+0000] {_transport.py:336} INFO - PUT https://7f0ef8badf50482b9b0d93ef141e14ec.us-central1.gcp.cloud.es.io:443/metro_station/_doc/maubert-mutualite [status:200 duration:0.242s]
[2024-06-06T15:06:56.453+0000] {_transport.py:336} INFO - PUT https://7f0ef8badf50482b9b0d93ef141e14ec.us-central1.gcp.cloud.es.io:443/metro_station/_doc/jourdain [status:200 duration:0.225s]
[2024-06-06T15:06:56.718+0000] {_transport.py:336} INFO - PUT https://7f0ef8badf50482b9b0d93ef141e14ec.us-central1.gcp.cloud.es.io:443/metro_station/_doc/telegraphe [status:200 duration:0.262s]
[2024-06-06T15:06:56.898+0000] {_transport.py:336} INFO - PUT https://7f0ef8badf50482b9b0d93ef141e14ec.us-central1.gcp.cloud.es.io:443/metro_station/_doc/goncourt [status:200 duration:0.175s]
[2024-06-06T15:06:57.074+0000] {_transport.py:336} INFO - PUT https://7f0ef8badf50482b9b0d93ef141e14ec.us-central1.gcp.cloud.es.io:443/metro_station/_doc/porte-des-lilas [status:200 duration:0.165s]
[2024-06-06T15:06:57.343+0000] {_transport.py:336} INFO - PUT https://7f0ef8badf50482b9b0d93ef141e14ec.us-central1.gcp.cloud.es.io:443/metro_station/_doc/mairie-des-lilas [status:200 duration:0.264s]
[2024-06-06T15:06:57.502+0000] {_transport.py:336} INFO - PUT https://7f0ef8badf50482b9b0d93ef141e14ec.us-central1.gcp.cloud.es.io:443/metro_station/_doc/place-des-fetes [status:200 duration:0.157s]
[2024-06-06T15:06:57.884+0000] {_transport.py:336} INFO - PUT https://7f0ef8badf50482b9b0d93ef141e14ec.us-central1.gcp.cloud.es.io:443/metro_station/_doc/pyrenees [status:200 duration:0.380s]
[2024-06-06T15:06:58.111+0000] {_transport.py:336} INFO - PUT https://7f0ef8badf50482b9b0d93ef141e14ec.us-central1.gcp.cloud.es.io:443/metro_station/_doc/falguiere [status:200 duration:0.224s]
[2024-06-06T15:06:58.397+0000] {_transport.py:336} INFO - PUT https://7f0ef8badf50482b9b0d93ef141e14ec.us-central1.gcp.cloud.es.io:443/metro_station/_doc/convention [status:200 duration:0.282s]
[2024-06-06T15:06:58.659+0000] {_transport.py:336} INFO - PUT https://7f0ef8badf50482b9b0d93ef141e14ec.us-central1.gcp.cloud.es.io:443/metro_station/_doc/marx-dormoy [status:200 duration:0.252s]
[2024-06-06T15:06:58.834+0000] {_transport.py:336} INFO - PUT https://7f0ef8badf50482b9b0d93ef141e14ec.us-central1.gcp.cloud.es.io:443/metro_station/_doc/rue-du-bac [status:200 duration:0.165s]
[2024-06-06T15:06:59.077+0000] {_transport.py:336} INFO - PUT https://7f0ef8badf50482b9b0d93ef141e14ec.us-central1.gcp.cloud.es.io:443/metro_station/_doc/jules-joffrin [status:200 duration:0.234s]
[2024-06-06T15:06:59.324+0000] {_transport.py:336} INFO - PUT https://7f0ef8badf50482b9b0d93ef141e14ec.us-central1.gcp.cloud.es.io:443/metro_station/_doc/front-populaire [status:200 duration:0.237s]
[2024-06-06T15:06:59.490+0000] {_transport.py:336} INFO - PUT https://7f0ef8badf50482b9b0d93ef141e14ec.us-central1.gcp.cloud.es.io:443/metro_station/_doc/assemblee-nationale [status:200 duration:0.162s]
[2024-06-06T15:06:59.660+0000] {_transport.py:336} INFO - PUT https://7f0ef8badf50482b9b0d93ef141e14ec.us-central1.gcp.cloud.es.io:443/metro_station/_doc/notre-dame-de-lorette [status:200 duration:0.168s]
[2024-06-06T15:06:59.839+0000] {_transport.py:336} INFO - PUT https://7f0ef8badf50482b9b0d93ef141e14ec.us-central1.gcp.cloud.es.io:443/metro_station/_doc/abbesses [status:200 duration:0.174s]
[2024-06-06T15:07:00.016+0000] {_transport.py:336} INFO - PUT https://7f0ef8badf50482b9b0d93ef141e14ec.us-central1.gcp.cloud.es.io:443/metro_station/_doc/porte-de-la-chapelle [status:200 duration:0.169s]
[2024-06-06T15:07:00.207+0000] {_transport.py:336} INFO - PUT https://7f0ef8badf50482b9b0d93ef141e14ec.us-central1.gcp.cloud.es.io:443/metro_station/_doc/corentin-celton [status:200 duration:0.187s]
[2024-06-06T15:07:00.357+0000] {_transport.py:336} INFO - PUT https://7f0ef8badf50482b9b0d93ef141e14ec.us-central1.gcp.cloud.es.io:443/metro_station/_doc/lamarck-caulaincourt [status:200 duration:0.146s]
[2024-06-06T15:07:00.519+0000] {_transport.py:336} INFO - PUT https://7f0ef8badf50482b9b0d93ef141e14ec.us-central1.gcp.cloud.es.io:443/metro_station/_doc/volontaires [status:200 duration:0.160s]
[2024-06-06T15:07:00.928+0000] {_transport.py:336} INFO - PUT https://7f0ef8badf50482b9b0d93ef141e14ec.us-central1.gcp.cloud.es.io:443/metro_station/_doc/solferino [status:200 duration:0.407s]
[2024-06-06T15:07:01.202+0000] {_transport.py:336} INFO - PUT https://7f0ef8badf50482b9b0d93ef141e14ec.us-central1.gcp.cloud.es.io:443/metro_station/_doc/rennes [status:200 duration:0.267s]
[2024-06-06T15:07:01.361+0000] {_transport.py:336} INFO - PUT https://7f0ef8badf50482b9b0d93ef141e14ec.us-central1.gcp.cloud.es.io:443/metro_station/_doc/porte-de-versailles [status:200 duration:0.153s]
[2024-06-06T15:07:01.518+0000] {_transport.py:336} INFO - PUT https://7f0ef8badf50482b9b0d93ef141e14ec.us-central1.gcp.cloud.es.io:443/metro_station/_doc/saint-georges [status:200 duration:0.152s]
[2024-06-06T15:07:01.690+0000] {_transport.py:336} INFO - PUT https://7f0ef8badf50482b9b0d93ef141e14ec.us-central1.gcp.cloud.es.io:443/metro_station/_doc/notre-dame-des-champs [status:200 duration:0.168s]
[2024-06-06T15:07:01.862+0000] {_transport.py:336} INFO - PUT https://7f0ef8badf50482b9b0d93ef141e14ec.us-central1.gcp.cloud.es.io:443/metro_station/_doc/mairie-d-issy [status:200 duration:0.166s]
[2024-06-06T15:07:02.029+0000] {_transport.py:336} INFO - PUT https://7f0ef8badf50482b9b0d93ef141e14ec.us-central1.gcp.cloud.es.io:443/metro_station/_doc/aime-cesaire [status:200 duration:0.162s]
[2024-06-06T15:07:02.216+0000] {_transport.py:336} INFO - PUT https://7f0ef8badf50482b9b0d93ef141e14ec.us-central1.gcp.cloud.es.io:443/metro_station/_doc/trinite-d-estienne-d-orves [status:200 duration:0.180s]
[2024-06-06T15:07:02.410+0000] {_transport.py:336} INFO - PUT https://7f0ef8badf50482b9b0d93ef141e14ec.us-central1.gcp.cloud.es.io:443/metro_station/_doc/mairie-d-aubervilliers [status:200 duration:0.188s]
[2024-06-06T15:07:02.576+0000] {_transport.py:336} INFO - PUT https://7f0ef8badf50482b9b0d93ef141e14ec.us-central1.gcp.cloud.es.io:443/metro_station/_doc/vaugirard [status:200 duration:0.160s]
[2024-06-06T15:07:02.756+0000] {_transport.py:336} INFO - PUT https://7f0ef8badf50482b9b0d93ef141e14ec.us-central1.gcp.cloud.es.io:443/metro_station/_doc/val-d-europe [status:200 duration:0.176s]
[2024-06-06T15:07:02.915+0000] {_transport.py:336} INFO - PUT https://7f0ef8badf50482b9b0d93ef141e14ec.us-central1.gcp.cloud.es.io:443/metro_station/_doc/le-parc-de-saint-maur [status:200 duration:0.151s]
[2024-06-06T15:07:03.074+0000] {_transport.py:336} INFO - PUT https://7f0ef8badf50482b9b0d93ef141e14ec.us-central1.gcp.cloud.es.io:443/metro_station/_doc/poissy [status:200 duration:0.154s]
[2024-06-06T15:07:03.342+0000] {_transport.py:336} INFO - PUT https://7f0ef8badf50482b9b0d93ef141e14ec.us-central1.gcp.cloud.es.io:443/metro_station/_doc/champigny [status:200 duration:0.260s]
[2024-06-06T15:07:03.526+0000] {_transport.py:336} INFO - PUT https://7f0ef8badf50482b9b0d93ef141e14ec.us-central1.gcp.cloud.es.io:443/metro_station/_doc/boissy-saint-leger [status:200 duration:0.177s]
[2024-06-06T15:07:03.681+0000] {_transport.py:336} INFO - PUT https://7f0ef8badf50482b9b0d93ef141e14ec.us-central1.gcp.cloud.es.io:443/metro_station/_doc/houilles-carrieres-sur-seine [status:200 duration:0.153s]
[2024-06-06T15:07:03.851+0000] {_transport.py:336} INFO - PUT https://7f0ef8badf50482b9b0d93ef141e14ec.us-central1.gcp.cloud.es.io:443/metro_station/_doc/cergy-prefecture [status:200 duration:0.169s]
[2024-06-06T15:07:04.028+0000] {_transport.py:336} INFO - PUT https://7f0ef8badf50482b9b0d93ef141e14ec.us-central1.gcp.cloud.es.io:443/metro_station/_doc/noisy-champs [status:200 duration:0.173s]
[2024-06-06T15:07:04.189+0000] {_transport.py:336} INFO - PUT https://7f0ef8badf50482b9b0d93ef141e14ec.us-central1.gcp.cloud.es.io:443/metro_station/_doc/auber [status:200 duration:0.158s]
[2024-06-06T15:07:04.383+0000] {_transport.py:336} INFO - PUT https://7f0ef8badf50482b9b0d93ef141e14ec.us-central1.gcp.cloud.es.io:443/metro_station/_doc/chatou-croissy [status:200 duration:0.185s]
[2024-06-06T15:07:04.554+0000] {_transport.py:336} INFO - PUT https://7f0ef8badf50482b9b0d93ef141e14ec.us-central1.gcp.cloud.es.io:443/metro_station/_doc/rueil-malmaison [status:200 duration:0.163s]
[2024-06-06T15:07:04.726+0000] {_transport.py:336} INFO - PUT https://7f0ef8badf50482b9b0d93ef141e14ec.us-central1.gcp.cloud.es.io:443/metro_station/_doc/acheres-ville [status:200 duration:0.163s]
[2024-06-06T15:07:04.950+0000] {_transport.py:336} INFO - PUT https://7f0ef8badf50482b9b0d93ef141e14ec.us-central1.gcp.cloud.es.io:443/metro_station/_doc/cergy-saint-christophe [status:200 duration:0.219s]
[2024-06-06T15:07:05.225+0000] {_transport.py:336} INFO - PUT https://7f0ef8badf50482b9b0d93ef141e14ec.us-central1.gcp.cloud.es.io:443/metro_station/_doc/bry-sur-marne [status:200 duration:0.265s]
[2024-06-06T15:07:05.415+0000] {_transport.py:336} INFO - PUT https://7f0ef8badf50482b9b0d93ef141e14ec.us-central1.gcp.cloud.es.io:443/metro_station/_doc/lognes [status:200 duration:0.184s]
[2024-06-06T15:07:05.595+0000] {_transport.py:336} INFO - PUT https://7f0ef8badf50482b9b0d93ef141e14ec.us-central1.gcp.cloud.es.io:443/metro_station/_doc/sucy-bonneuil [status:200 duration:0.178s]
[2024-06-06T15:07:05.821+0000] {_transport.py:336} INFO - PUT https://7f0ef8badf50482b9b0d93ef141e14ec.us-central1.gcp.cloud.es.io:443/metro_station/_doc/nanterre-universite [status:200 duration:0.224s]
[2024-06-06T15:07:06.032+0000] {_transport.py:336} INFO - PUT https://7f0ef8badf50482b9b0d93ef141e14ec.us-central1.gcp.cloud.es.io:443/metro_station/_doc/le-vesinet-centre [status:200 duration:0.205s]
[2024-06-06T15:07:06.276+0000] {_transport.py:336} INFO - PUT https://7f0ef8badf50482b9b0d93ef141e14ec.us-central1.gcp.cloud.es.io:443/metro_station/_doc/conflans-fin-d-oise [status:200 duration:0.237s]
[2024-06-06T15:07:06.543+0000] {_transport.py:336} INFO - PUT https://7f0ef8badf50482b9b0d93ef141e14ec.us-central1.gcp.cloud.es.io:443/metro_station/_doc/le-vesinet-le-pecq [status:200 duration:0.263s]
[2024-06-06T15:07:06.747+0000] {_transport.py:336} INFO - PUT https://7f0ef8badf50482b9b0d93ef141e14ec.us-central1.gcp.cloud.es.io:443/metro_station/_doc/maisons-laffitte [status:200 duration:0.202s]
[2024-06-06T15:07:06.976+0000] {_transport.py:336} INFO - PUT https://7f0ef8badf50482b9b0d93ef141e14ec.us-central1.gcp.cloud.es.io:443/metro_station/_doc/la-varenne-chennevieres [status:200 duration:0.221s]
[2024-06-06T15:07:07.210+0000] {_transport.py:336} INFO - PUT https://7f0ef8badf50482b9b0d93ef141e14ec.us-central1.gcp.cloud.es.io:443/metro_station/_doc/saint-germain-en-laye [status:200 duration:0.225s]
[2024-06-06T15:07:07.581+0000] {_transport.py:336} INFO - PUT https://7f0ef8badf50482b9b0d93ef141e14ec.us-central1.gcp.cloud.es.io:443/metro_station/_doc/joinville-le-pont [status:200 duration:0.363s]
[2024-06-06T15:07:07.919+0000] {_transport.py:336} INFO - PUT https://7f0ef8badf50482b9b0d93ef141e14ec.us-central1.gcp.cloud.es.io:443/metro_station/_doc/val-de-fontenay [status:200 duration:0.334s]
[2024-06-06T15:07:08.075+0000] {_transport.py:336} INFO - PUT https://7f0ef8badf50482b9b0d93ef141e14ec.us-central1.gcp.cloud.es.io:443/metro_station/_doc/noisy-le-grand-mont-d-est [status:200 duration:0.154s]
[2024-06-06T15:07:08.433+0000] {_transport.py:336} INFO - PUT https://7f0ef8badf50482b9b0d93ef141e14ec.us-central1.gcp.cloud.es.io:443/metro_station/_doc/acheres-grand-cormier [status:200 duration:0.356s]
[2024-06-06T15:07:08.671+0000] {_transport.py:336} INFO - PUT https://7f0ef8badf50482b9b0d93ef141e14ec.us-central1.gcp.cloud.es.io:443/metro_station/_doc/neuilly-plaisance [status:200 duration:0.228s]
[2024-06-06T15:07:08.935+0000] {_transport.py:336} INFO - PUT https://7f0ef8badf50482b9b0d93ef141e14ec.us-central1.gcp.cloud.es.io:443/metro_station/_doc/noisiel [status:200 duration:0.260s]
[2024-06-06T15:07:09.331+0000] {_transport.py:336} INFO - PUT https://7f0ef8badf50482b9b0d93ef141e14ec.us-central1.gcp.cloud.es.io:443/metro_station/_doc/bussy-saint-georges [status:200 duration:0.390s]
[2024-06-06T15:07:09.626+0000] {_transport.py:336} INFO - PUT https://7f0ef8badf50482b9b0d93ef141e14ec.us-central1.gcp.cloud.es.io:443/metro_station/_doc/torcy [status:200 duration:0.292s]
[2024-06-06T15:07:09.795+0000] {_transport.py:336} INFO - PUT https://7f0ef8badf50482b9b0d93ef141e14ec.us-central1.gcp.cloud.es.io:443/metro_station/_doc/saint-maur-creteil [status:200 duration:0.163s]
[2024-06-06T15:07:10.041+0000] {_transport.py:336} INFO - PUT https://7f0ef8badf50482b9b0d93ef141e14ec.us-central1.gcp.cloud.es.io:443/metro_station/_doc/fontenay-sous-bois [status:200 duration:0.239s]
[2024-06-06T15:07:10.375+0000] {_transport.py:336} INFO - PUT https://7f0ef8badf50482b9b0d93ef141e14ec.us-central1.gcp.cloud.es.io:443/metro_station/_doc/nanterre-prefecture [status:200 duration:0.325s]
[2024-06-06T15:07:10.592+0000] {_transport.py:336} INFO - PUT https://7f0ef8badf50482b9b0d93ef141e14ec.us-central1.gcp.cloud.es.io:443/metro_station/_doc/vincennes [status:200 duration:0.213s]
[2024-06-06T15:07:10.860+0000] {_transport.py:336} INFO - PUT https://7f0ef8badf50482b9b0d93ef141e14ec.us-central1.gcp.cloud.es.io:443/metro_station/_doc/nogent-sur-marne [status:200 duration:0.261s]
[2024-06-06T15:07:11.089+0000] {_transport.py:336} INFO - PUT https://7f0ef8badf50482b9b0d93ef141e14ec.us-central1.gcp.cloud.es.io:443/metro_station/_doc/sartrouville [status:200 duration:0.221s]
[2024-06-06T15:07:11.318+0000] {_transport.py:336} INFO - PUT https://7f0ef8badf50482b9b0d93ef141e14ec.us-central1.gcp.cloud.es.io:443/metro_station/_doc/cergy-le-haut [status:200 duration:0.221s]
[2024-06-06T15:07:11.478+0000] {_transport.py:336} INFO - PUT https://7f0ef8badf50482b9b0d93ef141e14ec.us-central1.gcp.cloud.es.io:443/metro_station/_doc/nanterre-ville [status:200 duration:0.158s]
[2024-06-06T15:07:11.714+0000] {_transport.py:336} INFO - PUT https://7f0ef8badf50482b9b0d93ef141e14ec.us-central1.gcp.cloud.es.io:443/metro_station/_doc/neuville-universite [status:200 duration:0.233s]
[2024-06-06T15:07:11.902+0000] {_transport.py:336} INFO - PUT https://7f0ef8badf50482b9b0d93ef141e14ec.us-central1.gcp.cloud.es.io:443/metro_station/_doc/aeroport-roissy-charles-de-gaulle-2-tgv [status:200 duration:0.182s]
[2024-06-06T15:07:12.215+0000] {_transport.py:336} INFO - PUT https://7f0ef8badf50482b9b0d93ef141e14ec.us-central1.gcp.cloud.es.io:443/metro_station/_doc/palaiseau-villebon [status:200 duration:0.309s]
[2024-06-06T15:07:12.384+0000] {_transport.py:336} INFO - PUT https://7f0ef8badf50482b9b0d93ef141e14ec.us-central1.gcp.cloud.es.io:443/metro_station/_doc/bagneux [status:200 duration:0.161s]
[2024-06-06T15:07:12.623+0000] {_transport.py:336} INFO - PUT https://7f0ef8badf50482b9b0d93ef141e14ec.us-central1.gcp.cloud.es.io:443/metro_station/_doc/vert-galant [status:200 duration:0.236s]
[2024-06-06T15:07:12.850+0000] {_transport.py:336} INFO - PUT https://7f0ef8badf50482b9b0d93ef141e14ec.us-central1.gcp.cloud.es.io:443/metro_station/_doc/la-courneuve-aubervilliers [status:200 duration:0.223s]
[2024-06-06T15:07:13.020+0000] {_transport.py:336} INFO - PUT https://7f0ef8badf50482b9b0d93ef141e14ec.us-central1.gcp.cloud.es.io:443/metro_station/_doc/aulnay-sous-bois [status:200 duration:0.169s]
[2024-06-06T15:07:13.175+0000] {_transport.py:336} INFO - PUT https://7f0ef8badf50482b9b0d93ef141e14ec.us-central1.gcp.cloud.es.io:443/metro_station/_doc/robinson [status:200 duration:0.153s]
[2024-06-06T15:07:13.343+0000] {_transport.py:336} INFO - PUT https://7f0ef8badf50482b9b0d93ef141e14ec.us-central1.gcp.cloud.es.io:443/metro_station/_doc/la-croix-de-berny [status:200 duration:0.166s]
[2024-06-06T15:07:13.538+0000] {_transport.py:336} INFO - PUT https://7f0ef8badf50482b9b0d93ef141e14ec.us-central1.gcp.cloud.es.io:443/metro_station/_doc/fontenay-aux-roses [status:200 duration:0.193s]
[2024-06-06T15:07:13.696+0000] {_transport.py:336} INFO - PUT https://7f0ef8badf50482b9b0d93ef141e14ec.us-central1.gcp.cloud.es.io:443/metro_station/_doc/drancy [status:200 duration:0.154s]
[2024-06-06T15:07:13.851+0000] {_transport.py:336} INFO - PUT https://7f0ef8badf50482b9b0d93ef141e14ec.us-central1.gcp.cloud.es.io:443/metro_station/_doc/massy-palaiseau [status:200 duration:0.154s]
[2024-06-06T15:07:14.024+0000] {_transport.py:336} INFO - PUT https://7f0ef8badf50482b9b0d93ef141e14ec.us-central1.gcp.cloud.es.io:443/metro_station/_doc/le-bourget [status:200 duration:0.168s]
[2024-06-06T15:07:14.190+0000] {_transport.py:336} INFO - PUT https://7f0ef8badf50482b9b0d93ef141e14ec.us-central1.gcp.cloud.es.io:443/metro_station/_doc/lozere [status:200 duration:0.159s]
[2024-06-06T15:07:14.357+0000] {_transport.py:336} INFO - PUT https://7f0ef8badf50482b9b0d93ef141e14ec.us-central1.gcp.cloud.es.io:443/metro_station/_doc/sevran-beaudottes [status:200 duration:0.160s]
[2024-06-06T15:07:14.550+0000] {_transport.py:336} INFO - PUT https://7f0ef8badf50482b9b0d93ef141e14ec.us-central1.gcp.cloud.es.io:443/metro_station/_doc/parc-des-expositions [status:200 duration:0.186s]
[2024-06-06T15:07:14.713+0000] {_transport.py:336} INFO - PUT https://7f0ef8badf50482b9b0d93ef141e14ec.us-central1.gcp.cloud.es.io:443/metro_station/_doc/cite-universitaire [status:200 duration:0.155s]
[2024-06-06T15:07:14.880+0000] {_transport.py:336} INFO - PUT https://7f0ef8badf50482b9b0d93ef141e14ec.us-central1.gcp.cloud.es.io:443/metro_station/_doc/laplace [status:200 duration:0.161s]
[2024-06-06T15:07:15.071+0000] {_transport.py:336} INFO - PUT https://7f0ef8badf50482b9b0d93ef141e14ec.us-central1.gcp.cloud.es.io:443/metro_station/_doc/aeroport-roissy-charles-de-gaulle-1 [status:200 duration:0.183s]
[2024-06-06T15:07:15.233+0000] {_transport.py:336} INFO - PUT https://7f0ef8badf50482b9b0d93ef141e14ec.us-central1.gcp.cloud.es.io:443/metro_station/_doc/sevran-livry [status:200 duration:0.158s]
[2024-06-06T15:07:15.406+0000] {_transport.py:336} INFO - PUT https://7f0ef8badf50482b9b0d93ef141e14ec.us-central1.gcp.cloud.es.io:443/metro_station/_doc/saint-remy-les-chevreuse [status:200 duration:0.171s]
[2024-06-06T15:07:15.578+0000] {_transport.py:336} INFO - PUT https://7f0ef8badf50482b9b0d93ef141e14ec.us-central1.gcp.cloud.es.io:443/metro_station/_doc/parc-de-sceaux [status:200 duration:0.168s]
[2024-06-06T15:07:15.750+0000] {_transport.py:336} INFO - PUT https://7f0ef8badf50482b9b0d93ef141e14ec.us-central1.gcp.cloud.es.io:443/metro_station/_doc/antony [status:200 duration:0.165s]
[2024-06-06T15:07:15.930+0000] {_transport.py:336} INFO - PUT https://7f0ef8badf50482b9b0d93ef141e14ec.us-central1.gcp.cloud.es.io:443/metro_station/_doc/bourg-la-reine [status:200 duration:0.172s]
[2024-06-06T15:07:16.111+0000] {_transport.py:336} INFO - PUT https://7f0ef8badf50482b9b0d93ef141e14ec.us-central1.gcp.cloud.es.io:443/metro_station/_doc/massy-verrieres [status:200 duration:0.174s]
[2024-06-06T15:07:16.292+0000] {_transport.py:336} INFO - PUT https://7f0ef8badf50482b9b0d93ef141e14ec.us-central1.gcp.cloud.es.io:443/metro_station/_doc/gif-sur-yvette [status:200 duration:0.173s]
[2024-06-06T15:07:16.452+0000] {_transport.py:336} INFO - PUT https://7f0ef8badf50482b9b0d93ef141e14ec.us-central1.gcp.cloud.es.io:443/metro_station/_doc/palaiseau [status:200 duration:0.154s]
[2024-06-06T15:07:16.723+0000] {_transport.py:336} INFO - PUT https://7f0ef8badf50482b9b0d93ef141e14ec.us-central1.gcp.cloud.es.io:443/metro_station/_doc/la-hacquiniere [status:200 duration:0.261s]
[2024-06-06T15:07:16.914+0000] {_transport.py:336} INFO - PUT https://7f0ef8badf50482b9b0d93ef141e14ec.us-central1.gcp.cloud.es.io:443/metro_station/_doc/la-plaine-stade-de-france [status:200 duration:0.188s]
[2024-06-06T15:07:17.086+0000] {_transport.py:336} INFO - PUT https://7f0ef8badf50482b9b0d93ef141e14ec.us-central1.gcp.cloud.es.io:443/metro_station/_doc/sceaux [status:200 duration:0.165s]
[2024-06-06T15:07:17.259+0000] {_transport.py:336} INFO - PUT https://7f0ef8badf50482b9b0d93ef141e14ec.us-central1.gcp.cloud.es.io:443/metro_station/_doc/bures-sur-yvette [status:200 duration:0.166s]
[2024-06-06T15:07:17.422+0000] {_transport.py:336} INFO - PUT https://7f0ef8badf50482b9b0d93ef141e14ec.us-central1.gcp.cloud.es.io:443/metro_station/_doc/villepinte [status:200 duration:0.155s]
[2024-06-06T15:07:17.604+0000] {_transport.py:336} INFO - PUT https://7f0ef8badf50482b9b0d93ef141e14ec.us-central1.gcp.cloud.es.io:443/metro_station/_doc/arcueil-cachan [status:200 duration:0.175s]
[2024-06-06T15:07:17.903+0000] {_transport.py:336} INFO - PUT https://7f0ef8badf50482b9b0d93ef141e14ec.us-central1.gcp.cloud.es.io:443/metro_station/_doc/mitry-claye [status:200 duration:0.294s]
[2024-06-06T15:07:18.118+0000] {_transport.py:336} INFO - PUT https://7f0ef8badf50482b9b0d93ef141e14ec.us-central1.gcp.cloud.es.io:443/metro_station/_doc/fontaine-michalon [status:200 duration:0.213s]
[2024-06-06T15:07:18.277+0000] {_transport.py:336} INFO - PUT https://7f0ef8badf50482b9b0d93ef141e14ec.us-central1.gcp.cloud.es.io:443/metro_station/_doc/le-blanc-mesnil [status:200 duration:0.157s]
[2024-06-06T15:07:18.474+0000] {_transport.py:336} INFO - PUT https://7f0ef8badf50482b9b0d93ef141e14ec.us-central1.gcp.cloud.es.io:443/metro_station/_doc/gentilly [status:200 duration:0.190s]
[2024-06-06T15:07:18.726+0000] {_transport.py:336} INFO - PUT https://7f0ef8badf50482b9b0d93ef141e14ec.us-central1.gcp.cloud.es.io:443/metro_station/_doc/les-baconnets [status:200 duration:0.245s]
[2024-06-06T15:07:18.981+0000] {_transport.py:336} INFO - PUT https://7f0ef8badf50482b9b0d93ef141e14ec.us-central1.gcp.cloud.es.io:443/metro_station/_doc/luxembourg [status:200 duration:0.247s]
[2024-06-06T15:07:19.247+0000] {_transport.py:336} INFO - PUT https://7f0ef8badf50482b9b0d93ef141e14ec.us-central1.gcp.cloud.es.io:443/metro_station/_doc/villeparisis-mitry-le-neuf [status:200 duration:0.260s]
[2024-06-06T15:07:19.442+0000] {_transport.py:336} INFO - PUT https://7f0ef8badf50482b9b0d93ef141e14ec.us-central1.gcp.cloud.es.io:443/metro_station/_doc/orsay-ville [status:200 duration:0.188s]
[2024-06-06T15:07:19.705+0000] {_transport.py:336} INFO - PUT https://7f0ef8badf50482b9b0d93ef141e14ec.us-central1.gcp.cloud.es.io:443/metro_station/_doc/port-royal [status:200 duration:0.260s]
[2024-06-06T15:07:20.006+0000] {_transport.py:336} INFO - PUT https://7f0ef8badf50482b9b0d93ef141e14ec.us-central1.gcp.cloud.es.io:443/metro_station/_doc/courcelle-sur-yvette [status:200 duration:0.292s]
[2024-06-06T15:07:20.008+0000] {logging_mixin.py:151} INFO - New data inserted successfully.
[2024-06-06T15:07:20.010+0000] {python.py:194} INFO - Done. Returned value was: None
[2024-06-06T15:07:20.028+0000] {taskinstance.py:1398} INFO - Marking task as SUCCESS. dag_id=my_python_dag, task_id=elastic_metro_station, execution_date=20240606T150400, start_date=20240606T150401, end_date=20240606T150720
[2024-06-06T15:07:20.069+0000] {local_task_job_runner.py:228} INFO - Task exited with return code 0
[2024-06-06T15:07:20.084+0000] {taskinstance.py:2776} INFO - 0 downstream tasks scheduled from follow-on schedule check
