[2024-06-06T14:48:05.980+0000] {taskinstance.py:1157} INFO - Dependencies all met for dep_context=non-requeueable deps ti=<TaskInstance: my_python_dag.elastic_metro_station manual__2024-06-06T14:03:15.782700+00:00 [queued]>
[2024-06-06T14:48:05.988+0000] {taskinstance.py:1157} INFO - Dependencies all met for dep_context=requeueable deps ti=<TaskInstance: my_python_dag.elastic_metro_station manual__2024-06-06T14:03:15.782700+00:00 [queued]>
[2024-06-06T14:48:05.988+0000] {taskinstance.py:1359} INFO - Starting attempt 1 of 2
[2024-06-06T14:48:06.149+0000] {taskinstance.py:1380} INFO - Executing <Task(PythonOperator): elastic_metro_station> on 2024-06-06 14:03:15.782700+00:00
[2024-06-06T14:48:06.152+0000] {standard_task_runner.py:57} INFO - Started process 2442 to run task
[2024-06-06T14:48:06.154+0000] {standard_task_runner.py:84} INFO - Running: ['***', 'tasks', 'run', 'my_python_dag', 'elastic_metro_station', 'manual__2024-06-06T14:03:15.782700+00:00', '--job-id', '197', '--raw', '--subdir', 'DAGS_FOLDER/fetch_from_data_sources.py', '--cfg-path', '/tmp/tmpcrua00y7']
[2024-06-06T14:48:06.157+0000] {standard_task_runner.py:85} INFO - Job 197: Subtask elastic_metro_station
[2024-06-06T14:48:06.181+0000] {task_command.py:415} INFO - Running <TaskInstance: my_python_dag.elastic_metro_station manual__2024-06-06T14:03:15.782700+00:00 [running]> on host 9e4bf1cd7746
[2024-06-06T14:48:06.215+0000] {taskinstance.py:1660} INFO - Exporting env vars: AIRFLOW_CTX_DAG_OWNER='***' AIRFLOW_CTX_DAG_ID='my_python_dag' AIRFLOW_CTX_TASK_ID='elastic_metro_station' AIRFLOW_CTX_EXECUTION_DATE='2024-06-06T14:03:15.782700+00:00' AIRFLOW_CTX_TRY_NUMBER='1' AIRFLOW_CTX_DAG_RUN_ID='manual__2024-06-06T14:03:15.782700+00:00'
[2024-06-06T14:48:06.216+0000] {logging_mixin.py:151} INFO - Hello
[2024-06-06T14:49:20.400+0000] {_transport.py:336} INFO - PUT https://7f0ef8badf50482b9b0d93ef141e14ec.us-central1.gcp.cloud.es.io:443/metro_station/_doc/concorde [status:200 duration:0.435s]
[2024-06-06T14:49:20.554+0000] {_transport.py:336} INFO - PUT https://7f0ef8badf50482b9b0d93ef141e14ec.us-central1.gcp.cloud.es.io:443/metro_station/_doc/les-sablons [status:200 duration:0.150s]
[2024-06-06T14:49:20.699+0000] {_transport.py:336} INFO - PUT https://7f0ef8badf50482b9b0d93ef141e14ec.us-central1.gcp.cloud.es.io:443/metro_station/_doc/rambuteau [status:200 duration:0.142s]
[2024-06-06T14:49:20.843+0000] {_transport.py:336} INFO - PUT https://7f0ef8badf50482b9b0d93ef141e14ec.us-central1.gcp.cloud.es.io:443/metro_station/_doc/hotel-de-ville [status:200 duration:0.140s]
[2024-06-06T14:49:21.003+0000] {_transport.py:336} INFO - PUT https://7f0ef8badf50482b9b0d93ef141e14ec.us-central1.gcp.cloud.es.io:443/metro_station/_doc/anvers [status:200 duration:0.158s]
[2024-06-06T14:49:21.153+0000] {_transport.py:336} INFO - PUT https://7f0ef8badf50482b9b0d93ef141e14ec.us-central1.gcp.cloud.es.io:443/metro_station/_doc/chatelet-les-halles [status:200 duration:0.147s]
[2024-06-06T14:49:21.329+0000] {_transport.py:336} INFO - PUT https://7f0ef8badf50482b9b0d93ef141e14ec.us-central1.gcp.cloud.es.io:443/metro_station/_doc/nation [status:200 duration:0.170s]
[2024-06-06T14:49:21.484+0000] {_transport.py:336} INFO - PUT https://7f0ef8badf50482b9b0d93ef141e14ec.us-central1.gcp.cloud.es.io:443/metro_station/_doc/argentine [status:200 duration:0.150s]
[2024-06-06T14:49:21.647+0000] {_transport.py:336} INFO - PUT https://7f0ef8badf50482b9b0d93ef141e14ec.us-central1.gcp.cloud.es.io:443/metro_station/_doc/bibliotheque-francois-mitterrand [status:200 duration:0.158s]
[2024-06-06T14:49:21.804+0000] {_transport.py:336} INFO - PUT https://7f0ef8badf50482b9b0d93ef141e14ec.us-central1.gcp.cloud.es.io:443/metro_station/_doc/gare-du-nord [status:200 duration:0.155s]
[2024-06-06T14:49:21.957+0000] {_transport.py:336} INFO - PUT https://7f0ef8badf50482b9b0d93ef141e14ec.us-central1.gcp.cloud.es.io:443/metro_station/_doc/champs-elysees-clemenceau [status:200 duration:0.149s]
[2024-06-06T14:49:22.115+0000] {_transport.py:336} INFO - PUT https://7f0ef8badf50482b9b0d93ef141e14ec.us-central1.gcp.cloud.es.io:443/metro_station/_doc/bastille [status:200 duration:0.156s]
[2024-06-06T14:49:22.260+0000] {_transport.py:336} INFO - PUT https://7f0ef8badf50482b9b0d93ef141e14ec.us-central1.gcp.cloud.es.io:443/metro_station/_doc/gare-d-austerlitz [status:200 duration:0.141s]
[2024-06-06T14:49:22.424+0000] {_transport.py:336} INFO - PUT https://7f0ef8badf50482b9b0d93ef141e14ec.us-central1.gcp.cloud.es.io:443/metro_station/_doc/saint-mande [status:200 duration:0.161s]
[2024-06-06T14:49:22.576+0000] {_transport.py:336} INFO - PUT https://7f0ef8badf50482b9b0d93ef141e14ec.us-central1.gcp.cloud.es.io:443/metro_station/_doc/la-defense [status:200 duration:0.150s]
[2024-06-06T14:49:22.733+0000] {_transport.py:336} INFO - PUT https://7f0ef8badf50482b9b0d93ef141e14ec.us-central1.gcp.cloud.es.io:443/metro_station/_doc/tuileries [status:200 duration:0.153s]
[2024-06-06T14:49:22.895+0000] {_transport.py:336} INFO - PUT https://7f0ef8badf50482b9b0d93ef141e14ec.us-central1.gcp.cloud.es.io:443/metro_station/_doc/pont-de-neuilly [status:200 duration:0.158s]
[2024-06-06T14:49:23.062+0000] {_transport.py:336} INFO - PUT https://7f0ef8badf50482b9b0d93ef141e14ec.us-central1.gcp.cloud.es.io:443/metro_station/_doc/gare-de-l-est [status:200 duration:0.161s]
[2024-06-06T14:49:23.216+0000] {_transport.py:336} INFO - PUT https://7f0ef8badf50482b9b0d93ef141e14ec.us-central1.gcp.cloud.es.io:443/metro_station/_doc/montparnasse-bienvenue [status:200 duration:0.149s]
[2024-06-06T14:49:23.384+0000] {_transport.py:336} INFO - PUT https://7f0ef8badf50482b9b0d93ef141e14ec.us-central1.gcp.cloud.es.io:443/metro_station/_doc/porte-de-la-villette [status:200 duration:0.163s]
[2024-06-06T14:49:23.531+0000] {_transport.py:336} INFO - PUT https://7f0ef8badf50482b9b0d93ef141e14ec.us-central1.gcp.cloud.es.io:443/metro_station/_doc/porte-maillot [status:200 duration:0.145s]
[2024-06-06T14:49:23.707+0000] {_transport.py:336} INFO - PUT https://7f0ef8badf50482b9b0d93ef141e14ec.us-central1.gcp.cloud.es.io:443/metro_station/_doc/franklin-roosevelt [status:200 duration:0.173s]
[2024-06-06T14:49:23.856+0000] {_transport.py:336} INFO - PUT https://7f0ef8badf50482b9b0d93ef141e14ec.us-central1.gcp.cloud.es.io:443/metro_station/_doc/reuilly-diderot [status:200 duration:0.146s]
[2024-06-06T14:49:24.002+0000] {_transport.py:336} INFO - PUT https://7f0ef8badf50482b9b0d93ef141e14ec.us-central1.gcp.cloud.es.io:443/metro_station/_doc/berault [status:200 duration:0.144s]
[2024-06-06T14:49:24.161+0000] {_transport.py:336} INFO - PUT https://7f0ef8badf50482b9b0d93ef141e14ec.us-central1.gcp.cloud.es.io:443/metro_station/_doc/marne-la-vallee-chessy [status:200 duration:0.156s]
[2024-06-06T14:49:24.324+0000] {_transport.py:336} INFO - PUT https://7f0ef8badf50482b9b0d93ef141e14ec.us-central1.gcp.cloud.es.io:443/metro_station/_doc/opera [status:200 duration:0.162s]
[2024-06-06T14:49:24.474+0000] {_transport.py:336} INFO - PUT https://7f0ef8badf50482b9b0d93ef141e14ec.us-central1.gcp.cloud.es.io:443/metro_station/_doc/gare-de-lyon [status:200 duration:0.147s]
[2024-06-06T14:49:24.628+0000] {_transport.py:336} INFO - PUT https://7f0ef8badf50482b9b0d93ef141e14ec.us-central1.gcp.cloud.es.io:443/metro_station/_doc/porte-de-vincennes [status:200 duration:0.150s]
[2024-06-06T14:49:24.774+0000] {_transport.py:336} INFO - PUT https://7f0ef8badf50482b9b0d93ef141e14ec.us-central1.gcp.cloud.es.io:443/metro_station/_doc/louvre-rivoli [status:200 duration:0.140s]
[2024-06-06T14:49:24.941+0000] {_transport.py:336} INFO - PUT https://7f0ef8badf50482b9b0d93ef141e14ec.us-central1.gcp.cloud.es.io:443/metro_station/_doc/bir-hakeim [status:200 duration:0.164s]
[2024-06-06T14:49:25.117+0000] {_transport.py:336} INFO - PUT https://7f0ef8badf50482b9b0d93ef141e14ec.us-central1.gcp.cloud.es.io:443/metro_station/_doc/charles-de-gaulle-etoile [status:200 duration:0.173s]
[2024-06-06T14:49:25.281+0000] {_transport.py:336} INFO - PUT https://7f0ef8badf50482b9b0d93ef141e14ec.us-central1.gcp.cloud.es.io:443/metro_station/_doc/palais-royal-musee-du-louvre [status:200 duration:0.162s]
[2024-06-06T14:49:25.448+0000] {_transport.py:336} INFO - PUT https://7f0ef8badf50482b9b0d93ef141e14ec.us-central1.gcp.cloud.es.io:443/metro_station/_doc/george-v [status:200 duration:0.160s]
[2024-06-06T14:49:25.628+0000] {_transport.py:336} INFO - PUT https://7f0ef8badf50482b9b0d93ef141e14ec.us-central1.gcp.cloud.es.io:443/metro_station/_doc/republique [status:200 duration:0.171s]
[2024-06-06T14:49:25.823+0000] {_transport.py:336} INFO - PUT https://7f0ef8badf50482b9b0d93ef141e14ec.us-central1.gcp.cloud.es.io:443/metro_station/_doc/chatelet [status:200 duration:0.178s]
[2024-06-06T14:49:25.974+0000] {_transport.py:336} INFO - PUT https://7f0ef8badf50482b9b0d93ef141e14ec.us-central1.gcp.cloud.es.io:443/metro_station/_doc/saint-lazare [status:200 duration:0.145s]
[2024-06-06T14:49:26.130+0000] {_transport.py:336} INFO - PUT https://7f0ef8badf50482b9b0d93ef141e14ec.us-central1.gcp.cloud.es.io:443/metro_station/_doc/chateau-de-vincennes [status:200 duration:0.155s]
[2024-06-06T14:49:26.372+0000] {_transport.py:336} INFO - PUT https://7f0ef8badf50482b9b0d93ef141e14ec.us-central1.gcp.cloud.es.io:443/metro_station/_doc/esplanade-de-la-defense [status:200 duration:0.236s]
[2024-06-06T14:49:26.767+0000] {_transport.py:336} INFO - PUT https://7f0ef8badf50482b9b0d93ef141e14ec.us-central1.gcp.cloud.es.io:443/metro_station/_doc/saint-michel-notre-dame [status:200 duration:0.386s]
[2024-06-06T14:49:27.040+0000] {_transport.py:336} INFO - PUT https://7f0ef8badf50482b9b0d93ef141e14ec.us-central1.gcp.cloud.es.io:443/metro_station/_doc/saint-paul [status:200 duration:0.260s]
[2024-06-06T14:49:27.239+0000] {_transport.py:336} INFO - PUT https://7f0ef8badf50482b9b0d93ef141e14ec.us-central1.gcp.cloud.es.io:443/metro_station/_doc/bercy [status:200 duration:0.196s]
[2024-06-06T14:49:27.402+0000] {_transport.py:336} INFO - PUT https://7f0ef8badf50482b9b0d93ef141e14ec.us-central1.gcp.cloud.es.io:443/metro_station/_doc/colonel-fabien [status:200 duration:0.151s]
[2024-06-06T14:49:27.564+0000] {_transport.py:336} INFO - PUT https://7f0ef8badf50482b9b0d93ef141e14ec.us-central1.gcp.cloud.es.io:443/metro_station/_doc/courcelles [status:200 duration:0.160s]
[2024-06-06T14:49:27.721+0000] {_transport.py:336} INFO - PUT https://7f0ef8badf50482b9b0d93ef141e14ec.us-central1.gcp.cloud.es.io:443/metro_station/_doc/rome [status:200 duration:0.156s]
[2024-06-06T14:49:27.884+0000] {_transport.py:336} INFO - PUT https://7f0ef8badf50482b9b0d93ef141e14ec.us-central1.gcp.cloud.es.io:443/metro_station/_doc/jaures [status:200 duration:0.160s]
[2024-06-06T14:49:28.049+0000] {_transport.py:336} INFO - PUT https://7f0ef8badf50482b9b0d93ef141e14ec.us-central1.gcp.cloud.es.io:443/metro_station/_doc/pigalle [status:200 duration:0.159s]
[2024-06-06T14:49:28.196+0000] {_transport.py:336} INFO - PUT https://7f0ef8badf50482b9b0d93ef141e14ec.us-central1.gcp.cloud.es.io:443/metro_station/_doc/alexandre-dumas [status:200 duration:0.142s]
[2024-06-06T14:49:28.344+0000] {_transport.py:336} INFO - PUT https://7f0ef8badf50482b9b0d93ef141e14ec.us-central1.gcp.cloud.es.io:443/metro_station/_doc/pere-lachaise [status:200 duration:0.144s]
[2024-06-06T14:49:28.511+0000] {_transport.py:336} INFO - PUT https://7f0ef8badf50482b9b0d93ef141e14ec.us-central1.gcp.cloud.es.io:443/metro_station/_doc/place-de-clichy [status:200 duration:0.158s]
[2024-06-06T14:49:28.681+0000] {_transport.py:336} INFO - PUT https://7f0ef8badf50482b9b0d93ef141e14ec.us-central1.gcp.cloud.es.io:443/metro_station/_doc/belleville [status:200 duration:0.168s]
[2024-06-06T14:49:28.873+0000] {_transport.py:336} INFO - PUT https://7f0ef8badf50482b9b0d93ef141e14ec.us-central1.gcp.cloud.es.io:443/metro_station/_doc/philippe-auguste [status:200 duration:0.183s]
[2024-06-06T14:49:29.019+0000] {_transport.py:336} INFO - PUT https://7f0ef8badf50482b9b0d93ef141e14ec.us-central1.gcp.cloud.es.io:443/metro_station/_doc/monceau [status:200 duration:0.145s]
[2024-06-06T14:49:29.182+0000] {_transport.py:336} INFO - PUT https://7f0ef8badf50482b9b0d93ef141e14ec.us-central1.gcp.cloud.es.io:443/metro_station/_doc/blanche [status:200 duration:0.157s]
[2024-06-06T14:49:29.518+0000] {_transport.py:336} INFO - PUT https://7f0ef8badf50482b9b0d93ef141e14ec.us-central1.gcp.cloud.es.io:443/metro_station/_doc/victor-hugo [status:200 duration:0.323s]
[2024-06-06T14:49:29.680+0000] {_transport.py:336} INFO - PUT https://7f0ef8badf50482b9b0d93ef141e14ec.us-central1.gcp.cloud.es.io:443/metro_station/_doc/barbes-rochechouart [status:200 duration:0.152s]
[2024-06-06T14:49:29.836+0000] {_transport.py:336} INFO - PUT https://7f0ef8badf50482b9b0d93ef141e14ec.us-central1.gcp.cloud.es.io:443/metro_station/_doc/couronnes [status:200 duration:0.151s]
[2024-06-06T14:49:30.012+0000] {_transport.py:336} INFO - PUT https://7f0ef8badf50482b9b0d93ef141e14ec.us-central1.gcp.cloud.es.io:443/metro_station/_doc/avron [status:200 duration:0.166s]
[2024-06-06T14:49:30.173+0000] {_transport.py:336} INFO - PUT https://7f0ef8badf50482b9b0d93ef141e14ec.us-central1.gcp.cloud.es.io:443/metro_station/_doc/stalingrad [status:200 duration:0.158s]
[2024-06-06T14:49:30.352+0000] {_transport.py:336} INFO - PUT https://7f0ef8badf50482b9b0d93ef141e14ec.us-central1.gcp.cloud.es.io:443/metro_station/_doc/villiers [status:200 duration:0.175s]
[2024-06-06T14:49:30.511+0000] {_transport.py:336} INFO - PUT https://7f0ef8badf50482b9b0d93ef141e14ec.us-central1.gcp.cloud.es.io:443/metro_station/_doc/menilmontant [status:200 duration:0.151s]
[2024-06-06T14:49:30.672+0000] {_transport.py:336} INFO - PUT https://7f0ef8badf50482b9b0d93ef141e14ec.us-central1.gcp.cloud.es.io:443/metro_station/_doc/porte-dauphine [status:200 duration:0.154s]
[2024-06-06T14:49:30.921+0000] {_transport.py:336} INFO - PUT https://7f0ef8badf50482b9b0d93ef141e14ec.us-central1.gcp.cloud.es.io:443/metro_station/_doc/ternes [status:200 duration:0.243s]
[2024-06-06T14:49:31.252+0000] {_transport.py:336} INFO - PUT https://7f0ef8badf50482b9b0d93ef141e14ec.us-central1.gcp.cloud.es.io:443/metro_station/_doc/la-chapelle [status:200 duration:0.322s]
[2024-06-06T14:49:31.420+0000] {_transport.py:336} INFO - PUT https://7f0ef8badf50482b9b0d93ef141e14ec.us-central1.gcp.cloud.es.io:443/metro_station/_doc/porte-de-champerret [status:200 duration:0.152s]
[2024-06-06T14:49:31.682+0000] {_transport.py:336} INFO - PUT https://7f0ef8badf50482b9b0d93ef141e14ec.us-central1.gcp.cloud.es.io:443/metro_station/_doc/europe [status:200 duration:0.256s]
[2024-06-06T14:49:31.897+0000] {_transport.py:336} INFO - PUT https://7f0ef8badf50482b9b0d93ef141e14ec.us-central1.gcp.cloud.es.io:443/metro_station/_doc/wagram [status:200 duration:0.205s]
[2024-06-06T14:49:32.057+0000] {_transport.py:336} INFO - PUT https://7f0ef8badf50482b9b0d93ef141e14ec.us-central1.gcp.cloud.es.io:443/metro_station/_doc/gambetta [status:200 duration:0.155s]
[2024-06-06T14:49:32.225+0000] {_transport.py:336} INFO - PUT https://7f0ef8badf50482b9b0d93ef141e14ec.us-central1.gcp.cloud.es.io:443/metro_station/_doc/anatole-france [status:200 duration:0.164s]
[2024-06-06T14:49:32.374+0000] {_transport.py:336} INFO - PUT https://7f0ef8badf50482b9b0d93ef141e14ec.us-central1.gcp.cloud.es.io:443/metro_station/_doc/quatre-septembre [status:200 duration:0.144s]
[2024-06-06T14:49:32.552+0000] {_transport.py:336} INFO - PUT https://7f0ef8badf50482b9b0d93ef141e14ec.us-central1.gcp.cloud.es.io:443/metro_station/_doc/temple [status:200 duration:0.176s]
[2024-06-06T14:49:32.773+0000] {_transport.py:336} INFO - PUT https://7f0ef8badf50482b9b0d93ef141e14ec.us-central1.gcp.cloud.es.io:443/metro_station/_doc/malesherbes [status:200 duration:0.213s]
[2024-06-06T14:49:32.932+0000] {_transport.py:336} INFO - PUT https://7f0ef8badf50482b9b0d93ef141e14ec.us-central1.gcp.cloud.es.io:443/metro_station/_doc/pont-de-levallois-becon [status:200 duration:0.150s]
[2024-06-06T14:49:33.155+0000] {_transport.py:336} INFO - PUT https://7f0ef8badf50482b9b0d93ef141e14ec.us-central1.gcp.cloud.es.io:443/metro_station/_doc/louise-michel [status:200 duration:0.218s]
[2024-06-06T14:49:33.316+0000] {_transport.py:336} INFO - PUT https://7f0ef8badf50482b9b0d93ef141e14ec.us-central1.gcp.cloud.es.io:443/metro_station/_doc/arts-et-metiers [status:200 duration:0.151s]
[2024-06-06T14:49:33.543+0000] {_transport.py:336} INFO - PUT https://7f0ef8badf50482b9b0d93ef141e14ec.us-central1.gcp.cloud.es.io:443/metro_station/_doc/havre-caumartin [status:200 duration:0.217s]
[2024-06-06T14:49:33.791+0000] {_transport.py:336} INFO - PUT https://7f0ef8badf50482b9b0d93ef141e14ec.us-central1.gcp.cloud.es.io:443/metro_station/_doc/rue-saint-maur [status:200 duration:0.238s]
[2024-06-06T14:49:33.962+0000] {_transport.py:336} INFO - PUT https://7f0ef8badf50482b9b0d93ef141e14ec.us-central1.gcp.cloud.es.io:443/metro_station/_doc/parmentier [status:200 duration:0.158s]
[2024-06-06T14:49:34.125+0000] {_transport.py:336} INFO - PUT https://7f0ef8badf50482b9b0d93ef141e14ec.us-central1.gcp.cloud.es.io:443/metro_station/_doc/porte-de-bagnolet [status:200 duration:0.162s]
[2024-06-06T14:49:34.356+0000] {_transport.py:336} INFO - PUT https://7f0ef8badf50482b9b0d93ef141e14ec.us-central1.gcp.cloud.es.io:443/metro_station/_doc/pereire [status:200 duration:0.227s]
[2024-06-06T14:49:34.561+0000] {_transport.py:336} INFO - PUT https://7f0ef8badf50482b9b0d93ef141e14ec.us-central1.gcp.cloud.es.io:443/metro_station/_doc/bourse [status:200 duration:0.190s]
[2024-06-06T14:49:34.768+0000] {_transport.py:336} INFO - PUT https://7f0ef8badf50482b9b0d93ef141e14ec.us-central1.gcp.cloud.es.io:443/metro_station/_doc/sentier [status:200 duration:0.201s]
[2024-06-06T14:49:34.956+0000] {_transport.py:336} INFO - PUT https://7f0ef8badf50482b9b0d93ef141e14ec.us-central1.gcp.cloud.es.io:443/metro_station/_doc/reaumur-sebastopol [status:200 duration:0.174s]
[2024-06-06T14:49:35.109+0000] {_transport.py:336} INFO - PUT https://7f0ef8badf50482b9b0d93ef141e14ec.us-central1.gcp.cloud.es.io:443/metro_station/_doc/gallieni [status:200 duration:0.151s]
[2024-06-06T14:49:35.253+0000] {_transport.py:336} INFO - PUT https://7f0ef8badf50482b9b0d93ef141e14ec.us-central1.gcp.cloud.es.io:443/metro_station/_doc/porte-d-orleans [status:200 duration:0.142s]
[2024-06-06T14:49:35.414+0000] {_transport.py:336} INFO - PUT https://7f0ef8badf50482b9b0d93ef141e14ec.us-central1.gcp.cloud.es.io:443/metro_station/_doc/porte-de-clignancourt [status:200 duration:0.157s]
[2024-06-06T14:49:35.567+0000] {_transport.py:336} INFO - PUT https://7f0ef8badf50482b9b0d93ef141e14ec.us-central1.gcp.cloud.es.io:443/metro_station/_doc/simplon [status:200 duration:0.146s]
[2024-06-06T14:49:35.799+0000] {_transport.py:336} INFO - PUT https://7f0ef8badf50482b9b0d93ef141e14ec.us-central1.gcp.cloud.es.io:443/metro_station/_doc/cite [status:200 duration:0.227s]
[2024-06-06T14:49:36.054+0000] {_transport.py:336} INFO - PUT https://7f0ef8badf50482b9b0d93ef141e14ec.us-central1.gcp.cloud.es.io:443/metro_station/_doc/marcadet-poissonniers [status:200 duration:0.250s]
[2024-06-06T14:49:36.210+0000] {_transport.py:336} INFO - PUT https://7f0ef8badf50482b9b0d93ef141e14ec.us-central1.gcp.cloud.es.io:443/metro_station/_doc/saint-germain-des-pres [status:200 duration:0.152s]
[2024-06-06T14:49:36.465+0000] {_transport.py:336} INFO - PUT https://7f0ef8badf50482b9b0d93ef141e14ec.us-central1.gcp.cloud.es.io:443/metro_station/_doc/bagneux-lucie-aubrac [status:200 duration:0.246s]
[2024-06-06T14:49:36.633+0000] {_transport.py:336} INFO - PUT https://7f0ef8badf50482b9b0d93ef141e14ec.us-central1.gcp.cloud.es.io:443/metro_station/_doc/saint-michel [status:200 duration:0.158s]
[2024-06-06T14:49:36.850+0000] {_transport.py:336} INFO - PUT https://7f0ef8badf50482b9b0d93ef141e14ec.us-central1.gcp.cloud.es.io:443/metro_station/_doc/chateau-rouge [status:200 duration:0.210s]
[2024-06-06T14:49:37.002+0000] {_transport.py:336} INFO - PUT https://7f0ef8badf50482b9b0d93ef141e14ec.us-central1.gcp.cloud.es.io:443/metro_station/_doc/mouton-duvernet [status:200 duration:0.148s]
[2024-06-06T14:49:37.150+0000] {_transport.py:336} INFO - PUT https://7f0ef8badf50482b9b0d93ef141e14ec.us-central1.gcp.cloud.es.io:443/metro_station/_doc/vavin [status:200 duration:0.144s]
[2024-06-06T14:49:37.307+0000] {_transport.py:336} INFO - PUT https://7f0ef8badf50482b9b0d93ef141e14ec.us-central1.gcp.cloud.es.io:443/metro_station/_doc/raspail [status:200 duration:0.150s]
[2024-06-06T14:49:37.449+0000] {_transport.py:336} INFO - PUT https://7f0ef8badf50482b9b0d93ef141e14ec.us-central1.gcp.cloud.es.io:443/metro_station/_doc/alesia [status:200 duration:0.140s]
[2024-06-06T14:49:37.662+0000] {_transport.py:336} INFO - PUT https://7f0ef8badf50482b9b0d93ef141e14ec.us-central1.gcp.cloud.es.io:443/metro_station/_doc/mairie-de-montrouge [status:200 duration:0.212s]
[2024-06-06T14:49:37.911+0000] {_transport.py:336} INFO - PUT https://7f0ef8badf50482b9b0d93ef141e14ec.us-central1.gcp.cloud.es.io:443/metro_station/_doc/barbara [status:200 duration:0.246s]
[2024-06-06T14:49:38.129+0000] {_transport.py:336} INFO - PUT https://7f0ef8badf50482b9b0d93ef141e14ec.us-central1.gcp.cloud.es.io:443/metro_station/_doc/denfert-rochereau [status:200 duration:0.210s]
[2024-06-06T14:49:38.280+0000] {_transport.py:336} INFO - PUT https://7f0ef8badf50482b9b0d93ef141e14ec.us-central1.gcp.cloud.es.io:443/metro_station/_doc/les-halles [status:200 duration:0.147s]
[2024-06-06T14:49:38.432+0000] {_transport.py:336} INFO - PUT https://7f0ef8badf50482b9b0d93ef141e14ec.us-central1.gcp.cloud.es.io:443/metro_station/_doc/chateau-d-eau [status:200 duration:0.145s]
[2024-06-06T14:49:38.670+0000] {_transport.py:336} INFO - PUT https://7f0ef8badf50482b9b0d93ef141e14ec.us-central1.gcp.cloud.es.io:443/metro_station/_doc/strasbourg-saint-denis [status:200 duration:0.228s]
[2024-06-06T14:49:38.951+0000] {_transport.py:336} INFO - PUT https://7f0ef8badf50482b9b0d93ef141e14ec.us-central1.gcp.cloud.es.io:443/metro_station/_doc/saint-placide [status:200 duration:0.274s]
[2024-06-06T14:49:39.114+0000] {_transport.py:336} INFO - PUT https://7f0ef8badf50482b9b0d93ef141e14ec.us-central1.gcp.cloud.es.io:443/metro_station/_doc/saint-sulpice [status:200 duration:0.161s]
[2024-06-06T14:49:39.270+0000] {_transport.py:336} INFO - PUT https://7f0ef8badf50482b9b0d93ef141e14ec.us-central1.gcp.cloud.es.io:443/metro_station/_doc/etienne-marcel [status:200 duration:0.155s]
[2024-06-06T14:49:39.410+0000] {_transport.py:336} INFO - PUT https://7f0ef8badf50482b9b0d93ef141e14ec.us-central1.gcp.cloud.es.io:443/metro_station/_doc/odeon [status:200 duration:0.137s]
[2024-06-06T14:49:39.562+0000] {_transport.py:336} INFO - PUT https://7f0ef8badf50482b9b0d93ef141e14ec.us-central1.gcp.cloud.es.io:443/metro_station/_doc/bobigny-pantin-raymond-queneau [status:200 duration:0.146s]
[2024-06-06T14:49:39.729+0000] {_transport.py:336} INFO - PUT https://7f0ef8badf50482b9b0d93ef141e14ec.us-central1.gcp.cloud.es.io:443/metro_station/_doc/bobigny-pablo-picasso [status:200 duration:0.157s]
[2024-06-06T14:49:39.879+0000] {_transport.py:336} INFO - PUT https://7f0ef8badf50482b9b0d93ef141e14ec.us-central1.gcp.cloud.es.io:443/metro_station/_doc/hoche [status:200 duration:0.141s]
[2024-06-06T14:49:40.067+0000] {_transport.py:336} INFO - PUT https://7f0ef8badf50482b9b0d93ef141e14ec.us-central1.gcp.cloud.es.io:443/metro_station/_doc/ourcq [status:200 duration:0.178s]
[2024-06-06T14:49:40.215+0000] {_transport.py:336} INFO - PUT https://7f0ef8badf50482b9b0d93ef141e14ec.us-central1.gcp.cloud.es.io:443/metro_station/_doc/quai-de-la-rapee [status:200 duration:0.146s]
[2024-06-06T14:49:40.375+0000] {_transport.py:336} INFO - PUT https://7f0ef8badf50482b9b0d93ef141e14ec.us-central1.gcp.cloud.es.io:443/metro_station/_doc/oberkampf [status:200 duration:0.156s]
[2024-06-06T14:49:40.525+0000] {_transport.py:336} INFO - PUT https://7f0ef8badf50482b9b0d93ef141e14ec.us-central1.gcp.cloud.es.io:443/metro_station/_doc/laumiere [status:200 duration:0.143s]
[2024-06-06T14:49:40.678+0000] {_transport.py:336} INFO - PUT https://7f0ef8badf50482b9b0d93ef141e14ec.us-central1.gcp.cloud.es.io:443/metro_station/_doc/jacques-bonsergent [status:200 duration:0.143s]
[2024-06-06T14:49:40.832+0000] {_transport.py:336} INFO - PUT https://7f0ef8badf50482b9b0d93ef141e14ec.us-central1.gcp.cloud.es.io:443/metro_station/_doc/place-d-italie [status:200 duration:0.147s]
[2024-06-06T14:49:40.993+0000] {_transport.py:336} INFO - PUT https://7f0ef8badf50482b9b0d93ef141e14ec.us-central1.gcp.cloud.es.io:443/metro_station/_doc/porte-de-pantin [status:200 duration:0.150s]
[2024-06-06T14:49:41.147+0000] {_transport.py:336} INFO - PUT https://7f0ef8badf50482b9b0d93ef141e14ec.us-central1.gcp.cloud.es.io:443/metro_station/_doc/campo-formio [status:200 duration:0.145s]
[2024-06-06T14:49:41.294+0000] {_transport.py:336} INFO - PUT https://7f0ef8badf50482b9b0d93ef141e14ec.us-central1.gcp.cloud.es.io:443/metro_station/_doc/saint-marcel [status:200 duration:0.144s]
[2024-06-06T14:49:41.453+0000] {_transport.py:336} INFO - PUT https://7f0ef8badf50482b9b0d93ef141e14ec.us-central1.gcp.cloud.es.io:443/metro_station/_doc/richard-lenoir [status:200 duration:0.149s]
[2024-06-06T14:49:41.613+0000] {_transport.py:336} INFO - PUT https://7f0ef8badf50482b9b0d93ef141e14ec.us-central1.gcp.cloud.es.io:443/metro_station/_doc/breguet-sabin [status:200 duration:0.151s]
[2024-06-06T14:49:41.780+0000] {_transport.py:336} INFO - PUT https://7f0ef8badf50482b9b0d93ef141e14ec.us-central1.gcp.cloud.es.io:443/metro_station/_doc/eglise-de-pantin [status:200 duration:0.158s]
[2024-06-06T14:49:41.927+0000] {_transport.py:336} INFO - PUT https://7f0ef8badf50482b9b0d93ef141e14ec.us-central1.gcp.cloud.es.io:443/metro_station/_doc/kleber [status:200 duration:0.144s]
[2024-06-06T14:49:42.071+0000] {_transport.py:336} INFO - PUT https://7f0ef8badf50482b9b0d93ef141e14ec.us-central1.gcp.cloud.es.io:443/metro_station/_doc/trocadero [status:200 duration:0.138s]
[2024-06-06T14:49:42.218+0000] {_transport.py:336} INFO - PUT https://7f0ef8badf50482b9b0d93ef141e14ec.us-central1.gcp.cloud.es.io:443/metro_station/_doc/dugommier [status:200 duration:0.144s]
[2024-06-06T14:49:42.370+0000] {_transport.py:336} INFO - PUT https://7f0ef8badf50482b9b0d93ef141e14ec.us-central1.gcp.cloud.es.io:443/metro_station/_doc/la-motte-picquet-grenelle [status:200 duration:0.150s]
[2024-06-06T14:49:42.511+0000] {_transport.py:336} INFO - PUT https://7f0ef8badf50482b9b0d93ef141e14ec.us-central1.gcp.cloud.es.io:443/metro_station/_doc/nationale [status:200 duration:0.136s]
[2024-06-06T14:49:42.650+0000] {_transport.py:336} INFO - PUT https://7f0ef8badf50482b9b0d93ef141e14ec.us-central1.gcp.cloud.es.io:443/metro_station/_doc/daumesnil [status:200 duration:0.135s]
[2024-06-06T14:49:42.803+0000] {_transport.py:336} INFO - PUT https://7f0ef8badf50482b9b0d93ef141e14ec.us-central1.gcp.cloud.es.io:443/metro_station/_doc/saint-jacques [status:200 duration:0.150s]
[2024-06-06T14:49:42.952+0000] {_transport.py:336} INFO - PUT https://7f0ef8badf50482b9b0d93ef141e14ec.us-central1.gcp.cloud.es.io:443/metro_station/_doc/sevres-lecourbe [status:200 duration:0.144s]
[2024-06-06T14:49:43.190+0000] {_transport.py:336} INFO - PUT https://7f0ef8badf50482b9b0d93ef141e14ec.us-central1.gcp.cloud.es.io:443/metro_station/_doc/passy [status:200 duration:0.232s]
[2024-06-06T14:49:43.449+0000] {_transport.py:336} INFO - PUT https://7f0ef8badf50482b9b0d93ef141e14ec.us-central1.gcp.cloud.es.io:443/metro_station/_doc/quai-de-la-gare [status:200 duration:0.247s]
[2024-06-06T14:49:43.670+0000] {_transport.py:336} INFO - PUT https://7f0ef8badf50482b9b0d93ef141e14ec.us-central1.gcp.cloud.es.io:443/metro_station/_doc/corvisart [status:200 duration:0.214s]
[2024-06-06T14:49:43.825+0000] {_transport.py:336} INFO - PUT https://7f0ef8badf50482b9b0d93ef141e14ec.us-central1.gcp.cloud.es.io:443/metro_station/_doc/chevaleret [status:200 duration:0.142s]
[2024-06-06T14:49:43.983+0000] {_transport.py:336} INFO - PUT https://7f0ef8badf50482b9b0d93ef141e14ec.us-central1.gcp.cloud.es.io:443/metro_station/_doc/edgar-quinet [status:200 duration:0.154s]
[2024-06-06T14:49:44.142+0000] {_transport.py:336} INFO - PUT https://7f0ef8badf50482b9b0d93ef141e14ec.us-central1.gcp.cloud.es.io:443/metro_station/_doc/boissiere [status:200 duration:0.154s]
[2024-06-06T14:49:44.286+0000] {_transport.py:336} INFO - PUT https://7f0ef8badf50482b9b0d93ef141e14ec.us-central1.gcp.cloud.es.io:443/metro_station/_doc/dupleix [status:200 duration:0.142s]
[2024-06-06T14:49:44.435+0000] {_transport.py:336} INFO - PUT https://7f0ef8badf50482b9b0d93ef141e14ec.us-central1.gcp.cloud.es.io:443/metro_station/_doc/cambronne [status:200 duration:0.144s]
[2024-06-06T14:49:44.598+0000] {_transport.py:336} INFO - PUT https://7f0ef8badf50482b9b0d93ef141e14ec.us-central1.gcp.cloud.es.io:443/metro_station/_doc/picpus [status:200 duration:0.156s]
[2024-06-06T14:49:44.760+0000] {_transport.py:336} INFO - PUT https://7f0ef8badf50482b9b0d93ef141e14ec.us-central1.gcp.cloud.es.io:443/metro_station/_doc/pasteur [status:200 duration:0.155s]
[2024-06-06T14:49:44.914+0000] {_transport.py:336} INFO - PUT https://7f0ef8badf50482b9b0d93ef141e14ec.us-central1.gcp.cloud.es.io:443/metro_station/_doc/glaciere [status:200 duration:0.146s]
[2024-06-06T14:49:45.056+0000] {_transport.py:336} INFO - PUT https://7f0ef8badf50482b9b0d93ef141e14ec.us-central1.gcp.cloud.es.io:443/metro_station/_doc/bel-air [status:200 duration:0.138s]
[2024-06-06T14:49:45.211+0000] {_transport.py:336} INFO - PUT https://7f0ef8badf50482b9b0d93ef141e14ec.us-central1.gcp.cloud.es.io:443/metro_station/_doc/cadet [status:200 duration:0.153s]
[2024-06-06T14:49:45.361+0000] {_transport.py:336} INFO - PUT https://7f0ef8badf50482b9b0d93ef141e14ec.us-central1.gcp.cloud.es.io:443/metro_station/_doc/chateau-landon [status:200 duration:0.148s]
[2024-06-06T14:49:45.528+0000] {_transport.py:336} INFO - PUT https://7f0ef8badf50482b9b0d93ef141e14ec.us-central1.gcp.cloud.es.io:443/metro_station/_doc/fort-d-aubervilliers [status:200 duration:0.164s]
[2024-06-06T14:49:45.686+0000] {_transport.py:336} INFO - PUT https://7f0ef8badf50482b9b0d93ef141e14ec.us-central1.gcp.cloud.es.io:443/metro_station/_doc/villejuif-paul-vaillant-couturier [status:200 duration:0.148s]
[2024-06-06T14:49:45.847+0000] {_transport.py:336} INFO - PUT https://7f0ef8badf50482b9b0d93ef141e14ec.us-central1.gcp.cloud.es.io:443/metro_station/_doc/porte-de-choisy [status:200 duration:0.152s]
[2024-06-06T14:49:46.008+0000] {_transport.py:336} INFO - PUT https://7f0ef8badf50482b9b0d93ef141e14ec.us-central1.gcp.cloud.es.io:443/metro_station/_doc/louis-blanc [status:200 duration:0.152s]
[2024-06-06T14:49:46.159+0000] {_transport.py:336} INFO - PUT https://7f0ef8badf50482b9b0d93ef141e14ec.us-central1.gcp.cloud.es.io:443/metro_station/_doc/villejuif-louis-aragon [status:200 duration:0.143s]
[2024-06-06T14:49:46.320+0000] {_transport.py:336} INFO - PUT https://7f0ef8badf50482b9b0d93ef141e14ec.us-central1.gcp.cloud.es.io:443/metro_station/_doc/pont-marie [status:200 duration:0.159s]
[2024-06-06T14:49:46.472+0000] {_transport.py:336} INFO - PUT https://7f0ef8badf50482b9b0d93ef141e14ec.us-central1.gcp.cloud.es.io:443/metro_station/_doc/porte-d-ivry [status:200 duration:0.142s]
[2024-06-06T14:49:46.613+0000] {_transport.py:336} INFO - PUT https://7f0ef8badf50482b9b0d93ef141e14ec.us-central1.gcp.cloud.es.io:443/metro_station/_doc/pierre-et-marie-curie [status:200 duration:0.138s]
[2024-06-06T14:49:46.765+0000] {_transport.py:336} INFO - PUT https://7f0ef8badf50482b9b0d93ef141e14ec.us-central1.gcp.cloud.es.io:443/metro_station/_doc/crimee [status:200 duration:0.146s]
[2024-06-06T14:49:46.951+0000] {_transport.py:336} INFO - PUT https://7f0ef8badf50482b9b0d93ef141e14ec.us-central1.gcp.cloud.es.io:443/metro_station/_doc/la-courneuve-8-mai-1945 [status:200 duration:0.182s]
[2024-06-06T14:49:47.114+0000] {_transport.py:336} INFO - PUT https://7f0ef8badf50482b9b0d93ef141e14ec.us-central1.gcp.cloud.es.io:443/metro_station/_doc/maison-blanche [status:200 duration:0.157s]
[2024-06-06T14:49:47.269+0000] {_transport.py:336} INFO - PUT https://7f0ef8badf50482b9b0d93ef141e14ec.us-central1.gcp.cloud.es.io:443/metro_station/_doc/pyramides [status:200 duration:0.148s]
[2024-06-06T14:49:47.411+0000] {_transport.py:336} INFO - PUT https://7f0ef8badf50482b9b0d93ef141e14ec.us-central1.gcp.cloud.es.io:443/metro_station/_doc/poissonniere [status:200 duration:0.140s]
[2024-06-06T14:49:47.562+0000] {_transport.py:336} INFO - PUT https://7f0ef8badf50482b9b0d93ef141e14ec.us-central1.gcp.cloud.es.io:443/metro_station/_doc/place-monge [status:200 duration:0.148s]
[2024-06-06T14:49:47.719+0000] {_transport.py:336} INFO - PUT https://7f0ef8badf50482b9b0d93ef141e14ec.us-central1.gcp.cloud.es.io:443/metro_station/_doc/sully-morland [status:200 duration:0.155s]
[2024-06-06T14:49:47.879+0000] {_transport.py:336} INFO - PUT https://7f0ef8badf50482b9b0d93ef141e14ec.us-central1.gcp.cloud.es.io:443/metro_station/_doc/tolbiac [status:200 duration:0.157s]
[2024-06-06T14:49:48.030+0000] {_transport.py:336} INFO - PUT https://7f0ef8badf50482b9b0d93ef141e14ec.us-central1.gcp.cloud.es.io:443/metro_station/_doc/le-peletier [status:200 duration:0.142s]
[2024-06-06T14:49:48.191+0000] {_transport.py:336} INFO - PUT https://7f0ef8badf50482b9b0d93ef141e14ec.us-central1.gcp.cloud.es.io:443/metro_station/_doc/jussieu [status:200 duration:0.156s]
[2024-06-06T14:49:48.351+0000] {_transport.py:336} INFO - PUT https://7f0ef8badf50482b9b0d93ef141e14ec.us-central1.gcp.cloud.es.io:443/metro_station/_doc/les-gobelins [status:200 duration:0.154s]
[2024-06-06T14:49:48.507+0000] {_transport.py:336} INFO - PUT https://7f0ef8badf50482b9b0d93ef141e14ec.us-central1.gcp.cloud.es.io:443/metro_station/_doc/villejuif-leo-lagrange [status:200 duration:0.153s]
[2024-06-06T14:49:48.671+0000] {_transport.py:336} INFO - PUT https://7f0ef8badf50482b9b0d93ef141e14ec.us-central1.gcp.cloud.es.io:443/metro_station/_doc/corentin-cariou [status:200 duration:0.156s]
[2024-06-06T14:49:48.813+0000] {_transport.py:336} INFO - PUT https://7f0ef8badf50482b9b0d93ef141e14ec.us-central1.gcp.cloud.es.io:443/metro_station/_doc/chaussee-d-antin-la-fayette [status:200 duration:0.139s]
[2024-06-06T14:49:48.987+0000] {_transport.py:336} INFO - PUT https://7f0ef8badf50482b9b0d93ef141e14ec.us-central1.gcp.cloud.es.io:443/metro_station/_doc/mairie-d-ivry [status:200 duration:0.165s]
[2024-06-06T14:49:49.139+0000] {_transport.py:336} INFO - PUT https://7f0ef8badf50482b9b0d93ef141e14ec.us-central1.gcp.cloud.es.io:443/metro_station/_doc/riquet [status:200 duration:0.142s]
[2024-06-06T14:49:49.293+0000] {_transport.py:336} INFO - PUT https://7f0ef8badf50482b9b0d93ef141e14ec.us-central1.gcp.cloud.es.io:443/metro_station/_doc/le-kremlin-bicetre [status:200 duration:0.152s]
[2024-06-06T14:49:49.452+0000] {_transport.py:336} INFO - PUT https://7f0ef8badf50482b9b0d93ef141e14ec.us-central1.gcp.cloud.es.io:443/metro_station/_doc/pont-neuf [status:200 duration:0.154s]
[2024-06-06T14:49:49.612+0000] {_transport.py:336} INFO - PUT https://7f0ef8badf50482b9b0d93ef141e14ec.us-central1.gcp.cloud.es.io:443/metro_station/_doc/aubervilliers-pantin-quatre-chemins [status:200 duration:0.151s]
[2024-06-06T14:49:49.777+0000] {_transport.py:336} INFO - PUT https://7f0ef8badf50482b9b0d93ef141e14ec.us-central1.gcp.cloud.es.io:443/metro_station/_doc/porte-d-italie [status:200 duration:0.160s]
[2024-06-06T14:49:49.940+0000] {_transport.py:336} INFO - PUT https://7f0ef8badf50482b9b0d93ef141e14ec.us-central1.gcp.cloud.es.io:443/metro_station/_doc/censier-daubenton [status:200 duration:0.158s]
[2024-06-06T14:49:50.094+0000] {_transport.py:336} INFO - PUT https://7f0ef8badf50482b9b0d93ef141e14ec.us-central1.gcp.cloud.es.io:443/metro_station/_doc/grands-boulevards [status:200 duration:0.148s]
[2024-06-06T14:49:50.244+0000] {_transport.py:336} INFO - PUT https://7f0ef8badf50482b9b0d93ef141e14ec.us-central1.gcp.cloud.es.io:443/metro_station/_doc/commerce [status:200 duration:0.144s]
[2024-06-06T14:49:50.392+0000] {_transport.py:336} INFO - PUT https://7f0ef8badf50482b9b0d93ef141e14ec.us-central1.gcp.cloud.es.io:443/metro_station/_doc/ledru-rollin [status:200 duration:0.145s]
[2024-06-06T14:49:50.537+0000] {_transport.py:336} INFO - PUT https://7f0ef8badf50482b9b0d93ef141e14ec.us-central1.gcp.cloud.es.io:443/metro_station/_doc/montgallet [status:200 duration:0.140s]
[2024-06-06T14:49:50.701+0000] {_transport.py:336} INFO - PUT https://7f0ef8badf50482b9b0d93ef141e14ec.us-central1.gcp.cloud.es.io:443/metro_station/_doc/felix-faure [status:200 duration:0.155s]
[2024-06-06T14:49:50.855+0000] {_transport.py:336} INFO - PUT https://7f0ef8badf50482b9b0d93ef141e14ec.us-central1.gcp.cloud.es.io:443/metro_station/_doc/porte-de-charenton [status:200 duration:0.144s]
[2024-06-06T14:49:51.015+0000] {_transport.py:336} INFO - PUT https://7f0ef8badf50482b9b0d93ef141e14ec.us-central1.gcp.cloud.es.io:443/metro_station/_doc/ecole-militaire [status:200 duration:0.152s]
[2024-06-06T14:49:51.164+0000] {_transport.py:336} INFO - PUT https://7f0ef8badf50482b9b0d93ef141e14ec.us-central1.gcp.cloud.es.io:443/metro_station/_doc/michel-bizot [status:200 duration:0.141s]
[2024-06-06T14:49:51.319+0000] {_transport.py:336} INFO - PUT https://7f0ef8badf50482b9b0d93ef141e14ec.us-central1.gcp.cloud.es.io:443/metro_station/_doc/madeleine [status:200 duration:0.148s]
[2024-06-06T14:49:51.470+0000] {_transport.py:336} INFO - PUT https://7f0ef8badf50482b9b0d93ef141e14ec.us-central1.gcp.cloud.es.io:443/metro_station/_doc/faidherbe-chaligny [status:200 duration:0.147s]
[2024-06-06T14:49:51.616+0000] {_transport.py:336} INFO - PUT https://7f0ef8badf50482b9b0d93ef141e14ec.us-central1.gcp.cloud.es.io:443/metro_station/_doc/lourmel [status:200 duration:0.138s]
[2024-06-06T14:49:51.772+0000] {_transport.py:336} INFO - PUT https://7f0ef8badf50482b9b0d93ef141e14ec.us-central1.gcp.cloud.es.io:443/metro_station/_doc/creteil-l-echat [status:200 duration:0.145s]
[2024-06-06T14:49:51.925+0000] {_transport.py:336} INFO - PUT https://7f0ef8badf50482b9b0d93ef141e14ec.us-central1.gcp.cloud.es.io:443/metro_station/_doc/porte-doree [status:200 duration:0.146s]
[2024-06-06T14:49:52.101+0000] {_transport.py:336} INFO - PUT https://7f0ef8badf50482b9b0d93ef141e14ec.us-central1.gcp.cloud.es.io:443/metro_station/_doc/pointe-du-lac [status:200 duration:0.166s]
[2024-06-06T14:49:52.256+0000] {_transport.py:336} INFO - PUT https://7f0ef8badf50482b9b0d93ef141e14ec.us-central1.gcp.cloud.es.io:443/metro_station/_doc/ecole-veterinaire-de-maisons-alfort [status:200 duration:0.151s]
[2024-06-06T14:49:52.402+0000] {_transport.py:336} INFO - PUT https://7f0ef8badf50482b9b0d93ef141e14ec.us-central1.gcp.cloud.es.io:443/metro_station/_doc/balard [status:200 duration:0.139s]
[2024-06-06T14:49:52.557+0000] {_transport.py:336} INFO - PUT https://7f0ef8badf50482b9b0d93ef141e14ec.us-central1.gcp.cloud.es.io:443/metro_station/_doc/chemin-vert [status:200 duration:0.151s]
[2024-06-06T14:49:52.790+0000] {_transport.py:336} INFO - PUT https://7f0ef8badf50482b9b0d93ef141e14ec.us-central1.gcp.cloud.es.io:443/metro_station/_doc/bonne-nouvelle [status:200 duration:0.232s]
[2024-06-06T14:49:52.951+0000] {_transport.py:336} INFO - PUT https://7f0ef8badf50482b9b0d93ef141e14ec.us-central1.gcp.cloud.es.io:443/metro_station/_doc/filles-du-calvaire [status:200 duration:0.145s]
[2024-06-06T14:49:53.112+0000] {_transport.py:336} INFO - PUT https://7f0ef8badf50482b9b0d93ef141e14ec.us-central1.gcp.cloud.es.io:443/metro_station/_doc/saint-sebastien-froissart [status:200 duration:0.151s]
[2024-06-06T14:49:53.268+0000] {_transport.py:336} INFO - PUT https://7f0ef8badf50482b9b0d93ef141e14ec.us-central1.gcp.cloud.es.io:443/metro_station/_doc/liberte [status:200 duration:0.147s]
[2024-06-06T14:49:53.429+0000] {_transport.py:336} INFO - PUT https://7f0ef8badf50482b9b0d93ef141e14ec.us-central1.gcp.cloud.es.io:443/metro_station/_doc/maisons-alfort-stade [status:200 duration:0.152s]
[2024-06-06T14:49:53.609+0000] {_transport.py:336} INFO - PUT https://7f0ef8badf50482b9b0d93ef141e14ec.us-central1.gcp.cloud.es.io:443/metro_station/_doc/boucicaut [status:200 duration:0.171s]
[2024-06-06T14:49:53.834+0000] {_transport.py:336} INFO - PUT https://7f0ef8badf50482b9b0d93ef141e14ec.us-central1.gcp.cloud.es.io:443/metro_station/_doc/la-tour-maubourg [status:200 duration:0.221s]
[2024-06-06T14:49:54.062+0000] {_transport.py:336} INFO - PUT https://7f0ef8badf50482b9b0d93ef141e14ec.us-central1.gcp.cloud.es.io:443/metro_station/_doc/maisons-alfort-les-juilliottes [status:200 duration:0.219s]
[2024-06-06T14:49:54.224+0000] {_transport.py:336} INFO - PUT https://7f0ef8badf50482b9b0d93ef141e14ec.us-central1.gcp.cloud.es.io:443/metro_station/_doc/charenton-ecoles [status:200 duration:0.149s]
[2024-06-06T14:49:54.377+0000] {_transport.py:336} INFO - PUT https://7f0ef8badf50482b9b0d93ef141e14ec.us-central1.gcp.cloud.es.io:443/metro_station/_doc/creteil-universite [status:200 duration:0.151s]
[2024-06-06T14:49:54.629+0000] {_transport.py:336} INFO - PUT https://7f0ef8badf50482b9b0d93ef141e14ec.us-central1.gcp.cloud.es.io:443/metro_station/_doc/creteil-prefecture [status:200 duration:0.249s]
[2024-06-06T14:49:54.874+0000] {_transport.py:336} INFO - PUT https://7f0ef8badf50482b9b0d93ef141e14ec.us-central1.gcp.cloud.es.io:443/metro_station/_doc/richelieu-drouot [status:200 duration:0.230s]
[2024-06-06T14:49:55.108+0000] {_transport.py:336} INFO - PUT https://7f0ef8badf50482b9b0d93ef141e14ec.us-central1.gcp.cloud.es.io:443/metro_station/_doc/invalides [status:200 duration:0.222s]
[2024-06-06T14:49:55.316+0000] {_transport.py:336} INFO - PUT https://7f0ef8badf50482b9b0d93ef141e14ec.us-central1.gcp.cloud.es.io:443/metro_station/_doc/mairie-de-montreuil [status:200 duration:0.197s]
[2024-06-06T14:49:55.460+0000] {_transport.py:336} INFO - PUT https://7f0ef8badf50482b9b0d93ef141e14ec.us-central1.gcp.cloud.es.io:443/metro_station/_doc/miromesnil [status:200 duration:0.139s]
[2024-06-06T14:49:55.684+0000] {_transport.py:336} INFO - PUT https://7f0ef8badf50482b9b0d93ef141e14ec.us-central1.gcp.cloud.es.io:443/metro_station/_doc/exelmans [status:200 duration:0.217s]
[2024-06-06T14:49:55.941+0000] {_transport.py:336} INFO - PUT https://7f0ef8badf50482b9b0d93ef141e14ec.us-central1.gcp.cloud.es.io:443/metro_station/_doc/saint-philippe-du-roule [status:200 duration:0.246s]
[2024-06-06T14:49:56.183+0000] {_transport.py:336} INFO - PUT https://7f0ef8badf50482b9b0d93ef141e14ec.us-central1.gcp.cloud.es.io:443/metro_station/_doc/michel-ange-molitor [status:200 duration:0.229s]
[2024-06-06T14:49:56.345+0000] {_transport.py:336} INFO - PUT https://7f0ef8badf50482b9b0d93ef141e14ec.us-central1.gcp.cloud.es.io:443/metro_station/_doc/rue-des-boulets [status:200 duration:0.148s]
[2024-06-06T14:49:56.495+0000] {_transport.py:336} INFO - PUT https://7f0ef8badf50482b9b0d93ef141e14ec.us-central1.gcp.cloud.es.io:443/metro_station/_doc/jasmin [status:200 duration:0.148s]
[2024-06-06T14:49:56.766+0000] {_transport.py:336} INFO - PUT https://7f0ef8badf50482b9b0d93ef141e14ec.us-central1.gcp.cloud.es.io:443/metro_station/_doc/croix-de-chavaux [status:200 duration:0.263s]
[2024-06-06T14:49:56.986+0000] {_transport.py:336} INFO - PUT https://7f0ef8badf50482b9b0d93ef141e14ec.us-central1.gcp.cloud.es.io:443/metro_station/_doc/saint-augustin [status:200 duration:0.204s]
[2024-06-06T14:49:57.227+0000] {_transport.py:336} INFO - PUT https://7f0ef8badf50482b9b0d93ef141e14ec.us-central1.gcp.cloud.es.io:443/metro_station/_doc/ranelagh [status:200 duration:0.228s]
[2024-06-06T14:49:57.403+0000] {_transport.py:336} INFO - PUT https://7f0ef8badf50482b9b0d93ef141e14ec.us-central1.gcp.cloud.es.io:443/metro_station/_doc/rue-de-la-pompe [status:200 duration:0.172s]
[2024-06-06T14:49:57.558+0000] {_transport.py:336} INFO - PUT https://7f0ef8badf50482b9b0d93ef141e14ec.us-central1.gcp.cloud.es.io:443/metro_station/_doc/voltaire [status:200 duration:0.154s]
[2024-06-06T14:49:57.713+0000] {_transport.py:336} INFO - PUT https://7f0ef8badf50482b9b0d93ef141e14ec.us-central1.gcp.cloud.es.io:443/metro_station/_doc/maraichers [status:200 duration:0.153s]
[2024-06-06T14:49:57.855+0000] {_transport.py:336} INFO - PUT https://7f0ef8badf50482b9b0d93ef141e14ec.us-central1.gcp.cloud.es.io:443/metro_station/_doc/charonne [status:200 duration:0.141s]
[2024-06-06T14:49:58.012+0000] {_transport.py:336} INFO - PUT https://7f0ef8badf50482b9b0d93ef141e14ec.us-central1.gcp.cloud.es.io:443/metro_station/_doc/robespierre [status:200 duration:0.151s]
[2024-06-06T14:49:58.182+0000] {_transport.py:336} INFO - PUT https://7f0ef8badf50482b9b0d93ef141e14ec.us-central1.gcp.cloud.es.io:443/metro_station/_doc/iena [status:200 duration:0.160s]
[2024-06-06T14:49:58.359+0000] {_transport.py:336} INFO - PUT https://7f0ef8badf50482b9b0d93ef141e14ec.us-central1.gcp.cloud.es.io:443/metro_station/_doc/la-muette [status:200 duration:0.164s]
[2024-06-06T14:49:58.506+0000] {_transport.py:336} INFO - PUT https://7f0ef8badf50482b9b0d93ef141e14ec.us-central1.gcp.cloud.es.io:443/metro_station/_doc/porte-de-montreuil [status:200 duration:0.139s]
[2024-06-06T14:49:58.650+0000] {_transport.py:336} INFO - PUT https://7f0ef8badf50482b9b0d93ef141e14ec.us-central1.gcp.cloud.es.io:443/metro_station/_doc/porte-de-saint-cloud [status:200 duration:0.138s]
[2024-06-06T14:49:58.802+0000] {_transport.py:336} INFO - PUT https://7f0ef8badf50482b9b0d93ef141e14ec.us-central1.gcp.cloud.es.io:443/metro_station/_doc/pont-de-sevres [status:200 duration:0.149s]
[2024-06-06T14:49:58.960+0000] {_transport.py:336} INFO - PUT https://7f0ef8badf50482b9b0d93ef141e14ec.us-central1.gcp.cloud.es.io:443/metro_station/_doc/alma-marceau [status:200 duration:0.154s]
[2024-06-06T14:49:59.121+0000] {_transport.py:336} INFO - PUT https://7f0ef8badf50482b9b0d93ef141e14ec.us-central1.gcp.cloud.es.io:443/metro_station/_doc/buzenval [status:200 duration:0.156s]
[2024-06-06T14:49:59.270+0000] {_transport.py:336} INFO - PUT https://7f0ef8badf50482b9b0d93ef141e14ec.us-central1.gcp.cloud.es.io:443/metro_station/_doc/marcel-sembat [status:200 duration:0.139s]
[2024-06-06T14:49:59.430+0000] {_transport.py:336} INFO - PUT https://7f0ef8badf50482b9b0d93ef141e14ec.us-central1.gcp.cloud.es.io:443/metro_station/_doc/michel-ange-auteuil [status:200 duration:0.156s]
[2024-06-06T14:49:59.584+0000] {_transport.py:336} INFO - PUT https://7f0ef8badf50482b9b0d93ef141e14ec.us-central1.gcp.cloud.es.io:443/metro_station/_doc/billancourt [status:200 duration:0.150s]
[2024-06-06T14:49:59.748+0000] {_transport.py:336} INFO - PUT https://7f0ef8badf50482b9b0d93ef141e14ec.us-central1.gcp.cloud.es.io:443/metro_station/_doc/saint-ambroise [status:200 duration:0.158s]
[2024-06-06T14:49:59.920+0000] {_transport.py:336} INFO - PUT https://7f0ef8badf50482b9b0d93ef141e14ec.us-central1.gcp.cloud.es.io:443/metro_station/_doc/mirabeau [status:200 duration:0.162s]
[2024-06-06T14:50:00.085+0000] {_transport.py:336} INFO - PUT https://7f0ef8badf50482b9b0d93ef141e14ec.us-central1.gcp.cloud.es.io:443/metro_station/_doc/boulogne-pont-de-saint-cloud [status:200 duration:0.155s]
[2024-06-06T14:50:00.233+0000] {_transport.py:336} INFO - PUT https://7f0ef8badf50482b9b0d93ef141e14ec.us-central1.gcp.cloud.es.io:443/metro_station/_doc/charles-michels [status:200 duration:0.144s]
[2024-06-06T14:50:00.392+0000] {_transport.py:336} INFO - PUT https://7f0ef8badf50482b9b0d93ef141e14ec.us-central1.gcp.cloud.es.io:443/metro_station/_doc/cluny-la-sorbonne [status:200 duration:0.153s]
[2024-06-06T14:50:00.533+0000] {_transport.py:336} INFO - PUT https://7f0ef8badf50482b9b0d93ef141e14ec.us-central1.gcp.cloud.es.io:443/metro_station/_doc/chardon-lagache [status:200 duration:0.138s]
[2024-06-06T14:50:00.691+0000] {_transport.py:336} INFO - PUT https://7f0ef8badf50482b9b0d93ef141e14ec.us-central1.gcp.cloud.es.io:443/metro_station/_doc/javel-andre-citroen [status:200 duration:0.148s]
[2024-06-06T14:50:00.857+0000] {_transport.py:336} INFO - PUT https://7f0ef8badf50482b9b0d93ef141e14ec.us-central1.gcp.cloud.es.io:443/metro_station/_doc/cardinal-lemoine [status:200 duration:0.158s]
[2024-06-06T14:50:01.022+0000] {_transport.py:336} INFO - PUT https://7f0ef8badf50482b9b0d93ef141e14ec.us-central1.gcp.cloud.es.io:443/metro_station/_doc/boulogne-jean-jaures [status:200 duration:0.157s]
[2024-06-06T14:50:01.172+0000] {_transport.py:336} INFO - PUT https://7f0ef8badf50482b9b0d93ef141e14ec.us-central1.gcp.cloud.es.io:443/metro_station/_doc/porte-d-auteuil [status:200 duration:0.143s]
[2024-06-06T14:50:01.336+0000] {_transport.py:336} INFO - PUT https://7f0ef8badf50482b9b0d93ef141e14ec.us-central1.gcp.cloud.es.io:443/metro_station/_doc/eglise-d-auteuil [status:200 duration:0.154s]
[2024-06-06T14:50:01.509+0000] {_transport.py:336} INFO - PUT https://7f0ef8badf50482b9b0d93ef141e14ec.us-central1.gcp.cloud.es.io:443/metro_station/_doc/vaneau [status:200 duration:0.163s]
[2024-06-06T14:50:01.660+0000] {_transport.py:336} INFO - PUT https://7f0ef8badf50482b9b0d93ef141e14ec.us-central1.gcp.cloud.es.io:443/metro_station/_doc/avenue-emile-zola [status:200 duration:0.147s]
[2024-06-06T14:50:01.812+0000] {_transport.py:336} INFO - PUT https://7f0ef8badf50482b9b0d93ef141e14ec.us-central1.gcp.cloud.es.io:443/metro_station/_doc/duroc [status:200 duration:0.145s]
[2024-06-06T14:50:01.959+0000] {_transport.py:336} INFO - PUT https://7f0ef8badf50482b9b0d93ef141e14ec.us-central1.gcp.cloud.es.io:443/metro_station/_doc/sevres-babylone [status:200 duration:0.138s]
[2024-06-06T14:50:02.112+0000] {_transport.py:336} INFO - PUT https://7f0ef8badf50482b9b0d93ef141e14ec.us-central1.gcp.cloud.es.io:443/metro_station/_doc/segur [status:200 duration:0.148s]
[2024-06-06T14:50:02.277+0000] {_transport.py:336} INFO - PUT https://7f0ef8badf50482b9b0d93ef141e14ec.us-central1.gcp.cloud.es.io:443/metro_station/_doc/mabillon [status:200 duration:0.160s]
[2024-06-06T14:50:02.433+0000] {_transport.py:336} INFO - PUT https://7f0ef8badf50482b9b0d93ef141e14ec.us-central1.gcp.cloud.es.io:443/metro_station/_doc/maubert-mutualite [status:200 duration:0.151s]
[2024-06-06T14:50:02.581+0000] {_transport.py:336} INFO - PUT https://7f0ef8badf50482b9b0d93ef141e14ec.us-central1.gcp.cloud.es.io:443/metro_station/_doc/jourdain [status:200 duration:0.144s]
[2024-06-06T14:50:02.760+0000] {_transport.py:336} INFO - PUT https://7f0ef8badf50482b9b0d93ef141e14ec.us-central1.gcp.cloud.es.io:443/metro_station/_doc/telegraphe [status:200 duration:0.177s]
[2024-06-06T14:50:02.907+0000] {_transport.py:336} INFO - PUT https://7f0ef8badf50482b9b0d93ef141e14ec.us-central1.gcp.cloud.es.io:443/metro_station/_doc/goncourt [status:200 duration:0.145s]
[2024-06-06T14:50:03.081+0000] {_transport.py:336} INFO - PUT https://7f0ef8badf50482b9b0d93ef141e14ec.us-central1.gcp.cloud.es.io:443/metro_station/_doc/porte-des-lilas [status:200 duration:0.166s]
[2024-06-06T14:50:03.233+0000] {_transport.py:336} INFO - PUT https://7f0ef8badf50482b9b0d93ef141e14ec.us-central1.gcp.cloud.es.io:443/metro_station/_doc/mairie-des-lilas [status:200 duration:0.147s]
[2024-06-06T14:50:03.398+0000] {_transport.py:336} INFO - PUT https://7f0ef8badf50482b9b0d93ef141e14ec.us-central1.gcp.cloud.es.io:443/metro_station/_doc/place-des-fetes [status:200 duration:0.158s]
[2024-06-06T14:50:03.623+0000] {_transport.py:336} INFO - PUT https://7f0ef8badf50482b9b0d93ef141e14ec.us-central1.gcp.cloud.es.io:443/metro_station/_doc/pyrenees [status:200 duration:0.222s]
[2024-06-06T14:50:03.819+0000] {_transport.py:336} INFO - PUT https://7f0ef8badf50482b9b0d93ef141e14ec.us-central1.gcp.cloud.es.io:443/metro_station/_doc/falguiere [status:200 duration:0.194s]
[2024-06-06T14:50:03.975+0000] {_transport.py:336} INFO - PUT https://7f0ef8badf50482b9b0d93ef141e14ec.us-central1.gcp.cloud.es.io:443/metro_station/_doc/convention [status:200 duration:0.153s]
[2024-06-06T14:50:04.194+0000] {_transport.py:336} INFO - PUT https://7f0ef8badf50482b9b0d93ef141e14ec.us-central1.gcp.cloud.es.io:443/metro_station/_doc/marx-dormoy [status:200 duration:0.212s]
[2024-06-06T14:50:04.605+0000] {_transport.py:336} INFO - PUT https://7f0ef8badf50482b9b0d93ef141e14ec.us-central1.gcp.cloud.es.io:443/metro_station/_doc/rue-du-bac [status:200 duration:0.404s]
[2024-06-06T14:50:04.833+0000] {_transport.py:336} INFO - PUT https://7f0ef8badf50482b9b0d93ef141e14ec.us-central1.gcp.cloud.es.io:443/metro_station/_doc/jules-joffrin [status:200 duration:0.226s]
[2024-06-06T14:50:05.057+0000] {_transport.py:336} INFO - PUT https://7f0ef8badf50482b9b0d93ef141e14ec.us-central1.gcp.cloud.es.io:443/metro_station/_doc/front-populaire [status:200 duration:0.218s]
[2024-06-06T14:50:05.280+0000] {_transport.py:336} INFO - PUT https://7f0ef8badf50482b9b0d93ef141e14ec.us-central1.gcp.cloud.es.io:443/metro_station/_doc/assemblee-nationale [status:200 duration:0.217s]
[2024-06-06T14:50:05.494+0000] {_transport.py:336} INFO - PUT https://7f0ef8badf50482b9b0d93ef141e14ec.us-central1.gcp.cloud.es.io:443/metro_station/_doc/notre-dame-de-lorette [status:200 duration:0.210s]
[2024-06-06T14:50:05.765+0000] {_transport.py:336} INFO - PUT https://7f0ef8badf50482b9b0d93ef141e14ec.us-central1.gcp.cloud.es.io:443/metro_station/_doc/abbesses [status:200 duration:0.266s]
[2024-06-06T14:50:06.009+0000] {_transport.py:336} INFO - PUT https://7f0ef8badf50482b9b0d93ef141e14ec.us-central1.gcp.cloud.es.io:443/metro_station/_doc/porte-de-la-chapelle [status:200 duration:0.237s]
[2024-06-06T14:50:06.263+0000] {_transport.py:336} INFO - PUT https://7f0ef8badf50482b9b0d93ef141e14ec.us-central1.gcp.cloud.es.io:443/metro_station/_doc/corentin-celton [status:200 duration:0.247s]
[2024-06-06T14:50:06.469+0000] {_transport.py:336} INFO - PUT https://7f0ef8badf50482b9b0d93ef141e14ec.us-central1.gcp.cloud.es.io:443/metro_station/_doc/lamarck-caulaincourt [status:200 duration:0.202s]
[2024-06-06T14:50:06.633+0000] {_transport.py:336} INFO - PUT https://7f0ef8badf50482b9b0d93ef141e14ec.us-central1.gcp.cloud.es.io:443/metro_station/_doc/volontaires [status:200 duration:0.161s]
[2024-06-06T14:50:06.820+0000] {_transport.py:336} INFO - PUT https://7f0ef8badf50482b9b0d93ef141e14ec.us-central1.gcp.cloud.es.io:443/metro_station/_doc/solferino [status:200 duration:0.183s]
[2024-06-06T14:50:07.056+0000] {_transport.py:336} INFO - PUT https://7f0ef8badf50482b9b0d93ef141e14ec.us-central1.gcp.cloud.es.io:443/metro_station/_doc/rennes [status:200 duration:0.234s]
[2024-06-06T14:50:07.231+0000] {_transport.py:336} INFO - PUT https://7f0ef8badf50482b9b0d93ef141e14ec.us-central1.gcp.cloud.es.io:443/metro_station/_doc/porte-de-versailles [status:200 duration:0.172s]
[2024-06-06T14:50:07.490+0000] {_transport.py:336} INFO - PUT https://7f0ef8badf50482b9b0d93ef141e14ec.us-central1.gcp.cloud.es.io:443/metro_station/_doc/saint-georges [status:200 duration:0.252s]
[2024-06-06T14:50:07.694+0000] {_transport.py:336} INFO - PUT https://7f0ef8badf50482b9b0d93ef141e14ec.us-central1.gcp.cloud.es.io:443/metro_station/_doc/notre-dame-des-champs [status:200 duration:0.199s]
[2024-06-06T14:50:07.874+0000] {_transport.py:336} INFO - PUT https://7f0ef8badf50482b9b0d93ef141e14ec.us-central1.gcp.cloud.es.io:443/metro_station/_doc/mairie-d-issy [status:200 duration:0.173s]
[2024-06-06T14:50:08.045+0000] {_transport.py:336} INFO - PUT https://7f0ef8badf50482b9b0d93ef141e14ec.us-central1.gcp.cloud.es.io:443/metro_station/_doc/aime-cesaire [status:200 duration:0.170s]
[2024-06-06T14:50:08.202+0000] {_transport.py:336} INFO - PUT https://7f0ef8badf50482b9b0d93ef141e14ec.us-central1.gcp.cloud.es.io:443/metro_station/_doc/trinite-d-estienne-d-orves [status:200 duration:0.156s]
[2024-06-06T14:50:08.366+0000] {_transport.py:336} INFO - PUT https://7f0ef8badf50482b9b0d93ef141e14ec.us-central1.gcp.cloud.es.io:443/metro_station/_doc/mairie-d-aubervilliers [status:200 duration:0.162s]
[2024-06-06T14:50:08.512+0000] {_transport.py:336} INFO - PUT https://7f0ef8badf50482b9b0d93ef141e14ec.us-central1.gcp.cloud.es.io:443/metro_station/_doc/vaugirard [status:200 duration:0.144s]
[2024-06-06T14:50:08.661+0000] {_transport.py:336} INFO - PUT https://7f0ef8badf50482b9b0d93ef141e14ec.us-central1.gcp.cloud.es.io:443/metro_station/_doc/val-d-europe [status:200 duration:0.147s]
[2024-06-06T14:50:08.850+0000] {_transport.py:336} INFO - PUT https://7f0ef8badf50482b9b0d93ef141e14ec.us-central1.gcp.cloud.es.io:443/metro_station/_doc/le-parc-de-saint-maur [status:200 duration:0.187s]
[2024-06-06T14:50:09.032+0000] {_transport.py:336} INFO - PUT https://7f0ef8badf50482b9b0d93ef141e14ec.us-central1.gcp.cloud.es.io:443/metro_station/_doc/poissy [status:200 duration:0.180s]
[2024-06-06T14:50:09.206+0000] {_transport.py:336} INFO - PUT https://7f0ef8badf50482b9b0d93ef141e14ec.us-central1.gcp.cloud.es.io:443/metro_station/_doc/champigny [status:200 duration:0.167s]
[2024-06-06T14:50:09.381+0000] {_transport.py:336} INFO - PUT https://7f0ef8badf50482b9b0d93ef141e14ec.us-central1.gcp.cloud.es.io:443/metro_station/_doc/boissy-saint-leger [status:200 duration:0.167s]
[2024-06-06T14:50:09.527+0000] {_transport.py:336} INFO - PUT https://7f0ef8badf50482b9b0d93ef141e14ec.us-central1.gcp.cloud.es.io:443/metro_station/_doc/houilles-carrieres-sur-seine [status:200 duration:0.142s]
[2024-06-06T14:50:09.685+0000] {_transport.py:336} INFO - PUT https://7f0ef8badf50482b9b0d93ef141e14ec.us-central1.gcp.cloud.es.io:443/metro_station/_doc/cergy-prefecture [status:200 duration:0.156s]
[2024-06-06T14:50:09.830+0000] {_transport.py:336} INFO - PUT https://7f0ef8badf50482b9b0d93ef141e14ec.us-central1.gcp.cloud.es.io:443/metro_station/_doc/noisy-champs [status:200 duration:0.143s]
[2024-06-06T14:50:09.988+0000] {_transport.py:336} INFO - PUT https://7f0ef8badf50482b9b0d93ef141e14ec.us-central1.gcp.cloud.es.io:443/metro_station/_doc/auber [status:200 duration:0.153s]
[2024-06-06T14:50:10.165+0000] {_transport.py:336} INFO - PUT https://7f0ef8badf50482b9b0d93ef141e14ec.us-central1.gcp.cloud.es.io:443/metro_station/_doc/chatou-croissy [status:200 duration:0.169s]
[2024-06-06T14:50:10.362+0000] {_transport.py:336} INFO - PUT https://7f0ef8badf50482b9b0d93ef141e14ec.us-central1.gcp.cloud.es.io:443/metro_station/_doc/rueil-malmaison [status:200 duration:0.189s]
[2024-06-06T14:50:10.558+0000] {_transport.py:336} INFO - PUT https://7f0ef8badf50482b9b0d93ef141e14ec.us-central1.gcp.cloud.es.io:443/metro_station/_doc/acheres-ville [status:200 duration:0.191s]
[2024-06-06T14:50:10.772+0000] {_transport.py:336} INFO - PUT https://7f0ef8badf50482b9b0d93ef141e14ec.us-central1.gcp.cloud.es.io:443/metro_station/_doc/cergy-saint-christophe [status:200 duration:0.212s]
[2024-06-06T14:50:10.937+0000] {_transport.py:336} INFO - PUT https://7f0ef8badf50482b9b0d93ef141e14ec.us-central1.gcp.cloud.es.io:443/metro_station/_doc/bry-sur-marne [status:200 duration:0.158s]
[2024-06-06T14:50:11.115+0000] {_transport.py:336} INFO - PUT https://7f0ef8badf50482b9b0d93ef141e14ec.us-central1.gcp.cloud.es.io:443/metro_station/_doc/lognes [status:200 duration:0.171s]
[2024-06-06T14:50:11.271+0000] {_transport.py:336} INFO - PUT https://7f0ef8badf50482b9b0d93ef141e14ec.us-central1.gcp.cloud.es.io:443/metro_station/_doc/sucy-bonneuil [status:200 duration:0.147s]
[2024-06-06T14:50:11.438+0000] {_transport.py:336} INFO - PUT https://7f0ef8badf50482b9b0d93ef141e14ec.us-central1.gcp.cloud.es.io:443/metro_station/_doc/nanterre-universite [status:200 duration:0.161s]
[2024-06-06T14:50:11.596+0000] {_transport.py:336} INFO - PUT https://7f0ef8badf50482b9b0d93ef141e14ec.us-central1.gcp.cloud.es.io:443/metro_station/_doc/le-vesinet-centre [status:200 duration:0.152s]
[2024-06-06T14:50:11.751+0000] {_transport.py:336} INFO - PUT https://7f0ef8badf50482b9b0d93ef141e14ec.us-central1.gcp.cloud.es.io:443/metro_station/_doc/conflans-fin-d-oise [status:200 duration:0.152s]
[2024-06-06T14:50:11.952+0000] {_transport.py:336} INFO - PUT https://7f0ef8badf50482b9b0d93ef141e14ec.us-central1.gcp.cloud.es.io:443/metro_station/_doc/le-vesinet-le-pecq [status:200 duration:0.194s]
[2024-06-06T14:50:12.139+0000] {_transport.py:336} INFO - PUT https://7f0ef8badf50482b9b0d93ef141e14ec.us-central1.gcp.cloud.es.io:443/metro_station/_doc/maisons-laffitte [status:200 duration:0.180s]
[2024-06-06T14:50:12.332+0000] {_transport.py:336} INFO - PUT https://7f0ef8badf50482b9b0d93ef141e14ec.us-central1.gcp.cloud.es.io:443/metro_station/_doc/la-varenne-chennevieres [status:200 duration:0.186s]
[2024-06-06T14:50:12.587+0000] {_transport.py:336} INFO - PUT https://7f0ef8badf50482b9b0d93ef141e14ec.us-central1.gcp.cloud.es.io:443/metro_station/_doc/saint-germain-en-laye [status:200 duration:0.249s]
[2024-06-06T14:50:12.779+0000] {_transport.py:336} INFO - PUT https://7f0ef8badf50482b9b0d93ef141e14ec.us-central1.gcp.cloud.es.io:443/metro_station/_doc/joinville-le-pont [status:200 duration:0.190s]
[2024-06-06T14:50:13.053+0000] {_transport.py:336} INFO - PUT https://7f0ef8badf50482b9b0d93ef141e14ec.us-central1.gcp.cloud.es.io:443/metro_station/_doc/val-de-fontenay [status:200 duration:0.271s]
[2024-06-06T14:50:13.263+0000] {_transport.py:336} INFO - PUT https://7f0ef8badf50482b9b0d93ef141e14ec.us-central1.gcp.cloud.es.io:443/metro_station/_doc/noisy-le-grand-mont-d-est [status:200 duration:0.200s]
[2024-06-06T14:50:13.655+0000] {_transport.py:336} INFO - PUT https://7f0ef8badf50482b9b0d93ef141e14ec.us-central1.gcp.cloud.es.io:443/metro_station/_doc/acheres-grand-cormier [status:200 duration:0.384s]
[2024-06-06T14:50:13.809+0000] {_transport.py:336} INFO - PUT https://7f0ef8badf50482b9b0d93ef141e14ec.us-central1.gcp.cloud.es.io:443/metro_station/_doc/neuilly-plaisance [status:200 duration:0.152s]
[2024-06-06T14:50:13.997+0000] {_transport.py:336} INFO - PUT https://7f0ef8badf50482b9b0d93ef141e14ec.us-central1.gcp.cloud.es.io:443/metro_station/_doc/noisiel [status:200 duration:0.182s]
[2024-06-06T14:50:14.311+0000] {_transport.py:336} INFO - PUT https://7f0ef8badf50482b9b0d93ef141e14ec.us-central1.gcp.cloud.es.io:443/metro_station/_doc/bussy-saint-georges [status:200 duration:0.312s]
[2024-06-06T14:50:14.490+0000] {_transport.py:336} INFO - PUT https://7f0ef8badf50482b9b0d93ef141e14ec.us-central1.gcp.cloud.es.io:443/metro_station/_doc/torcy [status:200 duration:0.171s]
[2024-06-06T14:50:15.026+0000] {_transport.py:336} INFO - PUT https://7f0ef8badf50482b9b0d93ef141e14ec.us-central1.gcp.cloud.es.io:443/metro_station/_doc/saint-maur-creteil [status:200 duration:0.533s]
[2024-06-06T14:50:15.210+0000] {_transport.py:336} INFO - PUT https://7f0ef8badf50482b9b0d93ef141e14ec.us-central1.gcp.cloud.es.io:443/metro_station/_doc/fontenay-sous-bois [status:200 duration:0.181s]
[2024-06-06T14:50:15.471+0000] {_transport.py:336} INFO - PUT https://7f0ef8badf50482b9b0d93ef141e14ec.us-central1.gcp.cloud.es.io:443/metro_station/_doc/nanterre-prefecture [status:200 duration:0.250s]
[2024-06-06T14:50:15.691+0000] {_transport.py:336} INFO - PUT https://7f0ef8badf50482b9b0d93ef141e14ec.us-central1.gcp.cloud.es.io:443/metro_station/_doc/vincennes [status:200 duration:0.209s]
[2024-06-06T14:50:15.934+0000] {_transport.py:336} INFO - PUT https://7f0ef8badf50482b9b0d93ef141e14ec.us-central1.gcp.cloud.es.io:443/metro_station/_doc/nogent-sur-marne [status:200 duration:0.240s]
[2024-06-06T14:50:16.100+0000] {_transport.py:336} INFO - PUT https://7f0ef8badf50482b9b0d93ef141e14ec.us-central1.gcp.cloud.es.io:443/metro_station/_doc/sartrouville [status:200 duration:0.157s]
[2024-06-06T14:50:16.430+0000] {_transport.py:336} INFO - PUT https://7f0ef8badf50482b9b0d93ef141e14ec.us-central1.gcp.cloud.es.io:443/metro_station/_doc/cergy-le-haut [status:200 duration:0.323s]
[2024-06-06T14:50:16.625+0000] {_transport.py:336} INFO - PUT https://7f0ef8badf50482b9b0d93ef141e14ec.us-central1.gcp.cloud.es.io:443/metro_station/_doc/nanterre-ville [status:200 duration:0.187s]
[2024-06-06T14:50:16.799+0000] {_transport.py:336} INFO - PUT https://7f0ef8badf50482b9b0d93ef141e14ec.us-central1.gcp.cloud.es.io:443/metro_station/_doc/neuville-universite [status:200 duration:0.172s]
[2024-06-06T14:50:16.978+0000] {_transport.py:336} INFO - PUT https://7f0ef8badf50482b9b0d93ef141e14ec.us-central1.gcp.cloud.es.io:443/metro_station/_doc/aeroport-roissy-charles-de-gaulle-2-tgv [status:200 duration:0.168s]
[2024-06-06T14:50:17.123+0000] {_transport.py:336} INFO - PUT https://7f0ef8badf50482b9b0d93ef141e14ec.us-central1.gcp.cloud.es.io:443/metro_station/_doc/palaiseau-villebon [status:200 duration:0.142s]
[2024-06-06T14:50:17.372+0000] {_transport.py:336} INFO - PUT https://7f0ef8badf50482b9b0d93ef141e14ec.us-central1.gcp.cloud.es.io:443/metro_station/_doc/bagneux [status:200 duration:0.242s]
[2024-06-06T14:50:17.663+0000] {_transport.py:336} INFO - PUT https://7f0ef8badf50482b9b0d93ef141e14ec.us-central1.gcp.cloud.es.io:443/metro_station/_doc/vert-galant [status:200 duration:0.284s]
[2024-06-06T14:50:17.872+0000] {_transport.py:336} INFO - PUT https://7f0ef8badf50482b9b0d93ef141e14ec.us-central1.gcp.cloud.es.io:443/metro_station/_doc/la-courneuve-aubervilliers [status:200 duration:0.206s]
[2024-06-06T14:50:18.037+0000] {_transport.py:336} INFO - PUT https://7f0ef8badf50482b9b0d93ef141e14ec.us-central1.gcp.cloud.es.io:443/metro_station/_doc/aulnay-sous-bois [status:200 duration:0.162s]
[2024-06-06T14:50:18.195+0000] {_transport.py:336} INFO - PUT https://7f0ef8badf50482b9b0d93ef141e14ec.us-central1.gcp.cloud.es.io:443/metro_station/_doc/robinson [status:200 duration:0.151s]
[2024-06-06T14:50:18.440+0000] {_transport.py:336} INFO - PUT https://7f0ef8badf50482b9b0d93ef141e14ec.us-central1.gcp.cloud.es.io:443/metro_station/_doc/la-croix-de-berny [status:200 duration:0.239s]
[2024-06-06T14:50:18.795+0000] {_transport.py:336} INFO - PUT https://7f0ef8badf50482b9b0d93ef141e14ec.us-central1.gcp.cloud.es.io:443/metro_station/_doc/fontenay-aux-roses [status:200 duration:0.340s]
[2024-06-06T14:50:18.952+0000] {_transport.py:336} INFO - PUT https://7f0ef8badf50482b9b0d93ef141e14ec.us-central1.gcp.cloud.es.io:443/metro_station/_doc/drancy [status:200 duration:0.156s]
[2024-06-06T14:50:19.128+0000] {_transport.py:336} INFO - PUT https://7f0ef8badf50482b9b0d93ef141e14ec.us-central1.gcp.cloud.es.io:443/metro_station/_doc/massy-palaiseau [status:200 duration:0.174s]
[2024-06-06T14:50:19.370+0000] {_transport.py:336} INFO - PUT https://7f0ef8badf50482b9b0d93ef141e14ec.us-central1.gcp.cloud.es.io:443/metro_station/_doc/le-bourget [status:200 duration:0.237s]
[2024-06-06T14:50:19.537+0000] {_transport.py:336} INFO - PUT https://7f0ef8badf50482b9b0d93ef141e14ec.us-central1.gcp.cloud.es.io:443/metro_station/_doc/lozere [status:200 duration:0.163s]
[2024-06-06T14:50:19.703+0000] {_transport.py:336} INFO - PUT https://7f0ef8badf50482b9b0d93ef141e14ec.us-central1.gcp.cloud.es.io:443/metro_station/_doc/sevran-beaudottes [status:200 duration:0.164s]
[2024-06-06T14:50:19.899+0000] {_transport.py:336} INFO - PUT https://7f0ef8badf50482b9b0d93ef141e14ec.us-central1.gcp.cloud.es.io:443/metro_station/_doc/parc-des-expositions [status:200 duration:0.193s]
[2024-06-06T14:50:20.053+0000] {_transport.py:336} INFO - PUT https://7f0ef8badf50482b9b0d93ef141e14ec.us-central1.gcp.cloud.es.io:443/metro_station/_doc/cite-universitaire [status:200 duration:0.150s]
[2024-06-06T14:50:20.347+0000] {_transport.py:336} INFO - PUT https://7f0ef8badf50482b9b0d93ef141e14ec.us-central1.gcp.cloud.es.io:443/metro_station/_doc/laplace [status:200 duration:0.288s]
[2024-06-06T14:50:20.561+0000] {_transport.py:336} INFO - PUT https://7f0ef8badf50482b9b0d93ef141e14ec.us-central1.gcp.cloud.es.io:443/metro_station/_doc/aeroport-roissy-charles-de-gaulle-1 [status:200 duration:0.203s]
[2024-06-06T14:50:20.790+0000] {_transport.py:336} INFO - PUT https://7f0ef8badf50482b9b0d93ef141e14ec.us-central1.gcp.cloud.es.io:443/metro_station/_doc/sevran-livry [status:200 duration:0.225s]
[2024-06-06T14:50:20.960+0000] {_transport.py:336} INFO - PUT https://7f0ef8badf50482b9b0d93ef141e14ec.us-central1.gcp.cloud.es.io:443/metro_station/_doc/saint-remy-les-chevreuse [status:200 duration:0.157s]
[2024-06-06T14:50:21.106+0000] {_transport.py:336} INFO - PUT https://7f0ef8badf50482b9b0d93ef141e14ec.us-central1.gcp.cloud.es.io:443/metro_station/_doc/parc-de-sceaux [status:200 duration:0.140s]
[2024-06-06T14:50:21.337+0000] {_transport.py:336} INFO - PUT https://7f0ef8badf50482b9b0d93ef141e14ec.us-central1.gcp.cloud.es.io:443/metro_station/_doc/antony [status:200 duration:0.223s]
[2024-06-06T14:50:21.506+0000] {_transport.py:336} INFO - PUT https://7f0ef8badf50482b9b0d93ef141e14ec.us-central1.gcp.cloud.es.io:443/metro_station/_doc/bourg-la-reine [status:200 duration:0.162s]
[2024-06-06T14:50:21.757+0000] {_transport.py:336} INFO - PUT https://7f0ef8badf50482b9b0d93ef141e14ec.us-central1.gcp.cloud.es.io:443/metro_station/_doc/massy-verrieres [status:200 duration:0.242s]
[2024-06-06T14:50:21.934+0000] {_transport.py:336} INFO - PUT https://7f0ef8badf50482b9b0d93ef141e14ec.us-central1.gcp.cloud.es.io:443/metro_station/_doc/gif-sur-yvette [status:200 duration:0.171s]
[2024-06-06T14:50:22.083+0000] {_transport.py:336} INFO - PUT https://7f0ef8badf50482b9b0d93ef141e14ec.us-central1.gcp.cloud.es.io:443/metro_station/_doc/palaiseau [status:200 duration:0.143s]
[2024-06-06T14:50:22.314+0000] {_transport.py:336} INFO - PUT https://7f0ef8badf50482b9b0d93ef141e14ec.us-central1.gcp.cloud.es.io:443/metro_station/_doc/la-hacquiniere [status:200 duration:0.225s]
[2024-06-06T14:50:22.469+0000] {_transport.py:336} INFO - PUT https://7f0ef8badf50482b9b0d93ef141e14ec.us-central1.gcp.cloud.es.io:443/metro_station/_doc/la-plaine-stade-de-france [status:200 duration:0.150s]
[2024-06-06T14:50:22.641+0000] {_transport.py:336} INFO - PUT https://7f0ef8badf50482b9b0d93ef141e14ec.us-central1.gcp.cloud.es.io:443/metro_station/_doc/sceaux [status:200 duration:0.159s]
[2024-06-06T14:50:22.795+0000] {_transport.py:336} INFO - PUT https://7f0ef8badf50482b9b0d93ef141e14ec.us-central1.gcp.cloud.es.io:443/metro_station/_doc/bures-sur-yvette [status:200 duration:0.151s]
[2024-06-06T14:50:23.032+0000] {_transport.py:336} INFO - PUT https://7f0ef8badf50482b9b0d93ef141e14ec.us-central1.gcp.cloud.es.io:443/metro_station/_doc/villepinte [status:200 duration:0.232s]
[2024-06-06T14:50:23.192+0000] {_transport.py:336} INFO - PUT https://7f0ef8badf50482b9b0d93ef141e14ec.us-central1.gcp.cloud.es.io:443/metro_station/_doc/arcueil-cachan [status:200 duration:0.149s]
[2024-06-06T14:50:23.359+0000] {_transport.py:336} INFO - PUT https://7f0ef8badf50482b9b0d93ef141e14ec.us-central1.gcp.cloud.es.io:443/metro_station/_doc/mitry-claye [status:200 duration:0.158s]
[2024-06-06T14:50:23.603+0000] {_transport.py:336} INFO - PUT https://7f0ef8badf50482b9b0d93ef141e14ec.us-central1.gcp.cloud.es.io:443/metro_station/_doc/fontaine-michalon [status:200 duration:0.236s]
[2024-06-06T14:50:23.767+0000] {_transport.py:336} INFO - PUT https://7f0ef8badf50482b9b0d93ef141e14ec.us-central1.gcp.cloud.es.io:443/metro_station/_doc/le-blanc-mesnil [status:200 duration:0.153s]
[2024-06-06T14:50:23.919+0000] {_transport.py:336} INFO - PUT https://7f0ef8badf50482b9b0d93ef141e14ec.us-central1.gcp.cloud.es.io:443/metro_station/_doc/gentilly [status:200 duration:0.148s]
[2024-06-06T14:50:24.080+0000] {_transport.py:336} INFO - PUT https://7f0ef8badf50482b9b0d93ef141e14ec.us-central1.gcp.cloud.es.io:443/metro_station/_doc/les-baconnets [status:200 duration:0.155s]
[2024-06-06T14:50:24.338+0000] {_transport.py:336} INFO - PUT https://7f0ef8badf50482b9b0d93ef141e14ec.us-central1.gcp.cloud.es.io:443/metro_station/_doc/luxembourg [status:200 duration:0.248s]
[2024-06-06T14:50:24.524+0000] {_transport.py:336} INFO - PUT https://7f0ef8badf50482b9b0d93ef141e14ec.us-central1.gcp.cloud.es.io:443/metro_station/_doc/villeparisis-mitry-le-neuf [status:200 duration:0.175s]
[2024-06-06T14:50:24.696+0000] {_transport.py:336} INFO - PUT https://7f0ef8badf50482b9b0d93ef141e14ec.us-central1.gcp.cloud.es.io:443/metro_station/_doc/orsay-ville [status:200 duration:0.165s]
[2024-06-06T14:50:24.846+0000] {_transport.py:336} INFO - PUT https://7f0ef8badf50482b9b0d93ef141e14ec.us-central1.gcp.cloud.es.io:443/metro_station/_doc/port-royal [status:200 duration:0.148s]
[2024-06-06T14:50:25.093+0000] {_transport.py:336} INFO - PUT https://7f0ef8badf50482b9b0d93ef141e14ec.us-central1.gcp.cloud.es.io:443/metro_station/_doc/courcelle-sur-yvette [status:200 duration:0.242s]
[2024-06-06T14:50:25.097+0000] {logging_mixin.py:151} INFO - New data inserted successfully.
[2024-06-06T14:50:25.102+0000] {python.py:194} INFO - Done. Returned value was: None
[2024-06-06T14:50:25.127+0000] {taskinstance.py:1398} INFO - Marking task as SUCCESS. dag_id=my_python_dag, task_id=elastic_metro_station, execution_date=20240606T140315, start_date=20240606T144805, end_date=20240606T145025
[2024-06-06T14:50:25.183+0000] {local_task_job_runner.py:228} INFO - Task exited with return code 0
[2024-06-06T14:50:25.200+0000] {taskinstance.py:2776} INFO - 0 downstream tasks scheduled from follow-on schedule check
